15.06.2022 - 17:34:18 - [TAB v3.1.1] Failed to get protocol version of milord using ProtocolSupport
15.06.2022 - 17:34:18 - java.lang.IllegalStateException: Access to implementation before detect
15.06.2022 - 17:34:18 - 	at protocolsupport.jar//protocolsupport.zplatform.ServerPlatform.get(ServerPlatform.java:39)
15.06.2022 - 17:34:18 - 	at protocolsupport.jar//protocolsupport.api.ProtocolSupportAPI.getConnection(ProtocolSupportAPI.java:75)
15.06.2022 - 17:34:18 - 	at protocolsupport.jar//protocolsupport.api.ProtocolSupportAPI.getProtocolVersion(ProtocolSupportAPI.java:44)
15.06.2022 - 17:34:18 - 	at java.base/jdk.internal.reflect.NativeMethodAccessorImpl.invoke0(Native Method)
15.06.2022 - 17:34:18 - 	at java.base/jdk.internal.reflect.NativeMethodAccessorImpl.invoke(NativeMethodAccessorImpl.java:77)
15.06.2022 - 17:34:18 - 	at java.base/jdk.internal.reflect.DelegatingMethodAccessorImpl.invoke(DelegatingMethodAccessorImpl.java:43)
15.06.2022 - 17:34:18 - 	at java.base/java.lang.reflect.Method.invoke(Method.java:568)
15.06.2022 - 17:34:18 - 	at tab_v3_1_1.jar//me.neznamy.tab.platforms.bukkit.BukkitPlatform.getProtocolVersionPS(BukkitPlatform.java:272)
15.06.2022 - 17:34:18 - 	at tab_v3_1_1.jar//me.neznamy.tab.platforms.bukkit.BukkitPlatform.getProtocolVersion(BukkitPlatform.java:253)
15.06.2022 - 17:34:18 - 	at tab_v3_1_1.jar//me.neznamy.tab.platforms.bukkit.BukkitEventListener.lambda$onJoin$1(BukkitEventListener.java:45)
15.06.2022 - 17:34:18 - 	at tab_v3_1_1.jar//me.neznamy.tab.shared.CpuManager.lambda$submit$1(CpuManager.java:113)
15.06.2022 - 17:34:18 - 	at java.base/java.util.concurrent.Executors$RunnableAdapter.call(Executors.java:539)
15.06.2022 - 17:34:18 - 	at java.base/java.util.concurrent.FutureTask.run(FutureTask.java:264)
15.06.2022 - 17:34:18 - 	at java.base/java.util.concurrent.ThreadPoolExecutor.runWorker(ThreadPoolExecutor.java:1136)
15.06.2022 - 17:34:18 - 	at java.base/java.util.concurrent.ThreadPoolExecutor$Worker.run(ThreadPoolExecutor.java:635)
15.06.2022 - 17:34:18 - 	at java.base/java.lang.Thread.run(Thread.java:833)
15.06.2022 - 18:38:34 - [TAB v3.1.1] Failed to get protocol version of milord using ProtocolSupport
15.06.2022 - 18:38:34 - java.lang.IllegalStateException: Access to implementation before detect
15.06.2022 - 18:38:34 - 	at protocolsupport.jar//protocolsupport.zplatform.ServerPlatform.get(ServerPlatform.java:39)
15.06.2022 - 18:38:34 - 	at protocolsupport.jar//protocolsupport.api.ProtocolSupportAPI.getConnection(ProtocolSupportAPI.java:75)
15.06.2022 - 18:38:34 - 	at protocolsupport.jar//protocolsupport.api.ProtocolSupportAPI.getProtocolVersion(ProtocolSupportAPI.java:44)
15.06.2022 - 18:38:34 - 	at java.base/jdk.internal.reflect.NativeMethodAccessorImpl.invoke0(Native Method)
15.06.2022 - 18:38:34 - 	at java.base/jdk.internal.reflect.NativeMethodAccessorImpl.invoke(NativeMethodAccessorImpl.java:77)
15.06.2022 - 18:38:34 - 	at java.base/jdk.internal.reflect.DelegatingMethodAccessorImpl.invoke(DelegatingMethodAccessorImpl.java:43)
15.06.2022 - 18:38:34 - 	at java.base/java.lang.reflect.Method.invoke(Method.java:568)
15.06.2022 - 18:38:34 - 	at tab_v3_1_1.jar//me.neznamy.tab.platforms.bukkit.BukkitPlatform.getProtocolVersionPS(BukkitPlatform.java:272)
15.06.2022 - 18:38:34 - 	at tab_v3_1_1.jar//me.neznamy.tab.platforms.bukkit.BukkitPlatform.getProtocolVersion(BukkitPlatform.java:253)
15.06.2022 - 18:38:34 - 	at tab_v3_1_1.jar//me.neznamy.tab.platforms.bukkit.BukkitEventListener.lambda$onJoin$1(BukkitEventListener.java:45)
15.06.2022 - 18:38:34 - 	at tab_v3_1_1.jar//me.neznamy.tab.shared.CpuManager.lambda$submit$1(CpuManager.java:113)
15.06.2022 - 18:38:34 - 	at java.base/java.util.concurrent.Executors$RunnableAdapter.call(Executors.java:539)
15.06.2022 - 18:38:34 - 	at java.base/java.util.concurrent.FutureTask.run(FutureTask.java:264)
15.06.2022 - 18:38:34 - 	at java.base/java.util.concurrent.ThreadPoolExecutor.runWorker(ThreadPoolExecutor.java:1136)
15.06.2022 - 18:38:34 - 	at java.base/java.util.concurrent.ThreadPoolExecutor$Worker.run(ThreadPoolExecutor.java:635)
15.06.2022 - 18:38:34 - 	at java.base/java.lang.Thread.run(Thread.java:833)
15.06.2022 - 19:46:38 - [TAB v3.1.1] Failed to get protocol version of milord using ProtocolSupport
15.06.2022 - 19:46:38 - java.lang.IllegalStateException: Access to implementation before detect
15.06.2022 - 19:46:38 - 	at protocolsupport.jar//protocolsupport.zplatform.ServerPlatform.get(ServerPlatform.java:39)
15.06.2022 - 19:46:38 - 	at protocolsupport.jar//protocolsupport.api.ProtocolSupportAPI.getConnection(ProtocolSupportAPI.java:75)
15.06.2022 - 19:46:38 - 	at protocolsupport.jar//protocolsupport.api.ProtocolSupportAPI.getProtocolVersion(ProtocolSupportAPI.java:44)
15.06.2022 - 19:46:38 - 	at java.base/jdk.internal.reflect.NativeMethodAccessorImpl.invoke0(Native Method)
15.06.2022 - 19:46:38 - 	at java.base/jdk.internal.reflect.NativeMethodAccessorImpl.invoke(NativeMethodAccessorImpl.java:77)
15.06.2022 - 19:46:38 - 	at java.base/jdk.internal.reflect.DelegatingMethodAccessorImpl.invoke(DelegatingMethodAccessorImpl.java:43)
15.06.2022 - 19:46:38 - 	at java.base/java.lang.reflect.Method.invoke(Method.java:568)
15.06.2022 - 19:46:38 - 	at tab_v3_1_1.jar//me.neznamy.tab.platforms.bukkit.BukkitPlatform.getProtocolVersionPS(BukkitPlatform.java:272)
15.06.2022 - 19:46:38 - 	at tab_v3_1_1.jar//me.neznamy.tab.platforms.bukkit.BukkitPlatform.getProtocolVersion(BukkitPlatform.java:253)
15.06.2022 - 19:46:38 - 	at tab_v3_1_1.jar//me.neznamy.tab.platforms.bukkit.BukkitEventListener.lambda$onJoin$1(BukkitEventListener.java:45)
15.06.2022 - 19:46:38 - 	at tab_v3_1_1.jar//me.neznamy.tab.shared.CpuManager.lambda$submit$1(CpuManager.java:113)
15.06.2022 - 19:46:38 - 	at java.base/java.util.concurrent.Executors$RunnableAdapter.call(Executors.java:539)
15.06.2022 - 19:46:38 - 	at java.base/java.util.concurrent.FutureTask.run(FutureTask.java:264)
15.06.2022 - 19:46:38 - 	at java.base/java.util.concurrent.ThreadPoolExecutor.runWorker(ThreadPoolExecutor.java:1136)
15.06.2022 - 19:46:38 - 	at java.base/java.util.concurrent.ThreadPoolExecutor$Worker.run(ThreadPoolExecutor.java:635)
15.06.2022 - 19:46:38 - 	at java.base/java.lang.Thread.run(Thread.java:833)
15.06.2022 - 19:47:47 - [TAB v3.1.1] Failed to get protocol version of milord using ProtocolSupport
15.06.2022 - 19:47:47 - java.lang.IllegalStateException: Access to implementation before detect
15.06.2022 - 19:47:47 - 	at protocolsupport.jar//protocolsupport.zplatform.ServerPlatform.get(ServerPlatform.java:39)
15.06.2022 - 19:47:47 - 	at protocolsupport.jar//protocolsupport.api.ProtocolSupportAPI.getConnection(ProtocolSupportAPI.java:75)
15.06.2022 - 19:47:47 - 	at protocolsupport.jar//protocolsupport.api.ProtocolSupportAPI.getProtocolVersion(ProtocolSupportAPI.java:44)
15.06.2022 - 19:47:47 - 	at java.base/jdk.internal.reflect.NativeMethodAccessorImpl.invoke0(Native Method)
15.06.2022 - 19:47:47 - 	at java.base/jdk.internal.reflect.NativeMethodAccessorImpl.invoke(NativeMethodAccessorImpl.java:77)
15.06.2022 - 19:47:47 - 	at java.base/jdk.internal.reflect.DelegatingMethodAccessorImpl.invoke(DelegatingMethodAccessorImpl.java:43)
15.06.2022 - 19:47:47 - 	at java.base/java.lang.reflect.Method.invoke(Method.java:568)
15.06.2022 - 19:47:47 - 	at tab_v3_1_1.jar//me.neznamy.tab.platforms.bukkit.BukkitPlatform.getProtocolVersionPS(BukkitPlatform.java:272)
15.06.2022 - 19:47:47 - 	at tab_v3_1_1.jar//me.neznamy.tab.platforms.bukkit.BukkitPlatform.getProtocolVersion(BukkitPlatform.java:253)
15.06.2022 - 19:47:47 - 	at tab_v3_1_1.jar//me.neznamy.tab.platforms.bukkit.BukkitEventListener.lambda$onJoin$1(BukkitEventListener.java:45)
15.06.2022 - 19:47:47 - 	at tab_v3_1_1.jar//me.neznamy.tab.shared.CpuManager.lambda$submit$1(CpuManager.java:113)
15.06.2022 - 19:47:47 - 	at java.base/java.util.concurrent.Executors$RunnableAdapter.call(Executors.java:539)
15.06.2022 - 19:47:47 - 	at java.base/java.util.concurrent.FutureTask.run(FutureTask.java:264)
15.06.2022 - 19:47:47 - 	at java.base/java.util.concurrent.ThreadPoolExecutor.runWorker(ThreadPoolExecutor.java:1136)
15.06.2022 - 19:47:47 - 	at java.base/java.util.concurrent.ThreadPoolExecutor$Worker.run(ThreadPoolExecutor.java:635)
15.06.2022 - 19:47:47 - 	at java.base/java.lang.Thread.run(Thread.java:833)
15.06.2022 - 20:09:33 - [TAB v3.1.1] Failed to get protocol version of milord using ProtocolSupport
15.06.2022 - 20:09:33 - java.lang.IllegalStateException: Access to implementation before detect
15.06.2022 - 20:09:33 - 	at protocolsupport.jar//protocolsupport.zplatform.ServerPlatform.get(ServerPlatform.java:39)
15.06.2022 - 20:09:33 - 	at protocolsupport.jar//protocolsupport.api.ProtocolSupportAPI.getConnection(ProtocolSupportAPI.java:75)
15.06.2022 - 20:09:33 - 	at protocolsupport.jar//protocolsupport.api.ProtocolSupportAPI.getProtocolVersion(ProtocolSupportAPI.java:44)
15.06.2022 - 20:09:33 - 	at java.base/jdk.internal.reflect.NativeMethodAccessorImpl.invoke0(Native Method)
15.06.2022 - 20:09:33 - 	at java.base/jdk.internal.reflect.NativeMethodAccessorImpl.invoke(NativeMethodAccessorImpl.java:77)
15.06.2022 - 20:09:33 - 	at java.base/jdk.internal.reflect.DelegatingMethodAccessorImpl.invoke(DelegatingMethodAccessorImpl.java:43)
15.06.2022 - 20:09:33 - 	at java.base/java.lang.reflect.Method.invoke(Method.java:568)
15.06.2022 - 20:09:33 - 	at tab_v3_1_1.jar//me.neznamy.tab.platforms.bukkit.BukkitPlatform.getProtocolVersionPS(BukkitPlatform.java:272)
15.06.2022 - 20:09:33 - 	at tab_v3_1_1.jar//me.neznamy.tab.platforms.bukkit.BukkitPlatform.getProtocolVersion(BukkitPlatform.java:253)
15.06.2022 - 20:09:33 - 	at tab_v3_1_1.jar//me.neznamy.tab.platforms.bukkit.BukkitEventListener.lambda$onJoin$1(BukkitEventListener.java:45)
15.06.2022 - 20:09:33 - 	at tab_v3_1_1.jar//me.neznamy.tab.shared.CpuManager.lambda$submit$1(CpuManager.java:113)
15.06.2022 - 20:09:33 - 	at java.base/java.util.concurrent.Executors$RunnableAdapter.call(Executors.java:539)
15.06.2022 - 20:09:33 - 	at java.base/java.util.concurrent.FutureTask.run(FutureTask.java:264)
15.06.2022 - 20:09:33 - 	at java.base/java.util.concurrent.ThreadPoolExecutor.runWorker(ThreadPoolExecutor.java:1136)
15.06.2022 - 20:09:33 - 	at java.base/java.util.concurrent.ThreadPoolExecutor$Worker.run(ThreadPoolExecutor.java:635)
15.06.2022 - 20:09:33 - 	at java.base/java.lang.Thread.run(Thread.java:833)
15.06.2022 - 20:10:39 - [TAB v3.1.1] Failed to get protocol version of milord using ProtocolSupport
15.06.2022 - 20:10:39 - java.lang.IllegalStateException: Access to implementation before detect
15.06.2022 - 20:10:39 - 	at protocolsupport.jar//protocolsupport.zplatform.ServerPlatform.get(ServerPlatform.java:39)
15.06.2022 - 20:10:39 - 	at protocolsupport.jar//protocolsupport.api.ProtocolSupportAPI.getConnection(ProtocolSupportAPI.java:75)
15.06.2022 - 20:10:39 - 	at protocolsupport.jar//protocolsupport.api.ProtocolSupportAPI.getProtocolVersion(ProtocolSupportAPI.java:44)
15.06.2022 - 20:10:39 - 	at java.base/jdk.internal.reflect.NativeMethodAccessorImpl.invoke0(Native Method)
15.06.2022 - 20:10:39 - 	at java.base/jdk.internal.reflect.NativeMethodAccessorImpl.invoke(NativeMethodAccessorImpl.java:77)
15.06.2022 - 20:10:39 - 	at java.base/jdk.internal.reflect.DelegatingMethodAccessorImpl.invoke(DelegatingMethodAccessorImpl.java:43)
15.06.2022 - 20:10:39 - 	at java.base/java.lang.reflect.Method.invoke(Method.java:568)
15.06.2022 - 20:10:39 - 	at tab_v3_1_1.jar//me.neznamy.tab.platforms.bukkit.BukkitPlatform.getProtocolVersionPS(BukkitPlatform.java:272)
15.06.2022 - 20:10:39 - 	at tab_v3_1_1.jar//me.neznamy.tab.platforms.bukkit.BukkitPlatform.getProtocolVersion(BukkitPlatform.java:253)
15.06.2022 - 20:10:39 - 	at tab_v3_1_1.jar//me.neznamy.tab.platforms.bukkit.BukkitEventListener.lambda$onJoin$1(BukkitEventListener.java:45)
15.06.2022 - 20:10:39 - 	at tab_v3_1_1.jar//me.neznamy.tab.shared.CpuManager.lambda$submit$1(CpuManager.java:113)
15.06.2022 - 20:10:39 - 	at java.base/java.util.concurrent.Executors$RunnableAdapter.call(Executors.java:539)
15.06.2022 - 20:10:39 - 	at java.base/java.util.concurrent.FutureTask.run(FutureTask.java:264)
15.06.2022 - 20:10:39 - 	at java.base/java.util.concurrent.ThreadPoolExecutor.runWorker(ThreadPoolExecutor.java:1136)
15.06.2022 - 20:10:39 - 	at java.base/java.util.concurrent.ThreadPoolExecutor$Worker.run(ThreadPoolExecutor.java:635)
15.06.2022 - 20:10:39 - 	at java.base/java.lang.Thread.run(Thread.java:833)
15.06.2022 - 20:28:57 - [TAB v3.1.1] Failed to get protocol version of milord using ProtocolSupport
15.06.2022 - 20:28:57 - java.lang.IllegalStateException: Access to implementation before detect
15.06.2022 - 20:28:57 - 	at protocolsupport.jar//protocolsupport.zplatform.ServerPlatform.get(ServerPlatform.java:39)
15.06.2022 - 20:28:57 - 	at protocolsupport.jar//protocolsupport.api.ProtocolSupportAPI.getConnection(ProtocolSupportAPI.java:75)
15.06.2022 - 20:28:57 - 	at protocolsupport.jar//protocolsupport.api.ProtocolSupportAPI.getProtocolVersion(ProtocolSupportAPI.java:44)
15.06.2022 - 20:28:57 - 	at java.base/jdk.internal.reflect.NativeMethodAccessorImpl.invoke0(Native Method)
15.06.2022 - 20:28:57 - 	at java.base/jdk.internal.reflect.NativeMethodAccessorImpl.invoke(NativeMethodAccessorImpl.java:77)
15.06.2022 - 20:28:57 - 	at java.base/jdk.internal.reflect.DelegatingMethodAccessorImpl.invoke(DelegatingMethodAccessorImpl.java:43)
15.06.2022 - 20:28:57 - 	at java.base/java.lang.reflect.Method.invoke(Method.java:568)
15.06.2022 - 20:28:57 - 	at tab_v3_1_1.jar//me.neznamy.tab.platforms.bukkit.BukkitPlatform.getProtocolVersionPS(BukkitPlatform.java:272)
15.06.2022 - 20:28:57 - 	at tab_v3_1_1.jar//me.neznamy.tab.platforms.bukkit.BukkitPlatform.getProtocolVersion(BukkitPlatform.java:253)
15.06.2022 - 20:28:57 - 	at tab_v3_1_1.jar//me.neznamy.tab.platforms.bukkit.BukkitEventListener.lambda$onJoin$1(BukkitEventListener.java:45)
15.06.2022 - 20:28:57 - 	at tab_v3_1_1.jar//me.neznamy.tab.shared.CpuManager.lambda$submit$1(CpuManager.java:113)
15.06.2022 - 20:28:57 - 	at java.base/java.util.concurrent.Executors$RunnableAdapter.call(Executors.java:539)
15.06.2022 - 20:28:57 - 	at java.base/java.util.concurrent.FutureTask.run(FutureTask.java:264)
15.06.2022 - 20:28:57 - 	at java.base/java.util.concurrent.ThreadPoolExecutor.runWorker(ThreadPoolExecutor.java:1136)
15.06.2022 - 20:28:57 - 	at java.base/java.util.concurrent.ThreadPoolExecutor$Worker.run(ThreadPoolExecutor.java:635)
15.06.2022 - 20:28:57 - 	at java.base/java.lang.Thread.run(Thread.java:833)
15.06.2022 - 20:39:00 - [TAB v3.1.1] Failed to get protocol version of Semchik using ProtocolSupport
15.06.2022 - 20:39:00 - java.lang.IllegalStateException: Access to implementation before detect
15.06.2022 - 20:39:00 - 	at protocolsupport.jar//protocolsupport.zplatform.ServerPlatform.get(ServerPlatform.java:39)
15.06.2022 - 20:39:00 - 	at protocolsupport.jar//protocolsupport.api.ProtocolSupportAPI.getConnection(ProtocolSupportAPI.java:75)
15.06.2022 - 20:39:00 - 	at protocolsupport.jar//protocolsupport.api.ProtocolSupportAPI.getProtocolVersion(ProtocolSupportAPI.java:44)
15.06.2022 - 20:39:00 - 	at java.base/jdk.internal.reflect.NativeMethodAccessorImpl.invoke0(Native Method)
15.06.2022 - 20:39:00 - 	at java.base/jdk.internal.reflect.NativeMethodAccessorImpl.invoke(NativeMethodAccessorImpl.java:77)
15.06.2022 - 20:39:00 - 	at java.base/jdk.internal.reflect.DelegatingMethodAccessorImpl.invoke(DelegatingMethodAccessorImpl.java:43)
15.06.2022 - 20:39:00 - 	at java.base/java.lang.reflect.Method.invoke(Method.java:568)
15.06.2022 - 20:39:00 - 	at tab_v3_1_1.jar//me.neznamy.tab.platforms.bukkit.BukkitPlatform.getProtocolVersionPS(BukkitPlatform.java:272)
15.06.2022 - 20:39:00 - 	at tab_v3_1_1.jar//me.neznamy.tab.platforms.bukkit.BukkitPlatform.getProtocolVersion(BukkitPlatform.java:253)
15.06.2022 - 20:39:00 - 	at tab_v3_1_1.jar//me.neznamy.tab.platforms.bukkit.BukkitEventListener.lambda$onJoin$1(BukkitEventListener.java:45)
15.06.2022 - 20:39:00 - 	at tab_v3_1_1.jar//me.neznamy.tab.shared.CpuManager.lambda$submit$1(CpuManager.java:113)
15.06.2022 - 20:39:00 - 	at java.base/java.util.concurrent.Executors$RunnableAdapter.call(Executors.java:539)
15.06.2022 - 20:39:00 - 	at java.base/java.util.concurrent.FutureTask.run(FutureTask.java:264)
15.06.2022 - 20:39:00 - 	at java.base/java.util.concurrent.ThreadPoolExecutor.runWorker(ThreadPoolExecutor.java:1136)
15.06.2022 - 20:39:00 - 	at java.base/java.util.concurrent.ThreadPoolExecutor$Worker.run(ThreadPoolExecutor.java:635)
15.06.2022 - 20:39:00 - 	at java.base/java.lang.Thread.run(Thread.java:833)
15.06.2022 - 21:10:15 - [TAB v3.1.1] Failed to get protocol version of milord using ProtocolSupport
15.06.2022 - 21:10:15 - java.lang.IllegalStateException: Access to implementation before detect
15.06.2022 - 21:10:15 - 	at protocolsupport.jar//protocolsupport.zplatform.ServerPlatform.get(ServerPlatform.java:39)
15.06.2022 - 21:10:15 - 	at protocolsupport.jar//protocolsupport.api.ProtocolSupportAPI.getConnection(ProtocolSupportAPI.java:75)
15.06.2022 - 21:10:15 - 	at protocolsupport.jar//protocolsupport.api.ProtocolSupportAPI.getProtocolVersion(ProtocolSupportAPI.java:44)
15.06.2022 - 21:10:15 - 	at java.base/jdk.internal.reflect.NativeMethodAccessorImpl.invoke0(Native Method)
15.06.2022 - 21:10:15 - 	at java.base/jdk.internal.reflect.NativeMethodAccessorImpl.invoke(NativeMethodAccessorImpl.java:77)
15.06.2022 - 21:10:15 - 	at java.base/jdk.internal.reflect.DelegatingMethodAccessorImpl.invoke(DelegatingMethodAccessorImpl.java:43)
15.06.2022 - 21:10:15 - 	at java.base/java.lang.reflect.Method.invoke(Method.java:568)
15.06.2022 - 21:10:15 - 	at tab_v3_1_1.jar//me.neznamy.tab.platforms.bukkit.BukkitPlatform.getProtocolVersionPS(BukkitPlatform.java:272)
15.06.2022 - 21:10:15 - 	at tab_v3_1_1.jar//me.neznamy.tab.platforms.bukkit.BukkitPlatform.getProtocolVersion(BukkitPlatform.java:253)
15.06.2022 - 21:10:15 - 	at tab_v3_1_1.jar//me.neznamy.tab.platforms.bukkit.BukkitEventListener.lambda$onJoin$1(BukkitEventListener.java:45)
15.06.2022 - 21:10:15 - 	at tab_v3_1_1.jar//me.neznamy.tab.shared.CpuManager.lambda$submit$1(CpuManager.java:113)
15.06.2022 - 21:10:15 - 	at java.base/java.util.concurrent.Executors$RunnableAdapter.call(Executors.java:539)
15.06.2022 - 21:10:15 - 	at java.base/java.util.concurrent.FutureTask.run(FutureTask.java:264)
15.06.2022 - 21:10:15 - 	at java.base/java.util.concurrent.ThreadPoolExecutor.runWorker(ThreadPoolExecutor.java:1136)
15.06.2022 - 21:10:15 - 	at java.base/java.util.concurrent.ThreadPoolExecutor$Worker.run(ThreadPoolExecutor.java:635)
15.06.2022 - 21:10:15 - 	at java.base/java.lang.Thread.run(Thread.java:833)
15.06.2022 - 21:12:11 - [TAB v3.1.1] Failed to get protocol version of Semchik using ProtocolSupport
15.06.2022 - 21:12:11 - java.lang.IllegalStateException: Access to implementation before detect
15.06.2022 - 21:12:11 - 	at protocolsupport.jar//protocolsupport.zplatform.ServerPlatform.get(ServerPlatform.java:39)
15.06.2022 - 21:12:11 - 	at protocolsupport.jar//protocolsupport.api.ProtocolSupportAPI.getConnection(ProtocolSupportAPI.java:75)
15.06.2022 - 21:12:11 - 	at protocolsupport.jar//protocolsupport.api.ProtocolSupportAPI.getProtocolVersion(ProtocolSupportAPI.java:44)
15.06.2022 - 21:12:11 - 	at java.base/jdk.internal.reflect.NativeMethodAccessorImpl.invoke0(Native Method)
15.06.2022 - 21:12:11 - 	at java.base/jdk.internal.reflect.NativeMethodAccessorImpl.invoke(NativeMethodAccessorImpl.java:77)
15.06.2022 - 21:12:11 - 	at java.base/jdk.internal.reflect.DelegatingMethodAccessorImpl.invoke(DelegatingMethodAccessorImpl.java:43)
15.06.2022 - 21:12:11 - 	at java.base/java.lang.reflect.Method.invoke(Method.java:568)
15.06.2022 - 21:12:11 - 	at tab_v3_1_1.jar//me.neznamy.tab.platforms.bukkit.BukkitPlatform.getProtocolVersionPS(BukkitPlatform.java:272)
15.06.2022 - 21:12:11 - 	at tab_v3_1_1.jar//me.neznamy.tab.platforms.bukkit.BukkitPlatform.getProtocolVersion(BukkitPlatform.java:253)
15.06.2022 - 21:12:11 - 	at tab_v3_1_1.jar//me.neznamy.tab.platforms.bukkit.BukkitEventListener.lambda$onJoin$1(BukkitEventListener.java:45)
15.06.2022 - 21:12:11 - 	at tab_v3_1_1.jar//me.neznamy.tab.shared.CpuManager.lambda$submit$1(CpuManager.java:113)
15.06.2022 - 21:12:11 - 	at java.base/java.util.concurrent.Executors$RunnableAdapter.call(Executors.java:539)
15.06.2022 - 21:12:11 - 	at java.base/java.util.concurrent.FutureTask.run(FutureTask.java:264)
15.06.2022 - 21:12:11 - 	at java.base/java.util.concurrent.ThreadPoolExecutor.runWorker(ThreadPoolExecutor.java:1136)
15.06.2022 - 21:12:11 - 	at java.base/java.util.concurrent.ThreadPoolExecutor$Worker.run(ThreadPoolExecutor.java:635)
15.06.2022 - 21:12:11 - 	at java.base/java.lang.Thread.run(Thread.java:833)
16.06.2022 - 09:16:56 - [TAB v3.1.1] Failed to get protocol version of milord using ProtocolSupport
16.06.2022 - 09:16:56 - java.lang.IllegalStateException: Access to implementation before detect
16.06.2022 - 09:16:56 - 	at protocolsupport.jar//protocolsupport.zplatform.ServerPlatform.get(ServerPlatform.java:39)
16.06.2022 - 09:16:56 - 	at protocolsupport.jar//protocolsupport.api.ProtocolSupportAPI.getConnection(ProtocolSupportAPI.java:75)
16.06.2022 - 09:16:56 - 	at protocolsupport.jar//protocolsupport.api.ProtocolSupportAPI.getProtocolVersion(ProtocolSupportAPI.java:44)
16.06.2022 - 09:16:56 - 	at java.base/jdk.internal.reflect.NativeMethodAccessorImpl.invoke0(Native Method)
16.06.2022 - 09:16:56 - 	at java.base/jdk.internal.reflect.NativeMethodAccessorImpl.invoke(NativeMethodAccessorImpl.java:77)
16.06.2022 - 09:16:56 - 	at java.base/jdk.internal.reflect.DelegatingMethodAccessorImpl.invoke(DelegatingMethodAccessorImpl.java:43)
16.06.2022 - 09:16:56 - 	at java.base/java.lang.reflect.Method.invoke(Method.java:568)
16.06.2022 - 09:16:56 - 	at tab_v3_1_1.jar//me.neznamy.tab.platforms.bukkit.BukkitPlatform.getProtocolVersionPS(BukkitPlatform.java:272)
16.06.2022 - 09:16:56 - 	at tab_v3_1_1.jar//me.neznamy.tab.platforms.bukkit.BukkitPlatform.getProtocolVersion(BukkitPlatform.java:253)
16.06.2022 - 09:16:56 - 	at tab_v3_1_1.jar//me.neznamy.tab.platforms.bukkit.BukkitEventListener.lambda$onJoin$1(BukkitEventListener.java:45)
16.06.2022 - 09:16:56 - 	at tab_v3_1_1.jar//me.neznamy.tab.shared.CpuManager.lambda$submit$1(CpuManager.java:113)
16.06.2022 - 09:16:56 - 	at java.base/java.util.concurrent.Executors$RunnableAdapter.call(Executors.java:539)
16.06.2022 - 09:16:56 - 	at java.base/java.util.concurrent.FutureTask.run(FutureTask.java:264)
16.06.2022 - 09:16:56 - 	at java.base/java.util.concurrent.ThreadPoolExecutor.runWorker(ThreadPoolExecutor.java:1136)
16.06.2022 - 09:16:56 - 	at java.base/java.util.concurrent.ThreadPoolExecutor$Worker.run(ThreadPoolExecutor.java:635)
16.06.2022 - 09:16:56 - 	at java.base/java.lang.Thread.run(Thread.java:833)
16.06.2022 - 09:20:20 - [TAB v3.1.1] Failed to get protocol version of milord using ProtocolSupport
16.06.2022 - 09:20:20 - java.lang.IllegalStateException: Access to implementation before detect
16.06.2022 - 09:20:20 - 	at protocolsupport.jar//protocolsupport.zplatform.ServerPlatform.get(ServerPlatform.java:39)
16.06.2022 - 09:20:20 - 	at protocolsupport.jar//protocolsupport.api.ProtocolSupportAPI.getConnection(ProtocolSupportAPI.java:75)
16.06.2022 - 09:20:20 - 	at protocolsupport.jar//protocolsupport.api.ProtocolSupportAPI.getProtocolVersion(ProtocolSupportAPI.java:44)
16.06.2022 - 09:20:20 - 	at java.base/jdk.internal.reflect.NativeMethodAccessorImpl.invoke0(Native Method)
16.06.2022 - 09:20:20 - 	at java.base/jdk.internal.reflect.NativeMethodAccessorImpl.invoke(NativeMethodAccessorImpl.java:77)
16.06.2022 - 09:20:20 - 	at java.base/jdk.internal.reflect.DelegatingMethodAccessorImpl.invoke(DelegatingMethodAccessorImpl.java:43)
16.06.2022 - 09:20:20 - 	at java.base/java.lang.reflect.Method.invoke(Method.java:568)
16.06.2022 - 09:20:20 - 	at tab_v3_1_1.jar//me.neznamy.tab.platforms.bukkit.BukkitPlatform.getProtocolVersionPS(BukkitPlatform.java:272)
16.06.2022 - 09:20:20 - 	at tab_v3_1_1.jar//me.neznamy.tab.platforms.bukkit.BukkitPlatform.getProtocolVersion(BukkitPlatform.java:253)
16.06.2022 - 09:20:20 - 	at tab_v3_1_1.jar//me.neznamy.tab.platforms.bukkit.BukkitPlatform.loadFeatures(BukkitPlatform.java:122)
16.06.2022 - 09:20:20 - 	at tab_v3_1_1.jar//me.neznamy.tab.shared.TAB.load(TAB.java:172)
16.06.2022 - 09:20:20 - 	at tab_v3_1_1.jar//me.neznamy.tab.shared.command.ReloadCommand.execute(ReloadCommand.java:22)
16.06.2022 - 09:20:20 - 	at tab_v3_1_1.jar//me.neznamy.tab.shared.command.TabCommand.execute(TabCommand.java:53)
16.06.2022 - 09:20:20 - 	at tab_v3_1_1.jar//me.neznamy.tab.platforms.bukkit.Main$TABCommand.onCommand(Main.java:110)
16.06.2022 - 09:20:20 - 	at org.bukkit.command.PluginCommand.execute(PluginCommand.java:45)
16.06.2022 - 09:20:20 - 	at org.bukkit.command.SimpleCommandMap.dispatch(SimpleCommandMap.java:159)
16.06.2022 - 09:20:20 - 	at org.bukkit.craftbukkit.v1_18_R2.CraftServer.dispatchCommand(CraftServer.java:906)
16.06.2022 - 09:20:20 - 	at net.minecraft.server.network.PlayerConnection.a(PlayerConnection.java:2307)
16.06.2022 - 09:20:20 - 	at net.minecraft.server.network.PlayerConnection.a(PlayerConnection.java:2118)
16.06.2022 - 09:20:20 - 	at net.minecraft.server.network.PlayerConnection.a(PlayerConnection.java:2099)
16.06.2022 - 09:20:20 - 	at net.minecraft.network.protocol.game.PacketPlayInChat.a(PacketPlayInChat.java:46)
16.06.2022 - 09:20:20 - 	at net.minecraft.network.protocol.game.PacketPlayInChat.a(PacketPlayInChat.java:6)
16.06.2022 - 09:20:20 - 	at net.minecraft.network.protocol.PlayerConnectionUtils.lambda$ensureRunningOnSameThread$1(PlayerConnectionUtils.java:51)
16.06.2022 - 09:20:20 - 	at net.minecraft.server.TickTask.run(TickTask.java:18)
16.06.2022 - 09:20:20 - 	at net.minecraft.util.thread.IAsyncTaskHandler.d(IAsyncTaskHandler.java:153)
16.06.2022 - 09:20:20 - 	at net.minecraft.util.thread.IAsyncTaskHandlerReentrant.d(IAsyncTaskHandlerReentrant.java:24)
16.06.2022 - 09:20:20 - 	at net.minecraft.server.MinecraftServer.b(MinecraftServer.java:1400)
16.06.2022 - 09:20:20 - 	at net.minecraft.server.MinecraftServer.d(MinecraftServer.java:188)
16.06.2022 - 09:20:20 - 	at net.minecraft.util.thread.IAsyncTaskHandler.y(IAsyncTaskHandler.java:126)
16.06.2022 - 09:20:20 - 	at net.minecraft.server.MinecraftServer.be(MinecraftServer.java:1377)
16.06.2022 - 09:20:20 - 	at net.minecraft.server.MinecraftServer.y(MinecraftServer.java:1370)
16.06.2022 - 09:20:20 - 	at net.minecraft.util.thread.IAsyncTaskHandler.c(IAsyncTaskHandler.java:136)
16.06.2022 - 09:20:20 - 	at net.minecraft.server.MinecraftServer.x(MinecraftServer.java:1348)
16.06.2022 - 09:20:20 - 	at net.minecraft.server.MinecraftServer.w(MinecraftServer.java:1230)
16.06.2022 - 09:20:20 - 	at net.minecraft.server.MinecraftServer.lambda$spin$0(MinecraftServer.java:316)
16.06.2022 - 09:20:20 - 	at java.base/java.lang.Thread.run(Thread.java:833)
16.06.2022 - 09:20:35 - [TAB v3.1.1] Failed to get protocol version of milord using ProtocolSupport
16.06.2022 - 09:20:35 - java.lang.IllegalStateException: Access to implementation before detect
16.06.2022 - 09:20:35 - 	at protocolsupport.jar//protocolsupport.zplatform.ServerPlatform.get(ServerPlatform.java:39)
16.06.2022 - 09:20:35 - 	at protocolsupport.jar//protocolsupport.api.ProtocolSupportAPI.getConnection(ProtocolSupportAPI.java:75)
16.06.2022 - 09:20:35 - 	at protocolsupport.jar//protocolsupport.api.ProtocolSupportAPI.getProtocolVersion(ProtocolSupportAPI.java:44)
16.06.2022 - 09:20:35 - 	at java.base/jdk.internal.reflect.NativeMethodAccessorImpl.invoke0(Native Method)
16.06.2022 - 09:20:35 - 	at java.base/jdk.internal.reflect.NativeMethodAccessorImpl.invoke(NativeMethodAccessorImpl.java:77)
16.06.2022 - 09:20:35 - 	at java.base/jdk.internal.reflect.DelegatingMethodAccessorImpl.invoke(DelegatingMethodAccessorImpl.java:43)
16.06.2022 - 09:20:35 - 	at java.base/java.lang.reflect.Method.invoke(Method.java:568)
16.06.2022 - 09:20:35 - 	at tab_v3_1_1.jar//me.neznamy.tab.platforms.bukkit.BukkitPlatform.getProtocolVersionPS(BukkitPlatform.java:272)
16.06.2022 - 09:20:35 - 	at tab_v3_1_1.jar//me.neznamy.tab.platforms.bukkit.BukkitPlatform.getProtocolVersion(BukkitPlatform.java:253)
16.06.2022 - 09:20:35 - 	at tab_v3_1_1.jar//me.neznamy.tab.platforms.bukkit.BukkitPlatform.loadFeatures(BukkitPlatform.java:122)
16.06.2022 - 09:20:35 - 	at tab_v3_1_1.jar//me.neznamy.tab.shared.TAB.load(TAB.java:172)
16.06.2022 - 09:20:35 - 	at tab_v3_1_1.jar//me.neznamy.tab.shared.command.ReloadCommand.execute(ReloadCommand.java:22)
16.06.2022 - 09:20:35 - 	at tab_v3_1_1.jar//me.neznamy.tab.shared.command.TabCommand.execute(TabCommand.java:53)
16.06.2022 - 09:20:35 - 	at tab_v3_1_1.jar//me.neznamy.tab.platforms.bukkit.Main$TABCommand.onCommand(Main.java:110)
16.06.2022 - 09:20:35 - 	at org.bukkit.command.PluginCommand.execute(PluginCommand.java:45)
16.06.2022 - 09:20:35 - 	at org.bukkit.command.SimpleCommandMap.dispatch(SimpleCommandMap.java:159)
16.06.2022 - 09:20:35 - 	at org.bukkit.craftbukkit.v1_18_R2.CraftServer.dispatchCommand(CraftServer.java:906)
16.06.2022 - 09:20:35 - 	at net.minecraft.server.network.PlayerConnection.a(PlayerConnection.java:2307)
16.06.2022 - 09:20:35 - 	at net.minecraft.server.network.PlayerConnection.a(PlayerConnection.java:2118)
16.06.2022 - 09:20:35 - 	at net.minecraft.server.network.PlayerConnection.a(PlayerConnection.java:2099)
16.06.2022 - 09:20:35 - 	at net.minecraft.network.protocol.game.PacketPlayInChat.a(PacketPlayInChat.java:46)
16.06.2022 - 09:20:35 - 	at net.minecraft.network.protocol.game.PacketPlayInChat.a(PacketPlayInChat.java:6)
16.06.2022 - 09:20:35 - 	at net.minecraft.network.protocol.PlayerConnectionUtils.lambda$ensureRunningOnSameThread$1(PlayerConnectionUtils.java:51)
16.06.2022 - 09:20:35 - 	at net.minecraft.server.TickTask.run(TickTask.java:18)
16.06.2022 - 09:20:35 - 	at net.minecraft.util.thread.IAsyncTaskHandler.d(IAsyncTaskHandler.java:153)
16.06.2022 - 09:20:35 - 	at net.minecraft.util.thread.IAsyncTaskHandlerReentrant.d(IAsyncTaskHandlerReentrant.java:24)
16.06.2022 - 09:20:35 - 	at net.minecraft.server.MinecraftServer.b(MinecraftServer.java:1400)
16.06.2022 - 09:20:35 - 	at net.minecraft.server.MinecraftServer.d(MinecraftServer.java:188)
16.06.2022 - 09:20:35 - 	at net.minecraft.util.thread.IAsyncTaskHandler.y(IAsyncTaskHandler.java:126)
16.06.2022 - 09:20:35 - 	at net.minecraft.server.MinecraftServer.be(MinecraftServer.java:1377)
16.06.2022 - 09:20:35 - 	at net.minecraft.server.MinecraftServer.y(MinecraftServer.java:1370)
16.06.2022 - 09:20:35 - 	at net.minecraft.util.thread.IAsyncTaskHandler.c(IAsyncTaskHandler.java:136)
16.06.2022 - 09:20:35 - 	at net.minecraft.server.MinecraftServer.x(MinecraftServer.java:1348)
16.06.2022 - 09:20:35 - 	at net.minecraft.server.MinecraftServer.w(MinecraftServer.java:1230)
16.06.2022 - 09:20:35 - 	at net.minecraft.server.MinecraftServer.lambda$spin$0(MinecraftServer.java:316)
16.06.2022 - 09:20:35 - 	at java.base/java.lang.Thread.run(Thread.java:833)
16.06.2022 - 09:21:39 - [TAB v3.1.1] Failed to get protocol version of milord using ProtocolSupport
16.06.2022 - 09:21:39 - java.lang.IllegalStateException: Access to implementation before detect
16.06.2022 - 09:21:39 - 	at protocolsupport.jar//protocolsupport.zplatform.ServerPlatform.get(ServerPlatform.java:39)
16.06.2022 - 09:21:39 - 	at protocolsupport.jar//protocolsupport.api.ProtocolSupportAPI.getConnection(ProtocolSupportAPI.java:75)
16.06.2022 - 09:21:39 - 	at protocolsupport.jar//protocolsupport.api.ProtocolSupportAPI.getProtocolVersion(ProtocolSupportAPI.java:44)
16.06.2022 - 09:21:39 - 	at java.base/jdk.internal.reflect.NativeMethodAccessorImpl.invoke0(Native Method)
16.06.2022 - 09:21:39 - 	at java.base/jdk.internal.reflect.NativeMethodAccessorImpl.invoke(NativeMethodAccessorImpl.java:77)
16.06.2022 - 09:21:39 - 	at java.base/jdk.internal.reflect.DelegatingMethodAccessorImpl.invoke(DelegatingMethodAccessorImpl.java:43)
16.06.2022 - 09:21:39 - 	at java.base/java.lang.reflect.Method.invoke(Method.java:568)
16.06.2022 - 09:21:39 - 	at tab_v3_1_1.jar//me.neznamy.tab.platforms.bukkit.BukkitPlatform.getProtocolVersionPS(BukkitPlatform.java:272)
16.06.2022 - 09:21:39 - 	at tab_v3_1_1.jar//me.neznamy.tab.platforms.bukkit.BukkitPlatform.getProtocolVersion(BukkitPlatform.java:253)
16.06.2022 - 09:21:39 - 	at tab_v3_1_1.jar//me.neznamy.tab.platforms.bukkit.BukkitEventListener.lambda$onJoin$1(BukkitEventListener.java:45)
16.06.2022 - 09:21:39 - 	at tab_v3_1_1.jar//me.neznamy.tab.shared.CpuManager.lambda$submit$1(CpuManager.java:113)
16.06.2022 - 09:21:39 - 	at java.base/java.util.concurrent.Executors$RunnableAdapter.call(Executors.java:539)
16.06.2022 - 09:21:39 - 	at java.base/java.util.concurrent.FutureTask.run(FutureTask.java:264)
16.06.2022 - 09:21:39 - 	at java.base/java.util.concurrent.ThreadPoolExecutor.runWorker(ThreadPoolExecutor.java:1136)
16.06.2022 - 09:21:39 - 	at java.base/java.util.concurrent.ThreadPoolExecutor$Worker.run(ThreadPoolExecutor.java:635)
16.06.2022 - 09:21:39 - 	at java.base/java.lang.Thread.run(Thread.java:833)
