[06-15 19:34:51]: [INFO] Created column 'regdate' and set the current timestamp, 1655310891679, to all 0 rows
[06-15 19:34:52]: [INFO] SQLite Setup finished
[06-15 19:34:52]: [INFO] Hooked into LuckPerms!
[06-15 19:34:52]: [INFO] Hooked successfully into Essentials
[06-15 19:34:52]: [WARN] WARNING! The protectInventory feature requires ProtocolLib! Disabling it...
[06-15 19:34:52]: [INFO] AuthMe 5.6.0-SNAPSHOT build n.2501 successfully enabled!
[06-15 19:34:57]: [INFO] Downloading GEO IP database, because the old database is older than 30 days or doesn't exist
[06-15 19:34:57]: [WARN] No MaxMind credentials found in the configuration file! GeoIp protections will be disabled.
[06-15 19:34:57]: [INFO] There is no newer GEO IP database uploaded to MaxMind. Using the old one for now.
[06-15 19:34:57]: [WARN] Could not download GeoLiteAPI database [FileNotFoundException]: plugins\AuthMe\GeoLite2-Country.mmdb (Не удается найти указанный файл)
[06-15 19:34:57]: java.io.FileNotFoundException: plugins\AuthMe\GeoLite2-Country.mmdb (Не удается найти указанный файл)
	at java.base/java.io.RandomAccessFile.open0(Native Method)
	at java.base/java.io.RandomAccessFile.open(RandomAccessFile.java:344)
	at java.base/java.io.RandomAccessFile.<init>(RandomAccessFile.java:259)
	at java.base/java.io.RandomAccessFile.<init>(RandomAccessFile.java:213)
	at authme-5_6_0-snapshot.jar//fr.xephi.authme.libs.com.maxmind.db.BufferHolder.<init>(BufferHolder.java:20)
	at authme-5_6_0-snapshot.jar//fr.xephi.authme.libs.com.maxmind.db.Reader.<init>(Reader.java:121)
	at authme-5_6_0-snapshot.jar//fr.xephi.authme.service.GeoIpService.startReading(GeoIpService.java:173)
	at authme-5_6_0-snapshot.jar//fr.xephi.authme.service.GeoIpService.updateDatabase(GeoIpService.java:144)
	at org.bukkit.craftbukkit.v1_18_R2.scheduler.CraftTask.run(CraftTask.java:101)
	at org.bukkit.craftbukkit.v1_18_R2.scheduler.CraftAsyncTask.run(CraftAsyncTask.java:57)
	at com.destroystokyo.paper.ServerSchedulerReportingWrapper.run(ServerSchedulerReportingWrapper.java:22)
	at java.base/java.util.concurrent.ThreadPoolExecutor.runWorker(ThreadPoolExecutor.java:1136)
	at java.base/java.util.concurrent.ThreadPoolExecutor$Worker.run(ThreadPoolExecutor.java:635)
	at java.base/java.lang.Thread.run(Thread.java:833)

[06-15 19:48:12]: [FINE] milord registered 26.79.66.12
[06-15 19:48:12]: [FINE] milord logged in 26.79.66.12
[06-15 19:52:48]: [INFO] AuthMe 5.6.0-SNAPSHOT-b2501 disabled!
[06-15 20:01:10]: [INFO] SQLite Setup finished
[06-15 20:01:10]: [INFO] Hooked into LuckPerms!
[06-15 20:01:10]: [INFO] Hooked successfully into Essentials
[06-15 20:01:10]: [WARN] WARNING! The protectInventory feature requires ProtocolLib! Disabling it...
[06-15 20:01:10]: [INFO] AuthMe 5.6.0-SNAPSHOT build n.2501 successfully enabled!
[06-15 20:01:13]: [INFO] Downloading GEO IP database, because the old database is older than 30 days or doesn't exist
[06-15 20:01:14]: [WARN] No MaxMind credentials found in the configuration file! GeoIp protections will be disabled.
[06-15 20:01:14]: [INFO] There is no newer GEO IP database uploaded to MaxMind. Using the old one for now.
[06-15 20:01:14]: [WARN] Could not download GeoLiteAPI database [FileNotFoundException]: plugins\AuthMe\GeoLite2-Country.mmdb (Не удается найти указанный файл)
[06-15 20:01:14]: java.io.FileNotFoundException: plugins\AuthMe\GeoLite2-Country.mmdb (Не удается найти указанный файл)
	at java.base/java.io.RandomAccessFile.open0(Native Method)
	at java.base/java.io.RandomAccessFile.open(RandomAccessFile.java:344)
	at java.base/java.io.RandomAccessFile.<init>(RandomAccessFile.java:259)
	at java.base/java.io.RandomAccessFile.<init>(RandomAccessFile.java:213)
	at authme-5_6_0-snapshot.jar//fr.xephi.authme.libs.com.maxmind.db.BufferHolder.<init>(BufferHolder.java:20)
	at authme-5_6_0-snapshot.jar//fr.xephi.authme.libs.com.maxmind.db.Reader.<init>(Reader.java:121)
	at authme-5_6_0-snapshot.jar//fr.xephi.authme.service.GeoIpService.startReading(GeoIpService.java:173)
	at authme-5_6_0-snapshot.jar//fr.xephi.authme.service.GeoIpService.updateDatabase(GeoIpService.java:144)
	at org.bukkit.craftbukkit.v1_18_R2.scheduler.CraftTask.run(CraftTask.java:101)
	at org.bukkit.craftbukkit.v1_18_R2.scheduler.CraftAsyncTask.run(CraftAsyncTask.java:57)
	at com.destroystokyo.paper.ServerSchedulerReportingWrapper.run(ServerSchedulerReportingWrapper.java:22)
	at java.base/java.util.concurrent.ThreadPoolExecutor.runWorker(ThreadPoolExecutor.java:1136)
	at java.base/java.util.concurrent.ThreadPoolExecutor$Worker.run(ThreadPoolExecutor.java:635)
	at java.base/java.lang.Thread.run(Thread.java:833)

[06-15 20:10:03]: [FINE] milord logged in 26.79.66.12
[06-15 20:10:32]: [INFO] Unhooked from Permissions!
[06-15 20:10:32]: [INFO] Hooked into LuckPerms!
[06-15 20:10:32]: [INFO] SQLite Setup finished
[06-15 20:10:32]: [WARN] WARNING! The protectInventory feature requires ProtocolLib! Disabling it...
[06-15 20:11:15]: [FINE] milord logged in 26.79.66.12
[06-15 20:11:48]: [INFO] AuthMe 5.6.0-SNAPSHOT-b2501 disabled!
[06-15 20:13:21]: [INFO] SQLite Setup finished
[06-15 20:13:21]: [INFO] Hooked into LuckPerms!
[06-15 20:13:21]: [INFO] Hooked successfully into Essentials
[06-15 20:13:21]: [WARN] WARNING! The protectInventory feature requires ProtocolLib! Disabling it...
[06-15 20:13:22]: [INFO] AuthMe 5.6.0-SNAPSHOT build n.2501 successfully enabled!
[06-15 20:13:25]: [INFO] Downloading GEO IP database, because the old database is older than 30 days or doesn't exist
[06-15 20:13:25]: [WARN] No MaxMind credentials found in the configuration file! GeoIp protections will be disabled.
[06-15 20:13:25]: [INFO] There is no newer GEO IP database uploaded to MaxMind. Using the old one for now.
[06-15 20:13:25]: [WARN] Could not download GeoLiteAPI database [FileNotFoundException]: plugins\AuthMe\GeoLite2-Country.mmdb (Не удается найти указанный файл)
[06-15 20:13:25]: java.io.FileNotFoundException: plugins\AuthMe\GeoLite2-Country.mmdb (Не удается найти указанный файл)
	at java.base/java.io.RandomAccessFile.open0(Native Method)
	at java.base/java.io.RandomAccessFile.open(RandomAccessFile.java:344)
	at java.base/java.io.RandomAccessFile.<init>(RandomAccessFile.java:259)
	at java.base/java.io.RandomAccessFile.<init>(RandomAccessFile.java:213)
	at authme-5_6_0-snapshot.jar//fr.xephi.authme.libs.com.maxmind.db.BufferHolder.<init>(BufferHolder.java:20)
	at authme-5_6_0-snapshot.jar//fr.xephi.authme.libs.com.maxmind.db.Reader.<init>(Reader.java:121)
	at authme-5_6_0-snapshot.jar//fr.xephi.authme.service.GeoIpService.startReading(GeoIpService.java:173)
	at authme-5_6_0-snapshot.jar//fr.xephi.authme.service.GeoIpService.updateDatabase(GeoIpService.java:144)
	at org.bukkit.craftbukkit.v1_18_R2.scheduler.CraftTask.run(CraftTask.java:101)
	at org.bukkit.craftbukkit.v1_18_R2.scheduler.CraftAsyncTask.run(CraftAsyncTask.java:57)
	at com.destroystokyo.paper.ServerSchedulerReportingWrapper.run(ServerSchedulerReportingWrapper.java:22)
	at java.base/java.util.concurrent.ThreadPoolExecutor.runWorker(ThreadPoolExecutor.java:1136)
	at java.base/java.util.concurrent.ThreadPoolExecutor$Worker.run(ThreadPoolExecutor.java:635)
	at java.base/java.lang.Thread.run(Thread.java:833)

[06-15 20:29:26]: [FINE] milord logged in 26.79.66.12
[06-15 20:39:22]: [FINE] Semchik registered 26.131.51.174
[06-15 20:39:22]: [FINE] Semchik logged in 26.131.51.174
[06-15 21:08:15]: [INFO] AuthMe 5.6.0-SNAPSHOT-b2501 disabled!
[06-15 21:09:54]: [INFO] SQLite Setup finished
[06-15 21:09:54]: [INFO] Hooked into LuckPerms!
[06-15 21:09:54]: [INFO] Hooked successfully into Essentials
[06-15 21:09:55]: [WARN] WARNING! The protectInventory feature requires ProtocolLib! Disabling it...
[06-15 21:09:56]: [INFO] AuthMe 5.6.0-SNAPSHOT build n.2501 successfully enabled!
[06-15 21:10:01]: [INFO] Downloading GEO IP database, because the old database is older than 30 days or doesn't exist
[06-15 21:10:01]: [WARN] No MaxMind credentials found in the configuration file! GeoIp protections will be disabled.
[06-15 21:10:01]: [INFO] There is no newer GEO IP database uploaded to MaxMind. Using the old one for now.
[06-15 21:10:01]: [WARN] Could not download GeoLiteAPI database [FileNotFoundException]: plugins\AuthMe\GeoLite2-Country.mmdb (Не удается найти указанный файл)
[06-15 21:10:01]: java.io.FileNotFoundException: plugins\AuthMe\GeoLite2-Country.mmdb (Не удается найти указанный файл)
	at java.base/java.io.RandomAccessFile.open0(Native Method)
	at java.base/java.io.RandomAccessFile.open(RandomAccessFile.java:344)
	at java.base/java.io.RandomAccessFile.<init>(RandomAccessFile.java:259)
	at java.base/java.io.RandomAccessFile.<init>(RandomAccessFile.java:213)
	at authme-5_6_0-snapshot.jar//fr.xephi.authme.libs.com.maxmind.db.BufferHolder.<init>(BufferHolder.java:20)
	at authme-5_6_0-snapshot.jar//fr.xephi.authme.libs.com.maxmind.db.Reader.<init>(Reader.java:121)
	at authme-5_6_0-snapshot.jar//fr.xephi.authme.service.GeoIpService.startReading(GeoIpService.java:173)
	at authme-5_6_0-snapshot.jar//fr.xephi.authme.service.GeoIpService.updateDatabase(GeoIpService.java:144)
	at org.bukkit.craftbukkit.v1_18_R2.scheduler.CraftTask.run(CraftTask.java:101)
	at org.bukkit.craftbukkit.v1_18_R2.scheduler.CraftAsyncTask.run(CraftAsyncTask.java:57)
	at com.destroystokyo.paper.ServerSchedulerReportingWrapper.run(ServerSchedulerReportingWrapper.java:22)
	at java.base/java.util.concurrent.ThreadPoolExecutor.runWorker(ThreadPoolExecutor.java:1136)
	at java.base/java.util.concurrent.ThreadPoolExecutor$Worker.run(ThreadPoolExecutor.java:635)
	at java.base/java.lang.Thread.run(Thread.java:833)

[06-15 21:10:40]: [FINE] milord logged in 26.79.66.12
[06-15 21:12:27]: [FINE] Semchik logged in 26.131.51.174
[06-15 21:41:44]: [INFO] AuthMe 5.6.0-SNAPSHOT-b2501 disabled!
[06-16 09:07:18]: [INFO] SQLite Setup finished
[06-16 09:07:19]: [INFO] Hooked into LuckPerms!
[06-16 09:07:19]: [INFO] Hooked successfully into Essentials
[06-16 09:07:20]: [WARN] WARNING! The protectInventory feature requires ProtocolLib! Disabling it...
[06-16 09:07:20]: [INFO] AuthMe 5.6.0-SNAPSHOT build n.2501 successfully enabled!
[06-16 09:07:30]: [INFO] Downloading GEO IP database, because the old database is older than 30 days or doesn't exist
[06-16 09:07:30]: [WARN] No MaxMind credentials found in the configuration file! GeoIp protections will be disabled.
[06-16 09:07:30]: [INFO] There is no newer GEO IP database uploaded to MaxMind. Using the old one for now.
[06-16 09:07:30]: [WARN] Could not download GeoLiteAPI database [FileNotFoundException]: plugins\AuthMe\GeoLite2-Country.mmdb (Не удается найти указанный файл)
[06-16 09:07:30]: java.io.FileNotFoundException: plugins\AuthMe\GeoLite2-Country.mmdb (Не удается найти указанный файл)
	at java.base/java.io.RandomAccessFile.open0(Native Method)
	at java.base/java.io.RandomAccessFile.open(RandomAccessFile.java:344)
	at java.base/java.io.RandomAccessFile.<init>(RandomAccessFile.java:259)
	at java.base/java.io.RandomAccessFile.<init>(RandomAccessFile.java:213)
	at authme-5_6_0-snapshot.jar//fr.xephi.authme.libs.com.maxmind.db.BufferHolder.<init>(BufferHolder.java:20)
	at authme-5_6_0-snapshot.jar//fr.xephi.authme.libs.com.maxmind.db.Reader.<init>(Reader.java:121)
	at authme-5_6_0-snapshot.jar//fr.xephi.authme.service.GeoIpService.startReading(GeoIpService.java:173)
	at authme-5_6_0-snapshot.jar//fr.xephi.authme.service.GeoIpService.updateDatabase(GeoIpService.java:144)
	at org.bukkit.craftbukkit.v1_18_R2.scheduler.CraftTask.run(CraftTask.java:101)
	at org.bukkit.craftbukkit.v1_18_R2.scheduler.CraftAsyncTask.run(CraftAsyncTask.java:57)
	at com.destroystokyo.paper.ServerSchedulerReportingWrapper.run(ServerSchedulerReportingWrapper.java:22)
	at java.base/java.util.concurrent.ThreadPoolExecutor.runWorker(ThreadPoolExecutor.java:1136)
	at java.base/java.util.concurrent.ThreadPoolExecutor$Worker.run(ThreadPoolExecutor.java:635)
	at java.base/java.lang.Thread.run(Thread.java:833)

[06-16 09:18:01]: [FINE] milord logged in 127.0.0.1
[06-16 09:22:13]: [FINE] milord logged in 127.0.0.1
[06-16 09:23:02]: [INFO] AuthMe 5.6.0-SNAPSHOT-b2501 disabled!
[06-16 09:33:56]: [INFO] SQLite Setup finished
[06-16 09:33:56]: [INFO] Hooked into LuckPerms!
[06-16 09:33:57]: [INFO] Hooked successfully into Essentials
[06-16 09:33:57]: [WARN] WARNING! The protectInventory feature requires ProtocolLib! Disabling it...
[06-16 09:33:57]: [INFO] AuthMe 5.6.0-SNAPSHOT build n.2501 successfully enabled!
[06-16 09:34:02]: [INFO] Downloading GEO IP database, because the old database is older than 30 days or doesn't exist
[06-16 09:34:02]: [WARN] No MaxMind credentials found in the configuration file! GeoIp protections will be disabled.
[06-16 09:34:02]: [INFO] There is no newer GEO IP database uploaded to MaxMind. Using the old one for now.
[06-16 09:34:02]: [WARN] Could not download GeoLiteAPI database [FileNotFoundException]: plugins\AuthMe\GeoLite2-Country.mmdb (Не удается найти указанный файл)
[06-16 09:34:02]: java.io.FileNotFoundException: plugins\AuthMe\GeoLite2-Country.mmdb (Не удается найти указанный файл)
	at java.base/java.io.RandomAccessFile.open0(Native Method)
	at java.base/java.io.RandomAccessFile.open(RandomAccessFile.java:344)
	at java.base/java.io.RandomAccessFile.<init>(RandomAccessFile.java:259)
	at java.base/java.io.RandomAccessFile.<init>(RandomAccessFile.java:213)
	at authme-5_6_0-snapshot.jar//fr.xephi.authme.libs.com.maxmind.db.BufferHolder.<init>(BufferHolder.java:20)
	at authme-5_6_0-snapshot.jar//fr.xephi.authme.libs.com.maxmind.db.Reader.<init>(Reader.java:121)
	at authme-5_6_0-snapshot.jar//fr.xephi.authme.service.GeoIpService.startReading(GeoIpService.java:173)
	at authme-5_6_0-snapshot.jar//fr.xephi.authme.service.GeoIpService.updateDatabase(GeoIpService.java:144)
	at org.bukkit.craftbukkit.v1_18_R2.scheduler.CraftTask.run(CraftTask.java:101)
	at org.bukkit.craftbukkit.v1_18_R2.scheduler.CraftAsyncTask.run(CraftAsyncTask.java:57)
	at com.destroystokyo.paper.ServerSchedulerReportingWrapper.run(ServerSchedulerReportingWrapper.java:22)
	at java.base/java.util.concurrent.ThreadPoolExecutor.runWorker(ThreadPoolExecutor.java:1136)
	at java.base/java.util.concurrent.ThreadPoolExecutor$Worker.run(ThreadPoolExecutor.java:635)
	at java.base/java.lang.Thread.run(Thread.java:833)

[06-16 09:35:24]: [INFO] AuthMe 5.6.0-SNAPSHOT-b2501 disabled!
[06-16 09:37:42]: [INFO] SQLite Setup finished
[06-16 09:37:42]: [INFO] Hooked into LuckPerms!
[06-16 09:37:42]: [INFO] Hooked successfully into Essentials
[06-16 09:37:42]: [WARN] WARNING! The protectInventory feature requires ProtocolLib! Disabling it...
[06-16 09:37:43]: [INFO] AuthMe 5.6.0-SNAPSHOT build n.2501 successfully enabled!
[06-16 09:37:46]: [INFO] Downloading GEO IP database, because the old database is older than 30 days or doesn't exist
[06-16 09:37:46]: [WARN] No MaxMind credentials found in the configuration file! GeoIp protections will be disabled.
[06-16 09:37:46]: [INFO] There is no newer GEO IP database uploaded to MaxMind. Using the old one for now.
[06-16 09:37:46]: [WARN] Could not download GeoLiteAPI database [FileNotFoundException]: plugins\AuthMe\GeoLite2-Country.mmdb (Не удается найти указанный файл)
[06-16 09:37:46]: java.io.FileNotFoundException: plugins\AuthMe\GeoLite2-Country.mmdb (Не удается найти указанный файл)
	at java.base/java.io.RandomAccessFile.open0(Native Method)
	at java.base/java.io.RandomAccessFile.open(RandomAccessFile.java:344)
	at java.base/java.io.RandomAccessFile.<init>(RandomAccessFile.java:259)
	at java.base/java.io.RandomAccessFile.<init>(RandomAccessFile.java:213)
	at authme-5_6_0-snapshot.jar//fr.xephi.authme.libs.com.maxmind.db.BufferHolder.<init>(BufferHolder.java:20)
	at authme-5_6_0-snapshot.jar//fr.xephi.authme.libs.com.maxmind.db.Reader.<init>(Reader.java:121)
	at authme-5_6_0-snapshot.jar//fr.xephi.authme.service.GeoIpService.startReading(GeoIpService.java:173)
	at authme-5_6_0-snapshot.jar//fr.xephi.authme.service.GeoIpService.updateDatabase(GeoIpService.java:144)
	at org.bukkit.craftbukkit.v1_18_R2.scheduler.CraftTask.run(CraftTask.java:101)
	at org.bukkit.craftbukkit.v1_18_R2.scheduler.CraftAsyncTask.run(CraftAsyncTask.java:57)
	at com.destroystokyo.paper.ServerSchedulerReportingWrapper.run(ServerSchedulerReportingWrapper.java:22)
	at java.base/java.util.concurrent.ThreadPoolExecutor.runWorker(ThreadPoolExecutor.java:1136)
	at java.base/java.util.concurrent.ThreadPoolExecutor$Worker.run(ThreadPoolExecutor.java:635)
	at java.base/java.lang.Thread.run(Thread.java:833)

[06-16 09:39:13]: [FINE] milord logged in 26.79.66.12
[06-16 11:22:08]: [INFO] AuthMe 5.6.0-SNAPSHOT-b2501 disabled!
[06-16 11:25:38]: [INFO] SQLite Setup finished
[06-16 11:25:39]: [INFO] Hooked into LuckPerms!
[06-16 11:25:39]: [INFO] Hooked successfully into Essentials
[06-16 11:25:39]: [WARN] WARNING! The protectInventory feature requires ProtocolLib! Disabling it...
[06-16 11:25:40]: [INFO] AuthMe 5.6.0-SNAPSHOT build n.2501 successfully enabled!
[06-16 11:25:53]: [INFO] Downloading GEO IP database, because the old database is older than 30 days or doesn't exist
[06-16 11:25:53]: [WARN] No MaxMind credentials found in the configuration file! GeoIp protections will be disabled.
[06-16 11:25:53]: [INFO] There is no newer GEO IP database uploaded to MaxMind. Using the old one for now.
[06-16 11:25:53]: [WARN] Could not download GeoLiteAPI database [FileNotFoundException]: plugins\AuthMe\GeoLite2-Country.mmdb (Не удается найти указанный файл)
[06-16 11:25:53]: java.io.FileNotFoundException: plugins\AuthMe\GeoLite2-Country.mmdb (Не удается найти указанный файл)
	at java.base/java.io.RandomAccessFile.open0(Native Method)
	at java.base/java.io.RandomAccessFile.open(RandomAccessFile.java:344)
	at java.base/java.io.RandomAccessFile.<init>(RandomAccessFile.java:259)
	at java.base/java.io.RandomAccessFile.<init>(RandomAccessFile.java:213)
	at authme-5_6_0-snapshot.jar//fr.xephi.authme.libs.com.maxmind.db.BufferHolder.<init>(BufferHolder.java:20)
	at authme-5_6_0-snapshot.jar//fr.xephi.authme.libs.com.maxmind.db.Reader.<init>(Reader.java:121)
	at authme-5_6_0-snapshot.jar//fr.xephi.authme.service.GeoIpService.startReading(GeoIpService.java:173)
	at authme-5_6_0-snapshot.jar//fr.xephi.authme.service.GeoIpService.updateDatabase(GeoIpService.java:144)
	at org.bukkit.craftbukkit.v1_18_R2.scheduler.CraftTask.run(CraftTask.java:101)
	at org.bukkit.craftbukkit.v1_18_R2.scheduler.CraftAsyncTask.run(CraftAsyncTask.java:57)
	at com.destroystokyo.paper.ServerSchedulerReportingWrapper.run(ServerSchedulerReportingWrapper.java:22)
	at java.base/java.util.concurrent.ThreadPoolExecutor.runWorker(ThreadPoolExecutor.java:1136)
	at java.base/java.util.concurrent.ThreadPoolExecutor$Worker.run(ThreadPoolExecutor.java:635)
	at java.base/java.lang.Thread.run(Thread.java:833)

[06-16 11:26:30]: [FINE] milord logged in 26.79.66.12
[06-16 11:28:00]: [INFO] AuthMe 5.6.0-SNAPSHOT-b2501 disabled!
[06-16 11:29:43]: [INFO] SQLite Setup finished
[06-16 11:29:44]: [INFO] Hooked into LuckPerms!
[06-16 11:29:44]: [INFO] Hooked successfully into Essentials
[06-16 11:29:44]: [WARN] WARNING! The protectInventory feature requires ProtocolLib! Disabling it...
[06-16 11:29:44]: [INFO] AuthMe 5.6.0-SNAPSHOT build n.2501 successfully enabled!
[06-16 11:29:49]: [INFO] Downloading GEO IP database, because the old database is older than 30 days or doesn't exist
[06-16 11:29:49]: [WARN] No MaxMind credentials found in the configuration file! GeoIp protections will be disabled.
[06-16 11:29:49]: [INFO] There is no newer GEO IP database uploaded to MaxMind. Using the old one for now.
[06-16 11:29:49]: [WARN] Could not download GeoLiteAPI database [FileNotFoundException]: plugins\AuthMe\GeoLite2-Country.mmdb (Не удается найти указанный файл)
[06-16 11:29:49]: java.io.FileNotFoundException: plugins\AuthMe\GeoLite2-Country.mmdb (Не удается найти указанный файл)
	at java.base/java.io.RandomAccessFile.open0(Native Method)
	at java.base/java.io.RandomAccessFile.open(RandomAccessFile.java:344)
	at java.base/java.io.RandomAccessFile.<init>(RandomAccessFile.java:259)
	at java.base/java.io.RandomAccessFile.<init>(RandomAccessFile.java:213)
	at authme-5_6_0-snapshot.jar//fr.xephi.authme.libs.com.maxmind.db.BufferHolder.<init>(BufferHolder.java:20)
	at authme-5_6_0-snapshot.jar//fr.xephi.authme.libs.com.maxmind.db.Reader.<init>(Reader.java:121)
	at authme-5_6_0-snapshot.jar//fr.xephi.authme.service.GeoIpService.startReading(GeoIpService.java:173)
	at authme-5_6_0-snapshot.jar//fr.xephi.authme.service.GeoIpService.updateDatabase(GeoIpService.java:144)
	at org.bukkit.craftbukkit.v1_18_R2.scheduler.CraftTask.run(CraftTask.java:101)
	at org.bukkit.craftbukkit.v1_18_R2.scheduler.CraftAsyncTask.run(CraftAsyncTask.java:57)
	at com.destroystokyo.paper.ServerSchedulerReportingWrapper.run(ServerSchedulerReportingWrapper.java:22)
	at java.base/java.util.concurrent.ThreadPoolExecutor.runWorker(ThreadPoolExecutor.java:1136)
	at java.base/java.util.concurrent.ThreadPoolExecutor$Worker.run(ThreadPoolExecutor.java:635)
	at java.base/java.lang.Thread.run(Thread.java:833)

[06-16 11:32:07]: [INFO] SQLite Setup finished
[06-16 11:32:07]: [INFO] Hooked into LuckPerms!
[06-16 11:32:07]: [INFO] Hooked successfully into Essentials
[06-16 11:32:08]: [WARN] WARNING! The protectInventory feature requires ProtocolLib! Disabling it...
[06-16 11:32:08]: [INFO] AuthMe 5.6.0-SNAPSHOT build n.2501 successfully enabled!
[06-16 11:32:12]: [INFO] Downloading GEO IP database, because the old database is older than 30 days or doesn't exist
[06-16 11:32:12]: [WARN] No MaxMind credentials found in the configuration file! GeoIp protections will be disabled.
[06-16 11:32:12]: [INFO] There is no newer GEO IP database uploaded to MaxMind. Using the old one for now.
[06-16 11:32:12]: [WARN] Could not download GeoLiteAPI database [FileNotFoundException]: plugins\AuthMe\GeoLite2-Country.mmdb (Не удается найти указанный файл)
[06-16 11:32:12]: java.io.FileNotFoundException: plugins\AuthMe\GeoLite2-Country.mmdb (Не удается найти указанный файл)
	at java.base/java.io.RandomAccessFile.open0(Native Method)
	at java.base/java.io.RandomAccessFile.open(RandomAccessFile.java:344)
	at java.base/java.io.RandomAccessFile.<init>(RandomAccessFile.java:259)
	at java.base/java.io.RandomAccessFile.<init>(RandomAccessFile.java:213)
	at authme-5_6_0-snapshot.jar//fr.xephi.authme.libs.com.maxmind.db.BufferHolder.<init>(BufferHolder.java:20)
	at authme-5_6_0-snapshot.jar//fr.xephi.authme.libs.com.maxmind.db.Reader.<init>(Reader.java:121)
	at authme-5_6_0-snapshot.jar//fr.xephi.authme.service.GeoIpService.startReading(GeoIpService.java:173)
	at authme-5_6_0-snapshot.jar//fr.xephi.authme.service.GeoIpService.updateDatabase(GeoIpService.java:144)
	at org.bukkit.craftbukkit.v1_18_R2.scheduler.CraftTask.run(CraftTask.java:101)
	at org.bukkit.craftbukkit.v1_18_R2.scheduler.CraftAsyncTask.run(CraftAsyncTask.java:57)
	at com.destroystokyo.paper.ServerSchedulerReportingWrapper.run(ServerSchedulerReportingWrapper.java:22)
	at java.base/java.util.concurrent.ThreadPoolExecutor.runWorker(ThreadPoolExecutor.java:1136)
	at java.base/java.util.concurrent.ThreadPoolExecutor$Worker.run(ThreadPoolExecutor.java:635)
	at java.base/java.lang.Thread.run(Thread.java:833)

[06-16 11:35:02]: [INFO] SQLite Setup finished
[06-16 11:35:02]: [INFO] Hooked into LuckPerms!
[06-16 11:35:02]: [INFO] Hooked successfully into Essentials
[06-16 11:35:02]: [WARN] WARNING! The protectInventory feature requires ProtocolLib! Disabling it...
[06-16 11:35:02]: [INFO] AuthMe 5.6.0-SNAPSHOT build n.2501 successfully enabled!
[06-16 11:35:05]: [INFO] Downloading GEO IP database, because the old database is older than 30 days or doesn't exist
[06-16 11:35:05]: [WARN] No MaxMind credentials found in the configuration file! GeoIp protections will be disabled.
[06-16 11:35:05]: [INFO] There is no newer GEO IP database uploaded to MaxMind. Using the old one for now.
[06-16 11:35:05]: [WARN] Could not download GeoLiteAPI database [FileNotFoundException]: plugins\AuthMe\GeoLite2-Country.mmdb (Не удается найти указанный файл)
[06-16 11:35:05]: java.io.FileNotFoundException: plugins\AuthMe\GeoLite2-Country.mmdb (Не удается найти указанный файл)
	at java.base/java.io.RandomAccessFile.open0(Native Method)
	at java.base/java.io.RandomAccessFile.open(RandomAccessFile.java:344)
	at java.base/java.io.RandomAccessFile.<init>(RandomAccessFile.java:259)
	at java.base/java.io.RandomAccessFile.<init>(RandomAccessFile.java:213)
	at authme-5_6_0-snapshot.jar//fr.xephi.authme.libs.com.maxmind.db.BufferHolder.<init>(BufferHolder.java:20)
	at authme-5_6_0-snapshot.jar//fr.xephi.authme.libs.com.maxmind.db.Reader.<init>(Reader.java:121)
	at authme-5_6_0-snapshot.jar//fr.xephi.authme.service.GeoIpService.startReading(GeoIpService.java:173)
	at authme-5_6_0-snapshot.jar//fr.xephi.authme.service.GeoIpService.updateDatabase(GeoIpService.java:144)
	at org.bukkit.craftbukkit.v1_18_R2.scheduler.CraftTask.run(CraftTask.java:101)
	at org.bukkit.craftbukkit.v1_18_R2.scheduler.CraftAsyncTask.run(CraftAsyncTask.java:57)
	at com.destroystokyo.paper.ServerSchedulerReportingWrapper.run(ServerSchedulerReportingWrapper.java:22)
	at java.base/java.util.concurrent.ThreadPoolExecutor.runWorker(ThreadPoolExecutor.java:1136)
	at java.base/java.util.concurrent.ThreadPoolExecutor$Worker.run(ThreadPoolExecutor.java:635)
	at java.base/java.lang.Thread.run(Thread.java:833)

[06-16 11:36:12]: [INFO] SQLite Setup finished
[06-16 11:36:12]: [INFO] Hooked into LuckPerms!
[06-16 11:36:13]: [INFO] Hooked successfully into Essentials
[06-16 11:36:13]: [WARN] WARNING! The protectInventory feature requires ProtocolLib! Disabling it...
[06-16 11:36:13]: [INFO] AuthMe 5.6.0-SNAPSHOT build n.2501 successfully enabled!
[06-16 11:36:17]: [INFO] Downloading GEO IP database, because the old database is older than 30 days or doesn't exist
[06-16 11:36:17]: [WARN] No MaxMind credentials found in the configuration file! GeoIp protections will be disabled.
[06-16 11:36:17]: [INFO] There is no newer GEO IP database uploaded to MaxMind. Using the old one for now.
[06-16 11:36:18]: [WARN] Could not download GeoLiteAPI database [FileNotFoundException]: plugins\AuthMe\GeoLite2-Country.mmdb (Не удается найти указанный файл)
[06-16 11:36:18]: java.io.FileNotFoundException: plugins\AuthMe\GeoLite2-Country.mmdb (Не удается найти указанный файл)
	at java.base/java.io.RandomAccessFile.open0(Native Method)
	at java.base/java.io.RandomAccessFile.open(RandomAccessFile.java:344)
	at java.base/java.io.RandomAccessFile.<init>(RandomAccessFile.java:259)
	at java.base/java.io.RandomAccessFile.<init>(RandomAccessFile.java:213)
	at authme-5_6_0-snapshot.jar//fr.xephi.authme.libs.com.maxmind.db.BufferHolder.<init>(BufferHolder.java:20)
	at authme-5_6_0-snapshot.jar//fr.xephi.authme.libs.com.maxmind.db.Reader.<init>(Reader.java:121)
	at authme-5_6_0-snapshot.jar//fr.xephi.authme.service.GeoIpService.startReading(GeoIpService.java:173)
	at authme-5_6_0-snapshot.jar//fr.xephi.authme.service.GeoIpService.updateDatabase(GeoIpService.java:144)
	at org.bukkit.craftbukkit.v1_18_R2.scheduler.CraftTask.run(CraftTask.java:101)
	at org.bukkit.craftbukkit.v1_18_R2.scheduler.CraftAsyncTask.run(CraftAsyncTask.java:57)
	at com.destroystokyo.paper.ServerSchedulerReportingWrapper.run(ServerSchedulerReportingWrapper.java:22)
	at java.base/java.util.concurrent.ThreadPoolExecutor.runWorker(ThreadPoolExecutor.java:1136)
	at java.base/java.util.concurrent.ThreadPoolExecutor$Worker.run(ThreadPoolExecutor.java:635)
	at java.base/java.lang.Thread.run(Thread.java:833)

[06-16 11:41:31]: [INFO] SQLite Setup finished
[06-16 11:41:31]: [INFO] Hooked into LuckPerms!
[06-16 11:41:31]: [INFO] Hooked successfully into Essentials
[06-16 11:41:32]: [WARN] WARNING! The protectInventory feature requires ProtocolLib! Disabling it...
[06-16 11:41:32]: [INFO] AuthMe 5.6.0-SNAPSHOT build n.2501 successfully enabled!
[06-16 11:41:34]: [INFO] Downloading GEO IP database, because the old database is older than 30 days or doesn't exist
[06-16 11:41:34]: [WARN] No MaxMind credentials found in the configuration file! GeoIp protections will be disabled.
[06-16 11:41:34]: [INFO] There is no newer GEO IP database uploaded to MaxMind. Using the old one for now.
[06-16 11:41:34]: [WARN] Could not download GeoLiteAPI database [FileNotFoundException]: plugins\AuthMe\GeoLite2-Country.mmdb (Не удается найти указанный файл)
[06-16 11:41:34]: java.io.FileNotFoundException: plugins\AuthMe\GeoLite2-Country.mmdb (Не удается найти указанный файл)
	at java.base/java.io.RandomAccessFile.open0(Native Method)
	at java.base/java.io.RandomAccessFile.open(RandomAccessFile.java:344)
	at java.base/java.io.RandomAccessFile.<init>(RandomAccessFile.java:259)
	at java.base/java.io.RandomAccessFile.<init>(RandomAccessFile.java:213)
	at authme-5_6_0-snapshot.jar//fr.xephi.authme.libs.com.maxmind.db.BufferHolder.<init>(BufferHolder.java:20)
	at authme-5_6_0-snapshot.jar//fr.xephi.authme.libs.com.maxmind.db.Reader.<init>(Reader.java:121)
	at authme-5_6_0-snapshot.jar//fr.xephi.authme.service.GeoIpService.startReading(GeoIpService.java:173)
	at authme-5_6_0-snapshot.jar//fr.xephi.authme.service.GeoIpService.updateDatabase(GeoIpService.java:144)
	at org.bukkit.craftbukkit.v1_18_R2.scheduler.CraftTask.run(CraftTask.java:101)
	at org.bukkit.craftbukkit.v1_18_R2.scheduler.CraftAsyncTask.run(CraftAsyncTask.java:57)
	at com.destroystokyo.paper.ServerSchedulerReportingWrapper.run(ServerSchedulerReportingWrapper.java:22)
	at java.base/java.util.concurrent.ThreadPoolExecutor.runWorker(ThreadPoolExecutor.java:1136)
	at java.base/java.util.concurrent.ThreadPoolExecutor$Worker.run(ThreadPoolExecutor.java:635)
	at java.base/java.lang.Thread.run(Thread.java:833)

[06-16 11:43:19]: [FINE] milord logged in 26.79.66.12
[06-16 12:23:13]: [INFO] AuthMe 5.6.0-SNAPSHOT-b2501 disabled!
[06-16 12:25:29]: [INFO] SQLite Setup finished
[06-16 12:25:29]: [INFO] Hooked into LuckPerms!
[06-16 12:25:29]: [INFO] Hooked successfully into Essentials
[06-16 12:25:29]: [WARN] WARNING! The protectInventory feature requires ProtocolLib! Disabling it...
[06-16 12:25:30]: [INFO] AuthMe 5.6.0-SNAPSHOT build n.2501 successfully enabled!
[06-16 12:25:40]: [INFO] Downloading GEO IP database, because the old database is older than 30 days or doesn't exist
[06-16 12:25:40]: [WARN] No MaxMind credentials found in the configuration file! GeoIp protections will be disabled.
[06-16 12:25:40]: [INFO] There is no newer GEO IP database uploaded to MaxMind. Using the old one for now.
[06-16 12:25:40]: [WARN] Could not download GeoLiteAPI database [FileNotFoundException]: plugins\AuthMe\GeoLite2-Country.mmdb (Не удается найти указанный файл)
[06-16 12:25:40]: java.io.FileNotFoundException: plugins\AuthMe\GeoLite2-Country.mmdb (Не удается найти указанный файл)
	at java.base/java.io.RandomAccessFile.open0(Native Method)
	at java.base/java.io.RandomAccessFile.open(RandomAccessFile.java:344)
	at java.base/java.io.RandomAccessFile.<init>(RandomAccessFile.java:259)
	at java.base/java.io.RandomAccessFile.<init>(RandomAccessFile.java:213)
	at authme-5_6_0-snapshot.jar//fr.xephi.authme.libs.com.maxmind.db.BufferHolder.<init>(BufferHolder.java:20)
	at authme-5_6_0-snapshot.jar//fr.xephi.authme.libs.com.maxmind.db.Reader.<init>(Reader.java:121)
	at authme-5_6_0-snapshot.jar//fr.xephi.authme.service.GeoIpService.startReading(GeoIpService.java:173)
	at authme-5_6_0-snapshot.jar//fr.xephi.authme.service.GeoIpService.updateDatabase(GeoIpService.java:144)
	at org.bukkit.craftbukkit.v1_18_R2.scheduler.CraftTask.run(CraftTask.java:101)
	at org.bukkit.craftbukkit.v1_18_R2.scheduler.CraftAsyncTask.run(CraftAsyncTask.java:57)
	at com.destroystokyo.paper.ServerSchedulerReportingWrapper.run(ServerSchedulerReportingWrapper.java:22)
	at java.base/java.util.concurrent.ThreadPoolExecutor.runWorker(ThreadPoolExecutor.java:1136)
	at java.base/java.util.concurrent.ThreadPoolExecutor$Worker.run(ThreadPoolExecutor.java:635)
	at java.base/java.lang.Thread.run(Thread.java:833)

[06-16 12:29:56]: [FINE] milord logged in 26.79.66.12
[06-16 12:40:39]: [INFO] AuthMe 5.6.0-SNAPSHOT-b2501 disabled!
[06-16 12:47:49]: [INFO] SQLite Setup finished
[06-16 12:47:49]: [INFO] Hooked into LuckPerms!
[06-16 12:47:49]: [INFO] Hooked successfully into Essentials
[06-16 12:47:49]: [WARN] WARNING! The protectInventory feature requires ProtocolLib! Disabling it...
[06-16 12:47:50]: [INFO] AuthMe 5.6.0-SNAPSHOT build n.2501 successfully enabled!
[06-16 12:47:55]: [INFO] Downloading GEO IP database, because the old database is older than 30 days or doesn't exist
[06-16 12:47:55]: [WARN] No MaxMind credentials found in the configuration file! GeoIp protections will be disabled.
[06-16 12:47:55]: [INFO] There is no newer GEO IP database uploaded to MaxMind. Using the old one for now.
[06-16 12:47:55]: [WARN] Could not download GeoLiteAPI database [FileNotFoundException]: plugins\AuthMe\GeoLite2-Country.mmdb (Не удается найти указанный файл)
[06-16 12:47:55]: java.io.FileNotFoundException: plugins\AuthMe\GeoLite2-Country.mmdb (Не удается найти указанный файл)
	at java.base/java.io.RandomAccessFile.open0(Native Method)
	at java.base/java.io.RandomAccessFile.open(RandomAccessFile.java:344)
	at java.base/java.io.RandomAccessFile.<init>(RandomAccessFile.java:259)
	at java.base/java.io.RandomAccessFile.<init>(RandomAccessFile.java:213)
	at authme-5_6_0-snapshot.jar//fr.xephi.authme.libs.com.maxmind.db.BufferHolder.<init>(BufferHolder.java:20)
	at authme-5_6_0-snapshot.jar//fr.xephi.authme.libs.com.maxmind.db.Reader.<init>(Reader.java:121)
	at authme-5_6_0-snapshot.jar//fr.xephi.authme.service.GeoIpService.startReading(GeoIpService.java:173)
	at authme-5_6_0-snapshot.jar//fr.xephi.authme.service.GeoIpService.updateDatabase(GeoIpService.java:144)
	at org.bukkit.craftbukkit.v1_18_R2.scheduler.CraftTask.run(CraftTask.java:101)
	at org.bukkit.craftbukkit.v1_18_R2.scheduler.CraftAsyncTask.run(CraftAsyncTask.java:57)
	at com.destroystokyo.paper.ServerSchedulerReportingWrapper.run(ServerSchedulerReportingWrapper.java:22)
	at java.base/java.util.concurrent.ThreadPoolExecutor.runWorker(ThreadPoolExecutor.java:1136)
	at java.base/java.util.concurrent.ThreadPoolExecutor$Worker.run(ThreadPoolExecutor.java:635)
	at java.base/java.lang.Thread.run(Thread.java:833)

[06-16 12:49:53]: [INFO] AuthMe 5.6.0-SNAPSHOT-b2501 disabled!
[06-16 12:50:44]: [INFO] SQLite Setup finished
[06-16 12:50:44]: [INFO] Hooked into LuckPerms!
[06-16 12:50:44]: [INFO] Hooked successfully into Essentials
[06-16 12:50:44]: [WARN] WARNING! The protectInventory feature requires ProtocolLib! Disabling it...
[06-16 12:50:44]: [INFO] AuthMe 5.6.0-SNAPSHOT build n.2501 successfully enabled!
[06-16 12:50:48]: [INFO] Downloading GEO IP database, because the old database is older than 30 days or doesn't exist
[06-16 12:50:48]: [WARN] No MaxMind credentials found in the configuration file! GeoIp protections will be disabled.
[06-16 12:50:48]: [INFO] There is no newer GEO IP database uploaded to MaxMind. Using the old one for now.
[06-16 12:50:48]: [WARN] Could not download GeoLiteAPI database [FileNotFoundException]: plugins\AuthMe\GeoLite2-Country.mmdb (Не удается найти указанный файл)
[06-16 12:50:48]: java.io.FileNotFoundException: plugins\AuthMe\GeoLite2-Country.mmdb (Не удается найти указанный файл)
	at java.base/java.io.RandomAccessFile.open0(Native Method)
	at java.base/java.io.RandomAccessFile.open(RandomAccessFile.java:344)
	at java.base/java.io.RandomAccessFile.<init>(RandomAccessFile.java:259)
	at java.base/java.io.RandomAccessFile.<init>(RandomAccessFile.java:213)
	at authme-5_6_0-snapshot.jar//fr.xephi.authme.libs.com.maxmind.db.BufferHolder.<init>(BufferHolder.java:20)
	at authme-5_6_0-snapshot.jar//fr.xephi.authme.libs.com.maxmind.db.Reader.<init>(Reader.java:121)
	at authme-5_6_0-snapshot.jar//fr.xephi.authme.service.GeoIpService.startReading(GeoIpService.java:173)
	at authme-5_6_0-snapshot.jar//fr.xephi.authme.service.GeoIpService.updateDatabase(GeoIpService.java:144)
	at org.bukkit.craftbukkit.v1_18_R2.scheduler.CraftTask.run(CraftTask.java:101)
	at org.bukkit.craftbukkit.v1_18_R2.scheduler.CraftAsyncTask.run(CraftAsyncTask.java:57)
	at com.destroystokyo.paper.ServerSchedulerReportingWrapper.run(ServerSchedulerReportingWrapper.java:22)
	at java.base/java.util.concurrent.ThreadPoolExecutor.runWorker(ThreadPoolExecutor.java:1136)
	at java.base/java.util.concurrent.ThreadPoolExecutor$Worker.run(ThreadPoolExecutor.java:635)
	at java.base/java.lang.Thread.run(Thread.java:833)

[06-16 12:50:48]: [INFO] AuthMe 5.6.0-SNAPSHOT-b2501 disabled!
[06-16 13:00:13]: [INFO] SQLite Setup finished
[06-16 13:00:13]: [INFO] Hooked into LuckPerms!
[06-16 13:00:13]: [INFO] Hooked successfully into Essentials
[06-16 13:00:13]: [WARN] WARNING! The protectInventory feature requires ProtocolLib! Disabling it...
[06-16 13:00:14]: [INFO] AuthMe 5.6.0-SNAPSHOT build n.2501 successfully enabled!
[06-16 13:00:28]: [INFO] Downloading GEO IP database, because the old database is older than 30 days or doesn't exist
[06-16 13:00:28]: [WARN] No MaxMind credentials found in the configuration file! GeoIp protections will be disabled.
[06-16 13:00:28]: [INFO] There is no newer GEO IP database uploaded to MaxMind. Using the old one for now.
[06-16 13:00:28]: [WARN] Could not download GeoLiteAPI database [FileNotFoundException]: plugins\AuthMe\GeoLite2-Country.mmdb (Не удается найти указанный файл)
[06-16 13:00:28]: java.io.FileNotFoundException: plugins\AuthMe\GeoLite2-Country.mmdb (Не удается найти указанный файл)
	at java.base/java.io.RandomAccessFile.open0(Native Method)
	at java.base/java.io.RandomAccessFile.open(RandomAccessFile.java:344)
	at java.base/java.io.RandomAccessFile.<init>(RandomAccessFile.java:259)
	at java.base/java.io.RandomAccessFile.<init>(RandomAccessFile.java:213)
	at authme-5_6_0-snapshot.jar//fr.xephi.authme.libs.com.maxmind.db.BufferHolder.<init>(BufferHolder.java:20)
	at authme-5_6_0-snapshot.jar//fr.xephi.authme.libs.com.maxmind.db.Reader.<init>(Reader.java:121)
	at authme-5_6_0-snapshot.jar//fr.xephi.authme.service.GeoIpService.startReading(GeoIpService.java:173)
	at authme-5_6_0-snapshot.jar//fr.xephi.authme.service.GeoIpService.updateDatabase(GeoIpService.java:144)
	at org.bukkit.craftbukkit.v1_18_R2.scheduler.CraftTask.run(CraftTask.java:101)
	at org.bukkit.craftbukkit.v1_18_R2.scheduler.CraftAsyncTask.run(CraftAsyncTask.java:57)
	at com.destroystokyo.paper.ServerSchedulerReportingWrapper.run(ServerSchedulerReportingWrapper.java:22)
	at java.base/java.util.concurrent.ThreadPoolExecutor.runWorker(ThreadPoolExecutor.java:1136)
	at java.base/java.util.concurrent.ThreadPoolExecutor$Worker.run(ThreadPoolExecutor.java:635)
	at java.base/java.lang.Thread.run(Thread.java:833)

[06-16 13:24:14]: [INFO] SQLite Setup finished
[06-16 13:24:14]: [INFO] Hooked into LuckPerms!
[06-16 13:24:14]: [INFO] Hooked successfully into Essentials
[06-16 13:24:15]: [WARN] WARNING! The protectInventory feature requires ProtocolLib! Disabling it...
[06-16 13:24:15]: [INFO] AuthMe 5.6.0-SNAPSHOT build n.2501 successfully enabled!
[06-16 13:24:19]: [INFO] Downloading GEO IP database, because the old database is older than 30 days or doesn't exist
[06-16 13:24:19]: [WARN] No MaxMind credentials found in the configuration file! GeoIp protections will be disabled.
[06-16 13:24:19]: [INFO] There is no newer GEO IP database uploaded to MaxMind. Using the old one for now.
[06-16 13:24:19]: [WARN] Could not download GeoLiteAPI database [FileNotFoundException]: plugins\AuthMe\GeoLite2-Country.mmdb (Не удается найти указанный файл)
[06-16 13:24:19]: java.io.FileNotFoundException: plugins\AuthMe\GeoLite2-Country.mmdb (Не удается найти указанный файл)
	at java.base/java.io.RandomAccessFile.open0(Native Method)
	at java.base/java.io.RandomAccessFile.open(RandomAccessFile.java:344)
	at java.base/java.io.RandomAccessFile.<init>(RandomAccessFile.java:259)
	at java.base/java.io.RandomAccessFile.<init>(RandomAccessFile.java:213)
	at authme-5_6_0-snapshot.jar//fr.xephi.authme.libs.com.maxmind.db.BufferHolder.<init>(BufferHolder.java:20)
	at authme-5_6_0-snapshot.jar//fr.xephi.authme.libs.com.maxmind.db.Reader.<init>(Reader.java:121)
	at authme-5_6_0-snapshot.jar//fr.xephi.authme.service.GeoIpService.startReading(GeoIpService.java:173)
	at authme-5_6_0-snapshot.jar//fr.xephi.authme.service.GeoIpService.updateDatabase(GeoIpService.java:144)
	at org.bukkit.craftbukkit.v1_18_R2.scheduler.CraftTask.run(CraftTask.java:101)
	at org.bukkit.craftbukkit.v1_18_R2.scheduler.CraftAsyncTask.run(CraftAsyncTask.java:57)
	at com.destroystokyo.paper.ServerSchedulerReportingWrapper.run(ServerSchedulerReportingWrapper.java:22)
	at java.base/java.util.concurrent.ThreadPoolExecutor.runWorker(ThreadPoolExecutor.java:1136)
	at java.base/java.util.concurrent.ThreadPoolExecutor$Worker.run(ThreadPoolExecutor.java:635)
	at java.base/java.lang.Thread.run(Thread.java:833)

[06-16 13:26:05]: [FINE] Semchik logged in 26.131.51.174
[06-16 13:28:08]: [FINE] milord logged in 26.79.66.12
[06-16 13:42:15]: [FINE] Semchik logged in 26.131.51.174
[06-16 13:52:24]: [INFO] AuthMe 5.6.0-SNAPSHOT-b2501 disabled!
[06-16 13:56:05]: [INFO] SQLite Setup finished
[06-16 13:56:05]: [INFO] Hooked into LuckPerms!
[06-16 13:56:06]: [INFO] Hooked successfully into Essentials
[06-16 13:56:06]: [WARN] WARNING! The protectInventory feature requires ProtocolLib! Disabling it...
[06-16 13:56:06]: [INFO] AuthMe 5.6.0-SNAPSHOT build n.2501 successfully enabled!
[06-16 13:56:12]: [INFO] Downloading GEO IP database, because the old database is older than 30 days or doesn't exist
[06-16 13:56:12]: [WARN] No MaxMind credentials found in the configuration file! GeoIp protections will be disabled.
[06-16 13:56:12]: [INFO] There is no newer GEO IP database uploaded to MaxMind. Using the old one for now.
[06-16 13:56:12]: [WARN] Could not download GeoLiteAPI database [FileNotFoundException]: plugins\AuthMe\GeoLite2-Country.mmdb (Не удается найти указанный файл)
[06-16 13:56:12]: java.io.FileNotFoundException: plugins\AuthMe\GeoLite2-Country.mmdb (Не удается найти указанный файл)
	at java.base/java.io.RandomAccessFile.open0(Native Method)
	at java.base/java.io.RandomAccessFile.open(RandomAccessFile.java:344)
	at java.base/java.io.RandomAccessFile.<init>(RandomAccessFile.java:259)
	at java.base/java.io.RandomAccessFile.<init>(RandomAccessFile.java:213)
	at authme-5_6_0-snapshot.jar//fr.xephi.authme.libs.com.maxmind.db.BufferHolder.<init>(BufferHolder.java:20)
	at authme-5_6_0-snapshot.jar//fr.xephi.authme.libs.com.maxmind.db.Reader.<init>(Reader.java:121)
	at authme-5_6_0-snapshot.jar//fr.xephi.authme.service.GeoIpService.startReading(GeoIpService.java:173)
	at authme-5_6_0-snapshot.jar//fr.xephi.authme.service.GeoIpService.updateDatabase(GeoIpService.java:144)
	at org.bukkit.craftbukkit.v1_18_R2.scheduler.CraftTask.run(CraftTask.java:101)
	at org.bukkit.craftbukkit.v1_18_R2.scheduler.CraftAsyncTask.run(CraftAsyncTask.java:57)
	at com.destroystokyo.paper.ServerSchedulerReportingWrapper.run(ServerSchedulerReportingWrapper.java:22)
	at java.base/java.util.concurrent.ThreadPoolExecutor.runWorker(ThreadPoolExecutor.java:1136)
	at java.base/java.util.concurrent.ThreadPoolExecutor$Worker.run(ThreadPoolExecutor.java:635)
	at java.base/java.lang.Thread.run(Thread.java:833)

[06-16 13:58:00]: [FINE] milord logged in 26.79.66.12
[06-16 14:01:34]: [FINE] Semchik logged in 26.131.51.174
[06-16 14:03:16]: [INFO] AuthMe 5.6.0-SNAPSHOT-b2501 disabled!
[06-16 14:05:26]: [INFO] SQLite Setup finished
[06-16 14:05:26]: [INFO] Hooked into LuckPerms!
[06-16 14:05:26]: [INFO] Hooked successfully into Essentials
[06-16 14:05:26]: [INFO] Hooked successfully into Multiverse-Core
[06-16 14:05:26]: [WARN] WARNING! The protectInventory feature requires ProtocolLib! Disabling it...
[06-16 14:05:27]: [INFO] AuthMe 5.6.0-SNAPSHOT build n.2501 successfully enabled!
[06-16 14:05:32]: [INFO] Downloading GEO IP database, because the old database is older than 30 days or doesn't exist
[06-16 14:05:32]: [WARN] No MaxMind credentials found in the configuration file! GeoIp protections will be disabled.
[06-16 14:05:32]: [INFO] There is no newer GEO IP database uploaded to MaxMind. Using the old one for now.
[06-16 14:05:32]: [WARN] Could not download GeoLiteAPI database [FileNotFoundException]: plugins\AuthMe\GeoLite2-Country.mmdb (Не удается найти указанный файл)
[06-16 14:05:32]: java.io.FileNotFoundException: plugins\AuthMe\GeoLite2-Country.mmdb (Не удается найти указанный файл)
	at java.base/java.io.RandomAccessFile.open0(Native Method)
	at java.base/java.io.RandomAccessFile.open(RandomAccessFile.java:344)
	at java.base/java.io.RandomAccessFile.<init>(RandomAccessFile.java:259)
	at java.base/java.io.RandomAccessFile.<init>(RandomAccessFile.java:213)
	at authme-5_6_0-snapshot.jar//fr.xephi.authme.libs.com.maxmind.db.BufferHolder.<init>(BufferHolder.java:20)
	at authme-5_6_0-snapshot.jar//fr.xephi.authme.libs.com.maxmind.db.Reader.<init>(Reader.java:121)
	at authme-5_6_0-snapshot.jar//fr.xephi.authme.service.GeoIpService.startReading(GeoIpService.java:173)
	at authme-5_6_0-snapshot.jar//fr.xephi.authme.service.GeoIpService.updateDatabase(GeoIpService.java:144)
	at org.bukkit.craftbukkit.v1_18_R2.scheduler.CraftTask.run(CraftTask.java:101)
	at org.bukkit.craftbukkit.v1_18_R2.scheduler.CraftAsyncTask.run(CraftAsyncTask.java:57)
	at com.destroystokyo.paper.ServerSchedulerReportingWrapper.run(ServerSchedulerReportingWrapper.java:22)
	at java.base/java.util.concurrent.ThreadPoolExecutor.runWorker(ThreadPoolExecutor.java:1136)
	at java.base/java.util.concurrent.ThreadPoolExecutor$Worker.run(ThreadPoolExecutor.java:635)
	at java.base/java.lang.Thread.run(Thread.java:833)

[06-16 14:06:24]: [FINE] milord logged in 26.79.66.12
[06-16 14:30:10]: [FINE] Semchik logged in 26.131.51.174
[06-16 15:55:56]: [FINE] Semchik logged in 26.131.51.174
[06-16 16:12:20]: [INFO] SQLite Setup finished
[06-16 16:12:20]: [INFO] Hooked into LuckPerms!
[06-16 16:12:20]: [INFO] Hooked successfully into Essentials
[06-16 16:12:20]: [INFO] Hooked successfully into Multiverse-Core
[06-16 16:12:21]: [WARN] WARNING! The protectInventory feature requires ProtocolLib! Disabling it...
[06-16 16:12:21]: [INFO] AuthMe 5.6.0-SNAPSHOT build n.2501 successfully enabled!
[06-16 16:12:30]: [INFO] Downloading GEO IP database, because the old database is older than 30 days or doesn't exist
[06-16 16:12:30]: [WARN] No MaxMind credentials found in the configuration file! GeoIp protections will be disabled.
[06-16 16:12:30]: [INFO] There is no newer GEO IP database uploaded to MaxMind. Using the old one for now.
[06-16 16:12:30]: [WARN] Could not download GeoLiteAPI database [FileNotFoundException]: plugins\AuthMe\GeoLite2-Country.mmdb (Не удается найти указанный файл)
[06-16 16:12:30]: java.io.FileNotFoundException: plugins\AuthMe\GeoLite2-Country.mmdb (Не удается найти указанный файл)
	at java.base/java.io.RandomAccessFile.open0(Native Method)
	at java.base/java.io.RandomAccessFile.open(RandomAccessFile.java:344)
	at java.base/java.io.RandomAccessFile.<init>(RandomAccessFile.java:259)
	at java.base/java.io.RandomAccessFile.<init>(RandomAccessFile.java:213)
	at authme-5_6_0-snapshot.jar//fr.xephi.authme.libs.com.maxmind.db.BufferHolder.<init>(BufferHolder.java:20)
	at authme-5_6_0-snapshot.jar//fr.xephi.authme.libs.com.maxmind.db.Reader.<init>(Reader.java:121)
	at authme-5_6_0-snapshot.jar//fr.xephi.authme.service.GeoIpService.startReading(GeoIpService.java:173)
	at authme-5_6_0-snapshot.jar//fr.xephi.authme.service.GeoIpService.updateDatabase(GeoIpService.java:144)
	at org.bukkit.craftbukkit.v1_18_R2.scheduler.CraftTask.run(CraftTask.java:101)
	at org.bukkit.craftbukkit.v1_18_R2.scheduler.CraftAsyncTask.run(CraftAsyncTask.java:57)
	at com.destroystokyo.paper.ServerSchedulerReportingWrapper.run(ServerSchedulerReportingWrapper.java:22)
	at java.base/java.util.concurrent.ThreadPoolExecutor.runWorker(ThreadPoolExecutor.java:1136)
	at java.base/java.util.concurrent.ThreadPoolExecutor$Worker.run(ThreadPoolExecutor.java:635)
	at java.base/java.lang.Thread.run(Thread.java:833)

[06-16 16:13:34]: [FINE] Semchik logged in 26.131.51.174
[06-16 16:13:39]: [FINE] milord logged in 26.79.66.12
[06-16 16:28:46]: [INFO] SQLite Setup finished
[06-16 16:28:46]: [INFO] Hooked into LuckPerms!
[06-16 16:28:46]: [INFO] Hooked successfully into Essentials
[06-16 16:28:46]: [INFO] Hooked successfully into Multiverse-Core
[06-16 16:28:46]: [WARN] WARNING! The protectInventory feature requires ProtocolLib! Disabling it...
[06-16 16:28:46]: [INFO] AuthMe 5.6.0-SNAPSHOT build n.2501 successfully enabled!
[06-16 16:28:53]: [INFO] Downloading GEO IP database, because the old database is older than 30 days or doesn't exist
[06-16 16:28:53]: [WARN] No MaxMind credentials found in the configuration file! GeoIp protections will be disabled.
[06-16 16:28:53]: [INFO] There is no newer GEO IP database uploaded to MaxMind. Using the old one for now.
[06-16 16:28:53]: [WARN] Could not download GeoLiteAPI database [FileNotFoundException]: plugins\AuthMe\GeoLite2-Country.mmdb (Не удается найти указанный файл)
[06-16 16:28:53]: java.io.FileNotFoundException: plugins\AuthMe\GeoLite2-Country.mmdb (Не удается найти указанный файл)
	at java.base/java.io.RandomAccessFile.open0(Native Method)
	at java.base/java.io.RandomAccessFile.open(RandomAccessFile.java:344)
	at java.base/java.io.RandomAccessFile.<init>(RandomAccessFile.java:259)
	at java.base/java.io.RandomAccessFile.<init>(RandomAccessFile.java:213)
	at authme-5_6_0-snapshot.jar//fr.xephi.authme.libs.com.maxmind.db.BufferHolder.<init>(BufferHolder.java:20)
	at authme-5_6_0-snapshot.jar//fr.xephi.authme.libs.com.maxmind.db.Reader.<init>(Reader.java:121)
	at authme-5_6_0-snapshot.jar//fr.xephi.authme.service.GeoIpService.startReading(GeoIpService.java:173)
	at authme-5_6_0-snapshot.jar//fr.xephi.authme.service.GeoIpService.updateDatabase(GeoIpService.java:144)
	at org.bukkit.craftbukkit.v1_18_R2.scheduler.CraftTask.run(CraftTask.java:101)
	at org.bukkit.craftbukkit.v1_18_R2.scheduler.CraftAsyncTask.run(CraftAsyncTask.java:57)
	at com.destroystokyo.paper.ServerSchedulerReportingWrapper.run(ServerSchedulerReportingWrapper.java:22)
	at java.base/java.util.concurrent.ThreadPoolExecutor.runWorker(ThreadPoolExecutor.java:1136)
	at java.base/java.util.concurrent.ThreadPoolExecutor$Worker.run(ThreadPoolExecutor.java:635)
	at java.base/java.lang.Thread.run(Thread.java:833)

[06-16 16:30:41]: [FINE] Semchik logged in 26.131.51.174
[06-16 16:35:25]: [INFO] SQLite Setup finished
[06-16 16:35:25]: [INFO] Hooked into LuckPerms!
[06-16 16:35:26]: [INFO] Hooked successfully into Essentials
[06-16 16:35:26]: [INFO] Hooked successfully into Multiverse-Core
[06-16 16:35:26]: [WARN] WARNING! The protectInventory feature requires ProtocolLib! Disabling it...
[06-16 16:35:26]: [INFO] AuthMe 5.6.0-SNAPSHOT build n.2501 successfully enabled!
[06-16 16:35:30]: [INFO] Downloading GEO IP database, because the old database is older than 30 days or doesn't exist
[06-16 16:35:30]: [WARN] No MaxMind credentials found in the configuration file! GeoIp protections will be disabled.
[06-16 16:35:30]: [INFO] There is no newer GEO IP database uploaded to MaxMind. Using the old one for now.
[06-16 16:35:30]: [WARN] Could not download GeoLiteAPI database [FileNotFoundException]: plugins\AuthMe\GeoLite2-Country.mmdb (Не удается найти указанный файл)
[06-16 16:35:30]: java.io.FileNotFoundException: plugins\AuthMe\GeoLite2-Country.mmdb (Не удается найти указанный файл)
	at java.base/java.io.RandomAccessFile.open0(Native Method)
	at java.base/java.io.RandomAccessFile.open(RandomAccessFile.java:344)
	at java.base/java.io.RandomAccessFile.<init>(RandomAccessFile.java:259)
	at java.base/java.io.RandomAccessFile.<init>(RandomAccessFile.java:213)
	at authme-5_6_0-snapshot.jar//fr.xephi.authme.libs.com.maxmind.db.BufferHolder.<init>(BufferHolder.java:20)
	at authme-5_6_0-snapshot.jar//fr.xephi.authme.libs.com.maxmind.db.Reader.<init>(Reader.java:121)
	at authme-5_6_0-snapshot.jar//fr.xephi.authme.service.GeoIpService.startReading(GeoIpService.java:173)
	at authme-5_6_0-snapshot.jar//fr.xephi.authme.service.GeoIpService.updateDatabase(GeoIpService.java:144)
	at org.bukkit.craftbukkit.v1_18_R2.scheduler.CraftTask.run(CraftTask.java:101)
	at org.bukkit.craftbukkit.v1_18_R2.scheduler.CraftAsyncTask.run(CraftAsyncTask.java:57)
	at com.destroystokyo.paper.ServerSchedulerReportingWrapper.run(ServerSchedulerReportingWrapper.java:22)
	at java.base/java.util.concurrent.ThreadPoolExecutor.runWorker(ThreadPoolExecutor.java:1136)
	at java.base/java.util.concurrent.ThreadPoolExecutor$Worker.run(ThreadPoolExecutor.java:635)
	at java.base/java.lang.Thread.run(Thread.java:833)

[06-16 16:37:55]: [FINE] milord logged in 26.79.66.12
[06-16 16:38:07]: [FINE] Semchik logged in 26.131.51.174
[06-16 16:48:14]: [FINE] Semchik logged in 26.131.51.174
