#
# There is insufficient memory for the Java Runtime Environment to continue.
# Native memory allocation (mmap) failed to map 293601280 bytes for G1 virtual space
# Possible reasons:
#   The system is out of physical RAM or swap space
#   The process is running with CompressedOops enabled, and the Java Heap may be blocking the growth of the native heap
# Possible solutions:
#   Reduce memory load on the system
#   Increase physical memory or swap space
#   Check if swap backing store is full
#   Decrease Java heap size (-Xmx/-Xms)
#   Decrease number of Java threads
#   Decrease Java thread stack sizes (-Xss)
#   Set larger code cache with -XX:ReservedCodeCacheSize=
#   JVM is running with Zero Based Compressed Oops mode in which the Java heap is
#     placed in the first 32GB address space. The Java Heap base address is the
#     maximum limit for the native heap growth. Please use -XX:HeapBaseMinAddress
#     to set the Java Heap base and to place the Java Heap above 32GB virtual address.
# This output file may be truncated or incomplete.
#
#  Out of Memory Error (os_windows.cpp:3535), pid=1576, tid=12740
#
# JRE version: Java(TM) SE Runtime Environment (17.0.3.1+2) (build 17.0.3.1+2-LTS-6)
# Java VM: Java HotSpot(TM) 64-Bit Server VM (17.0.3.1+2-LTS-6, mixed mode, sharing, tiered, compressed oops, compressed class ptrs, g1 gc, windows-amd64)
# No core dump will be written. Minidumps are not enabled by default on client versions of Windows
#

---------------  S U M M A R Y ------------

Command Line: -Xms1G -Xmx5G -Dfile.encoding=utf-8 -XX:+UseG1GC -XX:+ParallelRefProcEnabled -XX:MaxGCPauseMillis=200 -XX:+UnlockExperimentalVMOptions -XX:+DisableExplicitGC -XX:-OmitStackTraceInFastThrow -XX:+AlwaysPreTouch -XX:G1NewSizePercent=30 -XX:G1MaxNewSizePercent=40 -XX:G1HeapRegionSize=8M -XX:G1ReservePercent=20 -XX:G1HeapWastePercent=5 -XX:G1MixedGCCountTarget=8 -XX:InitiatingHeapOccupancyPercent=15 -XX:G1MixedGCLiveThresholdPercent=90 -XX:G1RSetUpdatingPauseTimePercent=5 -XX:SurvivorRatio=32 -XX:MaxTenuringThreshold=1 -Dusing.aikars.flags=true -Daikars.new.flags=true server.jar

Host: AMD Ryzen 3 PRO 3200G with Radeon Vega Graphics, 4 cores, 7G,  Windows 10 , 64 bit Build 19041 (10.0.19041.1151)
Time: Fri Jun 17 11:15:39 2022 RTZ 2 (s 10 , 64 bit Build 19041 (10.0.19041.1151) elapsed time: 384.403034 seconds (0d 0h 6m 24s)

---------------  T H R E A D  ---------------

Current thread (0x00000215412f22d0):  VMThread "VM Thread" [stack: 0x0000007ebfc00000,0x0000007ebfd00000] [id=12740]

Stack: [0x0000007ebfc00000,0x0000007ebfd00000]
Native frames: (J=compiled Java code, j=interpreted, Vv=VM code, C=native code)
V  [jvm.dll+0x6711ba]
V  [jvm.dll+0x7d0834]
V  [jvm.dll+0x7d1fde]
V  [jvm.dll+0x7d2643]
V  [jvm.dll+0x242c85]
V  [jvm.dll+0x66e0d9]
V  [jvm.dll+0x662a22]
V  [jvm.dll+0x300ddb]
V  [jvm.dll+0x308376]
V  [jvm.dll+0x357f7e]
V  [jvm.dll+0x3581af]
V  [jvm.dll+0x2d7ff8]
V  [jvm.dll+0x2db076]
V  [jvm.dll+0x2e56c8]
V  [jvm.dll+0x319550]
V  [jvm.dll+0x7d6b1b]
V  [jvm.dll+0x7d7854]
V  [jvm.dll+0x7d7d6c]
V  [jvm.dll+0x7d8144]
V  [jvm.dll+0x7d8210]
V  [jvm.dll+0x780aca]
V  [jvm.dll+0x670045]
C  [ucrtbase.dll+0x21bb2]
C  [KERNEL32.DLL+0x17034]
C  [ntdll.dll+0x52651]

VM_Operation (0x0000007ebf8ff460): G1Concurrent, mode: safepoint, requested by thread 0x000002151c7f6880


---------------  P R O C E S S  ---------------

Threads class SMR info:
_java_thread_list=0x000002154a1e0530, length=97, elements={
0x00000215412f6570, 0x00000215412f8aa0, 0x0000021541311e00, 0x00000215413128c0,
0x0000021541315930, 0x00000215413179a0, 0x000002154131c230, 0x00000215413212f0,
0x000002154132e3d0, 0x00000215414d5740, 0x00000215414d6020, 0x000002151c78e8a0,
0x0000021542225d00, 0x0000021542a165e0, 0x0000021542a127c0, 0x0000021545552d40,
0x0000021545554ef0, 0x0000021545551530, 0x0000021545553210, 0x0000021545555890,
0x0000021545554080, 0x000002154470eba0, 0x0000021544709500, 0x000002154470a840,
0x000002154470d390, 0x000002154470c520, 0x000002154470c9f0, 0x000002154470cec0,
0x000002154470d860, 0x00000215447103b0, 0x000002154470b6b0, 0x00000215455583e0,
0x0000021545552870, 0x00000215455536e0, 0x0000021545555d60, 0x0000021545556230,
0x0000021546520f20, 0x000002154651a540, 0x000002154651aa10, 0x000002154651bd50,
0x0000021546520580, 0x000002154651d090, 0x000002154651d560, 0x000002154651c220,
0x000002154651f710, 0x000002154651cbc0, 0x000002154651da30, 0x000002154651df00,
0x000002154651e3d0, 0x000002154651e8a0, 0x000002154651f240, 0x0000021545551a00,
0x00000215447099d0, 0x00000215511cb5c0, 0x00000215511c8a70, 0x00000215511c80d0,
0x00000215511c85a0, 0x00000215511c98e0, 0x00000215511cc900, 0x00000215511c7260,
0x000002154470bb80, 0x0000021544709ea0, 0x000002154470f070, 0x0000021544710880,
0x0000021545554a20, 0x000002155144d630, 0x000002155144cc90, 0x000002155144b950,
0x0000021551449c70, 0x000002155144dfd0, 0x000002155144e970, 0x000002155144be20,
0x000002155144c2f0, 0x000002155144afb0, 0x000002155144e4a0, 0x000002155144c7c0,
0x0000021553f0f2e0, 0x0000021553f0f7b0, 0x0000021553f0dad0, 0x0000021553f0dfa0,
0x000002154651b880, 0x0000021544273c60, 0x0000021544274600, 0x0000021544279300,
0x0000021544277620, 0x0000021544278490, 0x0000021544278960, 0x0000021544277150,
0x0000021544274130, 0x0000021553f0af80, 0x0000021553f0e470, 0x0000021553f0c790,
0x0000021553f0a110, 0x0000021553f0d600, 0x0000021553f0b450, 0x0000021553f0ee10,
0x0000021549b64400
}

Java Threads: ( => current thread )
  0x00000215412f6570 JavaThread "Reference Handler" daemon [_thread_blocked, id=9232, stack(0x0000007ebfd00000,0x0000007ebfe00000)]
  0x00000215412f8aa0 JavaThread "Finalizer" daemon [_thread_blocked, id=9876, stack(0x0000007ebfe00000,0x0000007ebff00000)]
  0x0000021541311e00 JavaThread "Signal Dispatcher" daemon [_thread_blocked, id=14584, stack(0x0000007ebff00000,0x0000007ec0000000)]
  0x00000215413128c0 JavaThread "Attach Listener" daemon [_thread_blocked, id=14924, stack(0x0000007ec0000000,0x0000007ec0100000)]
  0x0000021541315930 JavaThread "Service Thread" daemon [_thread_blocked, id=15244, stack(0x0000007ec0100000,0x0000007ec0200000)]
  0x00000215413179a0 JavaThread "Monitor Deflation Thread" daemon [_thread_blocked, id=4828, stack(0x0000007ec0200000,0x0000007ec0300000)]
  0x000002154131c230 JavaThread "C2 CompilerThread0" daemon [_thread_blocked, id=9976, stack(0x0000007ec0300000,0x0000007ec0400000)]
  0x00000215413212f0 JavaThread "C1 CompilerThread0" daemon [_thread_blocked, id=2724, stack(0x0000007ec0400000,0x0000007ec0500000)]
  0x000002154132e3d0 JavaThread "Sweeper thread" daemon [_thread_blocked, id=14260, stack(0x0000007ec0500000,0x0000007ec0600000)]
  0x00000215414d5740 JavaThread "Notification Thread" daemon [_thread_blocked, id=14548, stack(0x0000007ec0600000,0x0000007ec0700000)]
  0x00000215414d6020 JavaThread "Common-Cleaner" daemon [_thread_blocked, id=5076, stack(0x0000007ec0800000,0x0000007ec0900000)]
  0x000002151c78e8a0 JavaThread "DestroyJavaVM" [_thread_blocked, id=10520, stack(0x0000007ebf600000,0x0000007ebf700000)]
  0x0000021542225d00 JavaThread "WindowsStreamPump" daemon [_thread_blocked, id=7296, stack(0x0000007ec0e00000,0x0000007ec0f00000)]
  0x0000021542a165e0 JavaThread "Log4j2-AsyncAppenderEventDispatcher-1-Async" daemon [_thread_blocked, id=7084, stack(0x0000007ec0f00000,0x0000007ec1000000)]
  0x0000021542a127c0 JavaThread "Timer hack thread" daemon [_thread_blocked, id=1472, stack(0x0000007ec1600000,0x0000007ec1700000)]
  0x0000021545552d40 JavaThread "Worker-Main-1" daemon [_thread_blocked, id=10416, stack(0x0000007ec1700000,0x0000007ec1800000)]
  0x0000021545554ef0 JavaThread "Java2D Disposer" daemon [_thread_blocked, id=10912, stack(0x0000007ec0d00000,0x0000007ec0e00000)]
  0x0000021545551530 JavaThread "AWT-Windows" daemon [_thread_in_native, id=13368, stack(0x0000007ec1900000,0x0000007ec1a00000)]
  0x0000021545553210 JavaThread "AWT-Shutdown" [_thread_blocked, id=11300, stack(0x0000007ec1800000,0x0000007ec1900000)]
  0x0000021545555890 JavaThread "AWT-EventQueue-0" [_thread_blocked, id=10020, stack(0x0000007ec2100000,0x0000007ec2200000)]
  0x0000021545554080 JavaThread "TimerQueue" daemon [_thread_blocked, id=11824, stack(0x0000007ec2200000,0x0000007ec2300000)]
  0x000002154470eba0 JavaThread "D3D Screen Updater" daemon [_thread_blocked, id=7900, stack(0x0000007ec2500000,0x0000007ec2600000)]
  0x0000021544709500 JavaThread "Thread-1" daemon [_thread_blocked, id=4316, stack(0x0000007ec2600000,0x0000007ec2700000)]
  0x000002154470a840 JavaThread "Server thread" [_thread_blocked, id=7868, stack(0x0000007ec2700000,0x0000007ec2800000)]
  0x000002154470d390 JavaThread "Paper Watchdog Thread" [_thread_blocked, id=14616, stack(0x0000007ec2c00000,0x0000007ec2d00000)]
  0x000002154470c520 JavaThread "Paper Async Chunk Task Thread #0" [_thread_blocked, id=12920, stack(0x0000007ec2d00000,0x0000007ec2e00000)]
  0x000002154470c9f0 JavaThread "Paper Async Chunk Urgent Task Thread" [_thread_blocked, id=14052, stack(0x0000007ec2e00000,0x0000007ec2f00000)]
  0x000002154470cec0 JavaThread "Server console handler" daemon [_thread_blocked, id=10536, stack(0x0000007ec2f00000,0x0000007ec3000000)]
  0x000002154470d860 JavaThread "pool-4-thread-1" [_thread_blocked, id=13228, stack(0x0000007ec3000000,0x0000007ec3100000)]
  0x00000215447103b0 JavaThread "Netty Server IO #0" daemon [_thread_in_native, id=4880, stack(0x0000007ec2b00000,0x0000007ec2c00000)]
  0x000002154470b6b0 JavaThread "luckperms-worker-0" daemon [_thread_blocked, id=3240, stack(0x0000007ec3200000,0x0000007ec3300000)]
  0x00000215455583e0 JavaThread "luckperms-worker-1" daemon [_thread_blocked, id=14016, stack(0x0000007ec3300000,0x0000007ec3400000)]
  0x0000021545552870 JavaThread "luckperms-worker-2" daemon [_thread_blocked, id=6280, stack(0x0000007ec3400000,0x0000007ec3500000)]
  0x00000215455536e0 JavaThread "luckperms-worker-3" daemon [_thread_blocked, id=11732, stack(0x0000007ec3500000,0x0000007ec3600000)]
  0x0000021545555d60 JavaThread "luckperms-worker-4" daemon [_thread_blocked, id=5624, stack(0x0000007ec3600000,0x0000007ec3700000)]
  0x0000021545556230 JavaThread "luckperms-worker-5" daemon [_thread_blocked, id=13556, stack(0x0000007ec3700000,0x0000007ec3800000)]
  0x0000021546520f20 JavaThread "luckperms-worker-6" daemon [_thread_blocked, id=14560, stack(0x0000007ec3800000,0x0000007ec3900000)]
  0x000002154651a540 JavaThread "luckperms-worker-7" daemon [_thread_blocked, id=9556, stack(0x0000007ec3900000,0x0000007ec3a00000)]
  0x000002154651aa10 JavaThread "luckperms-worker-8" daemon [_thread_blocked, id=9968, stack(0x0000007ec3a00000,0x0000007ec3b00000)]
  0x000002154651bd50 JavaThread "luckperms-scheduler" [_thread_blocked, id=3296, stack(0x0000007ec3100000,0x0000007ec3200000)]
  0x0000021546520580 JavaThread "WorldEdit Session Manager" [_thread_blocked, id=5336, stack(0x0000007ec3c00000,0x0000007ec3d00000)]
  0x000002154651d090 JavaThread "FileSystemWatchService" daemon [_thread_in_native, id=6532, stack(0x0000007ec3e00000,0x0000007ec3f00000)]
  0x000002154651d560 JavaThread "luckperms-worker-9" daemon [_thread_blocked, id=10808, stack(0x0000007ec3f00000,0x0000007ec4000000)]
  0x000002154651c220 JavaThread "MVStore background writer nio:C:/Users/paden/Desktop/minecraft server/Server/plugins/LuckPerms/luckperms-h2.mv.db" daemon [_thread_blocked, id=12828, stack(0x0000007ec4200000,0x0000007ec4300000)]
  0x000002154651f710 JavaThread "OkHttp ConnectionPool" daemon [_thread_blocked, id=2052, stack(0x0000007ec4300000,0x0000007ec4400000)]
  0x000002154651cbc0 JavaThread "AutoSaveWorld AutoSaveThread" [_thread_blocked, id=5124, stack(0x0000007ec4600000,0x0000007ec4700000)]
  0x000002154651da30 JavaThread "AutoSaveWorld AutoBackupThread" [_thread_blocked, id=9952, stack(0x0000007ec4700000,0x0000007ec4800000)]
  0x000002154651df00 JavaThread "AutoSaveWorld AutoPurgeThread" [_thread_blocked, id=772, stack(0x0000007ec4800000,0x0000007ec4900000)]
  0x000002154651e3d0 JavaThread "AutoSaveWorld AutoRestartThread" [_thread_blocked, id=2640, stack(0x0000007ec4900000,0x0000007ec4a00000)]
  0x000002154651e8a0 JavaThread "AutoSaveWorld CrashRestartThread" [_thread_blocked, id=4860, stack(0x0000007ec4a00000,0x0000007ec4b00000)]
  0x000002154651f240 JavaThread "AutoSaveWorld AutoConsoleCommandThread" [_thread_blocked, id=10100, stack(0x0000007ec4b00000,0x0000007ec4c00000)]
  0x0000021545551a00 JavaThread "Timer-0" daemon [_thread_blocked, id=14860, stack(0x0000007ec4c00000,0x0000007ec4d00000)]
  0x00000215447099d0 JavaThread "bStats-Metrics" [_thread_blocked, id=13144, stack(0x0000007ec4d00000,0x0000007ec4e00000)]
  0x00000215511cb5c0 JavaThread "Paper RegionFile IO Thread" [_thread_blocked, id=3800, stack(0x0000007ec4e00000,0x0000007ec4f00000)]
  0x00000215511c8a70 JavaThread "bStats-Metrics" [_thread_blocked, id=9260, stack(0x0000007ec5200000,0x0000007ec5300000)]
  0x00000215511c80d0 JavaThread "bStats-Metrics" [_thread_blocked, id=9404, stack(0x0000007ec5300000,0x0000007ec5400000)]
  0x00000215511c85a0 JavaThread "bStats-Metrics" [_thread_blocked, id=3364, stack(0x0000007ec2800000,0x0000007ec2900000)]
  0x00000215511c98e0 JavaThread "bStats-Metrics" [_thread_blocked, id=6564, stack(0x0000007ec2a00000,0x0000007ec2b00000)]
  0x00000215511cc900 JavaThread "bStats-Metrics" [_thread_blocked, id=13992, stack(0x0000007ec5500000,0x0000007ec5600000)]
  0x00000215511c7260 JavaThread "pool-18-thread-1" [_thread_blocked, id=7264, stack(0x0000007ec5800000,0x0000007ec5900000)]
  0x000002154470bb80 JavaThread "bStats-Metrics" [_thread_blocked, id=6592, stack(0x0000007ebf300000,0x0000007ebf400000)]
  0x0000021544709ea0 JavaThread "bStats-Metrics" [_thread_blocked, id=6228, stack(0x0000007ebf400000,0x0000007ebf500000)]
  0x000002154470f070 JavaThread "Timer-1" daemon [_thread_blocked, id=7636, stack(0x0000007ec2900000,0x0000007ec2a00000)]
  0x0000021544710880 JavaThread "mysql-cj-abandoned-connection-cleanup" daemon [_thread_blocked, id=10188, stack(0x0000007ec5900000,0x0000007ec5a00000)]
  0x0000021545554a20 JavaThread "bStats-Metrics" [_thread_blocked, id=12408, stack(0x0000007ec5a00000,0x0000007ec5b00000)]
  0x000002155144d630 JavaThread "TAB Repeating / Delayed Thread 0" [_thread_blocked, id=10412, stack(0x0000007ec5b00000,0x0000007ec5c00000)]
  0x000002155144cc90 JavaThread "TAB Repeating / Delayed Thread 1" [_thread_blocked, id=11672, stack(0x0000007ec5c00000,0x0000007ec5d00000)]
  0x000002155144b950 JavaThread "TAB Repeating / Delayed Thread 2" [_thread_blocked, id=4208, stack(0x0000007ec5d00000,0x0000007ec5e00000)]
  0x0000021551449c70 JavaThread "bStats-Metrics" [_thread_blocked, id=9448, stack(0x0000007ec5f00000,0x0000007ec6000000)]
  0x000002155144dfd0 JavaThread "TAB Processing Thread" [_thread_blocked, id=11020, stack(0x0000007ec6000000,0x0000007ec6100000)]
  0x000002155144e970 JavaThread "bStats-Metrics" [_thread_blocked, id=10124, stack(0x0000007ebf500000,0x0000007ebf600000)]
  0x000002155144be20 JavaThread "WorldGuard Region I/O" [_thread_blocked, id=14312, stack(0x0000007ec6100000,0x0000007ec6200000)]
  0x000002155144c2f0 JavaThread "bStats-Metrics" [_thread_blocked, id=9220, stack(0x0000007ec6300000,0x0000007ec6400000)]
  0x000002155144afb0 JavaThread "bStats-Metrics" [_thread_blocked, id=10436, stack(0x0000007ec6500000,0x0000007ec6600000)]
  0x000002155144e4a0 JavaThread "ExpiringMap-Expirer" daemon [_thread_blocked, id=7884, stack(0x0000007ec6600000,0x0000007ec6700000)]
  0x000002155144c7c0 JavaThread "Craft Async Scheduler Management Thread" [_thread_blocked, id=10380, stack(0x0000007ec6700000,0x0000007ec6800000)]
  0x0000021553f0f2e0 JavaThread "Netty Server IO #1" daemon [_thread_in_native, id=5096, stack(0x0000007ec8100000,0x0000007ec8200000)]
  0x0000021553f0f7b0 JavaThread "Netty Server IO #2" daemon [_thread_blocked, id=14876, stack(0x0000007ec8200000,0x0000007ec8300000)]
  0x0000021553f0dad0 JavaThread "ForkJoinPool-2-worker-1" daemon [_thread_blocked, id=11596, stack(0x0000007ec8600000,0x0000007ec8700000)]
  0x0000021553f0dfa0 JavaThread "DecentHolograms Thread #1" [_thread_blocked, id=8932, stack(0x0000007ec8700000,0x0000007ec8800000)]
  0x000002154651b880 JavaThread "DecentHolograms Thread #2" [_thread_blocked, id=7988, stack(0x0000007ec8800000,0x0000007ec8900000)]
  0x0000021544273c60 JavaThread "DecentHolograms Thread #3" [_thread_blocked, id=11088, stack(0x0000007ec8900000,0x0000007ec8a00000)]
  0x0000021544274600 JavaThread "DecentHolograms Thread #4" [_thread_blocked, id=7676, stack(0x0000007ec8a00000,0x0000007ec8b00000)]
  0x0000021544279300 JavaThread "IO-Worker-3" [_thread_blocked, id=12264, stack(0x0000007ec8d00000,0x0000007ec8e00000)]
  0x0000021544277620 JavaThread "WorldGuard Region Chunk Table - world" [_thread_blocked, id=13396, stack(0x0000007ec8f00000,0x0000007ec9000000)]
  0x0000021544278490 JavaThread "pool-17-thread-1" [_thread_blocked, id=5200, stack(0x0000007ec9700000,0x0000007ec9800000)]
  0x0000021544278960 JavaThread "IO-Worker-6" [_thread_blocked, id=12480, stack(0x0000007ec3d00000,0x0000007ec3e00000)]
  0x0000021544277150 JavaThread "worldedit-sort-svc-0" daemon [_thread_blocked, id=2600, stack(0x0000007ec4500000,0x0000007ec4600000)]
  0x0000021544274130 JavaThread "worldedit-sort-svc-1" daemon [_thread_blocked, id=3436, stack(0x0000007ec5400000,0x0000007ec5500000)]
  0x0000021553f0af80 JavaThread "worldedit-sort-svc-2" daemon [_thread_blocked, id=14440, stack(0x0000007ec5e00000,0x0000007ec5f00000)]
  0x0000021553f0e470 JavaThread "worldedit-sort-svc-3" daemon [_thread_blocked, id=8736, stack(0x0000007ec6200000,0x0000007ec6300000)]
  0x0000021553f0c790 JavaThread "Craft Scheduler Thread - 33" [_thread_blocked, id=15276, stack(0x0000007ec1100000,0x0000007ec1200000)]
  0x0000021553f0a110 JavaThread "IO-Worker-7" [_thread_blocked, id=13060, stack(0x0000007ec1200000,0x0000007ec1300000)]
  0x0000021553f0d600 JavaThread "Craft Scheduler Thread - 35" [_thread_blocked, id=12848, stack(0x0000007ec1000000,0x0000007ec1100000)]
  0x0000021553f0b450 JavaThread "Craft Scheduler Thread - 36" [_thread_blocked, id=592, stack(0x0000007ec3b00000,0x0000007ec3c00000)]
  0x0000021553f0ee10 JavaThread "Craft Scheduler Thread - 37" [_thread_blocked, id=10704, stack(0x0000007ec1a00000,0x0000007ec1b00000)]
  0x0000021549b64400 JavaThread "C2 CompilerThread1" daemon [_thread_blocked, id=9140, stack(0x0000007ec4400000,0x0000007ec4500000)]

Other Threads:
=>0x00000215412f22d0 VMThread "VM Thread" [stack: 0x0000007ebfc00000,0x0000007ebfd00000] [id=12740]
  0x000002151c7fd9d0 WatcherThread [stack: 0x0000007ec0700000,0x0000007ec0800000] [id=10816]
  0x000002151c7eea10 GCTaskThread "GC Thread#0" [stack: 0x0000007ebf700000,0x0000007ebf800000] [id=14236]
  0x000002154154d500 GCTaskThread "GC Thread#1" [stack: 0x0000007ec0900000,0x0000007ec0a00000] [id=6324]
  0x000002154154d7b0 GCTaskThread "GC Thread#2" [stack: 0x0000007ec0a00000,0x0000007ec0b00000] [id=11848]
  0x000002154154da60 GCTaskThread "GC Thread#3" [stack: 0x0000007ec0b00000,0x0000007ec0c00000] [id=14460]
  0x000002151c7f6880 ConcurrentGCThread "G1 Main Marker" [stack: 0x0000007ebf800000,0x0000007ebf900000] [id=14948]
  0x000002151c7f7940 ConcurrentGCThread "G1 Conc#0" [stack: 0x0000007ebf900000,0x0000007ebfa00000] [id=14916]
  0x000002151c85b1e0 ConcurrentGCThread "G1 Refine#0" [stack: 0x0000007ebfa00000,0x0000007ebfb00000] [id=13408]
  0x00000215424b6a10 ConcurrentGCThread "G1 Refine#1" [stack: 0x0000007ec1300000,0x0000007ec1400000] [id=9356]
  0x00000215424b6730 ConcurrentGCThread "G1 Refine#2" [stack: 0x0000007ec1400000,0x0000007ec1500000] [id=15172]
  0x00000215424b7b50 ConcurrentGCThread "G1 Refine#3" [stack: 0x0000007ec1500000,0x0000007ec1600000] [id=14396]
  0x000002151c85bb10 ConcurrentGCThread "G1 Service" [stack: 0x0000007ebfb00000,0x0000007ebfc00000] [id=3236]

Threads with active compile tasks:
C2 CompilerThread0   384519 33088       4       net.minecraft.nbt.NBTTagShort::a (11 bytes)

VM state: at safepoint (normal execution)

VM Mutex/Monitor currently owned by a thread:  ([mutex/lock_event])
[0x000002151c78bad0] Threads_lock - owner thread: 0x00000215412f22d0
[0x000002151c78b800] Heap_lock - owner thread: 0x000002151c7f6880

Heap address: 0x00000006c0000000, size: 5120 MB, Compressed Oops mode: Zero based, Oop shift amount: 3

CDS archive(s) mapped at: [0x0000000800000000-0x0000000800bc0000-0x0000000800bc0000), size 12320768, SharedBaseAddress: 0x0000000800000000, ArchiveRelocationMode: 0.
Compressed class space mapped at: 0x0000000800c00000-0x0000000840c00000, reserved size: 1073741824
Narrow klass base: 0x0000000800000000, Narrow klass shift: 0, Narrow klass range: 0x100000000

GC Precious Log:
 CPUs: 4 total, 4 available
 Memory: 8140M
 Large Page Support: Disabled
 NUMA Support: Disabled
 Compressed Oops: Enabled (Zero based)
 Heap Region Size: 8M
 Heap Min Capacity: 1G
 Heap Initial Capacity: 1G
 Heap Max Capacity: 5G
 Pre-touch: Enabled
 Parallel Workers: 4
 Concurrent Workers: 1
 Concurrent Refinement Workers: 4
 Periodic GC: Disabled

Heap:
 garbage-first heap   total 2064384K, used 1391836K [0x00000006c0000000, 0x0000000800000000)
  region size 8192K, 53 young (434176K), 3 survivors (24576K)
 Metaspace       used 169437K, committed 171392K, reserved 1196032K
  class space    used 24013K, committed 24832K, reserved 1048576K

Heap Regions: E=young(eden), S=young(survivor), O=old, HS=humongous(starts), HC=humongous(continues), CS=collection set, F=free, OA=open archive, CA=closed archive, TAMS=top-at-mark-start (previous, next)
|   0|0x00000006c0000000, 0x00000006c0800000, 0x00000006c0800000|100%| O|  |TAMS 0x00000006c0800000, 0x00000006c0000000| Untracked 
|   1|0x00000006c0800000, 0x00000006c1000000, 0x00000006c1000000|100%| O|  |TAMS 0x00000006c1000000, 0x00000006c0800000| Untracked 
|   2|0x00000006c1000000, 0x00000006c1800000, 0x00000006c1800000|100%| O|  |TAMS 0x00000006c1800000, 0x00000006c1000000| Untracked 
|   3|0x00000006c1800000, 0x00000006c2000000, 0x00000006c2000000|100%|HS|  |TAMS 0x00000006c2000000, 0x00000006c1800000| Complete 
|   4|0x00000006c2000000, 0x00000006c2800000, 0x00000006c2800000|100%|HC|  |TAMS 0x00000006c2800000, 0x00000006c2000000| Complete 
|   5|0x00000006c2800000, 0x00000006c3000000, 0x00000006c3000000|100%| O|  |TAMS 0x00000006c3000000, 0x00000006c2800000| Untracked 
|   6|0x00000006c3000000, 0x00000006c3800000, 0x00000006c3800000|100%| O|  |TAMS 0x00000006c3800000, 0x00000006c3000000| Untracked 
|   7|0x00000006c3800000, 0x00000006c4000000, 0x00000006c4000000|100%| O|  |TAMS 0x00000006c4000000, 0x00000006c3800000| Untracked 
|   8|0x00000006c4000000, 0x00000006c4800000, 0x00000006c4800000|100%| O|  |TAMS 0x00000006c4800000, 0x00000006c4000000| Untracked 
|   9|0x00000006c4800000, 0x00000006c5000000, 0x00000006c5000000|100%| O|  |TAMS 0x00000006c5000000, 0x00000006c4800000| Untracked 
|  10|0x00000006c5000000, 0x00000006c5800000, 0x00000006c5800000|100%| O|  |TAMS 0x00000006c5800000, 0x00000006c5000000| Untracked 
|  11|0x00000006c5800000, 0x00000006c6000000, 0x00000006c6000000|100%| O|  |TAMS 0x00000006c6000000, 0x00000006c5800000| Untracked 
|  12|0x00000006c6000000, 0x00000006c6800000, 0x00000006c6800000|100%| O|  |TAMS 0x00000006c6800000, 0x00000006c6000000| Updating 
|  13|0x00000006c6800000, 0x00000006c7000000, 0x00000006c7000000|100%| O|  |TAMS 0x00000006c7000000, 0x00000006c6800000| Updating 
|  14|0x00000006c7000000, 0x00000006c7800000, 0x00000006c7800000|100%| O|  |TAMS 0x00000006c7800000, 0x00000006c7000000| Updating 
|  15|0x00000006c7800000, 0x00000006c8000000, 0x00000006c8000000|100%| O|  |TAMS 0x00000006c8000000, 0x00000006c7800000| Untracked 
|  16|0x00000006c8000000, 0x00000006c8800000, 0x00000006c8800000|100%| O|  |TAMS 0x00000006c8800000, 0x00000006c8000000| Updating 
|  17|0x00000006c8800000, 0x00000006c9000000, 0x00000006c9000000|100%| O|  |TAMS 0x00000006c9000000, 0x00000006c8800000| Untracked 
|  18|0x00000006c9000000, 0x00000006c9800000, 0x00000006c9800000|100%| O|  |TAMS 0x00000006c9800000, 0x00000006c9000000| Updating 
|  19|0x00000006c9800000, 0x00000006ca000000, 0x00000006ca000000|100%| O|  |TAMS 0x00000006ca000000, 0x00000006c9800000| Untracked 
|  20|0x00000006ca000000, 0x00000006ca800000, 0x00000006ca800000|100%| O|  |TAMS 0x00000006ca800000, 0x00000006ca000000| Updating 
|  21|0x00000006ca800000, 0x00000006cb000000, 0x00000006cb000000|100%| O|  |TAMS 0x00000006cb000000, 0x00000006ca800000| Updating 
|  22|0x00000006cb000000, 0x00000006cb800000, 0x00000006cb800000|100%| O|  |TAMS 0x00000006cb800000, 0x00000006cb000000| Untracked 
|  23|0x00000006cb800000, 0x00000006cc000000, 0x00000006cc000000|100%| O|  |TAMS 0x00000006cc000000, 0x00000006cb800000| Updating 
|  24|0x00000006cc000000, 0x00000006cc800000, 0x00000006cc800000|100%| O|  |TAMS 0x00000006cc800000, 0x00000006cc000000| Untracked 
|  25|0x00000006cc800000, 0x00000006cd000000, 0x00000006cd000000|100%| O|  |TAMS 0x00000006cd000000, 0x00000006cc800000| Untracked 
|  26|0x00000006cd000000, 0x00000006cd800000, 0x00000006cd800000|100%| O|  |TAMS 0x00000006cd800000, 0x00000006cd000000| Untracked 
|  27|0x00000006cd800000, 0x00000006ce000000, 0x00000006ce000000|100%| O|  |TAMS 0x00000006ce000000, 0x00000006cd800000| Untracked 
|  28|0x00000006ce000000, 0x00000006ce800000, 0x00000006ce800000|100%| O|  |TAMS 0x00000006ce800000, 0x00000006ce000000| Untracked 
|  29|0x00000006ce800000, 0x00000006cf000000, 0x00000006cf000000|100%| O|  |TAMS 0x00000006cf000000, 0x00000006ce800000| Untracked 
|  30|0x00000006cf000000, 0x00000006cf800000, 0x00000006cf800000|100%| O|  |TAMS 0x00000006cf800000, 0x00000006cf000000| Untracked 
|  31|0x00000006cf800000, 0x00000006d0000000, 0x00000006d0000000|100%| O|  |TAMS 0x00000006d0000000, 0x00000006cf800000| Untracked 
|  32|0x00000006d0000000, 0x00000006d0800000, 0x00000006d0800000|100%| O|  |TAMS 0x00000006d0800000, 0x00000006d0000000| Updating 
|  33|0x00000006d0800000, 0x00000006d1000000, 0x00000006d1000000|100%| O|  |TAMS 0x00000006d1000000, 0x00000006d0800000| Updating 
|  34|0x00000006d1000000, 0x00000006d1800000, 0x00000006d1800000|100%| O|  |TAMS 0x00000006d1800000, 0x00000006d1000000| Updating 
|  35|0x00000006d1800000, 0x00000006d2000000, 0x00000006d2000000|100%| O|  |TAMS 0x00000006d2000000, 0x00000006d1800000| Updating 
|  36|0x00000006d2000000, 0x00000006d2800000, 0x00000006d2800000|100%| O|  |TAMS 0x00000006d2800000, 0x00000006d2000000| Updating 
|  37|0x00000006d2800000, 0x00000006d3000000, 0x00000006d3000000|100%| O|  |TAMS 0x00000006d3000000, 0x00000006d2800000| Updating 
|  38|0x00000006d3000000, 0x00000006d3800000, 0x00000006d3800000|100%| O|  |TAMS 0x00000006d3800000, 0x00000006d3000000| Updating 
|  39|0x00000006d3800000, 0x00000006d4000000, 0x00000006d4000000|100%| O|  |TAMS 0x00000006d4000000, 0x00000006d3800000| Updating 
|  40|0x00000006d4000000, 0x00000006d4800000, 0x00000006d4800000|100%| O|  |TAMS 0x00000006d4800000, 0x00000006d4000000| Updating 
|  41|0x00000006d4800000, 0x00000006d5000000, 0x00000006d5000000|100%| O|  |TAMS 0x00000006d5000000, 0x00000006d4800000| Untracked 
|  42|0x00000006d5000000, 0x00000006d5800000, 0x00000006d5800000|100%| O|  |TAMS 0x00000006d5800000, 0x00000006d5000000| Updating 
|  43|0x00000006d5800000, 0x00000006d6000000, 0x00000006d6000000|100%| O|  |TAMS 0x00000006d6000000, 0x00000006d5800000| Updating 
|  44|0x00000006d6000000, 0x00000006d6800000, 0x00000006d6800000|100%| O|  |TAMS 0x00000006d6800000, 0x00000006d6000000| Updating 
|  45|0x00000006d6800000, 0x00000006d7000000, 0x00000006d7000000|100%| O|  |TAMS 0x00000006d6800000, 0x00000006d6800000| Untracked 
|  46|0x00000006d7000000, 0x00000006d7800000, 0x00000006d7800000|100%| O|  |TAMS 0x00000006d7800000, 0x00000006d7000000| Updating 
|  47|0x00000006d7800000, 0x00000006d8000000, 0x00000006d8000000|100%| O|  |TAMS 0x00000006d8000000, 0x00000006d7800000| Untracked 
|  48|0x00000006d8000000, 0x00000006d8800000, 0x00000006d8800000|100%| O|  |TAMS 0x00000006d8800000, 0x00000006d8000000| Updating 
|  49|0x00000006d8800000, 0x00000006d9000000, 0x00000006d9000000|100%| O|  |TAMS 0x00000006d9000000, 0x00000006d8800000| Untracked 
|  50|0x00000006d9000000, 0x00000006d9800000, 0x00000006d9800000|100%| O|  |TAMS 0x00000006d9800000, 0x00000006d9000000| Updating 
|  51|0x00000006d9800000, 0x00000006da000000, 0x00000006da000000|100%| O|  |TAMS 0x00000006da000000, 0x00000006d9800000| Untracked 
|  52|0x00000006da000000, 0x00000006da800000, 0x00000006da800000|100%| O|  |TAMS 0x00000006da800000, 0x00000006da000000| Updating 
|  53|0x00000006da800000, 0x00000006db000000, 0x00000006db000000|100%| O|  |TAMS 0x00000006db000000, 0x00000006da800000| Untracked 
|  54|0x00000006db000000, 0x00000006db800000, 0x00000006db800000|100%| O|  |TAMS 0x00000006db800000, 0x00000006db000000| Untracked 
|  55|0x00000006db800000, 0x00000006dc000000, 0x00000006dc000000|100%| O|  |TAMS 0x00000006dc000000, 0x00000006db800000| Updating 
|  56|0x00000006dc000000, 0x00000006dc000000, 0x00000006dc800000|  0%| F|  |TAMS 0x00000006dc000000, 0x00000006dc000000| Untracked 
|  57|0x00000006dc800000, 0x00000006dd000000, 0x00000006dd000000|100%| O|  |TAMS 0x00000006dd000000, 0x00000006dc800000| Untracked 
|  58|0x00000006dd000000, 0x00000006dd800000, 0x00000006dd800000|100%| O|  |TAMS 0x00000006dd800000, 0x00000006dd000000| Untracked 
|  59|0x00000006dd800000, 0x00000006de000000, 0x00000006de000000|100%| O|  |TAMS 0x00000006de000000, 0x00000006dd800000| Untracked 
|  60|0x00000006de000000, 0x00000006de800000, 0x00000006de800000|100%| O|  |TAMS 0x00000006de800000, 0x00000006de000000| Untracked 
|  61|0x00000006de800000, 0x00000006df000000, 0x00000006df000000|100%| O|  |TAMS 0x00000006df000000, 0x00000006de800000| Updating 
|  62|0x00000006df000000, 0x00000006df800000, 0x00000006df800000|100%| O|  |TAMS 0x00000006df800000, 0x00000006df000000| Updating 
|  63|0x00000006df800000, 0x00000006e0000000, 0x00000006e0000000|100%| O|  |TAMS 0x00000006e0000000, 0x00000006df800000| Untracked 
|  64|0x00000006e0000000, 0x00000006e0800000, 0x00000006e0800000|100%| O|  |TAMS 0x00000006e0800000, 0x00000006e0000000| Untracked 
|  65|0x00000006e0800000, 0x00000006e1000000, 0x00000006e1000000|100%| O|  |TAMS 0x00000006e1000000, 0x00000006e0800000| Updating 
|  66|0x00000006e1000000, 0x00000006e1800000, 0x00000006e1800000|100%| O|  |TAMS 0x00000006e1800000, 0x00000006e1000000| Updating 
|  67|0x00000006e1800000, 0x00000006e2000000, 0x00000006e2000000|100%| O|  |TAMS 0x00000006e2000000, 0x00000006e1800000| Updating 
|  68|0x00000006e2000000, 0x00000006e2800000, 0x00000006e2800000|100%| O|  |TAMS 0x00000006e2800000, 0x00000006e2000000| Updating 
|  69|0x00000006e2800000, 0x00000006e3000000, 0x00000006e3000000|100%| O|  |TAMS 0x00000006e3000000, 0x00000006e2800000| Untracked 
|  70|0x00000006e3000000, 0x00000006e3000000, 0x00000006e3800000|  0%| F|  |TAMS 0x00000006e3000000, 0x00000006e3000000| Untracked 
|  71|0x00000006e3800000, 0x00000006e4000000, 0x00000006e4000000|100%| O|  |TAMS 0x00000006e4000000, 0x00000006e3800000| Untracked 
|  72|0x00000006e4000000, 0x00000006e4800000, 0x00000006e4800000|100%| O|  |TAMS 0x00000006e4800000, 0x00000006e4000000| Updating 
|  73|0x00000006e4800000, 0x00000006e5000000, 0x00000006e5000000|100%| O|  |TAMS 0x00000006e5000000, 0x00000006e4800000| Untracked 
|  74|0x00000006e5000000, 0x00000006e5800000, 0x00000006e5800000|100%| O|  |TAMS 0x00000006e5000000, 0x00000006e5000000| Untracked 
|  75|0x00000006e5800000, 0x00000006e6000000, 0x00000006e6000000|100%| O|  |TAMS 0x00000006e6000000, 0x00000006e5800000| Untracked 
|  76|0x00000006e6000000, 0x00000006e6800000, 0x00000006e6800000|100%| O|  |TAMS 0x00000006e6800000, 0x00000006e6000000| Untracked 
|  77|0x00000006e6800000, 0x00000006e7000000, 0x00000006e7000000|100%| O|  |TAMS 0x00000006e7000000, 0x00000006e6800000| Updating 
|  78|0x00000006e7000000, 0x00000006e7800000, 0x00000006e7800000|100%| O|  |TAMS 0x00000006e7800000, 0x00000006e7000000| Untracked 
|  79|0x00000006e7800000, 0x00000006e8000000, 0x00000006e8000000|100%| O|  |TAMS 0x00000006e8000000, 0x00000006e7800000| Updating 
|  80|0x00000006e8000000, 0x00000006e8800000, 0x00000006e8800000|100%| O|  |TAMS 0x00000006e8800000, 0x00000006e8000000| Updating 
|  81|0x00000006e8800000, 0x00000006e9000000, 0x00000006e9000000|100%| O|  |TAMS 0x00000006e9000000, 0x00000006e8800000| Untracked 
|  82|0x00000006e9000000, 0x00000006e9800000, 0x00000006e9800000|100%| O|  |TAMS 0x00000006e9800000, 0x00000006e9000000| Updating 
|  83|0x00000006e9800000, 0x00000006ea000000, 0x00000006ea000000|100%| O|  |TAMS 0x00000006ea000000, 0x00000006e9800000| Untracked 
|  84|0x00000006ea000000, 0x00000006ea800000, 0x00000006ea800000|100%| O|  |TAMS 0x00000006ea800000, 0x00000006ea000000| Untracked 
|  85|0x00000006ea800000, 0x00000006eb000000, 0x00000006eb000000|100%| O|  |TAMS 0x00000006ea800000, 0x00000006ea800000| Untracked 
|  86|0x00000006eb000000, 0x00000006eb800000, 0x00000006eb800000|100%| O|  |TAMS 0x00000006eb800000, 0x00000006eb000000| Updating 
|  87|0x00000006eb800000, 0x00000006ec000000, 0x00000006ec000000|100%| O|  |TAMS 0x00000006ec000000, 0x00000006eb800000| Updating 
|  88|0x00000006ec000000, 0x00000006ec800000, 0x00000006ec800000|100%| O|  |TAMS 0x00000006ec800000, 0x00000006ec000000| Untracked 
|  89|0x00000006ec800000, 0x00000006ed000000, 0x00000006ed000000|100%| O|  |TAMS 0x00000006ed000000, 0x00000006ec800000| Updating 
|  90|0x00000006ed000000, 0x00000006ed800000, 0x00000006ed800000|100%| O|  |TAMS 0x00000006ed800000, 0x00000006ed000000| Untracked 
|  91|0x00000006ed800000, 0x00000006ee000000, 0x00000006ee000000|100%| O|  |TAMS 0x00000006ee000000, 0x00000006ed800000| Untracked 
|  92|0x00000006ee000000, 0x00000006ee800000, 0x00000006ee800000|100%| O|  |TAMS 0x00000006ee800000, 0x00000006ee000000| Untracked 
|  93|0x00000006ee800000, 0x00000006ef000000, 0x00000006ef000000|100%| O|  |TAMS 0x00000006ef000000, 0x00000006ee800000| Untracked 
|  94|0x00000006ef000000, 0x00000006ef800000, 0x00000006ef800000|100%| O|  |TAMS 0x00000006ef800000, 0x00000006ef000000| Updating 
|  95|0x00000006ef800000, 0x00000006f0000000, 0x00000006f0000000|100%| O|  |TAMS 0x00000006f0000000, 0x00000006ef800000| Untracked 
|  96|0x00000006f0000000, 0x00000006f0800000, 0x00000006f0800000|100%| O|  |TAMS 0x00000006f0800000, 0x00000006f0000000| Untracked 
|  97|0x00000006f0800000, 0x00000006f1000000, 0x00000006f1000000|100%| O|  |TAMS 0x00000006f1000000, 0x00000006f0800000| Updating 
|  98|0x00000006f1000000, 0x00000006f1000000, 0x00000006f1800000|  0%| F|  |TAMS 0x00000006f1000000, 0x00000006f1000000| Untracked 
|  99|0x00000006f1800000, 0x00000006f2000000, 0x00000006f2000000|100%| O|  |TAMS 0x00000006f1e29200, 0x00000006f1800000| Updating 
| 100|0x00000006f2000000, 0x00000006f2800000, 0x00000006f2800000|100%| O|  |TAMS 0x00000006f2800000, 0x00000006f2000000| Updating 
| 101|0x00000006f2800000, 0x00000006f2800000, 0x00000006f3000000|  0%| F|  |TAMS 0x00000006f2800000, 0x00000006f2800000| Untracked 
| 102|0x00000006f3000000, 0x00000006f3000000, 0x00000006f3800000|  0%| F|  |TAMS 0x00000006f3000000, 0x00000006f3000000| Untracked 
| 103|0x00000006f3800000, 0x00000006f4000000, 0x00000006f4000000|100%| O|  |TAMS 0x00000006f4000000, 0x00000006f3800000| Updating 
| 104|0x00000006f4000000, 0x00000006f4000000, 0x00000006f4800000|  0%| F|  |TAMS 0x00000006f4000000, 0x00000006f4000000| Untracked 
| 105|0x00000006f4800000, 0x00000006f4800000, 0x00000006f5000000|  0%| F|  |TAMS 0x00000006f4800000, 0x00000006f4800000| Untracked 
| 106|0x00000006f5000000, 0x00000006f5800000, 0x00000006f5800000|100%| O|  |TAMS 0x00000006f5800000, 0x00000006f5000000| Untracked 
| 107|0x00000006f5800000, 0x00000006f6000000, 0x00000006f6000000|100%| O|  |TAMS 0x00000006f6000000, 0x00000006f5800000| Updating 
| 108|0x00000006f6000000, 0x00000006f6000000, 0x00000006f6800000|  0%| F|  |TAMS 0x00000006f6000000, 0x00000006f6000000| Untracked 
| 109|0x00000006f6800000, 0x00000006f6800000, 0x00000006f7000000|  0%| F|  |TAMS 0x00000006f6800000, 0x00000006f6800000| Untracked 
| 110|0x00000006f7000000, 0x00000006f7000000, 0x00000006f7800000|  0%| F|  |TAMS 0x00000006f7000000, 0x00000006f7000000| Untracked 
| 111|0x00000006f7800000, 0x00000006f7800000, 0x00000006f8000000|  0%| F|  |TAMS 0x00000006f7800000, 0x00000006f7800000| Untracked 
| 112|0x00000006f8000000, 0x00000006f8800000, 0x00000006f8800000|100%| O|  |TAMS 0x00000006f8800000, 0x00000006f8000000| Updating 
| 113|0x00000006f8800000, 0x00000006f9000000, 0x00000006f9000000|100%| O|  |TAMS 0x00000006f9000000, 0x00000006f8800000| Updating 
| 114|0x00000006f9000000, 0x00000006f9800000, 0x00000006f9800000|100%| O|  |TAMS 0x00000006f9800000, 0x00000006f9000000| Updating 
| 115|0x00000006f9800000, 0x00000006f9800000, 0x00000006fa000000|  0%| F|  |TAMS 0x00000006f9800000, 0x00000006f9800000| Untracked 
| 116|0x00000006fa000000, 0x00000006fa800000, 0x00000006fa800000|100%| O|  |TAMS 0x00000006fa800000, 0x00000006fa000000| Updating 
| 117|0x00000006fa800000, 0x00000006fb000000, 0x00000006fb000000|100%| O|  |TAMS 0x00000006fb000000, 0x00000006fa800000| Updating 
| 118|0x00000006fb000000, 0x00000006fb000000, 0x00000006fb800000|  0%| F|  |TAMS 0x00000006fb000000, 0x00000006fb000000| Untracked 
| 119|0x00000006fb800000, 0x00000006fc000000, 0x00000006fc000000|100%| O|  |TAMS 0x00000006fc000000, 0x00000006fb800000| Untracked 
| 120|0x00000006fc000000, 0x00000006fc800000, 0x00000006fc800000|100%| O|  |TAMS 0x00000006fc800000, 0x00000006fc000000| Untracked 
| 121|0x00000006fc800000, 0x00000006fc800000, 0x00000006fd000000|  0%| F|  |TAMS 0x00000006fc800000, 0x00000006fc800000| Untracked 
| 122|0x00000006fd000000, 0x00000006fd000000, 0x00000006fd800000|  0%| F|  |TAMS 0x00000006fd000000, 0x00000006fd000000| Untracked 
| 123|0x00000006fd800000, 0x00000006fd800000, 0x00000006fe000000|  0%| F|  |TAMS 0x00000006fd800000, 0x00000006fd800000| Untracked 
| 124|0x00000006fe000000, 0x00000006fe000000, 0x00000006fe800000|  0%| F|  |TAMS 0x00000006fe000000, 0x00000006fe000000| Untracked 
| 125|0x00000006fe800000, 0x00000006fe800000, 0x00000006ff000000|  0%| F|  |TAMS 0x00000006fe800000, 0x00000006fe800000| Untracked 
| 126|0x00000006ff000000, 0x00000006ff000000, 0x00000006ff800000|  0%| F|  |TAMS 0x00000006ff000000, 0x00000006ff000000| Untracked 
| 127|0x00000006ff800000, 0x0000000700000000, 0x0000000700000000|100%| O|  |TAMS 0x0000000700000000, 0x00000006ff800000| Untracked 
| 128|0x0000000700000000, 0x0000000700800000, 0x0000000700800000|100%| O|  |TAMS 0x0000000700800000, 0x0000000700000000| Untracked 
| 129|0x0000000700800000, 0x0000000701000000, 0x0000000701000000|100%| O|  |TAMS 0x0000000701000000, 0x0000000700800000| Untracked 
| 130|0x0000000701000000, 0x0000000701800000, 0x0000000701800000|100%| O|  |TAMS 0x0000000701800000, 0x0000000701000000| Updating 
| 131|0x0000000701800000, 0x0000000702000000, 0x0000000702000000|100%| O|  |TAMS 0x0000000702000000, 0x0000000701800000| Updating 
| 132|0x0000000702000000, 0x0000000702000000, 0x0000000702800000|  0%| F|  |TAMS 0x0000000702000000, 0x0000000702000000| Untracked 
| 133|0x0000000702800000, 0x0000000703000000, 0x0000000703000000|100%| O|  |TAMS 0x0000000703000000, 0x0000000702800000| Untracked 
| 134|0x0000000703000000, 0x0000000703800000, 0x0000000703800000|100%| O|  |TAMS 0x0000000703800000, 0x0000000703000000| Untracked 
| 135|0x0000000703800000, 0x0000000704000000, 0x0000000704000000|100%| O|  |TAMS 0x0000000704000000, 0x0000000703800000| Untracked 
| 136|0x0000000704000000, 0x0000000704800000, 0x0000000704800000|100%| O|  |TAMS 0x0000000704800000, 0x0000000704000000| Untracked 
| 137|0x0000000704800000, 0x0000000705000000, 0x0000000705000000|100%| O|  |TAMS 0x0000000705000000, 0x0000000704800000| Untracked 
| 138|0x0000000705000000, 0x0000000705000000, 0x0000000705800000|  0%| F|  |TAMS 0x0000000705000000, 0x0000000705000000| Untracked 
| 139|0x0000000705800000, 0x0000000705800000, 0x0000000706000000|  0%| F|  |TAMS 0x0000000705800000, 0x0000000705800000| Untracked 
| 140|0x0000000706000000, 0x0000000706000000, 0x0000000706800000|  0%| F|  |TAMS 0x0000000706000000, 0x0000000706000000| Untracked 
| 141|0x0000000706800000, 0x0000000706800000, 0x0000000707000000|  0%| F|  |TAMS 0x0000000706800000, 0x0000000706800000| Untracked 
| 142|0x0000000707000000, 0x0000000707000000, 0x0000000707800000|  0%| F|  |TAMS 0x0000000707000000, 0x0000000707000000| Untracked 
| 143|0x0000000707800000, 0x0000000707800000, 0x0000000708000000|  0%| F|  |TAMS 0x0000000707800000, 0x0000000707800000| Untracked 
| 144|0x0000000708000000, 0x0000000708000000, 0x0000000708800000|  0%| F|  |TAMS 0x0000000708000000, 0x0000000708000000| Untracked 
| 145|0x0000000708800000, 0x0000000708800000, 0x0000000709000000|  0%| F|  |TAMS 0x0000000708800000, 0x0000000708800000| Untracked 
| 146|0x0000000709000000, 0x0000000709000000, 0x0000000709800000|  0%| F|  |TAMS 0x0000000709000000, 0x0000000709000000| Untracked 
| 147|0x0000000709800000, 0x0000000709800000, 0x000000070a000000|  0%| F|  |TAMS 0x0000000709800000, 0x0000000709800000| Untracked 
| 148|0x000000070a000000, 0x000000070a000000, 0x000000070a800000|  0%| F|  |TAMS 0x000000070a000000, 0x000000070a000000| Untracked 
| 149|0x000000070a800000, 0x000000070a800000, 0x000000070b000000|  0%| F|  |TAMS 0x000000070a800000, 0x000000070a800000| Untracked 
| 150|0x000000070b000000, 0x000000070b000000, 0x000000070b800000|  0%| F|  |TAMS 0x000000070b000000, 0x000000070b000000| Untracked 
| 151|0x000000070b800000, 0x000000070b800000, 0x000000070c000000|  0%| F|  |TAMS 0x000000070b800000, 0x000000070b800000| Untracked 
| 152|0x000000070c000000, 0x000000070c000000, 0x000000070c800000|  0%| F|  |TAMS 0x000000070c000000, 0x000000070c000000| Untracked 
| 153|0x000000070c800000, 0x000000070c800000, 0x000000070d000000|  0%| F|  |TAMS 0x000000070c800000, 0x000000070c800000| Untracked 
| 154|0x000000070d000000, 0x000000070d000000, 0x000000070d800000|  0%| F|  |TAMS 0x000000070d000000, 0x000000070d000000| Untracked 
| 155|0x000000070d800000, 0x000000070d800000, 0x000000070e000000|  0%| F|  |TAMS 0x000000070d800000, 0x000000070d800000| Untracked 
| 156|0x000000070e000000, 0x000000070e000000, 0x000000070e800000|  0%| F|  |TAMS 0x000000070e000000, 0x000000070e000000| Untracked 
| 157|0x000000070e800000, 0x000000070e800000, 0x000000070f000000|  0%| F|  |TAMS 0x000000070e800000, 0x000000070e800000| Untracked 
| 158|0x000000070f000000, 0x000000070f000000, 0x000000070f800000|  0%| F|  |TAMS 0x000000070f000000, 0x000000070f000000| Untracked 
| 159|0x000000070f800000, 0x000000070f800000, 0x0000000710000000|  0%| F|  |TAMS 0x000000070f800000, 0x000000070f800000| Untracked 
| 160|0x0000000710000000, 0x0000000710000000, 0x0000000710800000|  0%| F|  |TAMS 0x0000000710000000, 0x0000000710000000| Untracked 
| 161|0x0000000710800000, 0x0000000710800000, 0x0000000711000000|  0%| F|  |TAMS 0x0000000710800000, 0x0000000710800000| Untracked 
| 162|0x0000000711000000, 0x0000000711000000, 0x0000000711800000|  0%| F|  |TAMS 0x0000000711000000, 0x0000000711000000| Untracked 
| 163|0x0000000711800000, 0x0000000711800000, 0x0000000712000000|  0%| F|  |TAMS 0x0000000711800000, 0x0000000711800000| Untracked 
| 164|0x0000000712000000, 0x0000000712000000, 0x0000000712800000|  0%| F|  |TAMS 0x0000000712000000, 0x0000000712000000| Untracked 
| 165|0x0000000712800000, 0x0000000712800000, 0x0000000713000000|  0%| F|  |TAMS 0x0000000712800000, 0x0000000712800000| Untracked 
| 166|0x0000000713000000, 0x0000000713000000, 0x0000000713800000|  0%| F|  |TAMS 0x0000000713000000, 0x0000000713000000| Untracked 
| 167|0x0000000713800000, 0x0000000713800000, 0x0000000714000000|  0%| F|  |TAMS 0x0000000713800000, 0x0000000713800000| Untracked 
| 168|0x0000000714000000, 0x0000000714000000, 0x0000000714800000|  0%| F|  |TAMS 0x0000000714000000, 0x0000000714000000| Untracked 
| 169|0x0000000714800000, 0x0000000714800000, 0x0000000715000000|  0%| F|  |TAMS 0x0000000714800000, 0x0000000714800000| Untracked 
| 170|0x0000000715000000, 0x0000000715000000, 0x0000000715800000|  0%| F|  |TAMS 0x0000000715000000, 0x0000000715000000| Untracked 
| 171|0x0000000715800000, 0x0000000715800000, 0x0000000716000000|  0%| F|  |TAMS 0x0000000715800000, 0x0000000715800000| Untracked 
| 172|0x0000000716000000, 0x0000000716000000, 0x0000000716800000|  0%| F|  |TAMS 0x0000000716000000, 0x0000000716000000| Untracked 
| 173|0x0000000716800000, 0x0000000716f37358, 0x0000000717000000| 90%| S|CS|TAMS 0x0000000716800000, 0x0000000716800000| Complete 
| 174|0x0000000717000000, 0x0000000717800000, 0x0000000717800000|100%| S|CS|TAMS 0x0000000717000000, 0x0000000717000000| Complete 
| 175|0x0000000717800000, 0x0000000717800000, 0x0000000718000000|  0%| F|  |TAMS 0x0000000717800000, 0x0000000717800000| Untracked 
| 176|0x0000000718000000, 0x0000000718000000, 0x0000000718800000|  0%| F|  |TAMS 0x0000000718000000, 0x0000000718000000| Untracked 
| 177|0x0000000718800000, 0x0000000718800000, 0x0000000719000000|  0%| F|  |TAMS 0x0000000718800000, 0x0000000718800000| Untracked 
| 178|0x0000000719000000, 0x0000000719800000, 0x0000000719800000|100%| S|CS|TAMS 0x0000000719000000, 0x0000000719000000| Complete 
| 179|0x0000000719800000, 0x0000000719800000, 0x000000071a000000|  0%| F|  |TAMS 0x0000000719800000, 0x0000000719800000| Untracked 
| 180|0x000000071a000000, 0x000000071a000000, 0x000000071a800000|  0%| F|  |TAMS 0x000000071a000000, 0x000000071a000000| Untracked 
| 181|0x000000071a800000, 0x000000071a800000, 0x000000071b000000|  0%| F|  |TAMS 0x000000071a800000, 0x000000071a800000| Untracked 
| 182|0x000000071b000000, 0x000000071b000000, 0x000000071b800000|  0%| F|  |TAMS 0x000000071b000000, 0x000000071b000000| Untracked 
| 183|0x000000071b800000, 0x000000071b800000, 0x000000071c000000|  0%| F|  |TAMS 0x000000071b800000, 0x000000071b800000| Untracked 
| 184|0x000000071c000000, 0x000000071c000000, 0x000000071c800000|  0%| F|  |TAMS 0x000000071c000000, 0x000000071c000000| Untracked 
| 185|0x000000071c800000, 0x000000071c800000, 0x000000071d000000|  0%| F|  |TAMS 0x000000071c800000, 0x000000071c800000| Untracked 
| 186|0x000000071d000000, 0x000000071d000000, 0x000000071d800000|  0%| F|  |TAMS 0x000000071d000000, 0x000000071d000000| Untracked 
| 187|0x000000071d800000, 0x000000071d800000, 0x000000071e000000|  0%| F|  |TAMS 0x000000071d800000, 0x000000071d800000| Untracked 
| 188|0x000000071e000000, 0x000000071e000000, 0x000000071e800000|  0%| F|  |TAMS 0x000000071e000000, 0x000000071e000000| Untracked 
| 189|0x000000071e800000, 0x000000071e800000, 0x000000071f000000|  0%| F|  |TAMS 0x000000071e800000, 0x000000071e800000| Untracked 
| 190|0x000000071f000000, 0x000000071f000000, 0x000000071f800000|  0%| F|  |TAMS 0x000000071f000000, 0x000000071f000000| Untracked 
| 191|0x000000071f800000, 0x000000071f800000, 0x0000000720000000|  0%| F|  |TAMS 0x000000071f800000, 0x000000071f800000| Untracked 
| 192|0x0000000720000000, 0x0000000720000000, 0x0000000720800000|  0%| F|  |TAMS 0x0000000720000000, 0x0000000720000000| Untracked 
| 193|0x0000000720800000, 0x0000000720800000, 0x0000000721000000|  0%| F|  |TAMS 0x0000000720800000, 0x0000000720800000| Untracked 
| 194|0x0000000721000000, 0x0000000721000000, 0x0000000721800000|  0%| F|  |TAMS 0x0000000721000000, 0x0000000721000000| Untracked 
| 195|0x0000000721800000, 0x0000000721800000, 0x0000000722000000|  0%| F|  |TAMS 0x0000000721800000, 0x0000000721800000| Untracked 
| 196|0x0000000722000000, 0x0000000722000000, 0x0000000722800000|  0%| F|  |TAMS 0x0000000722000000, 0x0000000722000000| Untracked 
| 197|0x0000000722800000, 0x0000000722800000, 0x0000000723000000|  0%| F|  |TAMS 0x0000000722800000, 0x0000000722800000| Untracked 
| 198|0x0000000723000000, 0x0000000723000000, 0x0000000723800000|  0%| F|  |TAMS 0x0000000723000000, 0x0000000723000000| Untracked 
| 199|0x0000000723800000, 0x0000000723800000, 0x0000000724000000|  0%| F|  |TAMS 0x0000000723800000, 0x0000000723800000| Untracked 
| 200|0x0000000724000000, 0x0000000724000000, 0x0000000724800000|  0%| F|  |TAMS 0x0000000724000000, 0x0000000724000000| Untracked 
| 201|0x0000000724800000, 0x0000000724fc1378, 0x0000000725000000| 96%| E|  |TAMS 0x0000000724800000, 0x0000000724800000| Complete 
| 202|0x0000000725000000, 0x0000000725800000, 0x0000000725800000|100%| E|CS|TAMS 0x0000000725000000, 0x0000000725000000| Complete 
| 203|0x0000000725800000, 0x0000000726000000, 0x0000000726000000|100%| E|CS|TAMS 0x0000000725800000, 0x0000000725800000| Complete 
| 204|0x0000000726000000, 0x0000000726800000, 0x0000000726800000|100%| E|CS|TAMS 0x0000000726000000, 0x0000000726000000| Complete 
| 205|0x0000000726800000, 0x0000000727000000, 0x0000000727000000|100%| E|CS|TAMS 0x0000000726800000, 0x0000000726800000| Complete 
| 206|0x0000000727000000, 0x0000000727800000, 0x0000000727800000|100%| E|CS|TAMS 0x0000000727000000, 0x0000000727000000| Complete 
| 207|0x0000000727800000, 0x0000000728000000, 0x0000000728000000|100%| E|CS|TAMS 0x0000000727800000, 0x0000000727800000| Complete 
| 208|0x0000000728000000, 0x0000000728800000, 0x0000000728800000|100%| E|CS|TAMS 0x0000000728000000, 0x0000000728000000| Complete 
| 209|0x0000000728800000, 0x0000000729000000, 0x0000000729000000|100%| E|CS|TAMS 0x0000000728800000, 0x0000000728800000| Complete 
| 210|0x0000000729000000, 0x0000000729800000, 0x0000000729800000|100%| E|CS|TAMS 0x0000000729000000, 0x0000000729000000| Complete 
| 211|0x0000000729800000, 0x000000072a000000, 0x000000072a000000|100%| E|CS|TAMS 0x0000000729800000, 0x0000000729800000| Complete 
| 212|0x000000072a000000, 0x000000072a800000, 0x000000072a800000|100%| E|CS|TAMS 0x000000072a000000, 0x000000072a000000| Complete 
| 213|0x000000072a800000, 0x000000072b000000, 0x000000072b000000|100%| E|CS|TAMS 0x000000072a800000, 0x000000072a800000| Complete 
| 214|0x000000072b000000, 0x000000072b800000, 0x000000072b800000|100%| E|CS|TAMS 0x000000072b000000, 0x000000072b000000| Complete 
| 215|0x000000072b800000, 0x000000072c000000, 0x000000072c000000|100%| E|CS|TAMS 0x000000072b800000, 0x000000072b800000| Complete 
| 216|0x000000072c000000, 0x000000072c800000, 0x000000072c800000|100%| E|CS|TAMS 0x000000072c000000, 0x000000072c000000| Complete 
| 217|0x000000072c800000, 0x000000072d000000, 0x000000072d000000|100%| E|CS|TAMS 0x000000072c800000, 0x000000072c800000| Complete 
| 218|0x000000072d000000, 0x000000072d800000, 0x000000072d800000|100%| E|CS|TAMS 0x000000072d000000, 0x000000072d000000| Complete 
| 219|0x000000072d800000, 0x000000072e000000, 0x000000072e000000|100%| E|CS|TAMS 0x000000072d800000, 0x000000072d800000| Complete 
| 220|0x000000072e000000, 0x000000072e800000, 0x000000072e800000|100%| E|CS|TAMS 0x000000072e000000, 0x000000072e000000| Complete 
| 221|0x000000072e800000, 0x000000072f000000, 0x000000072f000000|100%| E|CS|TAMS 0x000000072e800000, 0x000000072e800000| Complete 
| 222|0x000000072f000000, 0x000000072f800000, 0x000000072f800000|100%| E|CS|TAMS 0x000000072f000000, 0x000000072f000000| Complete 
| 223|0x000000072f800000, 0x0000000730000000, 0x0000000730000000|100%| E|CS|TAMS 0x000000072f800000, 0x000000072f800000| Complete 
| 224|0x0000000730000000, 0x0000000730800000, 0x0000000730800000|100%| E|CS|TAMS 0x0000000730000000, 0x0000000730000000| Complete 
| 225|0x0000000730800000, 0x0000000731000000, 0x0000000731000000|100%| E|CS|TAMS 0x0000000730800000, 0x0000000730800000| Complete 
| 226|0x0000000731000000, 0x0000000731800000, 0x0000000731800000|100%| E|CS|TAMS 0x0000000731000000, 0x0000000731000000| Complete 
| 227|0x0000000731800000, 0x0000000732000000, 0x0000000732000000|100%| E|CS|TAMS 0x0000000731800000, 0x0000000731800000| Complete 
| 228|0x0000000732000000, 0x0000000732800000, 0x0000000732800000|100%| E|CS|TAMS 0x0000000732000000, 0x0000000732000000| Complete 
| 229|0x0000000732800000, 0x0000000733000000, 0x0000000733000000|100%| E|CS|TAMS 0x0000000732800000, 0x0000000732800000| Complete 
| 230|0x0000000733000000, 0x0000000733800000, 0x0000000733800000|100%| E|CS|TAMS 0x0000000733000000, 0x0000000733000000| Complete 
| 231|0x0000000733800000, 0x0000000734000000, 0x0000000734000000|100%| E|CS|TAMS 0x0000000733800000, 0x0000000733800000| Complete 
| 232|0x0000000734000000, 0x0000000734800000, 0x0000000734800000|100%| E|CS|TAMS 0x0000000734000000, 0x0000000734000000| Complete 
| 621|0x00000007f6800000, 0x00000007f7000000, 0x00000007f7000000|100%| E|CS|TAMS 0x00000007f6800000, 0x00000007f6800000| Complete 
| 622|0x00000007f7000000, 0x00000007f7800000, 0x00000007f7800000|100%| E|CS|TAMS 0x00000007f7000000, 0x00000007f7000000| Complete 
| 623|0x00000007f7800000, 0x00000007f8000000, 0x00000007f8000000|100%| O|  |TAMS 0x00000007f8000000, 0x00000007f7800000| Untracked 
| 624|0x00000007f8000000, 0x00000007f8800000, 0x00000007f8800000|100%| E|CS|TAMS 0x00000007f8000000, 0x00000007f8000000| Complete 
| 625|0x00000007f8800000, 0x00000007f9000000, 0x00000007f9000000|100%| E|CS|TAMS 0x00000007f8800000, 0x00000007f8800000| Complete 
| 626|0x00000007f9000000, 0x00000007f9800000, 0x00000007f9800000|100%| E|CS|TAMS 0x00000007f9000000, 0x00000007f9000000| Complete 
| 627|0x00000007f9800000, 0x00000007fa000000, 0x00000007fa000000|100%| E|CS|TAMS 0x00000007f9800000, 0x00000007f9800000| Complete 
| 628|0x00000007fa000000, 0x00000007fa800000, 0x00000007fa800000|100%| E|CS|TAMS 0x00000007fa000000, 0x00000007fa000000| Complete 
| 629|0x00000007fa800000, 0x00000007fb000000, 0x00000007fb000000|100%| E|CS|TAMS 0x00000007fa800000, 0x00000007fa800000| Complete 
| 630|0x00000007fb000000, 0x00000007fb800000, 0x00000007fb800000|100%| E|CS|TAMS 0x00000007fb000000, 0x00000007fb000000| Complete 
| 631|0x00000007fb800000, 0x00000007fc000000, 0x00000007fc000000|100%| E|CS|TAMS 0x00000007fb800000, 0x00000007fb800000| Complete 
| 632|0x00000007fc000000, 0x00000007fc800000, 0x00000007fc800000|100%| E|CS|TAMS 0x00000007fc000000, 0x00000007fc000000| Complete 
| 633|0x00000007fc800000, 0x00000007fd000000, 0x00000007fd000000|100%| E|CS|TAMS 0x00000007fc800000, 0x00000007fc800000| Complete 
| 634|0x00000007fd000000, 0x00000007fd800000, 0x00000007fd800000|100%| E|CS|TAMS 0x00000007fd000000, 0x00000007fd000000| Complete 
| 635|0x00000007fd800000, 0x00000007fe000000, 0x00000007fe000000|100%| E|  |TAMS 0x00000007fd800000, 0x00000007fd800000| Complete 
| 636|0x00000007fe000000, 0x00000007fe800000, 0x00000007fe800000|100%| E|CS|TAMS 0x00000007fe000000, 0x00000007fe000000| Complete 
| 637|0x00000007fe800000, 0x00000007ff000000, 0x00000007ff000000|100%| E|CS|TAMS 0x00000007fe800000, 0x00000007fe800000| Complete 
| 638|0x00000007ff000000, 0x00000007ff800000, 0x00000007ff800000|100%| E|CS|TAMS 0x00000007ff000000, 0x00000007ff000000| Complete 
| 639|0x00000007ff800000, 0x0000000800000000, 0x0000000800000000|100%| E|CS|TAMS 0x00000007ff800000, 0x00000007ff800000| Complete 

Card table byte_map: [0x0000021533a10000,0x0000021534410000] _byte_map_base: 0x0000021530410000

Marking Bits (Prev, Next): (CMBitMap*) 0x000002151c7f0f90, (CMBitMap*) 0x000002151c7f0f50
 Prev Bits: [0x0000021539e10000, 0x000002153ee10000)
 Next Bits: [0x0000021534e10000, 0x0000021539e10000)

Polling page: 0x000002151bf70000

Metaspace:

Usage:
  Non-class:    142.02 MB used.
      Class:     23.45 MB used.
       Both:    165.47 MB used.

Virtual space:
  Non-class space:      144.00 MB reserved,     143.12 MB (>99%) committed,  18 nodes.
      Class space:        1.00 GB reserved,      24.25 MB (  2%) committed,  1 nodes.
             Both:        1.14 GB reserved,     167.38 MB ( 14%) committed. 

Chunk freelists:
   Non-Class:  608.00 KB
       Class:  3.58 MB
        Both:  4.17 MB

MaxMetaspaceSize: unlimited
CompressedClassSpaceSize: 1.00 GB
Initial GC threshold: 21.00 MB
Current GC threshold: 276.50 MB
CDS: on
MetaspaceReclaimPolicy: balanced
 - commit_granule_bytes: 65536.
 - commit_granule_words: 8192.
 - virtual_space_node_default_size: 1048576.
 - enlarge_chunks_in_place: 1.
 - new_chunks_are_fully_committed: 0.
 - uncommit_free_chunks: 1.
 - use_allocation_guard: 0.
 - handle_deallocations: 1.


Internal statistics:

num_allocs_failed_limit: 18.
num_arena_births: 2214.
num_arena_deaths: 0.
num_vsnodes_births: 19.
num_vsnodes_deaths: 0.
num_space_committed: 2674.
num_space_uncommitted: 0.
num_chunks_returned_to_freelist: 18.
num_chunks_taken_from_freelist: 9011.
num_chunk_merges: 18.
num_chunk_splits: 5977.
num_chunks_enlarged: 4091.
num_purges: 0.
num_inconsistent_stats: 0.

CodeHeap 'non-profiled nmethods': size=120000Kb used=28117Kb max_used=28117Kb free=91882Kb
 bounds [0x000002152bae0000, 0x000002152d660000, 0x0000021533010000]
CodeHeap 'profiled nmethods': size=120000Kb used=39684Kb max_used=39729Kb free=80316Kb
 bounds [0x00000215245b0000, 0x0000021526cc0000, 0x000002152bae0000]
CodeHeap 'non-nmethods': size=5760Kb used=2015Kb max_used=2139Kb free=3744Kb
 bounds [0x0000021524010000, 0x0000021524280000, 0x00000215245b0000]
 total_blobs=24528 nmethods=22998 adapters=1438
 compilation: enabled
              stopped_count=0, restarted_count=0
 full_count=0

Compilation events (20 events):
Event: 384.024 Thread 0x00000215413212f0 nmethod 33082 0x0000021526243110 code [0x0000021526243680, 0x0000021526246b68]
Event: 384.037 Thread 0x00000215413212f0 33083       3       net.minecraft.world.entity.EntityLiving::h (1303 bytes)
Event: 384.042 Thread 0x0000021549b64400 nmethod 33060 0x000002152d637a90 code [0x000002152d637d40, 0x000002152d638e70]
Event: 384.042 Thread 0x0000021549b64400 33078       4       net.minecraft.server.level.LightEngineThreaded$$Lambda$7922/0x0000000802356ab0::<init> (33 bytes)
Event: 384.043 Thread 0x00000215413212f0 nmethod 33083 0x000002152668d990 code [0x000002152668e760, 0x0000021526697928]
Event: 384.043 Thread 0x0000021549b64400 nmethod 33078 0x000002152d63a110 code [0x000002152d63a280, 0x000002152d63a4d8]
Event: 384.043 Thread 0x0000021549b64400 33077       4       net.minecraft.server.level.LightEngineThreaded::a (35 bytes)
Event: 384.180 Thread 0x00000215413212f0 33085       3       io.netty.buffer.PoolSubpage::removeFromPool (61 bytes)
Event: 384.181 Thread 0x00000215413212f0 nmethod 33085 0x0000021524c39510 code [0x0000021524c396c0, 0x0000021524c39938]
Event: 384.187 Thread 0x00000215413212f0 33086       3       ca.spottedleaf.starlight.common.light.SkyStarLightEngine::canUseChunk (33 bytes)
Event: 384.188 Thread 0x00000215413212f0 nmethod 33086 0x0000021524aff590 code [0x0000021524aff760, 0x0000021524affbd8]
Event: 384.252 Thread 0x0000021549b64400 nmethod 33077 0x000002152d63a590 code [0x000002152d63aae0, 0x000002152d640bc0]
Event: 384.252 Thread 0x0000021549b64400 33084       4       net.minecraft.world.level.material.FluidTypeFlowing::a (281 bytes)
Event: 384.317 Thread 0x00000215413212f0 33087       3       net.minecraft.world.level.chunk.ProtoChunk::k (48 bytes)
Event: 384.317 Thread 0x00000215413212f0 nmethod 33087 0x00000215255dde10 code [0x00000215255ddfa0, 0x00000215255de0f8]
Event: 384.326 Thread 0x000002154131c230 nmethod 33059 0x000002152d645210 code [0x000002152d6458a0, 0x000002152d64da10]
Event: 384.327 Thread 0x000002154131c230 33058       4       net.minecraft.world.entity.monster.EntityStrider::a (8 bytes)
Event: 384.327 Thread 0x000002154131c230 nmethod 33058 0x000002152c51f590 code [0x000002152c51f720, 0x000002152c51f7e8]
Event: 384.331 Thread 0x0000021549b64400 nmethod 33084 0x000002152d653190 code [0x000002152d6535e0, 0x000002152d656850]
Event: 384.340 Thread 0x000002154131c230 33088       4       net.minecraft.nbt.NBTTagShort::a (11 bytes)

GC Heap History (20 events):
Event: 117.261 GC heap before
{Heap before GC invocations=38 (full 0):
 garbage-first heap   total 1941504K, used 1581028K [0x00000006c0000000, 0x0000000800000000)
  region size 8192K, 71 young (581632K), 3 survivors (24576K)
 Metaspace       used 162678K, committed 164544K, reserved 1196032K
  class space    used 23332K, committed 24128K, reserved 1048576K
}
Event: 117.302 GC heap after
{Heap after GC invocations=39 (full 0):
 garbage-first heap   total 1941504K, used 1036288K [0x00000006c0000000, 0x0000000800000000)
  region size 8192K, 3 young (24576K), 3 survivors (24576K)
 Metaspace       used 162678K, committed 164544K, reserved 1196032K
  class space    used 23332K, committed 24128K, reserved 1048576K
}
Event: 183.755 GC heap before
{Heap before GC invocations=39 (full 0):
 garbage-first heap   total 1941504K, used 1593344K [0x00000006c0000000, 0x0000000800000000)
  region size 8192K, 71 young (581632K), 3 survivors (24576K)
 Metaspace       used 165378K, committed 167232K, reserved 1196032K
  class space    used 23557K, committed 24384K, reserved 1048576K
}
Event: 183.802 GC heap after
{Heap after GC invocations=40 (full 0):
 garbage-first heap   total 1941504K, used 1064960K [0x00000006c0000000, 0x0000000800000000)
  region size 8192K, 3 young (24576K), 3 survivors (24576K)
 Metaspace       used 165378K, committed 167232K, reserved 1196032K
  class space    used 23557K, committed 24384K, reserved 1048576K
}
Event: 200.482 GC heap before
{Heap before GC invocations=40 (full 0):
 garbage-first heap   total 1941504K, used 1613824K [0x00000006c0000000, 0x0000000800000000)
  region size 8192K, 71 young (581632K), 3 survivors (24576K)
 Metaspace       used 166985K, committed 168832K, reserved 1196032K
  class space    used 23762K, committed 24576K, reserved 1048576K
}
Event: 200.570 GC heap after
{Heap after GC invocations=41 (full 0):
 garbage-first heap   total 1941504K, used 1140549K [0x00000006c0000000, 0x0000000800000000)
  region size 8192K, 3 young (24576K), 3 survivors (24576K)
 Metaspace       used 166985K, committed 168832K, reserved 1196032K
  class space    used 23762K, committed 24576K, reserved 1048576K
}
Event: 263.816 GC heap before
{Heap before GC invocations=42 (full 0):
 garbage-first heap   total 2064384K, used 1722181K [0x00000006c0000000, 0x0000000800000000)
  region size 8192K, 75 young (614400K), 3 survivors (24576K)
 Metaspace       used 167475K, committed 169344K, reserved 1196032K
  class space    used 23797K, committed 24640K, reserved 1048576K
}
Event: 263.841 GC heap after
{Heap after GC invocations=43 (full 0):
 garbage-first heap   total 2064384K, used 1156822K [0x00000006c0000000, 0x0000000800000000)
  region size 8192K, 3 young (24576K), 3 survivors (24576K)
 Metaspace       used 167475K, committed 169344K, reserved 1196032K
  class space    used 23797K, committed 24640K, reserved 1048576K
}
Event: 286.971 GC heap before
{Heap before GC invocations=43 (full 0):
 garbage-first heap   total 2064384K, used 1754838K [0x00000006c0000000, 0x0000000800000000)
  region size 8192K, 75 young (614400K), 3 survivors (24576K)
 Metaspace       used 167728K, committed 169600K, reserved 1196032K
  class space    used 23828K, committed 24640K, reserved 1048576K
}
Event: 287.067 GC heap after
{Heap after GC invocations=44 (full 0):
 garbage-first heap   total 2064384K, used 1093296K [0x00000006c0000000, 0x0000000800000000)
  region size 8192K, 3 young (24576K), 3 survivors (24576K)
 Metaspace       used 167728K, committed 169600K, reserved 1196032K
  class space    used 23828K, committed 24640K, reserved 1048576K
}
Event: 308.195 GC heap before
{Heap before GC invocations=44 (full 0):
 garbage-first heap   total 2064384K, used 1691312K [0x00000006c0000000, 0x0000000800000000)
  region size 8192K, 75 young (614400K), 3 survivors (24576K)
 Metaspace       used 167828K, committed 169664K, reserved 1196032K
  class space    used 23838K, committed 24640K, reserved 1048576K
}
Event: 308.256 GC heap after
{Heap after GC invocations=45 (full 0):
 garbage-first heap   total 2064384K, used 1077248K [0x00000006c0000000, 0x0000000800000000)
  region size 8192K, 3 young (24576K), 3 survivors (24576K)
 Metaspace       used 167828K, committed 169664K, reserved 1196032K
  class space    used 23838K, committed 24640K, reserved 1048576K
}
Event: 323.411 GC heap before
{Heap before GC invocations=45 (full 0):
 garbage-first heap   total 2064384K, used 1658880K [0x00000006c0000000, 0x0000000800000000)
  region size 8192K, 75 young (614400K), 3 survivors (24576K)
 Metaspace       used 167945K, committed 169792K, reserved 1196032K
  class space    used 23847K, committed 24640K, reserved 1048576K
}
Event: 323.436 GC heap after
{Heap after GC invocations=46 (full 0):
 garbage-first heap   total 2064384K, used 1073152K [0x00000006c0000000, 0x0000000800000000)
  region size 8192K, 2 young (16384K), 2 survivors (16384K)
 Metaspace       used 167945K, committed 169792K, reserved 1196032K
  class space    used 23847K, committed 24640K, reserved 1048576K
}
Event: 339.653 GC heap before
{Heap before GC invocations=47 (full 0):
 garbage-first heap   total 2064384K, used 1589248K [0x00000006c0000000, 0x0000000800000000)
  region size 8192K, 75 young (614400K), 2 survivors (16384K)
 Metaspace       used 168922K, committed 170816K, reserved 1196032K
  class space    used 24000K, committed 24832K, reserved 1048576K
}
Event: 339.673 GC heap after
{Heap after GC invocations=48 (full 0):
 garbage-first heap   total 2064384K, used 1021814K [0x00000006c0000000, 0x0000000800000000)
  region size 8192K, 3 young (24576K), 3 survivors (24576K)
 Metaspace       used 168922K, committed 170816K, reserved 1196032K
  class space    used 24000K, committed 24832K, reserved 1048576K
}
Event: 346.713 GC heap before
{Heap before GC invocations=48 (full 0):
 garbage-first heap   total 2064384K, used 1619830K [0x00000006c0000000, 0x0000000800000000)
  region size 8192K, 75 young (614400K), 3 survivors (24576K)
 Metaspace       used 168936K, committed 170816K, reserved 1196032K
  class space    used 24000K, committed 24832K, reserved 1048576K
}
Event: 346.758 GC heap after
{Heap after GC invocations=49 (full 0):
 garbage-first heap   total 2064384K, used 989348K [0x00000006c0000000, 0x0000000800000000)
  region size 8192K, 3 young (24576K), 3 survivors (24576K)
 Metaspace       used 168936K, committed 170816K, reserved 1196032K
  class space    used 24000K, committed 24832K, reserved 1048576K
}
Event: 383.293 GC heap before
{Heap before GC invocations=49 (full 0):
 garbage-first heap   total 2064384K, used 1579172K [0x00000006c0000000, 0x0000000800000000)
  region size 8192K, 75 young (614400K), 3 survivors (24576K)
 Metaspace       used 169360K, committed 171264K, reserved 1196032K
  class space    used 24010K, committed 24832K, reserved 1048576K
}
Event: 383.310 GC heap after
{Heap after GC invocations=50 (full 0):
 garbage-first heap   total 2064384K, used 1015004K [0x00000006c0000000, 0x0000000800000000)
  region size 8192K, 3 young (24576K), 3 survivors (24576K)
 Metaspace       used 169360K, committed 171264K, reserved 1196032K
  class space    used 24010K, committed 24832K, reserved 1048576K
}

Deoptimization events (20 events):
Event: 383.994 Thread 0x000002154470a840 Uncommon trap: trap_request=0xffffffc6 fr.pc=0x000002152d5ef46c relative=0x0000000000002dcc
Event: 383.994 Thread 0x000002154470a840 Uncommon trap: reason=bimorphic_or_optimized_type_check action=maybe_recompile pc=0x000002152d5ef46c method=net.minecraft.world.entity.EntityLiving.h(Lnet/minecraft/world/phys/Vec3D;)V @ 90 c2
Event: 383.994 Thread 0x000002154470a840 DEOPT PACKING pc=0x000002152d5ef46c sp=0x0000007ec27fe680
Event: 383.994 Thread 0x000002154470a840 DEOPT UNPACKING pc=0x00000215240623a3 sp=0x0000007ec27fe5c8 mode 2
Event: 383.997 Thread 0x000002154470a840 Uncommon trap: trap_request=0xffffffc6 fr.pc=0x000002152d5ef46c relative=0x0000000000002dcc
Event: 383.997 Thread 0x000002154470a840 Uncommon trap: reason=bimorphic_or_optimized_type_check action=maybe_recompile pc=0x000002152d5ef46c method=net.minecraft.world.entity.EntityLiving.h(Lnet/minecraft/world/phys/Vec3D;)V @ 90 c2
Event: 383.997 Thread 0x000002154470a840 DEOPT PACKING pc=0x000002152d5ef46c sp=0x0000007ec27fe680
Event: 383.997 Thread 0x000002154470a840 DEOPT UNPACKING pc=0x00000215240623a3 sp=0x0000007ec27fe5c8 mode 2
Event: 384.026 Thread 0x000002154470a840 Uncommon trap: trap_request=0xffffffc6 fr.pc=0x000002152d5ef46c relative=0x0000000000002dcc
Event: 384.026 Thread 0x000002154470a840 Uncommon trap: reason=bimorphic_or_optimized_type_check action=maybe_recompile pc=0x000002152d5ef46c method=net.minecraft.world.entity.EntityLiving.h(Lnet/minecraft/world/phys/Vec3D;)V @ 90 c2
Event: 384.026 Thread 0x000002154470a840 DEOPT PACKING pc=0x000002152d5ef46c sp=0x0000007ec27fe680
Event: 384.026 Thread 0x000002154470a840 DEOPT UNPACKING pc=0x00000215240623a3 sp=0x0000007ec27fe5c8 mode 2
Event: 384.143 Thread 0x0000021545552d40 DEOPT PACKING pc=0x0000021525324f87 sp=0x0000007ec17feab0
Event: 384.143 Thread 0x0000021545552d40 DEOPT UNPACKING pc=0x0000021524062b43 sp=0x0000007ec17fdfa8 mode 0
Event: 384.183 Thread 0x000002154470a840 Uncommon trap: trap_request=0xffffff66 fr.pc=0x000002152d536d70 relative=0x00000000000050d0
Event: 384.183 Thread 0x000002154470a840 Uncommon trap: reason=speculate_class_check action=maybe_recompile pc=0x000002152d536d70 method=net.minecraft.world.entity.Entity.a(Lnet/minecraft/world/entity/EnumMoveType;Lnet/minecraft/world/phys/Vec3D;)V @ 1214 c2
Event: 384.183 Thread 0x000002154470a840 DEOPT PACKING pc=0x000002152d536d70 sp=0x0000007ec27fe8d0
Event: 384.183 Thread 0x000002154470a840 DEOPT UNPACKING pc=0x00000215240623a3 sp=0x0000007ec27fe810 mode 2
Event: 384.194 Thread 0x0000021545552d40 DEOPT PACKING pc=0x0000021526918df6 sp=0x0000007ec17feac0
Event: 384.194 Thread 0x0000021545552d40 DEOPT UNPACKING pc=0x0000021524062b43 sp=0x0000007ec17fe010 mode 0

Classes unloaded (0 events):
No events

Classes redefined (0 events):
No events

Internal exceptions (20 events):
Event: 380.856 Thread 0x000002154470a840 Exception <a 'java/lang/NullPointerException'{0x000000071e001078}> (0x000000071e001078) 
thrown [t:\workspace\open\src\hotspot\share\runtime\sharedRuntime.cpp, line 628]
Event: 380.856 Thread 0x000002154470a840 Implicit null exception at 0x000002152602048c to 0x0000021526021420
Event: 380.856 Thread 0x000002154470a840 Exception <a 'java/lang/NullPointerException'{0x000000071e001378}> (0x000000071e001378) 
thrown [t:\workspace\open\src\hotspot\share\runtime\sharedRuntime.cpp, line 628]
Event: 380.856 Thread 0x000002154470a840 Implicit null exception at 0x000002152602048c to 0x0000021526021420
Event: 380.856 Thread 0x000002154470a840 Exception <a 'java/lang/NullPointerException'{0x000000071e001678}> (0x000000071e001678) 
thrown [t:\workspace\open\src\hotspot\share\runtime\sharedRuntime.cpp, line 628]
Event: 380.856 Thread 0x000002154470a840 Implicit null exception at 0x000002152602048c to 0x0000021526021420
Event: 380.856 Thread 0x000002154470a840 Exception <a 'java/lang/NullPointerException'{0x000000071e001978}> (0x000000071e001978) 
thrown [t:\workspace\open\src\hotspot\share\runtime\sharedRuntime.cpp, line 628]
Event: 380.856 Thread 0x000002154470a840 Implicit null exception at 0x000002152602048c to 0x0000021526021420
Event: 380.856 Thread 0x000002154470a840 Exception <a 'java/lang/NullPointerException'{0x000000071e001c78}> (0x000000071e001c78) 
thrown [t:\workspace\open\src\hotspot\share\runtime\sharedRuntime.cpp, line 628]
Event: 380.856 Thread 0x000002154470a840 Implicit null exception at 0x000002152602048c to 0x0000021526021420
Event: 380.856 Thread 0x000002154470a840 Exception <a 'java/lang/NullPointerException'{0x000000071e001f78}> (0x000000071e001f78) 
thrown [t:\workspace\open\src\hotspot\share\runtime\sharedRuntime.cpp, line 628]
Event: 380.856 Thread 0x000002154470a840 Implicit null exception at 0x000002152602048c to 0x0000021526021420
Event: 380.856 Thread 0x000002154470a840 Exception <a 'java/lang/NullPointerException'{0x000000071e002278}> (0x000000071e002278) 
thrown [t:\workspace\open\src\hotspot\share\runtime\sharedRuntime.cpp, line 628]
Event: 381.416 Thread 0x0000021544278960 Exception <a 'sun/nio/fs/WindowsException'{0x000000071e4fcbd8}> (0x000000071e4fcbd8) 
thrown [t:\workspace\open\src\hotspot\share\prims\jni.cpp, line 516]
Event: 381.416 Thread 0x0000021544278960 Exception <a 'sun/nio/fs/WindowsException'{0x000000071e501ae0}> (0x000000071e501ae0) 
thrown [t:\workspace\open\src\hotspot\share\prims\jni.cpp, line 516]
Event: 381.417 Thread 0x0000021553f0a110 Exception <a 'sun/nio/fs/WindowsException'{0x000000071f78af68}> (0x000000071f78af68) 
thrown [t:\workspace\open\src\hotspot\share\prims\jni.cpp, line 516]
Event: 381.417 Thread 0x0000021544278960 Exception <a 'sun/nio/fs/WindowsException'{0x000000071e506758}> (0x000000071e506758) 
thrown [t:\workspace\open\src\hotspot\share\prims\jni.cpp, line 516]
Event: 381.417 Thread 0x0000021553f0a110 Exception <a 'sun/nio/fs/WindowsException'{0x000000071f78fa68}> (0x000000071f78fa68) 
thrown [t:\workspace\open\src\hotspot\share\prims\jni.cpp, line 516]
Event: 381.417 Thread 0x0000021544278960 Exception <a 'sun/nio/fs/WindowsException'{0x000000071e50b3d8}> (0x000000071e50b3d8) 
thrown [t:\workspace\open\src\hotspot\share\prims\jni.cpp, line 516]
Event: 384.121 Thread 0x0000021553f0a110 Exception <a 'sun/nio/fs/WindowsException'{0x000000072480d178}> (0x000000072480d178) 
thrown [t:\workspace\open\src\hotspot\share\prims\jni.cpp, line 516]

VM Operations (20 events):
Event: 375.310 Executing VM operation: Cleanup done
Event: 376.312 Executing VM operation: Cleanup
Event: 376.369 Executing VM operation: Cleanup done
Event: 377.369 Executing VM operation: Cleanup
Event: 377.369 Executing VM operation: Cleanup done
Event: 378.369 Executing VM operation: Cleanup
Event: 378.370 Executing VM operation: Cleanup done
Event: 379.370 Executing VM operation: Cleanup
Event: 379.370 Executing VM operation: Cleanup done
Event: 380.371 Executing VM operation: Cleanup
Event: 380.371 Executing VM operation: Cleanup done
Event: 381.371 Executing VM operation: Cleanup
Event: 381.371 Executing VM operation: Cleanup done
Event: 382.372 Executing VM operation: Cleanup
Event: 382.372 Executing VM operation: Cleanup done
Event: 383.293 Executing VM operation: G1CollectForAllocation
Event: 383.310 Executing VM operation: G1CollectForAllocation done
Event: 384.043 Executing VM operation: HandshakeAllThreads
Event: 384.055 Executing VM operation: HandshakeAllThreads done
Event: 384.341 Executing VM operation: G1Concurrent

Events (20 events):
Event: 373.046 Thread 0x0000021553f0b920 Thread exited: 0x0000021553f0b920
Event: 373.151 Thread 0x0000021553f0ee10 Thread exited: 0x0000021553f0ee10
Event: 376.010 Thread 0x0000021549b69a10 Thread added: 0x0000021549b69a10
Event: 377.303 Thread 0x0000021549b69a10 Thread exited: 0x0000021549b69a10
Event: 379.764 Thread 0x0000021553f07f60 Thread exited: 0x0000021553f07f60
Event: 379.813 Thread 0x0000021553f0ee10 Thread added: 0x0000021553f0ee10
Event: 381.787 Thread 0x00000215511ca280 Thread exited: 0x00000215511ca280
Event: 381.787 Thread 0x00000215511cc430 Thread exited: 0x00000215511cc430
Event: 381.788 Thread 0x00000215511c7c00 Thread exited: 0x00000215511c7c00
Event: 383.903 Thread 0x0000021549b64400 Thread added: 0x0000021549b64400
Event: 384.059 Thread 0x000002154132e3d0 flushing nmethod 0x000002152c51f590
Event: 384.063 Thread 0x000002154132e3d0 flushing nmethod 0x000002152d17fe90
Event: 384.063 Thread 0x000002154132e3d0 flushing nmethod 0x000002152d1da490
Event: 384.064 Thread 0x000002154132e3d0 flushing nmethod 0x000002152d31e110
Event: 384.064 Thread 0x000002154132e3d0 flushing nmethod 0x000002152d3aad90
Event: 384.068 Thread 0x000002154132e3d0 flushing nmethod 0x0000021524af0010
Event: 384.068 Thread 0x000002154132e3d0 flushing nmethod 0x0000021524aff590
Event: 384.069 Thread 0x000002154132e3d0 flushing nmethod 0x0000021524c39510
Event: 384.078 Thread 0x000002154132e3d0 flushing nmethod 0x0000021525c2eb10
Event: 384.085 Thread 0x000002154132e3d0 flushing nmethod 0x000002152672b390


Dynamic libraries:
0x00007ff64a820000 - 0x00007ff64a830000 	C:\Program Files\Java\jdk-17.0.3.1\bin\java.exe
0x00007fff4e770000 - 0x00007fff4e965000 	C:\Windows\SYSTEM32\ntdll.dll
0x00007fff4e130000 - 0x00007fff4e1ed000 	C:\Windows\System32\KERNEL32.DLL
0x00007fff4c1b0000 - 0x00007fff4c479000 	C:\Windows\System32\KERNELBASE.dll
0x00007fff4c6a0000 - 0x00007fff4c7a0000 	C:\Windows\System32\ucrtbase.dll
0x00007fff3ff90000 - 0x00007fff3ffaa000 	C:\Program Files\Java\jdk-17.0.3.1\bin\VCRUNTIME140.dll
0x00007fff3f100000 - 0x00007fff3f118000 	C:\Program Files\Java\jdk-17.0.3.1\bin\jli.dll
0x00007fff4d400000 - 0x00007fff4d4ac000 	C:\Windows\System32\ADVAPI32.dll
0x00007fff4c8c0000 - 0x00007fff4c95e000 	C:\Windows\System32\msvcrt.dll
0x00007fff4d0a0000 - 0x00007fff4d13b000 	C:\Windows\System32\sechost.dll
0x00007fff4d6b0000 - 0x00007fff4d7da000 	C:\Windows\System32\RPCRT4.dll
0x00007fff4ce00000 - 0x00007fff4cfa0000 	C:\Windows\System32\USER32.dll
0x00007fff4c180000 - 0x00007fff4c1a2000 	C:\Windows\System32\win32u.dll
0x00007fff3b8a0000 - 0x00007fff3bb3a000 	C:\Windows\WinSxS\amd64_microsoft.windows.common-controls_6595b64144ccf1df_6.0.19041.1110_none_60b5254171f9507e\COMCTL32.dll
0x00007fff4dff0000 - 0x00007fff4e01a000 	C:\Windows\System32\GDI32.dll
0x00007fff4c070000 - 0x00007fff4c17b000 	C:\Windows\System32\gdi32full.dll
0x00007fff4be70000 - 0x00007fff4bf0d000 	C:\Windows\System32\msvcp_win.dll
0x00007fff44760000 - 0x00007fff4476a000 	C:\Windows\SYSTEM32\VERSION.dll
0x00007fff4d3d0000 - 0x00007fff4d400000 	C:\Windows\System32\IMM32.DLL
0x00007fff48810000 - 0x00007fff4881c000 	C:\Program Files\Java\jdk-17.0.3.1\bin\vcruntime140_1.dll
0x00007fff24540000 - 0x00007fff245cd000 	C:\Program Files\Java\jdk-17.0.3.1\bin\msvcp140.dll
0x00007ffee57b0000 - 0x00007ffee6370000 	C:\Program Files\Java\jdk-17.0.3.1\bin\server\jvm.dll
0x00007fff4e6f0000 - 0x00007fff4e6f8000 	C:\Windows\System32\PSAPI.DLL
0x00007fff3fa00000 - 0x00007fff3fa09000 	C:\Windows\SYSTEM32\WSOCK32.dll
0x00007fff44730000 - 0x00007fff44757000 	C:\Windows\SYSTEM32\WINMM.dll
0x00007fff4d1b0000 - 0x00007fff4d21b000 	C:\Windows\System32\WS2_32.dll
0x00007fff49cc0000 - 0x00007fff49cd2000 	C:\Windows\SYSTEM32\kernel.appcore.dll
0x00007fff46de0000 - 0x00007fff46dea000 	C:\Program Files\Java\jdk-17.0.3.1\bin\jimage.dll
0x00007fff421b0000 - 0x00007fff42394000 	C:\Windows\SYSTEM32\DBGHELP.DLL
0x00007fff35a00000 - 0x00007fff35a2c000 	C:\Windows\SYSTEM32\dbgcore.DLL
0x00007fff4c480000 - 0x00007fff4c503000 	C:\Windows\System32\bcryptPrimitives.dll
0x00007fff3f0b0000 - 0x00007fff3f0d5000 	C:\Program Files\Java\jdk-17.0.3.1\bin\java.dll
0x00007fff19420000 - 0x00007fff194f6000 	C:\Program Files\Java\jdk-17.0.3.1\bin\jsvml.dll
0x00007fff4d840000 - 0x00007fff4df7f000 	C:\Windows\System32\SHELL32.dll
0x00007fff49fa0000 - 0x00007fff4a730000 	C:\Windows\SYSTEM32\windows.storage.dll
0x00007fff4caa0000 - 0x00007fff4cdf5000 	C:\Windows\System32\combase.dll
0x00007fff4b8d0000 - 0x00007fff4b8fc000 	C:\Windows\SYSTEM32\Wldp.dll
0x00007fff4e020000 - 0x00007fff4e0ce000 	C:\Windows\System32\SHCORE.dll
0x00007fff4df80000 - 0x00007fff4dfd5000 	C:\Windows\System32\shlwapi.dll
0x00007fff4bdb0000 - 0x00007fff4bdcf000 	C:\Windows\SYSTEM32\profapi.dll
0x00007fff3d160000 - 0x00007fff3d179000 	C:\Program Files\Java\jdk-17.0.3.1\bin\net.dll
0x00007fff40f50000 - 0x00007fff41058000 	C:\Windows\SYSTEM32\WINHTTP.dll
0x00007fff4b630000 - 0x00007fff4b69a000 	C:\Windows\system32\mswsock.dll
0x00007fff39720000 - 0x00007fff39736000 	C:\Program Files\Java\jdk-17.0.3.1\bin\nio.dll
0x00007fff31380000 - 0x00007fff31398000 	C:\Program Files\Java\jdk-17.0.3.1\bin\zip.dll
0x00007fff3f800000 - 0x00007fff3f809000 	C:\Program Files\Java\jdk-17.0.3.1\bin\management.dll
0x00007fff3f0f0000 - 0x00007fff3f0fb000 	C:\Program Files\Java\jdk-17.0.3.1\bin\management_ext.dll
0x00007fff2cf70000 - 0x00007fff2cf87000 	C:\Windows\system32\napinsp.dll
0x00007fff2a230000 - 0x00007fff2a24b000 	C:\Windows\system32\pnrpnsp.dll
0x00007fff2d040000 - 0x00007fff2d055000 	C:\Windows\system32\wshbth.dll
0x00007fff47860000 - 0x00007fff4787d000 	C:\Windows\system32\NLAapi.dll
0x00007fff4b2d0000 - 0x00007fff4b30b000 	C:\Windows\SYSTEM32\IPHLPAPI.DLL
0x00007fff4b320000 - 0x00007fff4b3ec000 	C:\Windows\SYSTEM32\DNSAPI.dll
0x00007fff4d1a0000 - 0x00007fff4d1a8000 	C:\Windows\System32\NSI.dll
0x00007fff2a110000 - 0x00007fff2a122000 	C:\Windows\System32\winrnr.dll
0x00007fff420f0000 - 0x00007fff420fa000 	C:\Windows\System32\rasadhlp.dll
0x00007fff40d70000 - 0x00007fff40def000 	C:\Windows\System32\fwpuclnt.dll
0x00007fff4c560000 - 0x00007fff4c587000 	C:\Windows\System32\bcrypt.dll
0x0000000069ac0000 - 0x0000000069ae4000 	C:\Users\paden\AppData\Local\Temp\jansi-2.4.0-5ee3a00341eae5ac-jansi.dll
0x00007fff4b820000 - 0x00007fff4b838000 	C:\Windows\SYSTEM32\CRYPTSP.dll
0x00007fff4af40000 - 0x00007fff4af74000 	C:\Windows\system32\rsaenh.dll
0x00007fff4bd30000 - 0x00007fff4bd5e000 	C:\Windows\SYSTEM32\USERENV.dll
0x00007fff4b840000 - 0x00007fff4b84c000 	C:\Windows\SYSTEM32\CRYPTBASE.dll
0x00007fff44950000 - 0x00007fff44967000 	C:\Windows\SYSTEM32\dhcpcsvc6.DLL
0x00007fff44930000 - 0x00007fff4494d000 	C:\Windows\SYSTEM32\dhcpcsvc.DLL
0x00007fff19320000 - 0x00007fff19365000 	C:\Users\paden\AppData\Local\Temp\jna-106423420\jna14005308083322624280.dll
0x00007fff4d580000 - 0x00007fff4d6aa000 	C:\Windows\System32\Ole32.dll
0x00007fff4c960000 - 0x00007fff4ca09000 	C:\Windows\System32\clbcatq.dll
0x00007fff4d4b0000 - 0x00007fff4d57d000 	C:\Windows\System32\OleAut32.dll
0x00007fff3e250000 - 0x00007fff3e269000 	C:\Windows\SYSTEM32\amsi.dll
0x00007fff30530000 - 0x00007fff305ab000 	C:\ProgramData\Microsoft\Windows Defender\Platform\4.18.2203.5-0\MpOav.dll
0x00007fff2dac0000 - 0x00007fff2dcec000 	C:\Program Files (x86)\Kaspersky Lab\Kaspersky Security Cloud 21.3\x64\antimalware_provider.dll
0x00007fff3e660000 - 0x00007fff3e6b4000 	C:\Windows\SYSTEM32\Pdh.dll
0x00007fff445c0000 - 0x00007fff445cf000 	C:\Windows\System32\perfos.dll
0x00007fff3f090000 - 0x00007fff3f0a0000 	C:\Program Files\Java\jdk-17.0.3.1\bin\verify.dll
0x00007ffeff560000 - 0x00007ffeff6ef000 	C:\Program Files\Java\jdk-17.0.3.1\bin\awt.dll
0x00007fff496f0000 - 0x00007fff49780000 	C:\Windows\SYSTEM32\apphelp.dll
0x00007fff497f0000 - 0x00007fff4988e000 	C:\Windows\system32\uxtheme.dll
0x00007fff4c7a0000 - 0x00007fff4c8b5000 	C:\Windows\System32\MSCTF.dll
0x00007fff49c90000 - 0x00007fff49cbf000 	C:\Windows\system32\DWMAPI.DLL
0x00007fff17500000 - 0x00007fff17625000 	C:\Windows\system32\opengl32.dll
0x00007fff35c20000 - 0x00007fff35c4c000 	C:\Windows\SYSTEM32\GLU32.dll
0x00007fff1b010000 - 0x00007fff1b1de000 	C:\Windows\system32\d3d9.dll
0x00007fff430b0000 - 0x00007fff4326a000 	C:\Windows\System32\DriverStore\FileRepository\u0376032.inf_amd64_1a2e19f1369fd940\B375758\aticfx64.dll
0x00007fff2a130000 - 0x00007fff2a164000 	C:\Windows\System32\DriverStore\FileRepository\u0376032.inf_amd64_1a2e19f1369fd940\B375758\atiu9p64.dll
0x00007fff045d0000 - 0x00007fff05326000 	C:\Windows\System32\DriverStore\FileRepository\u0376032.inf_amd64_1a2e19f1369fd940\B375758\atiumd64.dll
0x0000000076880000 - 0x000000007773f000 	C:\Windows\System32\DriverStore\FileRepository\u0376032.inf_amd64_1a2e19f1369fd940\B375758\atiumd6a.dll
0x00007fff4e1f0000 - 0x00007fff4e662000 	C:\Windows\System32\SETUPAPI.dll
0x00007fff4c510000 - 0x00007fff4c55e000 	C:\Windows\System32\cfgmgr32.dll
0x00007fff4b440000 - 0x00007fff4b48b000 	C:\Windows\SYSTEM32\POWRPROF.dll
0x00007fff4b2b0000 - 0x00007fff4b2c2000 	C:\Windows\SYSTEM32\UMPDC.dll
0x00007fff496c0000 - 0x00007fff496f0000 	C:\Windows\SYSTEM32\amdihk64.dll
0x00007fff47a00000 - 0x00007fff47a3b000 	C:\Windows\SYSTEM32\dxcore.dll
0x00007fff26030000 - 0x00007fff260b9000 	C:\Program Files\Java\jdk-17.0.3.1\bin\freetype.dll
0x00007fff19370000 - 0x00007fff19418000 	C:\Program Files\Java\jdk-17.0.3.1\bin\fontmanager.dll
0x00007fff466a0000 - 0x00007fff46854000 	C:\Windows\SYSTEM32\WindowsCodecs.dll
0x00007fff34900000 - 0x00007fff3493e000 	C:\Windows\system32\dataexchange.dll
0x00007fff491d0000 - 0x00007fff493b6000 	C:\Windows\system32\dcomp.dll
0x00007fff483c0000 - 0x00007fff48624000 	C:\Windows\system32\d3d11.dll
0x00007fff4a770000 - 0x00007fff4a864000 	C:\Windows\system32\dxgi.dll
0x00007fff463e0000 - 0x00007fff465e1000 	C:\Windows\system32\twinapi.appcore.dll
0x00007fff3f900000 - 0x00007fff3f9f9000 	C:\Windows\SYSTEM32\textinputframework.dll
0x00007fff48de0000 - 0x00007fff4913e000 	C:\Windows\System32\CoreUIComponents.dll
0x00007fff494c0000 - 0x00007fff495b2000 	C:\Windows\System32\CoreMessaging.dll
0x00007fff4ab70000 - 0x00007fff4aba3000 	C:\Windows\SYSTEM32\ntmarta.dll
0x00007fff47e00000 - 0x00007fff47f54000 	C:\Windows\SYSTEM32\wintypes.dll
0x00007fff3fac0000 - 0x00007fff3fac9000 	C:\Program Files\Java\jdk-17.0.3.1\bin\jaas.dll
0x00007fff31350000 - 0x00007fff3135e000 	C:\Program Files\Java\jdk-17.0.3.1\bin\sunmscapi.dll
0x00007fff4bf10000 - 0x00007fff4c06f000 	C:\Windows\System32\CRYPT32.dll
0x00007fff4b940000 - 0x00007fff4b967000 	C:\Windows\SYSTEM32\ncrypt.dll
0x00007fff4b900000 - 0x00007fff4b93b000 	C:\Windows\SYSTEM32\NTASN1.dll
0x00007fff358b0000 - 0x00007fff358b7000 	C:\Windows\system32\wshunix.dll
0x0000000070bc0000 - 0x0000000070c9c000 	C:\Users\paden\AppData\Local\Temp\sqlite-3.36.0.3-a1b5c174-5bb1-43d6-87aa-6590ccc72268-sqlitejdbc.dll

dbghelp: loaded successfully - version: 4.0.5 - missing functions: none
symbol engine: initialized successfully - sym options: 0x614 - pdb path: .;C:\Program Files\Java\jdk-17.0.3.1\bin;C:\Windows\SYSTEM32;C:\Windows\WinSxS\amd64_microsoft.windows.common-controls_6595b64144ccf1df_6.0.19041.1110_none_60b5254171f9507e;C:\Program Files\Java\jdk-17.0.3.1\bin\server;C:\Users\paden\AppData\Local\Temp;C:\Users\paden\AppData\Local\Temp\jna-106423420;C:\ProgramData\Microsoft\Windows Defender\Platform\4.18.2203.5-0;C:\Program Files (x86)\Kaspersky Lab\Kaspersky Security Cloud 21.3\x64;C:\Windows\System32\DriverStore\FileRepository\u0376032.inf_amd64_1a2e19f1369fd940\B375758

VM Arguments:
jvm_args: -Xms1G -Xmx5G -Dfile.encoding=utf-8 -XX:+UseG1GC -XX:+ParallelRefProcEnabled -XX:MaxGCPauseMillis=200 -XX:+UnlockExperimentalVMOptions -XX:+DisableExplicitGC -XX:-OmitStackTraceInFastThrow -XX:+AlwaysPreTouch -XX:G1NewSizePercent=30 -XX:G1MaxNewSizePercent=40 -XX:G1HeapRegionSize=8M -XX:G1ReservePercent=20 -XX:G1HeapWastePercent=5 -XX:G1MixedGCCountTarget=8 -XX:InitiatingHeapOccupancyPercent=15 -XX:G1MixedGCLiveThresholdPercent=90 -XX:G1RSetUpdatingPauseTimePercent=5 -XX:SurvivorRatio=32 -XX:MaxTenuringThreshold=1 -Dusing.aikars.flags=true -Daikars.new.flags=true 
java_command: server.jar
java_class_path (initial): server.jar
Launcher Type: SUN_STANDARD

[Global flags]
     bool AlwaysPreTouch                           = true                                      {product} {command line}
     bool AlwaysTenure                             = false                                     {product} {command line}
     intx CICompilerCount                          = 3                                         {product} {ergonomic}
     uint ConcGCThreads                            = 1                                         {product} {ergonomic}
     bool DisableExplicitGC                        = true                                      {product} {command line}
     uint G1ConcRefinementThreads                  = 4                                         {product} {ergonomic}
     uint G1EagerReclaimRemSetThreshold            = 64                                   {experimental} {ergonomic}
   size_t G1HeapRegionSize                         = 8388608                                   {product} {command line}
    uintx G1HeapWastePercent                       = 5                                         {product} {command line}
    uintx G1MaxNewSizePercent                      = 40                                   {experimental} {command line}
    uintx G1MixedGCCountTarget                     = 8                                         {product} {command line}
    uintx G1MixedGCLiveThresholdPercent            = 90                                   {experimental} {command line}
    uintx G1NewSizePercent                         = 30                                   {experimental} {command line}
     intx G1RSetUpdatingPauseTimePercent           = 5                                         {product} {command line}
    uintx G1ReservePercent                         = 20                                        {product} {command line}
    uintx GCDrainStackTargetSize                   = 64                                        {product} {ergonomic}
   size_t InitialHeapSize                          = 1073741824                                {product} {command line}
    uintx InitialTenuringThreshold                 = 1                                         {product} {ergonomic}
    uintx InitiatingHeapOccupancyPercent           = 15                                        {product} {command line}
   size_t MarkStackSize                            = 4194304                                   {product} {ergonomic}
    uintx MaxGCPauseMillis                         = 200                                       {product} {command line}
   size_t MaxHeapSize                              = 5368709120                                {product} {command line}
   size_t MaxNewSize                               = 2147483648                                {product} {ergonomic}
    uintx MaxTenuringThreshold                     = 1                                         {product} {command line}
   size_t MinHeapDeltaBytes                        = 8388608                                   {product} {ergonomic}
   size_t MinHeapSize                              = 1073741824                                {product} {command line}
     bool NeverTenure                              = false                                     {product} {command line}
    uintx NonNMethodCodeHeapSize                   = 5832780                                {pd product} {ergonomic}
    uintx NonProfiledCodeHeapSize                  = 122912730                              {pd product} {ergonomic}
     bool OmitStackTraceInFastThrow                = false                                     {product} {command line}
     bool ParallelRefProcEnabled                   = true                                      {product} {command line}
    uintx ProfiledCodeHeapSize                     = 122912730                              {pd product} {ergonomic}
    uintx ReservedCodeCacheSize                    = 251658240                              {pd product} {ergonomic}
     bool SegmentedCodeCache                       = true                                      {product} {ergonomic}
   size_t SoftMaxHeapSize                          = 5368709120                             {manageable} {ergonomic}
    uintx SurvivorRatio                            = 32                                        {product} {command line}
     bool UnlockExperimentalVMOptions              = true                                 {experimental} {command line}
     bool UseCompressedClassPointers               = true                           {product lp64_product} {ergonomic}
     bool UseCompressedOops                        = true                           {product lp64_product} {ergonomic}
     bool UseG1GC                                  = true                                      {product} {command line}
     bool UseLargePagesIndividualAllocation        = false                                  {pd product} {ergonomic}

Logging:
Log output configuration:
 #0: stdout all=warning uptime,level,tags
 #1: stderr all=off uptime,level,tags

Environment Variables:
PATH=C:\Program Files\Common Files\Oracle\Java\javapath;C:\Program Files (x86)\Razer Chroma SDK\bin;C:\Program Files\Razer Chroma SDK\bin;C:\Program Files (x86)\Razer\ChromaBroadcast\bin;C:\Program Files\Razer\ChromaBroadcast\bin;C:\Program Files\Eclipse Adoptium\jdk-8.0.322.6-hotspot\bin;C:\Program Files\Microsoft\jdk-11.0.12.7-hotspot\bin;C:\Program Files (x86)\Common Files\Oracle\Java\javapath;C:\ProgramData\Oracle\Java\javapath;C:\Windows\system32;C:\Windows;C:\Windows\System32\Wbem;C:\Windows\System32\WindowsPowerShell\v1.0\;C:\Windows\System32\OpenSSH\;C:\Program Files\dotnet\;C:\Program Files\Microsoft SQL Server\130\Tools\Binn\;C:\Program Files\Microsoft SQL Server\Client SDK\ODBC\170\Tools\Binn\;C:\Program Files\nodejs\;C:\Program Files\Microsoft SQL Server\Client SDK\ODBC\130\Tools\Binn\;C:\Program Files (x86)\Microsoft SQL Server\130\Tools\Binn\;C:\Program Files\Microsoft SQL Server\130\DTS\Binn\;C:\Program Files\Git\cmd;C:\Program Files\PuTTY\;C:\Windows\system32\config\systemprofile\AppData\Local\Microsoft\WindowsApps;C:\Users\paden\AppData\Local\Programs\Python\Python38-32\Scripts\;C:\Users\paden\AppData\Local\Programs\Python\Python38-32\;C:\Users\paden\AppData\Local\Programs\Python\Python39\Scripts\;C:\Users\paden\AppData\Local\Programs\Python\Python39\;C:\Users\paden\AppData\Local\Programs\Python\Python38\Scripts\;C:\Users\paden\AppData\Local\Programs\Python\Python38\;C:\Users\paden\AppData\Local\Microsoft\WindowsApps;C:\Program Files\JetBrains\PyCharm Community Edition 2020.2.1\bin;;C:\Users\paden\.dotnet\tools;C:\Users\paden\AppData\Roaming\npm;C:\Users\paden\AppData\Local\Programs\Microsoft VS Code\bin;C:\Users\paden\AppData\Local\JpegminiPro3\;C:\Users\paden\AppData\Local\GitHubDesktop\bin
USERNAME=paden
OS=Windows_NT
PROCESSOR_IDENTIFIER=AMD64 Family 23 Model 24 Stepping 1, AuthenticAMD



---------------  S Y S T E M  ---------------

OS:
 Windows 10 , 64 bit Build 19041 (10.0.19041.1151)
OS uptime: 0 days 15:50 hours

CPU: total 4 (initial active 4) (4 cores per cpu, 1 threads per core) family 23 model 24 stepping 1 microcode 0x0, cx8, cmov, fxsr, mmx, 3dnowpref, sse, sse2, sse3, ssse3, sse4a, sse4.1, sse4.2, popcnt, lzcnt, tsc, tscinvbit, avx, avx2, aes, clmul, bmi1, bmi2, adx, sha, fma, vzeroupper, clflush, clflushopt

Memory: 4k page, system-wide physical 8140M (786M free)
TotalPageFile size 16331M (AvailPageFile size 255M)
current process WorkingSet (physical memory assigned to process): 2291M, peak: 2508M
current process commit charge ("private bytes"): 2628M, peak: 2908M

vm_info: Java HotSpot(TM) 64-Bit Server VM (17.0.3.1+2-LTS-6) for windows-amd64 JRE (17.0.3.1+2-LTS-6), built on Apr 25 2022 22:04:21 by "mach5one" with MS VC++ 16.8 / 16.9 (VS2019)

END.
