#
# There is insufficient memory for the Java Runtime Environment to continue.
# Native memory allocation (mmap) failed to map 629145600 bytes for G1 virtual space
# Possible reasons:
#   The system is out of physical RAM or swap space
#   The process is running with CompressedOops enabled, and the Java Heap may be blocking the growth of the native heap
# Possible solutions:
#   Reduce memory load on the system
#   Increase physical memory or swap space
#   Check if swap backing store is full
#   Decrease Java heap size (-Xmx/-Xms)
#   Decrease number of Java threads
#   Decrease Java thread stack sizes (-Xss)
#   Set larger code cache with -XX:ReservedCodeCacheSize=
#   JVM is running with Zero Based Compressed Oops mode in which the Java heap is
#     placed in the first 32GB address space. The Java Heap base address is the
#     maximum limit for the native heap growth. Please use -XX:HeapBaseMinAddress
#     to set the Java Heap base and to place the Java Heap above 32GB virtual address.
# This output file may be truncated or incomplete.
#
#  Out of Memory Error (os_windows.cpp:3535), pid=13656, tid=9796
#
# JRE version: Java(TM) SE Runtime Environment (17.0.3.1+2) (build 17.0.3.1+2-LTS-6)
# Java VM: Java HotSpot(TM) 64-Bit Server VM (17.0.3.1+2-LTS-6, mixed mode, sharing, tiered, compressed oops, compressed class ptrs, g1 gc, windows-amd64)
# No core dump will be written. Minidumps are not enabled by default on client versions of Windows
#

---------------  S U M M A R Y ------------

Command Line: -Xms1G -Xmx5G -Dfile.encoding=utf-8 -XX:+UseG1GC -XX:+ParallelRefProcEnabled -XX:MaxGCPauseMillis=200 -XX:+UnlockExperimentalVMOptions -XX:+DisableExplicitGC -XX:-OmitStackTraceInFastThrow -XX:+AlwaysPreTouch -XX:G1NewSizePercent=30 -XX:G1MaxNewSizePercent=40 -XX:G1HeapRegionSize=8M -XX:G1ReservePercent=20 -XX:G1HeapWastePercent=5 -XX:G1MixedGCCountTarget=8 -XX:InitiatingHeapOccupancyPercent=15 -XX:G1MixedGCLiveThresholdPercent=90 -XX:G1RSetUpdatingPauseTimePercent=5 -XX:SurvivorRatio=32 -XX:MaxTenuringThreshold=1 -Dusing.aikars.flags=true -Daikars.new.flags=true server.jar

Host: AMD Ryzen 3 PRO 3200G with Radeon Vega Graphics, 4 cores, 7G,  Windows 10 , 64 bit Build 19041 (10.0.19041.1151)
Time: Thu Jun 16 23:42:26 2022 RTZ 2 (s 10 , 64 bit Build 19041 (10.0.19041.1151) elapsed time: 289.305376 seconds (0d 0h 4m 49s)

---------------  T H R E A D  ---------------

Current thread (0x000002aab5574ed0):  VMThread "VM Thread" [stack: 0x000000b3f4000000,0x000000b3f4100000] [id=9796]

Stack: [0x000000b3f4000000,0x000000b3f4100000]
Native frames: (J=compiled Java code, j=interpreted, Vv=VM code, C=native code)
V  [jvm.dll+0x6711ba]
V  [jvm.dll+0x7d0834]
V  [jvm.dll+0x7d1fde]
V  [jvm.dll+0x7d2643]
V  [jvm.dll+0x242c85]
V  [jvm.dll+0x66e0d9]
V  [jvm.dll+0x662a22]
V  [jvm.dll+0x300ddb]
V  [jvm.dll+0x308376]
V  [jvm.dll+0x357f7e]
V  [jvm.dll+0x3581af]
V  [jvm.dll+0x2d7ff8]
V  [jvm.dll+0x2db076]
V  [jvm.dll+0x2e56c8]
V  [jvm.dll+0x319550]
V  [jvm.dll+0x7d6b1b]
V  [jvm.dll+0x7d7854]
V  [jvm.dll+0x7d7d6c]
V  [jvm.dll+0x7d8144]
V  [jvm.dll+0x7d8210]
V  [jvm.dll+0x780aca]
V  [jvm.dll+0x670045]
C  [ucrtbase.dll+0x21bb2]
C  [KERNEL32.DLL+0x17034]
C  [ntdll.dll+0x52651]

VM_Operation (0x000000b3f3cff680): G1Concurrent, mode: safepoint, requested by thread 0x000002aa90a76210


---------------  P R O C E S S  ---------------

Threads class SMR info:
_java_thread_list=0x000002aab686d3e0, length=94, elements={
0x000002aab55789d0, 0x000002aab557c770, 0x000002aab558e500, 0x000002aab5592040,
0x000002aab5592900, 0x000002aab55931c0, 0x000002aab5597360, 0x000002aab55a0120,
0x000002aab55b19f0, 0x000002aab5753a30, 0x000002aab5756f30, 0x000002aa90a0efd0,
0x000002aab64b26c0, 0x000002aab8a69680, 0x000002aab6a3a0b0, 0x000002aab6a39710,
0x000002aab6a3aa50, 0x000002aab6a3af20, 0x000002aab6d5fee0, 0x000002aab6d60d50,
0x000002aab6d603b0, 0x000002aab6d633d0, 0x000002aab6d5c050, 0x000002aab6d5d390,
0x000002aab6d5f070, 0x000002aab6d5fa10, 0x000002aab6d61bc0, 0x000002aab6d5c520,
0x000002aab6d62a30, 0x000002aab6d5c9f0, 0x000002aac6655020, 0x000002aac6656d00,
0x000002aac66559c0, 0x000002aac6658040, 0x000002aac66554f0, 0x000002aac665ab90,
0x000002aac6655e90, 0x000002aac665b060, 0x000002aac6658eb0, 0x000002aac6658510,
0x000002aac6656830, 0x000002aac6659380, 0x000002aac6654b50, 0x000002aac66541b0,
0x000002aac6656360, 0x000002aac6654680, 0x000002aac665a6c0, 0x000002aac665b530,
0x000002aac61fa540, 0x000002aac61fd090, 0x000002aac61fbd50, 0x000002aac61fb3b0,
0x000002aac61fa070, 0x000002aac61faee0, 0x000002aabbc17080, 0x000002aabbc17550,
0x000002aabbc17a20, 0x000002aabbc14060, 0x000002aabbc14530, 0x000002aabbc14a00,
0x000002aabb801950, 0x000002aabb806650, 0x000002aabb803fd0, 0x000002aabb801e20,
0x000002aabb802c90, 0x000002aabb806b20, 0x000002aabb807990, 0x000002aabb8044a0,
0x000002aabb804e40, 0x000002aabb808330, 0x000002aabb805cb0, 0x000002aabb806180,
0x000002aabb807e60, 0x000002aabb808800, 0x000002aabb801480, 0x000002aab6d60880,
0x000002aab6d61220, 0x000002aab6d62090, 0x000002aab6d62f00, 0x000002aabbc153a0,
0x000002aac67de010, 0x000002aac67de9b0, 0x000002aac8254bb0, 0x000002aac82593e0,
0x000002aac82546e0, 0x000002aac8252ed0, 0x000002aac8256d60, 0x000002aac67df820,
0x000002aac8257700, 0x000002aac8255a20, 0x000002aac8255080, 0x000002aac82580a0,
0x000002aac8258570, 0x000002aac8258f10
}

Java Threads: ( => current thread )
  0x000002aab55789d0 JavaThread "Reference Handler" daemon [_thread_blocked, id=8428, stack(0x000000b3f4100000,0x000000b3f4200000)]
  0x000002aab557c770 JavaThread "Finalizer" daemon [_thread_blocked, id=7884, stack(0x000000b3f4200000,0x000000b3f4300000)]
  0x000002aab558e500 JavaThread "Signal Dispatcher" daemon [_thread_blocked, id=8212, stack(0x000000b3f4300000,0x000000b3f4400000)]
  0x000002aab5592040 JavaThread "Attach Listener" daemon [_thread_blocked, id=2032, stack(0x000000b3f4400000,0x000000b3f4500000)]
  0x000002aab5592900 JavaThread "Service Thread" daemon [_thread_blocked, id=1896, stack(0x000000b3f4500000,0x000000b3f4600000)]
  0x000002aab55931c0 JavaThread "Monitor Deflation Thread" daemon [_thread_blocked, id=3232, stack(0x000000b3f4600000,0x000000b3f4700000)]
  0x000002aab5597360 JavaThread "C2 CompilerThread0" daemon [_thread_blocked, id=10868, stack(0x000000b3f4700000,0x000000b3f4800000)]
  0x000002aab55a0120 JavaThread "C1 CompilerThread0" daemon [_thread_blocked, id=6812, stack(0x000000b3f4800000,0x000000b3f4900000)]
  0x000002aab55b19f0 JavaThread "Sweeper thread" daemon [_thread_blocked, id=11960, stack(0x000000b3f4900000,0x000000b3f4a00000)]
  0x000002aab5753a30 JavaThread "Notification Thread" daemon [_thread_blocked, id=1184, stack(0x000000b3f4a00000,0x000000b3f4b00000)]
  0x000002aab5756f30 JavaThread "Common-Cleaner" daemon [_thread_blocked, id=6484, stack(0x000000b3f4c00000,0x000000b3f4d00000)]
  0x000002aa90a0efd0 JavaThread "DestroyJavaVM" [_thread_blocked, id=14192, stack(0x000000b3f3a00000,0x000000b3f3b00000)]
  0x000002aab64b26c0 JavaThread "WindowsStreamPump" daemon [_thread_blocked, id=604, stack(0x000000b3f5200000,0x000000b3f5300000)]
  0x000002aab8a69680 JavaThread "Log4j2-AsyncAppenderEventDispatcher-1-Async" daemon [_thread_blocked, id=1816, stack(0x000000b3f5300000,0x000000b3f5400000)]
  0x000002aab6a3a0b0 JavaThread "Timer hack thread" daemon [_thread_blocked, id=8344, stack(0x000000b3f5a00000,0x000000b3f5b00000)]
  0x000002aab6a39710 JavaThread "Worker-Main-1" daemon [_thread_blocked, id=11344, stack(0x000000b3f5b00000,0x000000b3f5c00000)]
  0x000002aab6a3aa50 JavaThread "Java2D Disposer" daemon [_thread_blocked, id=12744, stack(0x000000b3f5100000,0x000000b3f5200000)]
  0x000002aab6a3af20 JavaThread "AWT-Shutdown" [_thread_blocked, id=9424, stack(0x000000b3f5c00000,0x000000b3f5d00000)]
  0x000002aab6d5fee0 JavaThread "AWT-Windows" daemon [_thread_in_native, id=9152, stack(0x000000b3f5d00000,0x000000b3f5e00000)]
  0x000002aab6d60d50 JavaThread "AWT-EventQueue-0" [_thread_blocked, id=14004, stack(0x000000b3f6500000,0x000000b3f6600000)]
  0x000002aab6d603b0 JavaThread "TimerQueue" daemon [_thread_blocked, id=1252, stack(0x000000b3f6600000,0x000000b3f6700000)]
  0x000002aab6d633d0 JavaThread "D3D Screen Updater" daemon [_thread_blocked, id=3592, stack(0x000000b3f6800000,0x000000b3f6900000)]
  0x000002aab6d5c050 JavaThread "Thread-1" daemon [_thread_blocked, id=7448, stack(0x000000b3f6700000,0x000000b3f6800000)]
  0x000002aab6d5d390 JavaThread "Server thread" [_thread_blocked, id=13972, stack(0x000000b3f6900000,0x000000b3f6a00000)]
  0x000002aab6d5f070 JavaThread "Paper Async Chunk Task Thread #0" [_thread_blocked, id=10084, stack(0x000000b3f6e00000,0x000000b3f6f00000)]
  0x000002aab6d5fa10 JavaThread "Paper Async Chunk Urgent Task Thread" [_thread_blocked, id=6620, stack(0x000000b3f6f00000,0x000000b3f7000000)]
  0x000002aab6d61bc0 JavaThread "Paper Watchdog Thread" [_thread_blocked, id=14072, stack(0x000000b3f7000000,0x000000b3f7100000)]
  0x000002aab6d5c520 JavaThread "Server console handler" daemon [_thread_blocked, id=11756, stack(0x000000b3f7100000,0x000000b3f7200000)]
  0x000002aab6d62a30 JavaThread "pool-4-thread-1" [_thread_blocked, id=9192, stack(0x000000b3f7200000,0x000000b3f7300000)]
  0x000002aab6d5c9f0 JavaThread "Netty Server IO #0" daemon [_thread_in_native, id=13824, stack(0x000000b3f7300000,0x000000b3f7400000)]
  0x000002aac6655020 JavaThread "luckperms-worker-0" daemon [_thread_blocked, id=2320, stack(0x000000b3f7600000,0x000000b3f7700000)]
  0x000002aac6656d00 JavaThread "luckperms-worker-1" daemon [_thread_blocked, id=9256, stack(0x000000b3f7700000,0x000000b3f7800000)]
  0x000002aac66559c0 JavaThread "luckperms-worker-2" daemon [_thread_blocked, id=2756, stack(0x000000b3f7800000,0x000000b3f7900000)]
  0x000002aac6658040 JavaThread "luckperms-worker-3" daemon [_thread_blocked, id=11784, stack(0x000000b3f7900000,0x000000b3f7a00000)]
  0x000002aac66554f0 JavaThread "luckperms-worker-4" daemon [_thread_blocked, id=12352, stack(0x000000b3f7a00000,0x000000b3f7b00000)]
  0x000002aac665ab90 JavaThread "luckperms-worker-5" daemon [_thread_blocked, id=13100, stack(0x000000b3f7b00000,0x000000b3f7c00000)]
  0x000002aac6655e90 JavaThread "luckperms-worker-6" daemon [_thread_blocked, id=1344, stack(0x000000b3f7c00000,0x000000b3f7d00000)]
  0x000002aac665b060 JavaThread "luckperms-worker-7" daemon [_thread_blocked, id=3368, stack(0x000000b3f7d00000,0x000000b3f7e00000)]
  0x000002aac6658eb0 JavaThread "luckperms-worker-8" daemon [_thread_blocked, id=12496, stack(0x000000b3f7e00000,0x000000b3f7f00000)]
  0x000002aac6658510 JavaThread "luckperms-worker-9" daemon [_thread_blocked, id=7864, stack(0x000000b3f7f00000,0x000000b3f8000000)]
  0x000002aac6656830 JavaThread "luckperms-scheduler" [_thread_blocked, id=12328, stack(0x000000b3f6a00000,0x000000b3f6b00000)]
  0x000002aac6659380 JavaThread "WorldEdit Session Manager" [_thread_blocked, id=13320, stack(0x000000b3f8100000,0x000000b3f8200000)]
  0x000002aac6654b50 JavaThread "FileSystemWatchService" daemon [_thread_in_native, id=13648, stack(0x000000b3f8300000,0x000000b3f8400000)]
  0x000002aac66541b0 JavaThread "luckperms-worker-10" daemon [_thread_blocked, id=13724, stack(0x000000b3f8400000,0x000000b3f8500000)]
  0x000002aac6656360 JavaThread "MVStore background writer nio:C:/Users/paden/Desktop/minecraft server/Server/plugins/LuckPerms/luckperms-h2.mv.db" daemon [_thread_blocked, id=6356, stack(0x000000b3f8700000,0x000000b3f8800000)]
  0x000002aac6654680 JavaThread "OkHttp ConnectionPool" daemon [_thread_blocked, id=10612, stack(0x000000b3f8800000,0x000000b3f8900000)]
  0x000002aac665a6c0 JavaThread "AutoSaveWorld AutoSaveThread" [_thread_blocked, id=7200, stack(0x000000b3f8b00000,0x000000b3f8c00000)]
  0x000002aac665b530 JavaThread "AutoSaveWorld AutoBackupThread" [_thread_blocked, id=12368, stack(0x000000b3f8c00000,0x000000b3f8d00000)]
  0x000002aac61fa540 JavaThread "AutoSaveWorld AutoPurgeThread" [_thread_blocked, id=5608, stack(0x000000b3f8d00000,0x000000b3f8e00000)]
  0x000002aac61fd090 JavaThread "AutoSaveWorld AutoRestartThread" [_thread_blocked, id=12928, stack(0x000000b3f8e00000,0x000000b3f8f00000)]
  0x000002aac61fbd50 JavaThread "AutoSaveWorld CrashRestartThread" [_thread_blocked, id=2920, stack(0x000000b3f8f00000,0x000000b3f9000000)]
  0x000002aac61fb3b0 JavaThread "AutoSaveWorld AutoConsoleCommandThread" [_thread_blocked, id=1388, stack(0x000000b3f9000000,0x000000b3f9100000)]
  0x000002aac61fa070 JavaThread "Timer-0" daemon [_thread_blocked, id=12604, stack(0x000000b3f9100000,0x000000b3f9200000)]
  0x000002aac61faee0 JavaThread "bStats-Metrics" [_thread_blocked, id=12580, stack(0x000000b3f9200000,0x000000b3f9300000)]
  0x000002aabbc17080 JavaThread "Paper RegionFile IO Thread" [_thread_blocked, id=5140, stack(0x000000b3f9300000,0x000000b3f9400000)]
  0x000002aabbc17550 JavaThread "Thread-9" daemon [_thread_blocked, id=9688, stack(0x000000b3f9400000,0x000000b3f9500000)]
  0x000002aabbc17a20 JavaThread "Thread-10" daemon [_thread_blocked, id=13184, stack(0x000000b3f9500000,0x000000b3f9600000)]
  0x000002aabbc14060 JavaThread "Thread-11" daemon [_thread_blocked, id=12152, stack(0x000000b3f9600000,0x000000b3f9700000)]
  0x000002aabbc14530 JavaThread "bStats-Metrics" [_thread_blocked, id=12996, stack(0x000000b3f9700000,0x000000b3f9800000)]
  0x000002aabbc14a00 JavaThread "bStats-Metrics" [_thread_blocked, id=10244, stack(0x000000b3f9800000,0x000000b3f9900000)]
  0x000002aabb801950 JavaThread "bStats-Metrics" [_thread_blocked, id=13912, stack(0x000000b3f9a00000,0x000000b3f9b00000)]
  0x000002aabb806650 JavaThread "bStats-Metrics" [_thread_blocked, id=1464, stack(0x000000b3f9c00000,0x000000b3f9d00000)]
  0x000002aabb803fd0 JavaThread "bStats-Metrics" [_thread_blocked, id=13168, stack(0x000000b3fa000000,0x000000b3fa100000)]
  0x000002aabb801e20 JavaThread "pool-18-thread-1" [_thread_blocked, id=1340, stack(0x000000b3fa100000,0x000000b3fa200000)]
  0x000002aabb802c90 JavaThread "bStats-Metrics" [_thread_blocked, id=12780, stack(0x000000b3fa200000,0x000000b3fa300000)]
  0x000002aabb806b20 JavaThread "bStats-Metrics" [_thread_blocked, id=4688, stack(0x000000b3fa300000,0x000000b3fa400000)]
  0x000002aabb807990 JavaThread "Timer-1" daemon [_thread_blocked, id=7588, stack(0x000000b3f5000000,0x000000b3f5100000)]
  0x000002aabb8044a0 JavaThread "mysql-cj-abandoned-connection-cleanup" daemon [_thread_blocked, id=14128, stack(0x000000b3f6b00000,0x000000b3f6c00000)]
  0x000002aabb804e40 JavaThread "bStats-Metrics" [_thread_blocked, id=1876, stack(0x000000b3f6c00000,0x000000b3f6d00000)]
  0x000002aabb808330 JavaThread "TAB Repeating / Delayed Thread 0" [_thread_blocked, id=2184, stack(0x000000b3f6d00000,0x000000b3f6e00000)]
  0x000002aabb805cb0 JavaThread "TAB Repeating / Delayed Thread 1" [_thread_blocked, id=8964, stack(0x000000b3fa400000,0x000000b3fa500000)]
  0x000002aabb806180 JavaThread "TAB Repeating / Delayed Thread 2" [_thread_blocked, id=1324, stack(0x000000b3fa500000,0x000000b3fa600000)]
  0x000002aabb807e60 JavaThread "bStats-Metrics" [_thread_blocked, id=7560, stack(0x000000b3fa700000,0x000000b3fa800000)]
  0x000002aabb808800 JavaThread "TAB Processing Thread" [_thread_blocked, id=2804, stack(0x000000b3fa800000,0x000000b3fa900000)]
  0x000002aabb801480 JavaThread "bStats-Metrics" [_thread_blocked, id=11376, stack(0x000000b3fa900000,0x000000b3faa00000)]
  0x000002aab6d60880 JavaThread "WorldGuard Region I/O" [_thread_blocked, id=11080, stack(0x000000b3faa00000,0x000000b3fab00000)]
  0x000002aab6d61220 JavaThread "bStats-Metrics" [_thread_blocked, id=10656, stack(0x000000b3f8000000,0x000000b3f8100000)]
  0x000002aab6d62090 JavaThread "bStats-Metrics" [_thread_blocked, id=14224, stack(0x000000b3fad00000,0x000000b3fae00000)]
  0x000002aab6d62f00 JavaThread "ExpiringMap-Expirer" daemon [_thread_blocked, id=11416, stack(0x000000b3fae00000,0x000000b3faf00000)]
  0x000002aabbc153a0 JavaThread "Craft Async Scheduler Management Thread" [_thread_blocked, id=13528, stack(0x000000b3faf00000,0x000000b3fb000000)]
  0x000002aac67de010 JavaThread "DecentHolograms Thread #1" [_thread_blocked, id=8788, stack(0x000000b3f3700000,0x000000b3f3800000)]
  0x000002aac67de9b0 JavaThread "DecentHolograms Thread #2" [_thread_blocked, id=12056, stack(0x000000b3f3800000,0x000000b3f3900000)]
  0x000002aac8254bb0 JavaThread "DecentHolograms Thread #3" [_thread_blocked, id=13032, stack(0x000000b3f3900000,0x000000b3f3a00000)]
  0x000002aac82593e0 JavaThread "DecentHolograms Thread #4" [_thread_blocked, id=14308, stack(0x000000b3fc900000,0x000000b3fca00000)]
  0x000002aac82546e0 JavaThread "Netty Server IO #1" daemon [_thread_blocked, id=5752, stack(0x000000b3f9b00000,0x000000b3f9c00000)]
  0x000002aac8252ed0 JavaThread "ForkJoinPool-2-worker-1" daemon [_thread_blocked, id=6528, stack(0x000000b3fd200000,0x000000b3fd300000)]
  0x000002aac8256d60 JavaThread "pool-17-thread-1" [_thread_blocked, id=7232, stack(0x000000b3fd900000,0x000000b3fda00000)]
  0x000002aac67df820 JavaThread "Craft Scheduler Thread - 29" [_thread_blocked, id=12324, stack(0x000000b3f8a00000,0x000000b3f8b00000)]
  0x000002aac8257700 JavaThread "Craft Scheduler Thread - 32" [_thread_blocked, id=5336, stack(0x000000b3f5500000,0x000000b3f5600000)]
  0x000002aac8255a20 JavaThread "Craft Scheduler Thread - 33" [_thread_blocked, id=8416, stack(0x000000b3f8600000,0x000000b3f8700000)]
  0x000002aac8255080 JavaThread "Craft Scheduler Thread - 34" [_thread_blocked, id=9776, stack(0x000000b3f5600000,0x000000b3f5700000)]
  0x000002aac82580a0 JavaThread "WorldEdit Task Executor - 0" [_thread_blocked, id=13296, stack(0x000000b3f5e00000,0x000000b3f5f00000)]
  0x000002aac8258570 JavaThread "Timer-5" [_thread_blocked, id=12052, stack(0x000000b3f8200000,0x000000b3f8300000)]
  0x000002aac8258f10 JavaThread "WorldGuard Region Chunk Table - world" [_thread_blocked, id=11364, stack(0x000000b3f8900000,0x000000b3f8a00000)]

Other Threads:
=>0x000002aab5574ed0 VMThread "VM Thread" [stack: 0x000000b3f4000000,0x000000b3f4100000] [id=9796]
  0x000002aa90a7e190 WatcherThread [stack: 0x000000b3f4b00000,0x000000b3f4c00000] [id=11312]
  0x000002aa90a6dfa0 GCTaskThread "GC Thread#0" [stack: 0x000000b3f3b00000,0x000000b3f3c00000] [id=1560]
  0x000002aab57a2ba0 GCTaskThread "GC Thread#1" [stack: 0x000000b3f4d00000,0x000000b3f4e00000] [id=14240]
  0x000002aab57bbfe0 GCTaskThread "GC Thread#2" [stack: 0x000000b3f4e00000,0x000000b3f4f00000] [id=584]
  0x000002aab57bc290 GCTaskThread "GC Thread#3" [stack: 0x000000b3f4f00000,0x000000b3f5000000] [id=11492]
  0x000002aa90a76210 ConcurrentGCThread "G1 Main Marker" [stack: 0x000000b3f3c00000,0x000000b3f3d00000] [id=13832]
  0x000002aa90a772d0 ConcurrentGCThread "G1 Conc#0" [stack: 0x000000b3f3d00000,0x000000b3f3e00000] [id=6856]
  0x000002aa90adbe20 ConcurrentGCThread "G1 Refine#0" [stack: 0x000000b3f3e00000,0x000000b3f3f00000] [id=10120]
  0x000002aab8460730 ConcurrentGCThread "G1 Refine#1" [stack: 0x000000b3f5700000,0x000000b3f5800000] [id=11440]
  0x000002aab8461870 ConcurrentGCThread "G1 Refine#2" [stack: 0x000000b3f5800000,0x000000b3f5900000] [id=11236]
  0x000002aab8460fd0 ConcurrentGCThread "G1 Refine#3" [stack: 0x000000b3f5900000,0x000000b3f5a00000] [id=32]
  0x000002aa90adc750 ConcurrentGCThread "G1 Service" [stack: 0x000000b3f3f00000,0x000000b3f4000000] [id=13700]

Threads with active compile tasks:

VM state: at safepoint (normal execution)

VM Mutex/Monitor currently owned by a thread:  ([mutex/lock_event])
[0x000002aa90a0b410] Threads_lock - owner thread: 0x000002aab5574ed0
[0x000002aa90a09d90] Heap_lock - owner thread: 0x000002aa90a76210

Heap address: 0x00000006c0000000, size: 5120 MB, Compressed Oops mode: Zero based, Oop shift amount: 3

CDS archive(s) mapped at: [0x0000000800000000-0x0000000800bc0000-0x0000000800bc0000), size 12320768, SharedBaseAddress: 0x0000000800000000, ArchiveRelocationMode: 0.
Compressed class space mapped at: 0x0000000800c00000-0x0000000840c00000, reserved size: 1073741824
Narrow klass base: 0x0000000800000000, Narrow klass shift: 0, Narrow klass range: 0x100000000

GC Precious Log:
 CPUs: 4 total, 4 available
 Memory: 8140M
 Large Page Support: Disabled
 NUMA Support: Disabled
 Compressed Oops: Enabled (Zero based)
 Heap Region Size: 8M
 Heap Min Capacity: 1G
 Heap Initial Capacity: 1G
 Heap Max Capacity: 5G
 Pre-touch: Enabled
 Parallel Workers: 4
 Concurrent Workers: 1
 Concurrent Refinement Workers: 4
 Periodic GC: Disabled

Heap:
 garbage-first heap   total 1916928K, used 1491843K [0x00000006c0000000, 0x0000000800000000)
  region size 8192K, 51 young (417792K), 1 survivors (8192K)
 Metaspace       used 169454K, committed 171456K, reserved 1196032K
  class space    used 24065K, committed 24960K, reserved 1048576K

Heap Regions: E=young(eden), S=young(survivor), O=old, HS=humongous(starts), HC=humongous(continues), CS=collection set, F=free, OA=open archive, CA=closed archive, TAMS=top-at-mark-start (previous, next)
|   0|0x00000006c0000000, 0x00000006c0800000, 0x00000006c0800000|100%| O|  |TAMS 0x00000006c0800000, 0x00000006c0000000| Untracked 
|   1|0x00000006c0800000, 0x00000006c1000000, 0x00000006c1000000|100%| O|  |TAMS 0x00000006c1000000, 0x00000006c0800000| Untracked 
|   2|0x00000006c1000000, 0x00000006c1800000, 0x00000006c1800000|100%| O|  |TAMS 0x00000006c1800000, 0x00000006c1000000| Untracked 
|   3|0x00000006c1800000, 0x00000006c2000000, 0x00000006c2000000|100%|HS|  |TAMS 0x00000006c2000000, 0x00000006c1800000| Complete 
|   4|0x00000006c2000000, 0x00000006c2800000, 0x00000006c2800000|100%|HC|  |TAMS 0x00000006c2800000, 0x00000006c2000000| Complete 
|   5|0x00000006c2800000, 0x00000006c3000000, 0x00000006c3000000|100%| O|  |TAMS 0x00000006c3000000, 0x00000006c2800000| Untracked 
|   6|0x00000006c3000000, 0x00000006c3800000, 0x00000006c3800000|100%| O|  |TAMS 0x00000006c3800000, 0x00000006c3000000| Untracked 
|   7|0x00000006c3800000, 0x00000006c4000000, 0x00000006c4000000|100%| O|  |TAMS 0x00000006c4000000, 0x00000006c3800000| Untracked 
|   8|0x00000006c4000000, 0x00000006c4800000, 0x00000006c4800000|100%| O|  |TAMS 0x00000006c4800000, 0x00000006c4000000| Untracked 
|   9|0x00000006c4800000, 0x00000006c5000000, 0x00000006c5000000|100%| O|  |TAMS 0x00000006c5000000, 0x00000006c4800000| Untracked 
|  10|0x00000006c5000000, 0x00000006c5800000, 0x00000006c5800000|100%| O|  |TAMS 0x00000006c5800000, 0x00000006c5000000| Untracked 
|  11|0x00000006c5800000, 0x00000006c6000000, 0x00000006c6000000|100%| O|  |TAMS 0x00000006c6000000, 0x00000006c5800000| Untracked 
|  12|0x00000006c6000000, 0x00000006c6800000, 0x00000006c6800000|100%| O|  |TAMS 0x00000006c6800000, 0x00000006c6000000| Updating 
|  13|0x00000006c6800000, 0x00000006c7000000, 0x00000006c7000000|100%| O|  |TAMS 0x00000006c7000000, 0x00000006c6800000| Updating 
|  14|0x00000006c7000000, 0x00000006c7800000, 0x00000006c7800000|100%| O|  |TAMS 0x00000006c7800000, 0x00000006c7000000| Updating 
|  15|0x00000006c7800000, 0x00000006c8000000, 0x00000006c8000000|100%| O|  |TAMS 0x00000006c8000000, 0x00000006c7800000| Untracked 
|  16|0x00000006c8000000, 0x00000006c8800000, 0x00000006c8800000|100%| O|  |TAMS 0x00000006c8800000, 0x00000006c8000000| Untracked 
|  17|0x00000006c8800000, 0x00000006c9000000, 0x00000006c9000000|100%| O|  |TAMS 0x00000006c9000000, 0x00000006c8800000| Untracked 
|  18|0x00000006c9000000, 0x00000006c9800000, 0x00000006c9800000|100%| O|  |TAMS 0x00000006c9800000, 0x00000006c9000000| Untracked 
|  19|0x00000006c9800000, 0x00000006ca000000, 0x00000006ca000000|100%| O|  |TAMS 0x00000006ca000000, 0x00000006c9800000| Untracked 
|  20|0x00000006ca000000, 0x00000006ca800000, 0x00000006ca800000|100%| O|  |TAMS 0x00000006ca800000, 0x00000006ca000000| Updating 
|  21|0x00000006ca800000, 0x00000006cb000000, 0x00000006cb000000|100%| O|  |TAMS 0x00000006cb000000, 0x00000006ca800000| Untracked 
|  22|0x00000006cb000000, 0x00000006cb800000, 0x00000006cb800000|100%| O|  |TAMS 0x00000006cb800000, 0x00000006cb000000| Updating 
|  23|0x00000006cb800000, 0x00000006cc000000, 0x00000006cc000000|100%| O|  |TAMS 0x00000006cc000000, 0x00000006cb800000| Untracked 
|  24|0x00000006cc000000, 0x00000006cc800000, 0x00000006cc800000|100%| O|  |TAMS 0x00000006cc800000, 0x00000006cc000000| Updating 
|  25|0x00000006cc800000, 0x00000006cd000000, 0x00000006cd000000|100%| O|  |TAMS 0x00000006cd000000, 0x00000006cc800000| Updating 
|  26|0x00000006cd000000, 0x00000006cd800000, 0x00000006cd800000|100%| O|  |TAMS 0x00000006cd800000, 0x00000006cd000000| Untracked 
|  27|0x00000006cd800000, 0x00000006ce000000, 0x00000006ce000000|100%| O|  |TAMS 0x00000006ce000000, 0x00000006cd800000| Untracked 
|  28|0x00000006ce000000, 0x00000006ce800000, 0x00000006ce800000|100%| O|  |TAMS 0x00000006ce800000, 0x00000006ce000000| Untracked 
|  29|0x00000006ce800000, 0x00000006cf000000, 0x00000006cf000000|100%| O|  |TAMS 0x00000006cf000000, 0x00000006ce800000| Untracked 
|  30|0x00000006cf000000, 0x00000006cf800000, 0x00000006cf800000|100%| O|  |TAMS 0x00000006cf800000, 0x00000006cf000000| Untracked 
|  31|0x00000006cf800000, 0x00000006d0000000, 0x00000006d0000000|100%| O|  |TAMS 0x00000006d0000000, 0x00000006cf800000| Untracked 
|  32|0x00000006d0000000, 0x00000006d0800000, 0x00000006d0800000|100%| O|  |TAMS 0x00000006d0800000, 0x00000006d0000000| Untracked 
|  33|0x00000006d0800000, 0x00000006d1000000, 0x00000006d1000000|100%| O|  |TAMS 0x00000006d1000000, 0x00000006d0800000| Updating 
|  34|0x00000006d1000000, 0x00000006d1800000, 0x00000006d1800000|100%| O|  |TAMS 0x00000006d1800000, 0x00000006d1000000| Updating 
|  35|0x00000006d1800000, 0x00000006d2000000, 0x00000006d2000000|100%| O|  |TAMS 0x00000006d2000000, 0x00000006d1800000| Updating 
|  36|0x00000006d2000000, 0x00000006d2800000, 0x00000006d2800000|100%| O|  |TAMS 0x00000006d2800000, 0x00000006d2000000| Updating 
|  37|0x00000006d2800000, 0x00000006d3000000, 0x00000006d3000000|100%| O|  |TAMS 0x00000006d3000000, 0x00000006d2800000| Updating 
|  38|0x00000006d3000000, 0x00000006d3800000, 0x00000006d3800000|100%| O|  |TAMS 0x00000006d3800000, 0x00000006d3000000| Updating 
|  39|0x00000006d3800000, 0x00000006d4000000, 0x00000006d4000000|100%| O|  |TAMS 0x00000006d4000000, 0x00000006d3800000| Updating 
|  40|0x00000006d4000000, 0x00000006d4800000, 0x00000006d4800000|100%| O|  |TAMS 0x00000006d4800000, 0x00000006d4000000| Updating 
|  41|0x00000006d4800000, 0x00000006d5000000, 0x00000006d5000000|100%| O|  |TAMS 0x00000006d5000000, 0x00000006d4800000| Updating 
|  42|0x00000006d5000000, 0x00000006d5800000, 0x00000006d5800000|100%| O|  |TAMS 0x00000006d5800000, 0x00000006d5000000| Updating 
|  43|0x00000006d5800000, 0x00000006d6000000, 0x00000006d6000000|100%| O|  |TAMS 0x00000006d6000000, 0x00000006d5800000| Updating 
|  44|0x00000006d6000000, 0x00000006d6800000, 0x00000006d6800000|100%| O|  |TAMS 0x00000006d6800000, 0x00000006d6000000| Updating 
|  45|0x00000006d6800000, 0x00000006d7000000, 0x00000006d7000000|100%| O|  |TAMS 0x00000006d7000000, 0x00000006d6800000| Updating 
|  46|0x00000006d7000000, 0x00000006d7800000, 0x00000006d7800000|100%| O|  |TAMS 0x00000006d7800000, 0x00000006d7000000| Updating 
|  47|0x00000006d7800000, 0x00000006d8000000, 0x00000006d8000000|100%| O|  |TAMS 0x00000006d8000000, 0x00000006d7800000| Updating 
|  48|0x00000006d8000000, 0x00000006d84ca000, 0x00000006d8800000| 59%| O|  |TAMS 0x00000006d8000000, 0x00000006d8000000| Updating 
|  49|0x00000006d8800000, 0x00000006d9000000, 0x00000006d9000000|100%| O|  |TAMS 0x00000006d9000000, 0x00000006d8800000| Untracked 
|  50|0x00000006d9000000, 0x00000006d9800000, 0x00000006d9800000|100%| O|  |TAMS 0x00000006d9800000, 0x00000006d9000000| Updating 
|  51|0x00000006d9800000, 0x00000006da000000, 0x00000006da000000|100%| O|  |TAMS 0x00000006da000000, 0x00000006d9800000| Untracked 
|  52|0x00000006da000000, 0x00000006da800000, 0x00000006da800000|100%| O|  |TAMS 0x00000006da800000, 0x00000006da000000| Untracked 
|  53|0x00000006da800000, 0x00000006db000000, 0x00000006db000000|100%| O|  |TAMS 0x00000006db000000, 0x00000006da800000| Untracked 
|  54|0x00000006db000000, 0x00000006db800000, 0x00000006db800000|100%| O|  |TAMS 0x00000006db800000, 0x00000006db000000| Untracked 
|  55|0x00000006db800000, 0x00000006dc000000, 0x00000006dc000000|100%| O|  |TAMS 0x00000006dc000000, 0x00000006db800000| Untracked 
|  56|0x00000006dc000000, 0x00000006dc800000, 0x00000006dc800000|100%| O|  |TAMS 0x00000006dc800000, 0x00000006dc000000| Untracked 
|  57|0x00000006dc800000, 0x00000006dd000000, 0x00000006dd000000|100%| O|  |TAMS 0x00000006dd000000, 0x00000006dc800000| Untracked 
|  58|0x00000006dd000000, 0x00000006dd800000, 0x00000006dd800000|100%| O|  |TAMS 0x00000006dd800000, 0x00000006dd000000| Untracked 
|  59|0x00000006dd800000, 0x00000006de000000, 0x00000006de000000|100%| O|  |TAMS 0x00000006de000000, 0x00000006dd800000| Untracked 
|  60|0x00000006de000000, 0x00000006de800000, 0x00000006de800000|100%| O|  |TAMS 0x00000006de800000, 0x00000006de000000| Untracked 
|  61|0x00000006de800000, 0x00000006df000000, 0x00000006df000000|100%| O|  |TAMS 0x00000006df000000, 0x00000006de800000| Untracked 
|  62|0x00000006df000000, 0x00000006df800000, 0x00000006df800000|100%| O|  |TAMS 0x00000006df800000, 0x00000006df000000| Untracked 
|  63|0x00000006df800000, 0x00000006e0000000, 0x00000006e0000000|100%| O|  |TAMS 0x00000006e0000000, 0x00000006df800000| Updating 
|  64|0x00000006e0000000, 0x00000006e0800000, 0x00000006e0800000|100%| O|  |TAMS 0x00000006e0800000, 0x00000006e0000000| Updating 
|  65|0x00000006e0800000, 0x00000006e1000000, 0x00000006e1000000|100%| O|  |TAMS 0x00000006e1000000, 0x00000006e0800000| Untracked 
|  66|0x00000006e1000000, 0x00000006e1800000, 0x00000006e1800000|100%| O|  |TAMS 0x00000006e1800000, 0x00000006e1000000| Untracked 
|  67|0x00000006e1800000, 0x00000006e2000000, 0x00000006e2000000|100%| O|  |TAMS 0x00000006e2000000, 0x00000006e1800000| Untracked 
|  68|0x00000006e2000000, 0x00000006e2800000, 0x00000006e2800000|100%| O|  |TAMS 0x00000006e2800000, 0x00000006e2000000| Updating 
|  69|0x00000006e2800000, 0x00000006e3000000, 0x00000006e3000000|100%| O|  |TAMS 0x00000006e3000000, 0x00000006e2800000| Untracked 
|  70|0x00000006e3000000, 0x00000006e3800000, 0x00000006e3800000|100%| O|  |TAMS 0x00000006e3800000, 0x00000006e3000000| Updating 
|  71|0x00000006e3800000, 0x00000006e4000000, 0x00000006e4000000|100%| O|  |TAMS 0x00000006e4000000, 0x00000006e3800000| Untracked 
|  72|0x00000006e4000000, 0x00000006e4800000, 0x00000006e4800000|100%| O|  |TAMS 0x00000006e4800000, 0x00000006e4000000| Untracked 
|  73|0x00000006e4800000, 0x00000006e5000000, 0x00000006e5000000|100%| O|  |TAMS 0x00000006e5000000, 0x00000006e4800000| Updating 
|  74|0x00000006e5000000, 0x00000006e5800000, 0x00000006e5800000|100%| O|  |TAMS 0x00000006e5800000, 0x00000006e5000000| Updating 
|  75|0x00000006e5800000, 0x00000006e6000000, 0x00000006e6000000|100%| O|  |TAMS 0x00000006e6000000, 0x00000006e5800000| Untracked 
|  76|0x00000006e6000000, 0x00000006e6800000, 0x00000006e6800000|100%| O|  |TAMS 0x00000006e6800000, 0x00000006e6000000| Untracked 
|  77|0x00000006e6800000, 0x00000006e7000000, 0x00000006e7000000|100%| O|  |TAMS 0x00000006e7000000, 0x00000006e6800000| Untracked 
|  78|0x00000006e7000000, 0x00000006e7800000, 0x00000006e7800000|100%| O|  |TAMS 0x00000006e7800000, 0x00000006e7000000| Untracked 
|  79|0x00000006e7800000, 0x00000006e8000000, 0x00000006e8000000|100%| O|  |TAMS 0x00000006e8000000, 0x00000006e7800000| Untracked 
|  80|0x00000006e8000000, 0x00000006e8800000, 0x00000006e8800000|100%| O|  |TAMS 0x00000006e8800000, 0x00000006e8000000| Untracked 
|  81|0x00000006e8800000, 0x00000006e9000000, 0x00000006e9000000|100%| O|  |TAMS 0x00000006e9000000, 0x00000006e8800000| Updating 
|  82|0x00000006e9000000, 0x00000006e9800000, 0x00000006e9800000|100%| O|  |TAMS 0x00000006e9800000, 0x00000006e9000000| Untracked 
|  83|0x00000006e9800000, 0x00000006ea000000, 0x00000006ea000000|100%| O|  |TAMS 0x00000006ea000000, 0x00000006e9800000| Updating 
|  84|0x00000006ea000000, 0x00000006ea800000, 0x00000006ea800000|100%| O|  |TAMS 0x00000006ea800000, 0x00000006ea000000| Updating 
|  85|0x00000006ea800000, 0x00000006eb000000, 0x00000006eb000000|100%| O|  |TAMS 0x00000006eb000000, 0x00000006ea800000| Updating 
|  86|0x00000006eb000000, 0x00000006eb800000, 0x00000006eb800000|100%| O|  |TAMS 0x00000006eb800000, 0x00000006eb000000| Untracked 
|  87|0x00000006eb800000, 0x00000006ec000000, 0x00000006ec000000|100%| O|  |TAMS 0x00000006ec000000, 0x00000006eb800000| Updating 
|  88|0x00000006ec000000, 0x00000006ec800000, 0x00000006ec800000|100%|HS|  |TAMS 0x00000006ec000000, 0x00000006ec000000| Complete 
|  89|0x00000006ec800000, 0x00000006ed000000, 0x00000006ed000000|100%| O|  |TAMS 0x00000006ed000000, 0x00000006ec800000| Updating 
|  90|0x00000006ed000000, 0x00000006ed800000, 0x00000006ed800000|100%|HS|  |TAMS 0x00000006ed000000, 0x00000006ed000000| Complete 
|  91|0x00000006ed800000, 0x00000006ee000000, 0x00000006ee000000|100%| O|  |TAMS 0x00000006ee000000, 0x00000006ed800000| Updating 
|  92|0x00000006ee000000, 0x00000006ee000000, 0x00000006ee800000|  0%| F|  |TAMS 0x00000006ee000000, 0x00000006ee000000| Untracked 
|  93|0x00000006ee800000, 0x00000006ee800000, 0x00000006ef000000|  0%| F|  |TAMS 0x00000006ee800000, 0x00000006ee800000| Untracked 
|  94|0x00000006ef000000, 0x00000006ef800000, 0x00000006ef800000|100%| O|  |TAMS 0x00000006ef800000, 0x00000006ef000000| Untracked 
|  95|0x00000006ef800000, 0x00000006f0000000, 0x00000006f0000000|100%| O|  |TAMS 0x00000006f0000000, 0x00000006ef800000| Untracked 
|  96|0x00000006f0000000, 0x00000006f0800000, 0x00000006f0800000|100%| O|  |TAMS 0x00000006f0800000, 0x00000006f0000000| Untracked 
|  97|0x00000006f0800000, 0x00000006f1000000, 0x00000006f1000000|100%| O|  |TAMS 0x00000006f1000000, 0x00000006f0800000| Untracked 
|  98|0x00000006f1000000, 0x00000006f1800000, 0x00000006f1800000|100%| O|  |TAMS 0x00000006f1800000, 0x00000006f1000000| Untracked 
|  99|0x00000006f1800000, 0x00000006f2000000, 0x00000006f2000000|100%| O|  |TAMS 0x00000006f2000000, 0x00000006f1800000| Untracked 
| 100|0x00000006f2000000, 0x00000006f2800000, 0x00000006f2800000|100%| O|  |TAMS 0x00000006f2800000, 0x00000006f2000000| Untracked 
| 101|0x00000006f2800000, 0x00000006f3000000, 0x00000006f3000000|100%| O|  |TAMS 0x00000006f3000000, 0x00000006f2800000| Untracked 
| 102|0x00000006f3000000, 0x00000006f3800000, 0x00000006f3800000|100%| O|  |TAMS 0x00000006f3800000, 0x00000006f3000000| Untracked 
| 103|0x00000006f3800000, 0x00000006f4000000, 0x00000006f4000000|100%|HS|  |TAMS 0x00000006f3800000, 0x00000006f3800000| Complete 
| 104|0x00000006f4000000, 0x00000006f4800000, 0x00000006f4800000|100%|HS|  |TAMS 0x00000006f4000000, 0x00000006f4000000| Complete 
| 105|0x00000006f4800000, 0x00000006f5000000, 0x00000006f5000000|100%| O|  |TAMS 0x00000006f5000000, 0x00000006f4800000| Untracked 
| 106|0x00000006f5000000, 0x00000006f5800000, 0x00000006f5800000|100%| O|  |TAMS 0x00000006f5800000, 0x00000006f5000000| Untracked 
| 107|0x00000006f5800000, 0x00000006f6000000, 0x00000006f6000000|100%| O|  |TAMS 0x00000006f6000000, 0x00000006f5800000| Updating 
| 108|0x00000006f6000000, 0x00000006f6800000, 0x00000006f6800000|100%| O|  |TAMS 0x00000006f6800000, 0x00000006f6000000| Untracked 
| 109|0x00000006f6800000, 0x00000006f7000000, 0x00000006f7000000|100%| O|  |TAMS 0x00000006f7000000, 0x00000006f6800000| Updating 
| 110|0x00000006f7000000, 0x00000006f7800000, 0x00000006f7800000|100%| O|  |TAMS 0x00000006f7800000, 0x00000006f7000000| Untracked 
| 111|0x00000006f7800000, 0x00000006f8000000, 0x00000006f8000000|100%| O|  |TAMS 0x00000006f8000000, 0x00000006f7800000| Untracked 
| 112|0x00000006f8000000, 0x00000006f8800000, 0x00000006f8800000|100%| O|  |TAMS 0x00000006f8800000, 0x00000006f8000000| Untracked 
| 113|0x00000006f8800000, 0x00000006f9000000, 0x00000006f9000000|100%| O|  |TAMS 0x00000006f9000000, 0x00000006f8800000| Untracked 
| 114|0x00000006f9000000, 0x00000006f9800000, 0x00000006f9800000|100%| O|  |TAMS 0x00000006f952a200, 0x00000006f9000000| Updating 
| 115|0x00000006f9800000, 0x00000006fa000000, 0x00000006fa000000|100%|HS|  |TAMS 0x00000006f9800000, 0x00000006f9800000| Complete 
| 116|0x00000006fa000000, 0x00000006fa800000, 0x00000006fa800000|100%|HC|  |TAMS 0x00000006fa000000, 0x00000006fa000000| Complete 
| 117|0x00000006fa800000, 0x00000006fb000000, 0x00000006fb000000|100%| O|  |TAMS 0x00000006fb000000, 0x00000006fa800000| Untracked 
| 118|0x00000006fb000000, 0x00000006fb000000, 0x00000006fb800000|  0%| F|  |TAMS 0x00000006fb000000, 0x00000006fb000000| Untracked 
| 119|0x00000006fb800000, 0x00000006fc000000, 0x00000006fc000000|100%| O|  |TAMS 0x00000006fc000000, 0x00000006fb800000| Untracked 
| 120|0x00000006fc000000, 0x00000006fc000000, 0x00000006fc800000|  0%| F|  |TAMS 0x00000006fc000000, 0x00000006fc000000| Untracked 
| 121|0x00000006fc800000, 0x00000006fd000000, 0x00000006fd000000|100%| O|  |TAMS 0x00000006fd000000, 0x00000006fc800000| Updating 
| 122|0x00000006fd000000, 0x00000006fd800000, 0x00000006fd800000|100%| O|  |TAMS 0x00000006fd800000, 0x00000006fd000000| Untracked 
| 123|0x00000006fd800000, 0x00000006fe000000, 0x00000006fe000000|100%| O|  |TAMS 0x00000006fe000000, 0x00000006fd800000| Untracked 
| 124|0x00000006fe000000, 0x00000006fe800000, 0x00000006fe800000|100%| O|  |TAMS 0x00000006fe800000, 0x00000006fe000000| Untracked 
| 125|0x00000006fe800000, 0x00000006ff000000, 0x00000006ff000000|100%|HS|  |TAMS 0x00000006fe800000, 0x00000006fe800000| Complete 
| 126|0x00000006ff000000, 0x00000006ff800000, 0x00000006ff800000|100%|HC|  |TAMS 0x00000006ff000000, 0x00000006ff000000| Complete 
| 127|0x00000006ff800000, 0x0000000700000000, 0x0000000700000000|100%| O|  |TAMS 0x0000000700000000, 0x00000006ff800000| Untracked 
| 128|0x0000000700000000, 0x0000000700800000, 0x0000000700800000|100%| O|  |TAMS 0x0000000700800000, 0x0000000700000000| Untracked 
| 129|0x0000000700800000, 0x0000000701000000, 0x0000000701000000|100%| O|  |TAMS 0x0000000701000000, 0x0000000700800000| Untracked 
| 130|0x0000000701000000, 0x0000000701800000, 0x0000000701800000|100%| O|  |TAMS 0x0000000701800000, 0x0000000701000000| Untracked 
| 131|0x0000000701800000, 0x0000000702000000, 0x0000000702000000|100%| O|  |TAMS 0x0000000702000000, 0x0000000701800000| Untracked 
| 132|0x0000000702000000, 0x0000000702000000, 0x0000000702800000|  0%| F|  |TAMS 0x0000000702000000, 0x0000000702000000| Untracked 
| 133|0x0000000702800000, 0x0000000702800000, 0x0000000703000000|  0%| F|  |TAMS 0x0000000702800000, 0x0000000702800000| Untracked 
| 134|0x0000000703000000, 0x0000000703000000, 0x0000000703800000|  0%| F|  |TAMS 0x0000000703000000, 0x0000000703000000| Untracked 
| 135|0x0000000703800000, 0x0000000703800000, 0x0000000704000000|  0%| F|  |TAMS 0x0000000703800000, 0x0000000703800000| Untracked 
| 136|0x0000000704000000, 0x0000000704000000, 0x0000000704800000|  0%| F|  |TAMS 0x0000000704000000, 0x0000000704000000| Untracked 
| 137|0x0000000704800000, 0x0000000704800000, 0x0000000705000000|  0%| F|  |TAMS 0x0000000704800000, 0x0000000704800000| Untracked 
| 138|0x0000000705000000, 0x0000000705000000, 0x0000000705800000|  0%| F|  |TAMS 0x0000000705000000, 0x0000000705000000| Untracked 
| 139|0x0000000705800000, 0x0000000705800000, 0x0000000706000000|  0%| F|  |TAMS 0x0000000705800000, 0x0000000705800000| Untracked 
| 140|0x0000000706000000, 0x0000000706000000, 0x0000000706800000|  0%| F|  |TAMS 0x0000000706000000, 0x0000000706000000| Untracked 
| 141|0x0000000706800000, 0x0000000706800000, 0x0000000707000000|  0%| F|  |TAMS 0x0000000706800000, 0x0000000706800000| Untracked 
| 142|0x0000000707000000, 0x0000000707000000, 0x0000000707800000|  0%| F|  |TAMS 0x0000000707000000, 0x0000000707000000| Untracked 
| 143|0x0000000707800000, 0x0000000707800000, 0x0000000708000000|  0%| F|  |TAMS 0x0000000707800000, 0x0000000707800000| Untracked 
| 144|0x0000000708000000, 0x0000000708000000, 0x0000000708800000|  0%| F|  |TAMS 0x0000000708000000, 0x0000000708000000| Untracked 
| 145|0x0000000708800000, 0x0000000708800000, 0x0000000709000000|  0%| F|  |TAMS 0x0000000708800000, 0x0000000708800000| Untracked 
| 146|0x0000000709000000, 0x0000000709000000, 0x0000000709800000|  0%| F|  |TAMS 0x0000000709000000, 0x0000000709000000| Untracked 
| 147|0x0000000709800000, 0x0000000709800000, 0x000000070a000000|  0%| F|  |TAMS 0x0000000709800000, 0x0000000709800000| Untracked 
| 148|0x000000070a000000, 0x000000070a000000, 0x000000070a800000|  0%| F|  |TAMS 0x000000070a000000, 0x000000070a000000| Untracked 
| 149|0x000000070a800000, 0x000000070a800000, 0x000000070b000000|  0%| F|  |TAMS 0x000000070a800000, 0x000000070a800000| Untracked 
| 150|0x000000070b000000, 0x000000070b000000, 0x000000070b800000|  0%| F|  |TAMS 0x000000070b000000, 0x000000070b000000| Untracked 
| 151|0x000000070b800000, 0x000000070b800000, 0x000000070c000000|  0%| F|  |TAMS 0x000000070b800000, 0x000000070b800000| Untracked 
| 152|0x000000070c000000, 0x000000070c000000, 0x000000070c800000|  0%| F|  |TAMS 0x000000070c000000, 0x000000070c000000| Untracked 
| 153|0x000000070c800000, 0x000000070c800000, 0x000000070d000000|  0%| F|  |TAMS 0x000000070c800000, 0x000000070c800000| Untracked 
| 154|0x000000070d000000, 0x000000070d000000, 0x000000070d800000|  0%| F|  |TAMS 0x000000070d000000, 0x000000070d000000| Untracked 
| 155|0x000000070d800000, 0x000000070d800000, 0x000000070e000000|  0%| F|  |TAMS 0x000000070d800000, 0x000000070d800000| Untracked 
| 156|0x000000070e000000, 0x000000070e000000, 0x000000070e800000|  0%| F|  |TAMS 0x000000070e000000, 0x000000070e000000| Untracked 
| 157|0x000000070e800000, 0x000000070ec16d20, 0x000000070f000000| 51%| S|CS|TAMS 0x000000070e800000, 0x000000070e800000| Complete 
| 158|0x000000070f000000, 0x000000070f000000, 0x000000070f800000|  0%| F|  |TAMS 0x000000070f000000, 0x000000070f000000| Untracked 
| 159|0x000000070f800000, 0x000000070f800000, 0x0000000710000000|  0%| F|  |TAMS 0x000000070f800000, 0x000000070f800000| Untracked 
| 160|0x0000000710000000, 0x0000000710000000, 0x0000000710800000|  0%| F|  |TAMS 0x0000000710000000, 0x0000000710000000| Untracked 
| 161|0x0000000710800000, 0x0000000710800000, 0x0000000711000000|  0%| F|  |TAMS 0x0000000710800000, 0x0000000710800000| Untracked 
| 162|0x0000000711000000, 0x0000000711000000, 0x0000000711800000|  0%| F|  |TAMS 0x0000000711000000, 0x0000000711000000| Untracked 
| 163|0x0000000711800000, 0x0000000711800000, 0x0000000712000000|  0%| F|  |TAMS 0x0000000711800000, 0x0000000711800000| Untracked 
| 164|0x0000000712000000, 0x0000000712000000, 0x0000000712800000|  0%| F|  |TAMS 0x0000000712000000, 0x0000000712000000| Untracked 
| 165|0x0000000712800000, 0x0000000712800000, 0x0000000713000000|  0%| F|  |TAMS 0x0000000712800000, 0x0000000712800000| Untracked 
| 166|0x0000000713000000, 0x0000000713000000, 0x0000000713800000|  0%| F|  |TAMS 0x0000000713000000, 0x0000000713000000| Untracked 
| 167|0x0000000713800000, 0x0000000713800000, 0x0000000714000000|  0%| F|  |TAMS 0x0000000713800000, 0x0000000713800000| Untracked 
| 168|0x0000000714000000, 0x0000000714000000, 0x0000000714800000|  0%| F|  |TAMS 0x0000000714000000, 0x0000000714000000| Untracked 
| 169|0x0000000714800000, 0x0000000714800000, 0x0000000715000000|  0%| F|  |TAMS 0x0000000714800000, 0x0000000714800000| Untracked 
| 170|0x0000000715000000, 0x0000000715000000, 0x0000000715800000|  0%| F|  |TAMS 0x0000000715000000, 0x0000000715000000| Untracked 
| 171|0x0000000715800000, 0x0000000715800000, 0x0000000716000000|  0%| F|  |TAMS 0x0000000715800000, 0x0000000715800000| Untracked 
| 172|0x0000000716000000, 0x0000000716000000, 0x0000000716800000|  0%| F|  |TAMS 0x0000000716000000, 0x0000000716000000| Untracked 
| 173|0x0000000716800000, 0x0000000716800000, 0x0000000717000000|  0%| F|  |TAMS 0x0000000716800000, 0x0000000716800000| Untracked 
| 174|0x0000000717000000, 0x0000000717000000, 0x0000000717800000|  0%| F|  |TAMS 0x0000000717000000, 0x0000000717000000| Untracked 
| 175|0x0000000717800000, 0x0000000717800000, 0x0000000718000000|  0%| F|  |TAMS 0x0000000717800000, 0x0000000717800000| Untracked 
| 176|0x0000000718000000, 0x0000000718000000, 0x0000000718800000|  0%| F|  |TAMS 0x0000000718000000, 0x0000000718000000| Untracked 
| 177|0x0000000718800000, 0x0000000718800000, 0x0000000719000000|  0%| F|  |TAMS 0x0000000718800000, 0x0000000718800000| Untracked 
| 178|0x0000000719000000, 0x0000000719577ad8, 0x0000000719800000| 68%| E|  |TAMS 0x0000000719000000, 0x0000000719000000| Complete 
| 179|0x0000000719800000, 0x000000071a000000, 0x000000071a000000|100%| E|CS|TAMS 0x0000000719800000, 0x0000000719800000| Complete 
| 180|0x000000071a000000, 0x000000071a800000, 0x000000071a800000|100%| E|CS|TAMS 0x000000071a000000, 0x000000071a000000| Complete 
| 181|0x000000071a800000, 0x000000071b000000, 0x000000071b000000|100%| E|CS|TAMS 0x000000071a800000, 0x000000071a800000| Complete 
| 182|0x000000071b000000, 0x000000071b800000, 0x000000071b800000|100%| E|CS|TAMS 0x000000071b000000, 0x000000071b000000| Complete 
| 183|0x000000071b800000, 0x000000071c000000, 0x000000071c000000|100%| E|CS|TAMS 0x000000071b800000, 0x000000071b800000| Complete 
| 184|0x000000071c000000, 0x000000071c800000, 0x000000071c800000|100%| E|CS|TAMS 0x000000071c000000, 0x000000071c000000| Complete 
| 185|0x000000071c800000, 0x000000071d000000, 0x000000071d000000|100%| E|CS|TAMS 0x000000071c800000, 0x000000071c800000| Complete 
| 186|0x000000071d000000, 0x000000071d800000, 0x000000071d800000|100%| E|CS|TAMS 0x000000071d000000, 0x000000071d000000| Complete 
| 187|0x000000071d800000, 0x000000071e000000, 0x000000071e000000|100%| E|CS|TAMS 0x000000071d800000, 0x000000071d800000| Complete 
| 188|0x000000071e000000, 0x000000071e800000, 0x000000071e800000|100%| E|CS|TAMS 0x000000071e000000, 0x000000071e000000| Complete 
| 189|0x000000071e800000, 0x000000071f000000, 0x000000071f000000|100%| E|CS|TAMS 0x000000071e800000, 0x000000071e800000| Complete 
| 190|0x000000071f000000, 0x000000071f800000, 0x000000071f800000|100%| E|CS|TAMS 0x000000071f000000, 0x000000071f000000| Complete 
| 191|0x000000071f800000, 0x0000000720000000, 0x0000000720000000|100%| E|  |TAMS 0x000000071f800000, 0x000000071f800000| Complete 
| 192|0x0000000720000000, 0x0000000720800000, 0x0000000720800000|100%| E|CS|TAMS 0x0000000720000000, 0x0000000720000000| Complete 
| 193|0x0000000720800000, 0x0000000721000000, 0x0000000721000000|100%| E|CS|TAMS 0x0000000720800000, 0x0000000720800000| Complete 
| 194|0x0000000721000000, 0x0000000721800000, 0x0000000721800000|100%| E|CS|TAMS 0x0000000721000000, 0x0000000721000000| Complete 
| 195|0x0000000721800000, 0x0000000722000000, 0x0000000722000000|100%| E|CS|TAMS 0x0000000721800000, 0x0000000721800000| Complete 
| 196|0x0000000722000000, 0x0000000722800000, 0x0000000722800000|100%| E|CS|TAMS 0x0000000722000000, 0x0000000722000000| Complete 
| 197|0x0000000722800000, 0x0000000723000000, 0x0000000723000000|100%| E|CS|TAMS 0x0000000722800000, 0x0000000722800000| Complete 
| 198|0x0000000723000000, 0x0000000723800000, 0x0000000723800000|100%| E|CS|TAMS 0x0000000723000000, 0x0000000723000000| Complete 
| 199|0x0000000723800000, 0x0000000724000000, 0x0000000724000000|100%| E|CS|TAMS 0x0000000723800000, 0x0000000723800000| Complete 
| 200|0x0000000724000000, 0x0000000724800000, 0x0000000724800000|100%| E|CS|TAMS 0x0000000724000000, 0x0000000724000000| Complete 
| 201|0x0000000724800000, 0x0000000725000000, 0x0000000725000000|100%| E|CS|TAMS 0x0000000724800000, 0x0000000724800000| Complete 
| 202|0x0000000725000000, 0x0000000725800000, 0x0000000725800000|100%| E|CS|TAMS 0x0000000725000000, 0x0000000725000000| Complete 
| 203|0x0000000725800000, 0x0000000726000000, 0x0000000726000000|100%| E|CS|TAMS 0x0000000725800000, 0x0000000725800000| Complete 
| 204|0x0000000726000000, 0x0000000726800000, 0x0000000726800000|100%| E|CS|TAMS 0x0000000726000000, 0x0000000726000000| Complete 
| 205|0x0000000726800000, 0x0000000727000000, 0x0000000727000000|100%| E|CS|TAMS 0x0000000726800000, 0x0000000726800000| Complete 
| 206|0x0000000727000000, 0x0000000727800000, 0x0000000727800000|100%| E|CS|TAMS 0x0000000727000000, 0x0000000727000000| Complete 
| 207|0x0000000727800000, 0x0000000728000000, 0x0000000728000000|100%| E|CS|TAMS 0x0000000727800000, 0x0000000727800000| Complete 
| 208|0x0000000728000000, 0x0000000728800000, 0x0000000728800000|100%| E|CS|TAMS 0x0000000728000000, 0x0000000728000000| Complete 
| 209|0x0000000728800000, 0x0000000729000000, 0x0000000729000000|100%| E|CS|TAMS 0x0000000728800000, 0x0000000728800000| Complete 
| 210|0x0000000729000000, 0x0000000729800000, 0x0000000729800000|100%| E|CS|TAMS 0x0000000729000000, 0x0000000729000000| Complete 
| 211|0x0000000729800000, 0x000000072a000000, 0x000000072a000000|100%| E|CS|TAMS 0x0000000729800000, 0x0000000729800000| Complete 
| 212|0x000000072a000000, 0x000000072a800000, 0x000000072a800000|100%| E|CS|TAMS 0x000000072a000000, 0x000000072a000000| Complete 
| 213|0x000000072a800000, 0x000000072b000000, 0x000000072b000000|100%| E|CS|TAMS 0x000000072a800000, 0x000000072a800000| Complete 
| 214|0x000000072b000000, 0x000000072b800000, 0x000000072b800000|100%| E|CS|TAMS 0x000000072b000000, 0x000000072b000000| Complete 
| 215|0x000000072b800000, 0x000000072c000000, 0x000000072c000000|100%| E|CS|TAMS 0x000000072b800000, 0x000000072b800000| Complete 
| 216|0x000000072c000000, 0x000000072c800000, 0x000000072c800000|100%| E|CS|TAMS 0x000000072c000000, 0x000000072c000000| Complete 
| 217|0x000000072c800000, 0x000000072d000000, 0x000000072d000000|100%| E|CS|TAMS 0x000000072c800000, 0x000000072c800000| Complete 
| 218|0x000000072d000000, 0x000000072d800000, 0x000000072d800000|100%| E|CS|TAMS 0x000000072d000000, 0x000000072d000000| Complete 
| 219|0x000000072d800000, 0x000000072e000000, 0x000000072e000000|100%| E|CS|TAMS 0x000000072d800000, 0x000000072d800000| Complete 
| 220|0x000000072e000000, 0x000000072e800000, 0x000000072e800000|100%| E|CS|TAMS 0x000000072e000000, 0x000000072e000000| Complete 
| 221|0x000000072e800000, 0x000000072f000000, 0x000000072f000000|100%| E|CS|TAMS 0x000000072e800000, 0x000000072e800000| Complete 
| 222|0x000000072f000000, 0x000000072f800000, 0x000000072f800000|100%| E|CS|TAMS 0x000000072f000000, 0x000000072f000000| Complete 
| 223|0x000000072f800000, 0x0000000730000000, 0x0000000730000000|100%| E|CS|TAMS 0x000000072f800000, 0x000000072f800000| Complete 
| 630|0x00000007fb000000, 0x00000007fb800000, 0x00000007fb800000|100%| E|CS|TAMS 0x00000007fb000000, 0x00000007fb000000| Complete 
| 631|0x00000007fb800000, 0x00000007fc000000, 0x00000007fc000000|100%| E|CS|TAMS 0x00000007fb800000, 0x00000007fb800000| Complete 
| 632|0x00000007fc000000, 0x00000007fc800000, 0x00000007fc800000|100%| O|  |TAMS 0x00000007fc800000, 0x00000007fc000000| Updating 
| 633|0x00000007fc800000, 0x00000007fd000000, 0x00000007fd000000|100%| O|  |TAMS 0x00000007fd000000, 0x00000007fc800000| Untracked 
| 634|0x00000007fd000000, 0x00000007fd800000, 0x00000007fd800000|100%| O|  |TAMS 0x00000007fd800000, 0x00000007fd000000| Untracked 
| 635|0x00000007fd800000, 0x00000007fe000000, 0x00000007fe000000|100%| O|  |TAMS 0x00000007fe000000, 0x00000007fd800000| Untracked 
| 636|0x00000007fe000000, 0x00000007fe800000, 0x00000007fe800000|100%| O|  |TAMS 0x00000007fe800000, 0x00000007fe000000| Updating 
| 637|0x00000007fe800000, 0x00000007ff000000, 0x00000007ff000000|100%| E|CS|TAMS 0x00000007fe800000, 0x00000007fe800000| Complete 
| 638|0x00000007ff000000, 0x00000007ff800000, 0x00000007ff800000|100%| O|  |TAMS 0x00000007ff800000, 0x00000007ff000000| Updating 
| 639|0x00000007ff800000, 0x0000000800000000, 0x0000000800000000|100%| E|CS|TAMS 0x00000007ff800000, 0x00000007ff800000| Complete 

Card table byte_map: [0x000002aaa7c90000,0x000002aaa8690000] _byte_map_base: 0x000002aaa4690000

Marking Bits (Prev, Next): (CMBitMap*) 0x000002aa90a70920, (CMBitMap*) 0x000002aa90a708e0
 Prev Bits: [0x000002aaae090000, 0x000002aab3090000)
 Next Bits: [0x000002aaa9090000, 0x000002aaae090000)

Polling page: 0x000002aa8e9e0000

Metaspace:

Usage:
  Non-class:    141.98 MB used.
      Class:     23.50 MB used.
       Both:    165.48 MB used.

Virtual space:
  Non-class space:      144.00 MB reserved,     143.06 MB (>99%) committed,  18 nodes.
      Class space:        1.00 GB reserved,      24.38 MB (  2%) committed,  1 nodes.
             Both:        1.14 GB reserved,     167.44 MB ( 14%) committed. 

Chunk freelists:
   Non-Class:  480.00 KB
       Class:  3.52 MB
        Both:  3.98 MB

MaxMetaspaceSize: unlimited
CompressedClassSpaceSize: 1.00 GB
Initial GC threshold: 21.00 MB
Current GC threshold: 277.94 MB
CDS: on
MetaspaceReclaimPolicy: balanced
 - commit_granule_bytes: 65536.
 - commit_granule_words: 8192.
 - virtual_space_node_default_size: 1048576.
 - enlarge_chunks_in_place: 1.
 - new_chunks_are_fully_committed: 0.
 - uncommit_free_chunks: 1.
 - use_allocation_guard: 0.
 - handle_deallocations: 1.


Internal statistics:

num_allocs_failed_limit: 18.
num_arena_births: 2226.
num_arena_deaths: 0.
num_vsnodes_births: 19.
num_vsnodes_deaths: 0.
num_space_committed: 2675.
num_space_uncommitted: 0.
num_chunks_returned_to_freelist: 18.
num_chunks_taken_from_freelist: 9029.
num_chunk_merges: 18.
num_chunk_splits: 5987.
num_chunks_enlarged: 4148.
num_purges: 0.
num_inconsistent_stats: 0.

CodeHeap 'non-profiled nmethods': size=120000Kb used=26174Kb max_used=26174Kb free=93826Kb
 bounds [0x000002aa9fd60000, 0x000002aaa16f0000, 0x000002aaa7290000]
CodeHeap 'profiled nmethods': size=120000Kb used=39867Kb max_used=40033Kb free=80132Kb
 bounds [0x000002aa98830000, 0x000002aa9afa0000, 0x000002aa9fd60000]
CodeHeap 'non-nmethods': size=5760Kb used=2020Kb max_used=2124Kb free=3739Kb
 bounds [0x000002aa98290000, 0x000002aa98500000, 0x000002aa98830000]
 total_blobs=24505 nmethods=22976 adapters=1439
 compilation: enabled
              stopped_count=0, restarted_count=0
 full_count=0

Compilation events (20 events):
Event: 288.469 Thread 0x000002aab55a0120 nmethod 33339 0x000002aa9925bd10 code [0x000002aa9925bea0, 0x000002aa9925c008]
Event: 288.471 Thread 0x000002aab55a0120 33340       3       com.sk89q.worldedit.math.Vector3::normalize (9 bytes)
Event: 288.471 Thread 0x000002aab55a0120 nmethod 33340 0x000002aa989b7690 code [0x000002aa989b7840, 0x000002aa989b7a38]
Event: 288.471 Thread 0x000002aab55a0120 33341       3       com.sk89q.worldedit.math.Vector3::length (8 bytes)
Event: 288.471 Thread 0x000002aab55a0120 nmethod 33341 0x000002aa9a75c490 code [0x000002aa9a75c640, 0x000002aa9a75c788]
Event: 288.487 Thread 0x000002aab5597360 nmethod 33338 0x000002aaa16db490 code [0x000002aaa16dba20, 0x000002aaa16defd0]
Event: 288.574 Thread 0x000002aab55a0120 33342       3       com.sk89q.worldedit.extent.transform.BlockTransformExtent::transform (1391 bytes)
Event: 288.578 Thread 0x000002aab55a0120 nmethod 33342 0x000002aa9af85010 code [0x000002aa9af85b60, 0x000002aa9af8e178]
Event: 288.579 Thread 0x000002aab55a0120 33343       3       com.sk89q.worldedit.math.Vector3::lengthSq (30 bytes)
Event: 288.580 Thread 0x000002aab55a0120 nmethod 33343 0x000002aa9a7c1e90 code [0x000002aa9a7c2020, 0x000002aa9a7c2158]
Event: 288.580 Thread 0x000002aab55a0120 33344       3       com.sk89q.worldedit.math.Vector3::divide (8 bytes)
Event: 288.580 Thread 0x000002aab55a0120 nmethod 33344 0x000002aa9a870010 code [0x000002aa9a8701a0, 0x000002aa9a8702e8]
Event: 288.581 Thread 0x000002aab5597360 33345       4       com.sk89q.worldedit.extent.transform.BlockTransformExtent::transform (1391 bytes)
Event: 288.675 Thread 0x000002aab5597360 nmethod 33345 0x000002aaa16e1810 code [0x000002aaa16e1de0, 0x000002aaa16e5578]
Event: 288.679 Thread 0x000002aab55a0120 33346       3       com.sk89q.worldedit.extent.transform.BlockTransformExtent::transform (1391 bytes)
Event: 288.682 Thread 0x000002aab55a0120 nmethod 33346 0x000002aa9af90190 code [0x000002aa9af90ce0, 0x000002aa9af992f8]
Event: 288.685 Thread 0x000002aab5597360 33347       4       com.sk89q.worldedit.extent.transform.BlockTransformExtent::transform (1391 bytes)
Event: 288.783 Thread 0x000002aab5597360 nmethod 33347 0x000002aaa16e7f10 code [0x000002aaa16e8500, 0x000002aaa16ebe08]
Event: 288.813 Thread 0x000002aab5597360 33348   !   4       jdk.internal.reflect.GeneratedMethodAccessor39::invoke (80 bytes)
Event: 288.822 Thread 0x000002aab5597360 nmethod 33348 0x000002aaa16ee810 code [0x000002aaa16ee9c0, 0x000002aaa16ef3b8]

GC Heap History (20 events):
Event: 59.130 GC heap before
{Heap before GC invocations=36 (full 0):
 garbage-first heap   total 1916928K, used 1622016K [0x00000006c0000000, 0x0000000800000000)
  region size 8192K, 64 young (524288K), 2 survivors (16384K)
 Metaspace       used 152648K, committed 154368K, reserved 1187840K
  class space    used 22081K, committed 22848K, reserved 1048576K
}
Event: 59.213 GC heap after
{Heap after GC invocations=37 (full 0):
 garbage-first heap   total 1916928K, used 1052672K [0x00000006c0000000, 0x0000000800000000)
  region size 8192K, 3 young (24576K), 3 survivors (24576K)
 Metaspace       used 152648K, committed 154368K, reserved 1187840K
  class space    used 22081K, committed 22848K, reserved 1048576K
}
Event: 89.617 GC heap before
{Heap before GC invocations=37 (full 0):
 garbage-first heap   total 1916928K, used 1601536K [0x00000006c0000000, 0x0000000800000000)
  region size 8192K, 70 young (573440K), 3 survivors (24576K)
 Metaspace       used 163218K, committed 165184K, reserved 1196032K
  class space    used 23417K, committed 24320K, reserved 1048576K
}
Event: 89.671 GC heap after
{Heap after GC invocations=38 (full 0):
 garbage-first heap   total 1916928K, used 1064960K [0x00000006c0000000, 0x0000000800000000)
  region size 8192K, 2 young (16384K), 2 survivors (16384K)
 Metaspace       used 163218K, committed 165184K, reserved 1196032K
  class space    used 23417K, committed 24320K, reserved 1048576K
}
Event: 138.322 GC heap before
{Heap before GC invocations=38 (full 0):
 garbage-first heap   total 1916928K, used 1622016K [0x00000006c0000000, 0x0000000800000000)
  region size 8192K, 70 young (573440K), 2 survivors (16384K)
 Metaspace       used 164537K, committed 166464K, reserved 1196032K
  class space    used 23502K, committed 24384K, reserved 1048576K
}
Event: 138.354 GC heap after
{Heap after GC invocations=39 (full 0):
 garbage-first heap   total 1916928K, used 1084254K [0x00000006c0000000, 0x0000000800000000)
  region size 8192K, 2 young (16384K), 2 survivors (16384K)
 Metaspace       used 164537K, committed 166464K, reserved 1196032K
  class space    used 23502K, committed 24384K, reserved 1048576K
}
Event: 171.175 GC heap before
{Heap before GC invocations=40 (full 0):
 garbage-first heap   total 1916928K, used 1624926K [0x00000006c0000000, 0x0000000800000000)
  region size 8192K, 70 young (573440K), 2 survivors (16384K)
 Metaspace       used 165823K, committed 167744K, reserved 1196032K
  class space    used 23603K, committed 24512K, reserved 1048576K
}
Event: 171.220 GC heap after
{Heap after GC invocations=41 (full 0):
 garbage-first heap   total 1916928K, used 1117041K [0x00000006c0000000, 0x0000000800000000)
  region size 8192K, 3 young (24576K), 3 survivors (24576K)
 Metaspace       used 165823K, committed 167744K, reserved 1196032K
  class space    used 23603K, committed 24512K, reserved 1048576K
}
Event: 185.420 GC heap before
{Heap before GC invocations=41 (full 0):
 garbage-first heap   total 1916928K, used 1665905K [0x00000006c0000000, 0x0000000800000000)
  region size 8192K, 70 young (573440K), 3 survivors (24576K)
 Metaspace       used 166638K, committed 168576K, reserved 1196032K
  class space    used 23707K, committed 24576K, reserved 1048576K
}
Event: 185.483 GC heap after
{Heap after GC invocations=42 (full 0):
 garbage-first heap   total 1916928K, used 1022830K [0x00000006c0000000, 0x0000000800000000)
  region size 8192K, 3 young (24576K), 3 survivors (24576K)
 Metaspace       used 166638K, committed 168576K, reserved 1196032K
  class space    used 23707K, committed 24576K, reserved 1048576K
}
Event: 190.283 GC heap before
{Heap before GC invocations=42 (full 0):
 garbage-first heap   total 1916928K, used 1571694K [0x00000006c0000000, 0x0000000800000000)
  region size 8192K, 70 young (573440K), 3 survivors (24576K)
 Metaspace       used 167336K, committed 169344K, reserved 1196032K
  class space    used 23798K, committed 24704K, reserved 1048576K
}
Event: 190.371 GC heap after
{Heap after GC invocations=43 (full 0):
 garbage-first heap   total 1916928K, used 959165K [0x00000006c0000000, 0x0000000800000000)
  region size 8192K, 3 young (24576K), 3 survivors (24576K)
 Metaspace       used 167336K, committed 169344K, reserved 1196032K
  class space    used 23798K, committed 24704K, reserved 1048576K
}
Event: 195.100 GC heap before
{Heap before GC invocations=43 (full 0):
 garbage-first heap   total 1916928K, used 1508029K [0x00000006c0000000, 0x0000000800000000)
  region size 8192K, 70 young (573440K), 3 survivors (24576K)
 Metaspace       used 168715K, committed 170688K, reserved 1196032K
  class space    used 23987K, committed 24896K, reserved 1048576K
}
Event: 195.149 GC heap after
{Heap after GC invocations=44 (full 0):
 garbage-first heap   total 1916928K, used 987136K [0x00000006c0000000, 0x0000000800000000)
  region size 8192K, 3 young (24576K), 3 survivors (24576K)
 Metaspace       used 168715K, committed 170688K, reserved 1196032K
  class space    used 23987K, committed 24896K, reserved 1048576K
}
Event: 282.818 GC heap before
{Heap before GC invocations=45 (full 0):
 garbage-first heap   total 1916928K, used 1585152K [0x00000006c0000000, 0x0000000800000000)
  region size 8192K, 70 young (573440K), 3 survivors (24576K)
 Metaspace       used 169269K, committed 171264K, reserved 1196032K
  class space    used 24047K, committed 24960K, reserved 1048576K
}
Event: 282.846 GC heap after
{Heap after GC invocations=46 (full 0):
 garbage-first heap   total 1916928K, used 1064960K [0x00000006c0000000, 0x0000000800000000)
  region size 8192K, 3 young (24576K), 3 survivors (24576K)
 Metaspace       used 169269K, committed 171264K, reserved 1196032K
  class space    used 24047K, committed 24960K, reserved 1048576K
}
Event: 283.165 GC heap before
{Heap before GC invocations=46 (full 0):
 garbage-first heap   total 1916928K, used 1613824K [0x00000006c0000000, 0x0000000800000000)
  region size 8192K, 70 young (573440K), 3 survivors (24576K)
 Metaspace       used 169269K, committed 171264K, reserved 1196032K
  class space    used 24047K, committed 24960K, reserved 1048576K
}
Event: 283.197 GC heap after
{Heap after GC invocations=47 (full 0):
 garbage-first heap   total 1916928K, used 1042291K [0x00000006c0000000, 0x0000000800000000)
  region size 8192K, 1 young (8192K), 1 survivors (8192K)
 Metaspace       used 169269K, committed 171264K, reserved 1196032K
  class space    used 24047K, committed 24960K, reserved 1048576K
}
Event: 287.717 GC heap before
{Heap before GC invocations=47 (full 0):
 garbage-first heap   total 1916928K, used 1607539K [0x00000006c0000000, 0x0000000800000000)
  region size 8192K, 70 young (573440K), 1 survivors (8192K)
 Metaspace       used 169440K, committed 171456K, reserved 1196032K
  class space    used 24064K, committed 24960K, reserved 1048576K
}
Event: 287.723 GC heap after
{Heap after GC invocations=48 (full 0):
 garbage-first heap   total 1916928K, used 1049475K [0x00000006c0000000, 0x0000000800000000)
  region size 8192K, 1 young (8192K), 1 survivors (8192K)
 Metaspace       used 169440K, committed 171456K, reserved 1196032K
  class space    used 24064K, committed 24960K, reserved 1048576K
}

Deoptimization events (20 events):
Event: 288.101 Thread 0x000002aab6d5d390 Uncommon trap: trap_request=0xffffff45 fr.pc=0x000002aaa16a6d74 relative=0x00000000000000d4
Event: 288.101 Thread 0x000002aab6d5d390 Uncommon trap: reason=unstable_if action=reinterpret pc=0x000002aaa16a6d74 method=com.sk89q.worldedit.math.Vector3.at(DDD)Lcom/sk89q/worldedit/math/Vector3; @ 6 c2
Event: 288.101 Thread 0x000002aab6d5d390 DEOPT PACKING pc=0x000002aaa16a6d74 sp=0x000000b3f69fde00
Event: 288.101 Thread 0x000002aab6d5d390 DEOPT UNPACKING pc=0x000002aa982e23a3 sp=0x000000b3f69fdda8 mode 2
Event: 288.198 Thread 0x000002aab6d5d390 Uncommon trap: trap_request=0xffffff76 fr.pc=0x000002aaa16d1a68 relative=0x0000000000001c28
Event: 288.198 Thread 0x000002aab6d5d390 Uncommon trap: reason=predicate action=maybe_recompile pc=0x000002aaa16d1a68 method=com.sk89q.worldedit.extent.transform.BlockTransformExtent.transform(Lcom/sk89q/worldedit/world/block/BlockStateHolder;Lcom/sk89q/worldedit/math/transform/Transform;)Lcom/s
Event: 288.198 Thread 0x000002aab6d5d390 DEOPT PACKING pc=0x000002aaa16d1a68 sp=0x000000b3f69fe030
Event: 288.198 Thread 0x000002aab6d5d390 DEOPT UNPACKING pc=0x000002aa982e23a3 sp=0x000000b3f69fdff0 mode 2
Event: 288.405 Thread 0x000002aab6d5d390 Uncommon trap: trap_request=0xffffffec fr.pc=0x000002aaa16d74f0 relative=0x0000000000002970
Event: 288.405 Thread 0x000002aab6d5d390 Uncommon trap: reason=null_assert_or_unreached0 action=make_not_entrant pc=0x000002aaa16d74f0 method=com.sk89q.worldedit.extent.transform.BlockTransformExtent.transform(Lcom/sk89q/worldedit/world/block/BlockStateHolder;Lcom/sk89q/worldedit/math/transform/
Event: 288.405 Thread 0x000002aab6d5d390 DEOPT PACKING pc=0x000002aaa16d74f0 sp=0x000000b3f69fe020
Event: 288.405 Thread 0x000002aab6d5d390 DEOPT UNPACKING pc=0x000002aa982e23a3 sp=0x000000b3f69fdff0 mode 2
Event: 288.574 Thread 0x000002aab6d5d390 Uncommon trap: trap_request=0xffffff45 fr.pc=0x000002aaa16de1c8 relative=0x00000000000027a8
Event: 288.574 Thread 0x000002aab6d5d390 Uncommon trap: reason=unstable_if action=reinterpret pc=0x000002aaa16de1c8 method=com.sk89q.worldedit.extent.transform.BlockTransformExtent.transform(Lcom/sk89q/worldedit/world/block/BlockStateHolder;Lcom/sk89q/worldedit/math/transform/Transform;)Lcom/sk8
Event: 288.574 Thread 0x000002aab6d5d390 DEOPT PACKING pc=0x000002aaa16de1c8 sp=0x000000b3f69fe020
Event: 288.574 Thread 0x000002aab6d5d390 DEOPT UNPACKING pc=0x000002aa982e23a3 sp=0x000000b3f69fdff0 mode 2
Event: 288.678 Thread 0x000002aab6d5d390 Uncommon trap: trap_request=0xffffff45 fr.pc=0x000002aaa16e3558 relative=0x0000000000001778
Event: 288.678 Thread 0x000002aab6d5d390 Uncommon trap: reason=unstable_if action=reinterpret pc=0x000002aaa16e3558 method=com.sk89q.worldedit.extent.transform.BlockTransformExtent.transform(Lcom/sk89q/worldedit/world/block/BlockStateHolder;Lcom/sk89q/worldedit/math/transform/Transform;)Lcom/sk8
Event: 288.678 Thread 0x000002aab6d5d390 DEOPT PACKING pc=0x000002aaa16e3558 sp=0x000000b3f69fe020
Event: 288.678 Thread 0x000002aab6d5d390 DEOPT UNPACKING pc=0x000002aa982e23a3 sp=0x000000b3f69fdff0 mode 2

Classes unloaded (0 events):
No events

Classes redefined (0 events):
No events

Internal exceptions (20 events):
Event: 195.080 Thread 0x000002aabbc17080 Exception <a 'sun/nio/fs/WindowsException'{0x000000071235f010}> (0x000000071235f010) 
thrown [t:\workspace\open\src\hotspot\share\prims\jni.cpp, line 516]
Event: 197.521 Thread 0x000002aac67dee80 Exception <a 'sun/nio/fs/WindowsException'{0x00000007ffecca10}> (0x00000007ffecca10) 
thrown [t:\workspace\open\src\hotspot\share\prims\jni.cpp, line 516]
Event: 197.521 Thread 0x000002aac67dee80 Exception <a 'sun/nio/fs/WindowsException'{0x00000007ffed1420}> (0x00000007ffed1420) 
thrown [t:\workspace\open\src\hotspot\share\prims\jni.cpp, line 516]
Event: 197.529 Thread 0x000002aabbc17080 Exception <a 'sun/nio/fs/WindowsException'{0x0000000724e96b58}> (0x0000000724e96b58) 
thrown [t:\workspace\open\src\hotspot\share\prims\jni.cpp, line 516]
Event: 197.548 Thread 0x000002aabbc17080 Exception <a 'sun/nio/fs/WindowsException'{0x0000000724e9c748}> (0x0000000724e9c748) 
thrown [t:\workspace\open\src\hotspot\share\prims\jni.cpp, line 516]
Event: 197.549 Thread 0x000002aabbc17080 Exception <a 'sun/nio/fs/WindowsException'{0x0000000724ea2390}> (0x0000000724ea2390) 
thrown [t:\workspace\open\src\hotspot\share\prims\jni.cpp, line 516]
Event: 197.549 Thread 0x000002aabbc17080 Exception <a 'sun/nio/fs/WindowsException'{0x0000000724ea7f80}> (0x0000000724ea7f80) 
thrown [t:\workspace\open\src\hotspot\share\prims\jni.cpp, line 516]
Event: 197.550 Thread 0x000002aabbc17080 Exception <a 'sun/nio/fs/WindowsException'{0x0000000724eadb70}> (0x0000000724eadb70) 
thrown [t:\workspace\open\src\hotspot\share\prims\jni.cpp, line 516]
Event: 197.551 Thread 0x000002aabbc17080 Exception <a 'sun/nio/fs/WindowsException'{0x0000000724eb37b8}> (0x0000000724eb37b8) 
thrown [t:\workspace\open\src\hotspot\share\prims\jni.cpp, line 516]
Event: 197.552 Thread 0x000002aabbc17080 Exception <a 'sun/nio/fs/WindowsException'{0x0000000724eb9400}> (0x0000000724eb9400) 
thrown [t:\workspace\open\src\hotspot\share\prims\jni.cpp, line 516]
Event: 197.553 Thread 0x000002aabbc17080 Exception <a 'sun/nio/fs/WindowsException'{0x0000000724ebf048}> (0x0000000724ebf048) 
thrown [t:\workspace\open\src\hotspot\share\prims\jni.cpp, line 516]
Event: 197.555 Thread 0x000002aabbc17080 Exception <a 'sun/nio/fs/WindowsException'{0x0000000724ec4c38}> (0x0000000724ec4c38) 
thrown [t:\workspace\open\src\hotspot\share\prims\jni.cpp, line 516]
Event: 197.555 Thread 0x000002aabbc17080 Exception <a 'sun/nio/fs/WindowsException'{0x0000000724eca828}> (0x0000000724eca828) 
thrown [t:\workspace\open\src\hotspot\share\prims\jni.cpp, line 516]
Event: 197.556 Thread 0x000002aabbc17080 Exception <a 'sun/nio/fs/WindowsException'{0x0000000724ed0418}> (0x0000000724ed0418) 
thrown [t:\workspace\open\src\hotspot\share\prims\jni.cpp, line 516]
Event: 197.556 Thread 0x000002aabbc17080 Exception <a 'sun/nio/fs/WindowsException'{0x0000000724ed6008}> (0x0000000724ed6008) 
thrown [t:\workspace\open\src\hotspot\share\prims\jni.cpp, line 516]
Event: 197.557 Thread 0x000002aabbc17080 Exception <a 'sun/nio/fs/WindowsException'{0x0000000724edbbf8}> (0x0000000724edbbf8) 
thrown [t:\workspace\open\src\hotspot\share\prims\jni.cpp, line 516]
Event: 197.557 Thread 0x000002aabbc17080 Exception <a 'sun/nio/fs/WindowsException'{0x0000000724ee17e8}> (0x0000000724ee17e8) 
thrown [t:\workspace\open\src\hotspot\share\prims\jni.cpp, line 516]
Event: 197.558 Thread 0x000002aabbc17080 Exception <a 'sun/nio/fs/WindowsException'{0x0000000724ee73d8}> (0x0000000724ee73d8) 
thrown [t:\workspace\open\src\hotspot\share\prims\jni.cpp, line 516]
Event: 197.559 Thread 0x000002aabbc17080 Exception <a 'sun/nio/fs/WindowsException'{0x0000000724eecfc8}> (0x0000000724eecfc8) 
thrown [t:\workspace\open\src\hotspot\share\prims\jni.cpp, line 516]
Event: 197.560 Thread 0x000002aabbc17080 Exception <a 'sun/nio/fs/WindowsException'{0x0000000724ef2bb8}> (0x0000000724ef2bb8) 
thrown [t:\workspace\open\src\hotspot\share\prims\jni.cpp, line 516]

VM Operations (20 events):
Event: 279.152 Executing VM operation: Cleanup done
Event: 281.154 Executing VM operation: Cleanup
Event: 281.154 Executing VM operation: Cleanup done
Event: 282.154 Executing VM operation: Cleanup
Event: 282.154 Executing VM operation: Cleanup done
Event: 282.818 Executing VM operation: G1CollectForAllocation
Event: 282.847 Executing VM operation: G1CollectForAllocation done
Event: 283.165 Executing VM operation: G1CollectForAllocation
Event: 283.197 Executing VM operation: G1CollectForAllocation done
Event: 285.197 Executing VM operation: Cleanup
Event: 285.197 Executing VM operation: Cleanup done
Event: 287.198 Executing VM operation: Cleanup
Event: 287.198 Executing VM operation: Cleanup done
Event: 287.706 Executing VM operation: HandshakeAllThreads
Event: 287.706 Executing VM operation: HandshakeAllThreads done
Event: 287.717 Executing VM operation: G1CollectForAllocation
Event: 287.727 Executing VM operation: G1CollectForAllocation done
Event: 288.358 Executing VM operation: HandshakeAllThreads
Event: 288.358 Executing VM operation: HandshakeAllThreads done
Event: 288.853 Executing VM operation: G1Concurrent

Events (20 events):
Event: 287.740 Thread 0x000002aab55b19f0 flushing nmethod 0x000002aa9a46e890
Event: 287.740 Thread 0x000002aab55b19f0 flushing nmethod 0x000002aa9a526890
Event: 287.740 Thread 0x000002aab55b19f0 flushing nmethod 0x000002aa9a532390
Event: 287.740 Thread 0x000002aab55b19f0 flushing nmethod 0x000002aa9a5abd90
Event: 287.741 Thread 0x000002aab55b19f0 flushing nmethod 0x000002aa9a712110
Event: 287.741 Thread 0x000002aab55b19f0 flushing nmethod 0x000002aa9a78a190
Event: 287.742 Thread 0x000002aab55b19f0 flushing nmethod 0x000002aa9a81d910
Event: 287.742 Thread 0x000002aab55b19f0 flushing nmethod 0x000002aa9a81ec90
Event: 287.742 Thread 0x000002aab55b19f0 flushing nmethod 0x000002aa9a841590
Event: 287.742 Thread 0x000002aab55b19f0 flushing nmethod 0x000002aa9a845010
Event: 287.742 Thread 0x000002aab55b19f0 flushing nmethod 0x000002aa9a85dd90
Event: 287.742 Thread 0x000002aab55b19f0 flushing nmethod 0x000002aa9a948d10
Event: 287.742 Thread 0x000002aab55b19f0 flushing nmethod 0x000002aa9a962210
Event: 287.743 Thread 0x000002aab55b19f0 flushing nmethod 0x000002aa9aa58910
Event: 287.744 Thread 0x000002aab55b19f0 flushing nmethod 0x000002aa9ab9c810
Event: 287.744 Thread 0x000002aab55b19f0 flushing nmethod 0x000002aa9abd9990
Event: 287.744 Thread 0x000002aab55b19f0 flushing nmethod 0x000002aa9abda890
Event: 287.744 Thread 0x000002aab55b19f0 flushing nmethod 0x000002aa9abe5290
Event: 287.745 Thread 0x000002aab55b19f0 flushing nmethod 0x000002aa9ae12f90
Event: 288.311 Thread 0x000002aabb68ac70 Thread exited: 0x000002aabb68ac70


Dynamic libraries:
0x00007ff668db0000 - 0x00007ff668dc0000 	C:\Program Files\Java\jdk-17.0.3.1\bin\java.exe
0x00007fff4e770000 - 0x00007fff4e965000 	C:\Windows\SYSTEM32\ntdll.dll
0x00007fff4e130000 - 0x00007fff4e1ed000 	C:\Windows\System32\KERNEL32.DLL
0x00007fff4c1b0000 - 0x00007fff4c479000 	C:\Windows\System32\KERNELBASE.dll
0x00007fff4c6a0000 - 0x00007fff4c7a0000 	C:\Windows\System32\ucrtbase.dll
0x00007fff47920000 - 0x00007fff4793a000 	C:\Program Files\Java\jdk-17.0.3.1\bin\VCRUNTIME140.dll
0x00007fff47900000 - 0x00007fff47918000 	C:\Program Files\Java\jdk-17.0.3.1\bin\jli.dll
0x00007fff4d400000 - 0x00007fff4d4ac000 	C:\Windows\System32\ADVAPI32.dll
0x00007fff4c8c0000 - 0x00007fff4c95e000 	C:\Windows\System32\msvcrt.dll
0x00007fff4d0a0000 - 0x00007fff4d13b000 	C:\Windows\System32\sechost.dll
0x00007fff4d6b0000 - 0x00007fff4d7da000 	C:\Windows\System32\RPCRT4.dll
0x00007fff4ce00000 - 0x00007fff4cfa0000 	C:\Windows\System32\USER32.dll
0x00007fff3b8a0000 - 0x00007fff3bb3a000 	C:\Windows\WinSxS\amd64_microsoft.windows.common-controls_6595b64144ccf1df_6.0.19041.1110_none_60b5254171f9507e\COMCTL32.dll
0x00007fff4c180000 - 0x00007fff4c1a2000 	C:\Windows\System32\win32u.dll
0x00007fff4dff0000 - 0x00007fff4e01a000 	C:\Windows\System32\GDI32.dll
0x00007fff4c070000 - 0x00007fff4c17b000 	C:\Windows\System32\gdi32full.dll
0x00007fff4be70000 - 0x00007fff4bf0d000 	C:\Windows\System32\msvcp_win.dll
0x00007fff44760000 - 0x00007fff4476a000 	C:\Windows\SYSTEM32\VERSION.dll
0x00007fff4d3d0000 - 0x00007fff4d400000 	C:\Windows\System32\IMM32.DLL
0x00007fff478f0000 - 0x00007fff478fc000 	C:\Program Files\Java\jdk-17.0.3.1\bin\vcruntime140_1.dll
0x00007fff340a0000 - 0x00007fff3412d000 	C:\Program Files\Java\jdk-17.0.3.1\bin\msvcp140.dll
0x00007ffef8be0000 - 0x00007ffef97a0000 	C:\Program Files\Java\jdk-17.0.3.1\bin\server\jvm.dll
0x00007fff4e6f0000 - 0x00007fff4e6f8000 	C:\Windows\System32\PSAPI.DLL
0x00007fff44730000 - 0x00007fff44757000 	C:\Windows\SYSTEM32\WINMM.dll
0x00007fff45ed0000 - 0x00007fff45ed9000 	C:\Windows\SYSTEM32\WSOCK32.dll
0x00007fff4d1b0000 - 0x00007fff4d21b000 	C:\Windows\System32\WS2_32.dll
0x00007fff49cc0000 - 0x00007fff49cd2000 	C:\Windows\SYSTEM32\kernel.appcore.dll
0x00007fff478e0000 - 0x00007fff478ea000 	C:\Program Files\Java\jdk-17.0.3.1\bin\jimage.dll
0x00007fff421b0000 - 0x00007fff42394000 	C:\Windows\SYSTEM32\DBGHELP.DLL
0x00007fff35a00000 - 0x00007fff35a2c000 	C:\Windows\SYSTEM32\dbgcore.DLL
0x00007fff4c480000 - 0x00007fff4c503000 	C:\Windows\System32\bcryptPrimitives.dll
0x00007fff3d150000 - 0x00007fff3d175000 	C:\Program Files\Java\jdk-17.0.3.1\bin\java.dll
0x00007ffefe0b0000 - 0x00007ffefe186000 	C:\Program Files\Java\jdk-17.0.3.1\bin\jsvml.dll
0x00007fff4d840000 - 0x00007fff4df7f000 	C:\Windows\System32\SHELL32.dll
0x00007fff49fa0000 - 0x00007fff4a730000 	C:\Windows\SYSTEM32\windows.storage.dll
0x00007fff4caa0000 - 0x00007fff4cdf5000 	C:\Windows\System32\combase.dll
0x00007fff4b8d0000 - 0x00007fff4b8fc000 	C:\Windows\SYSTEM32\Wldp.dll
0x00007fff4e020000 - 0x00007fff4e0ce000 	C:\Windows\System32\SHCORE.dll
0x00007fff4df80000 - 0x00007fff4dfd5000 	C:\Windows\System32\shlwapi.dll
0x00007fff4bdb0000 - 0x00007fff4bdcf000 	C:\Windows\SYSTEM32\profapi.dll
0x00007fff478b0000 - 0x00007fff478c9000 	C:\Program Files\Java\jdk-17.0.3.1\bin\net.dll
0x00007fff40f50000 - 0x00007fff41058000 	C:\Windows\SYSTEM32\WINHTTP.dll
0x00007fff4b630000 - 0x00007fff4b69a000 	C:\Windows\system32\mswsock.dll
0x00007fff3e8a0000 - 0x00007fff3e8b6000 	C:\Program Files\Java\jdk-17.0.3.1\bin\nio.dll
0x00007fff3e140000 - 0x00007fff3e158000 	C:\Program Files\Java\jdk-17.0.3.1\bin\zip.dll
0x00007fff3ff80000 - 0x00007fff3ff89000 	C:\Program Files\Java\jdk-17.0.3.1\bin\management.dll
0x00007fff3ee20000 - 0x00007fff3ee2b000 	C:\Program Files\Java\jdk-17.0.3.1\bin\management_ext.dll
0x00007fff34630000 - 0x00007fff34647000 	C:\Windows\system32\napinsp.dll
0x00007fff34340000 - 0x00007fff3435b000 	C:\Windows\system32\pnrpnsp.dll
0x00007fff2d040000 - 0x00007fff2d055000 	C:\Windows\system32\wshbth.dll
0x00007fff47860000 - 0x00007fff4787d000 	C:\Windows\system32\NLAapi.dll
0x00007fff4b2d0000 - 0x00007fff4b30b000 	C:\Windows\SYSTEM32\IPHLPAPI.DLL
0x00007fff4b320000 - 0x00007fff4b3ec000 	C:\Windows\SYSTEM32\DNSAPI.dll
0x00007fff4d1a0000 - 0x00007fff4d1a8000 	C:\Windows\System32\NSI.dll
0x00007fff34320000 - 0x00007fff34332000 	C:\Windows\System32\winrnr.dll
0x00007fff420f0000 - 0x00007fff420fa000 	C:\Windows\System32\rasadhlp.dll
0x00007fff40d70000 - 0x00007fff40def000 	C:\Windows\System32\fwpuclnt.dll
0x00007fff4c560000 - 0x00007fff4c587000 	C:\Windows\System32\bcrypt.dll
0x0000000069ac0000 - 0x0000000069ae4000 	C:\Users\paden\AppData\Local\Temp\jansi-2.4.0-bdcc246082a96ebb-jansi.dll
0x00007fff4b820000 - 0x00007fff4b838000 	C:\Windows\SYSTEM32\CRYPTSP.dll
0x00007fff4af40000 - 0x00007fff4af74000 	C:\Windows\system32\rsaenh.dll
0x00007fff4bd30000 - 0x00007fff4bd5e000 	C:\Windows\SYSTEM32\USERENV.dll
0x00007fff4b840000 - 0x00007fff4b84c000 	C:\Windows\SYSTEM32\CRYPTBASE.dll
0x00007fff44950000 - 0x00007fff44967000 	C:\Windows\SYSTEM32\dhcpcsvc6.DLL
0x00007fff44930000 - 0x00007fff4494d000 	C:\Windows\SYSTEM32\dhcpcsvc.DLL
0x00007fff346a0000 - 0x00007fff346e5000 	C:\Users\paden\AppData\Local\Temp\jna-106423420\jna12419491535795194738.dll
0x00007fff4d580000 - 0x00007fff4d6aa000 	C:\Windows\System32\Ole32.dll
0x00007fff4c960000 - 0x00007fff4ca09000 	C:\Windows\System32\clbcatq.dll
0x00007fff4d4b0000 - 0x00007fff4d57d000 	C:\Windows\System32\OleAut32.dll
0x00007fff3e250000 - 0x00007fff3e269000 	C:\Windows\SYSTEM32\amsi.dll
0x00007fff30530000 - 0x00007fff305ab000 	C:\ProgramData\Microsoft\Windows Defender\Platform\4.18.2203.5-0\MpOav.dll
0x00007fff2dac0000 - 0x00007fff2dcec000 	C:\Program Files (x86)\Kaspersky Lab\Kaspersky Security Cloud 21.3\x64\antimalware_provider.dll
0x00007fff21870000 - 0x00007fff218c4000 	C:\Windows\SYSTEM32\Pdh.dll
0x00007fff27e10000 - 0x00007fff27e1f000 	C:\Windows\System32\perfos.dll
0x00007fff3ede0000 - 0x00007fff3edf0000 	C:\Program Files\Java\jdk-17.0.3.1\bin\verify.dll
0x00007ffefd730000 - 0x00007ffefd8bf000 	C:\Program Files\Java\jdk-17.0.3.1\bin\awt.dll
0x00007fff496f0000 - 0x00007fff49780000 	C:\Windows\SYSTEM32\apphelp.dll
0x00007fff497f0000 - 0x00007fff4988e000 	C:\Windows\system32\uxtheme.dll
0x00007fff4c7a0000 - 0x00007fff4c8b5000 	C:\Windows\System32\MSCTF.dll
0x00007fff49c90000 - 0x00007fff49cbf000 	C:\Windows\system32\DWMAPI.DLL
0x00007fff18e70000 - 0x00007fff18f95000 	C:\Windows\system32\opengl32.dll
0x00007fff27f10000 - 0x00007fff27f3c000 	C:\Windows\SYSTEM32\GLU32.dll
0x00007fff1a4f0000 - 0x00007fff1a6be000 	C:\Windows\system32\d3d9.dll
0x00007fff44770000 - 0x00007fff4492a000 	C:\Windows\System32\DriverStore\FileRepository\u0376032.inf_amd64_1a2e19f1369fd940\B375758\aticfx64.dll
0x00007fff03bb0000 - 0x00007fff03be4000 	C:\Windows\System32\DriverStore\FileRepository\u0376032.inf_amd64_1a2e19f1369fd940\B375758\atiu9p64.dll
0x00007fff01f80000 - 0x00007fff02cd6000 	C:\Windows\System32\DriverStore\FileRepository\u0376032.inf_amd64_1a2e19f1369fd940\B375758\atiumd64.dll
0x0000000076880000 - 0x000000007773f000 	C:\Windows\System32\DriverStore\FileRepository\u0376032.inf_amd64_1a2e19f1369fd940\B375758\atiumd6a.dll
0x00007fff4e1f0000 - 0x00007fff4e662000 	C:\Windows\System32\SETUPAPI.dll
0x00007fff4c510000 - 0x00007fff4c55e000 	C:\Windows\System32\cfgmgr32.dll
0x00007fff4b440000 - 0x00007fff4b48b000 	C:\Windows\SYSTEM32\POWRPROF.dll
0x00007fff4b2b0000 - 0x00007fff4b2c2000 	C:\Windows\SYSTEM32\UMPDC.dll
0x00007fff42670000 - 0x00007fff426a0000 	C:\Windows\SYSTEM32\amdihk64.dll
0x00007fff47a00000 - 0x00007fff47a3b000 	C:\Windows\SYSTEM32\dxcore.dll
0x00007fff30890000 - 0x00007fff30919000 	C:\Program Files\Java\jdk-17.0.3.1\bin\freetype.dll
0x00007ffefe000000 - 0x00007ffefe0a8000 	C:\Program Files\Java\jdk-17.0.3.1\bin\fontmanager.dll
0x00007fff466a0000 - 0x00007fff46854000 	C:\Windows\SYSTEM32\WindowsCodecs.dll
0x00007fff22da0000 - 0x00007fff22dde000 	C:\Windows\system32\dataexchange.dll
0x00007fff483c0000 - 0x00007fff48624000 	C:\Windows\system32\d3d11.dll
0x00007fff48bf0000 - 0x00007fff48dd6000 	C:\Windows\system32\dcomp.dll
0x00007fff4a770000 - 0x00007fff4a864000 	C:\Windows\system32\dxgi.dll
0x00007fff463e0000 - 0x00007fff465e1000 	C:\Windows\system32\twinapi.appcore.dll
0x00007fff3f900000 - 0x00007fff3f9f9000 	C:\Windows\SYSTEM32\textinputframework.dll
0x00007fff494c0000 - 0x00007fff495b2000 	C:\Windows\System32\CoreMessaging.dll
0x00007fff48de0000 - 0x00007fff4913e000 	C:\Windows\System32\CoreUIComponents.dll
0x00007fff47e00000 - 0x00007fff47f54000 	C:\Windows\SYSTEM32\wintypes.dll
0x00007fff4ab70000 - 0x00007fff4aba3000 	C:\Windows\SYSTEM32\ntmarta.dll
0x00007fff22de0000 - 0x00007fff22e46000 	C:\Windows\system32\Oleacc.dll
0x00007fff3eaf0000 - 0x00007fff3eaf9000 	C:\Program Files\Java\jdk-17.0.3.1\bin\jaas.dll
0x00007fff3d700000 - 0x00007fff3d70e000 	C:\Program Files\Java\jdk-17.0.3.1\bin\sunmscapi.dll
0x00007fff4bf10000 - 0x00007fff4c06f000 	C:\Windows\System32\CRYPT32.dll
0x00007fff4b940000 - 0x00007fff4b967000 	C:\Windows\SYSTEM32\ncrypt.dll
0x00007fff4b900000 - 0x00007fff4b93b000 	C:\Windows\SYSTEM32\NTASN1.dll
0x00007fff305b0000 - 0x00007fff305b7000 	C:\Windows\system32\wshunix.dll
0x0000000070bc0000 - 0x0000000070c9c000 	C:\Users\paden\AppData\Local\Temp\sqlite-3.36.0.3-6817e9f9-564e-44e8-bcae-2892c434608d-sqlitejdbc.dll

dbghelp: loaded successfully - version: 4.0.5 - missing functions: none
symbol engine: initialized successfully - sym options: 0x614 - pdb path: .;C:\Program Files\Java\jdk-17.0.3.1\bin;C:\Windows\SYSTEM32;C:\Windows\WinSxS\amd64_microsoft.windows.common-controls_6595b64144ccf1df_6.0.19041.1110_none_60b5254171f9507e;C:\Program Files\Java\jdk-17.0.3.1\bin\server;C:\Users\paden\AppData\Local\Temp;C:\Users\paden\AppData\Local\Temp\jna-106423420;C:\ProgramData\Microsoft\Windows Defender\Platform\4.18.2203.5-0;C:\Program Files (x86)\Kaspersky Lab\Kaspersky Security Cloud 21.3\x64;C:\Windows\System32\DriverStore\FileRepository\u0376032.inf_amd64_1a2e19f1369fd940\B375758

VM Arguments:
jvm_args: -Xms1G -Xmx5G -Dfile.encoding=utf-8 -XX:+UseG1GC -XX:+ParallelRefProcEnabled -XX:MaxGCPauseMillis=200 -XX:+UnlockExperimentalVMOptions -XX:+DisableExplicitGC -XX:-OmitStackTraceInFastThrow -XX:+AlwaysPreTouch -XX:G1NewSizePercent=30 -XX:G1MaxNewSizePercent=40 -XX:G1HeapRegionSize=8M -XX:G1ReservePercent=20 -XX:G1HeapWastePercent=5 -XX:G1MixedGCCountTarget=8 -XX:InitiatingHeapOccupancyPercent=15 -XX:G1MixedGCLiveThresholdPercent=90 -XX:G1RSetUpdatingPauseTimePercent=5 -XX:SurvivorRatio=32 -XX:MaxTenuringThreshold=1 -Dusing.aikars.flags=true -Daikars.new.flags=true 
java_command: server.jar
java_class_path (initial): server.jar
Launcher Type: SUN_STANDARD

[Global flags]
     bool AlwaysPreTouch                           = true                                      {product} {command line}
     bool AlwaysTenure                             = false                                     {product} {command line}
     intx CICompilerCount                          = 3                                         {product} {ergonomic}
     uint ConcGCThreads                            = 1                                         {product} {ergonomic}
     bool DisableExplicitGC                        = true                                      {product} {command line}
     uint G1ConcRefinementThreads                  = 4                                         {product} {ergonomic}
     uint G1EagerReclaimRemSetThreshold            = 64                                   {experimental} {ergonomic}
   size_t G1HeapRegionSize                         = 8388608                                   {product} {command line}
    uintx G1HeapWastePercent                       = 5                                         {product} {command line}
    uintx G1MaxNewSizePercent                      = 40                                   {experimental} {command line}
    uintx G1MixedGCCountTarget                     = 8                                         {product} {command line}
    uintx G1MixedGCLiveThresholdPercent            = 90                                   {experimental} {command line}
    uintx G1NewSizePercent                         = 30                                   {experimental} {command line}
     intx G1RSetUpdatingPauseTimePercent           = 5                                         {product} {command line}
    uintx G1ReservePercent                         = 20                                        {product} {command line}
    uintx GCDrainStackTargetSize                   = 64                                        {product} {ergonomic}
   size_t InitialHeapSize                          = 1073741824                                {product} {command line}
    uintx InitialTenuringThreshold                 = 1                                         {product} {ergonomic}
    uintx InitiatingHeapOccupancyPercent           = 15                                        {product} {command line}
   size_t MarkStackSize                            = 4194304                                   {product} {ergonomic}
    uintx MaxGCPauseMillis                         = 200                                       {product} {command line}
   size_t MaxHeapSize                              = 5368709120                                {product} {command line}
   size_t MaxNewSize                               = 2147483648                                {product} {ergonomic}
    uintx MaxTenuringThreshold                     = 1                                         {product} {command line}
   size_t MinHeapDeltaBytes                        = 8388608                                   {product} {ergonomic}
   size_t MinHeapSize                              = 1073741824                                {product} {command line}
     bool NeverTenure                              = false                                     {product} {command line}
    uintx NonNMethodCodeHeapSize                   = 5832780                                {pd product} {ergonomic}
    uintx NonProfiledCodeHeapSize                  = 122912730                              {pd product} {ergonomic}
     bool OmitStackTraceInFastThrow                = false                                     {product} {command line}
     bool ParallelRefProcEnabled                   = true                                      {product} {command line}
    uintx ProfiledCodeHeapSize                     = 122912730                              {pd product} {ergonomic}
    uintx ReservedCodeCacheSize                    = 251658240                              {pd product} {ergonomic}
     bool SegmentedCodeCache                       = true                                      {product} {ergonomic}
   size_t SoftMaxHeapSize                          = 5368709120                             {manageable} {ergonomic}
    uintx SurvivorRatio                            = 32                                        {product} {command line}
     bool UnlockExperimentalVMOptions              = true                                 {experimental} {command line}
     bool UseCompressedClassPointers               = true                           {product lp64_product} {ergonomic}
     bool UseCompressedOops                        = true                           {product lp64_product} {ergonomic}
     bool UseG1GC                                  = true                                      {product} {command line}
     bool UseLargePagesIndividualAllocation        = false                                  {pd product} {ergonomic}

Logging:
Log output configuration:
 #0: stdout all=warning uptime,level,tags
 #1: stderr all=off uptime,level,tags

Environment Variables:
PATH=C:\Program Files\Common Files\Oracle\Java\javapath;C:\Program Files (x86)\Razer Chroma SDK\bin;C:\Program Files\Razer Chroma SDK\bin;C:\Program Files (x86)\Razer\ChromaBroadcast\bin;C:\Program Files\Razer\ChromaBroadcast\bin;C:\Program Files\Eclipse Adoptium\jdk-8.0.322.6-hotspot\bin;C:\Program Files\Microsoft\jdk-11.0.12.7-hotspot\bin;C:\Program Files (x86)\Common Files\Oracle\Java\javapath;C:\ProgramData\Oracle\Java\javapath;C:\Windows\system32;C:\Windows;C:\Windows\System32\Wbem;C:\Windows\System32\WindowsPowerShell\v1.0\;C:\Windows\System32\OpenSSH\;C:\Program Files\dotnet\;C:\Program Files\Microsoft SQL Server\130\Tools\Binn\;C:\Program Files\Microsoft SQL Server\Client SDK\ODBC\170\Tools\Binn\;C:\Program Files\nodejs\;C:\Program Files\Microsoft SQL Server\Client SDK\ODBC\130\Tools\Binn\;C:\Program Files (x86)\Microsoft SQL Server\130\Tools\Binn\;C:\Program Files\Microsoft SQL Server\130\DTS\Binn\;C:\Program Files\Git\cmd;C:\Program Files\PuTTY\;C:\Windows\system32\config\systemprofile\AppData\Local\Microsoft\WindowsApps;C:\Users\paden\AppData\Local\Programs\Python\Python38-32\Scripts\;C:\Users\paden\AppData\Local\Programs\Python\Python38-32\;C:\Users\paden\AppData\Local\Programs\Python\Python39\Scripts\;C:\Users\paden\AppData\Local\Programs\Python\Python39\;C:\Users\paden\AppData\Local\Programs\Python\Python38\Scripts\;C:\Users\paden\AppData\Local\Programs\Python\Python38\;C:\Users\paden\AppData\Local\Microsoft\WindowsApps;;C:\Program Files\JetBrains\PyCharm Community Edition 2020.2.1\bin;;C:\Users\paden\.dotnet\tools;C:\Users\paden\AppData\Roaming\npm;C:\Users\paden\AppData\Local\Programs\Microsoft VS Code\bin;C:\Users\paden\AppData\Local\JpegminiPro3\
USERNAME=paden
OS=Windows_NT
PROCESSOR_IDENTIFIER=AMD64 Family 23 Model 24 Stepping 1, AuthenticAMD



---------------  S Y S T E M  ---------------

OS:
 Windows 10 , 64 bit Build 19041 (10.0.19041.1151)
OS uptime: 0 days 4:16 hours

CPU: total 4 (initial active 4) (4 cores per cpu, 1 threads per core) family 23 model 24 stepping 1 microcode 0x0, cx8, cmov, fxsr, mmx, 3dnowpref, sse, sse2, sse3, ssse3, sse4a, sse4.1, sse4.2, popcnt, lzcnt, tsc, tscinvbit, avx, avx2, aes, clmul, bmi1, bmi2, adx, sha, fma, vzeroupper, clflush, clflushopt

Memory: 4k page, system-wide physical 8140M (1710M free)
TotalPageFile size 16291M (AvailPageFile size 1384M)
current process WorkingSet (physical memory assigned to process): 2257M, peak: 2421M
current process commit charge ("private bytes"): 2454M, peak: 3054M

vm_info: Java HotSpot(TM) 64-Bit Server VM (17.0.3.1+2-LTS-6) for windows-amd64 JRE (17.0.3.1+2-LTS-6), built on Apr 25 2022 22:04:21 by "mach5one" with MS VC++ 16.8 / 16.9 (VS2019)

END.
