#
# There is insufficient memory for the Java Runtime Environment to continue.
# Native memory allocation (malloc) failed to allocate 1642096 bytes for Chunk::new
# Possible reasons:
#   The system is out of physical RAM or swap space
#   The process is running with CompressedOops enabled, and the Java Heap may be blocking the growth of the native heap
# Possible solutions:
#   Reduce memory load on the system
#   Increase physical memory or swap space
#   Check if swap backing store is full
#   Decrease Java heap size (-Xmx/-Xms)
#   Decrease number of Java threads
#   Decrease Java thread stack sizes (-Xss)
#   Set larger code cache with -XX:ReservedCodeCacheSize=
#   JVM is running with Zero Based Compressed Oops mode in which the Java heap is
#     placed in the first 32GB address space. The Java Heap base address is the
#     maximum limit for the native heap growth. Please use -XX:HeapBaseMinAddress
#     to set the Java Heap base and to place the Java Heap above 32GB virtual address.
# This output file may be truncated or incomplete.
#
#  Out of Memory Error (arena.cpp:189), pid=12268, tid=10208
#
# JRE version: Java(TM) SE Runtime Environment (17.0.3.1+2) (build 17.0.3.1+2-LTS-6)
# Java VM: Java HotSpot(TM) 64-Bit Server VM (17.0.3.1+2-LTS-6, mixed mode, sharing, tiered, compressed oops, compressed class ptrs, g1 gc, windows-amd64)
# No core dump will be written. Minidumps are not enabled by default on client versions of Windows
#

---------------  S U M M A R Y ------------

Command Line: -Xms1G -Xmx3G -Dfile.encoding=utf-8 -XX:+UseG1GC -XX:+ParallelRefProcEnabled -XX:MaxGCPauseMillis=200 -XX:+UnlockExperimentalVMOptions -XX:+DisableExplicitGC -XX:-OmitStackTraceInFastThrow -XX:+AlwaysPreTouch -XX:G1NewSizePercent=30 -XX:G1MaxNewSizePercent=40 -XX:G1HeapRegionSize=8M -XX:G1ReservePercent=20 -XX:G1HeapWastePercent=5 -XX:G1MixedGCCountTarget=8 -XX:InitiatingHeapOccupancyPercent=15 -XX:G1MixedGCLiveThresholdPercent=90 -XX:G1RSetUpdatingPauseTimePercent=5 -XX:SurvivorRatio=32 -XX:MaxTenuringThreshold=1 -Dusing.aikars.flags=true -Daikars.new.flags=true server.jar

Host: AMD Ryzen 3 PRO 3200G with Radeon Vega Graphics, 4 cores, 7G,  Windows 10 , 64 bit Build 19041 (10.0.19041.1151)
Time: Thu Jun 16 13:02:13 2022 RTZ 2 (s 10 , 64 bit Build 19041 (10.0.19041.1151) elapsed time: 161.513065 seconds (0d 0h 2m 41s)

---------------  T H R E A D  ---------------

Current thread (0x000001703388d960):  JavaThread "C2 CompilerThread0" daemon [_thread_in_native, id=10208, stack(0x0000000494e00000,0x0000000494f00000)]


Current CompileTask:
C2: 161513 27098       4       net.minecraft.world.level.chunk.storage.ChunkRegionLoader::loadChunk (2057 bytes)

Stack: [0x0000000494e00000,0x0000000494f00000]
Native frames: (J=compiled Java code, j=interpreted, Vv=VM code, C=native code)
V  [jvm.dll+0x6711ba]
V  [jvm.dll+0x7d0834]
V  [jvm.dll+0x7d1fde]
V  [jvm.dll+0x7d2643]
V  [jvm.dll+0x242c85]
V  [jvm.dll+0xaa57b]
V  [jvm.dll+0xaab0c]
V  [jvm.dll+0x2a99df]
V  [jvm.dll+0x579889]
V  [jvm.dll+0x21defd]
V  [jvm.dll+0x21e2df]
V  [jvm.dll+0x217bb5]
V  [jvm.dll+0x21507b]
V  [jvm.dll+0x1a1c3d]
V  [jvm.dll+0x2249c8]
V  [jvm.dll+0x222b2c]
V  [jvm.dll+0x78650b]
V  [jvm.dll+0x780aca]
V  [jvm.dll+0x670045]
C  [ucrtbase.dll+0x21bb2]
C  [KERNEL32.DLL+0x17034]
C  [ntdll.dll+0x52651]


---------------  P R O C E S S  ---------------

Threads class SMR info:
_java_thread_list=0x000001703c1836e0, length=106, elements={
0x00000170139eea00, 0x00000170139eff20, 0x0000017033881420, 0x0000017033882ef0,
0x0000017033886060, 0x00000170338870c0, 0x000001703388d960, 0x000001703388ea00,
0x000001703389c2c0, 0x0000017033a42490, 0x0000017033a4ac20, 0x000001701391f480,
0x0000017034d495f0, 0x0000017035593f60, 0x00000170375010a0, 0x00000170374fd6e0,
0x00000170374fdbb0, 0x0000017037503250, 0x00000170374fe080, 0x00000170375023e0,
0x0000017037502d80, 0x00000170374ffd60, 0x00000170374ff890, 0x0000017037504a60,
0x0000017036f87550, 0x0000017036f84ed0, 0x0000017036f84530, 0x0000017036f853a0,
0x0000017036f85870, 0x0000017036f866e0, 0x000001703a0dd4d0, 0x000001703a0e26a0,
0x000001703a0e1830, 0x000001703a0de340, 0x000001703a0e09c0, 0x000001703a0e1360,
0x000001703a0e3510, 0x000001703a0e39e0, 0x000001703a0e3eb0, 0x000001703a0e4380,
0x000001703a0dcb30, 0x000001703a0df1b0, 0x000001703a0dd000, 0x0000017036f86210,
0x0000017036f86bb0, 0x0000017039fd3ed0, 0x0000017039fd5bb0, 0x0000017039fd2b90,
0x0000017039fd43a0, 0x0000017039fd4870, 0x0000017039fd56e0, 0x0000017037500700,
0x0000017037501a40, 0x000001703a0dece0, 0x000001703a0df680, 0x0000017036f84a00,
0x0000017047753850, 0x000001704774eb50, 0x000001704774d810, 0x000001704774e1b0,
0x00000170477541f0, 0x0000017047752510, 0x00000170477546c0, 0x000001704774f4f0,
0x0000017047750360, 0x0000017047753380, 0x000001704774dce0, 0x000001704774f9c0,
0x000001704774fe90, 0x0000017047750830, 0x0000017047750d00, 0x000001704774f020,
0x00000170477511d0, 0x0000017039fd6080, 0x000001703a0e2b70, 0x000001703a0e04f0,
0x0000017036f87a20, 0x00000170483a86e0, 0x0000017045431070, 0x0000017045437f20,
0x0000017045432d50, 0x0000017045431ee0, 0x0000017045434f00, 0x00000170454323b0,
0x0000017048276980, 0x0000017048275b10, 0x00000170482747d0, 0x0000017048278660,
0x0000017048278190, 0x0000017048278b30, 0x0000017048279000, 0x0000017048276e50,
0x0000017048275fe0, 0x000001704827b1b0, 0x000001704827b680, 0x000001704827a810,
0x0000017048277320, 0x000001704827bb50, 0x00000170482764b0, 0x00000170482794d0,
0x0000017048274300, 0x0000017044bae710, 0x000001704827a340, 0x00000170482799a0,
0x0000017045434560, 0x0000017045433220
}

Java Threads: ( => current thread )
  0x00000170139eea00 JavaThread "Reference Handler" daemon [_thread_blocked, id=6500, stack(0x0000000494800000,0x0000000494900000)]
  0x00000170139eff20 JavaThread "Finalizer" daemon [_thread_blocked, id=8784, stack(0x0000000494900000,0x0000000494a00000)]
  0x0000017033881420 JavaThread "Signal Dispatcher" daemon [_thread_blocked, id=10640, stack(0x0000000494a00000,0x0000000494b00000)]
  0x0000017033882ef0 JavaThread "Attach Listener" daemon [_thread_blocked, id=12448, stack(0x0000000494b00000,0x0000000494c00000)]
  0x0000017033886060 JavaThread "Service Thread" daemon [_thread_blocked, id=7360, stack(0x0000000494c00000,0x0000000494d00000)]
  0x00000170338870c0 JavaThread "Monitor Deflation Thread" daemon [_thread_blocked, id=2620, stack(0x0000000494d00000,0x0000000494e00000)]
=>0x000001703388d960 JavaThread "C2 CompilerThread0" daemon [_thread_in_native, id=10208, stack(0x0000000494e00000,0x0000000494f00000)]
  0x000001703388ea00 JavaThread "C1 CompilerThread0" daemon [_thread_blocked, id=10948, stack(0x0000000494f00000,0x0000000495000000)]
  0x000001703389c2c0 JavaThread "Sweeper thread" daemon [_thread_blocked, id=12236, stack(0x0000000495000000,0x0000000495100000)]
  0x0000017033a42490 JavaThread "Notification Thread" daemon [_thread_blocked, id=9852, stack(0x0000000495100000,0x0000000495200000)]
  0x0000017033a4ac20 JavaThread "Common-Cleaner" daemon [_thread_blocked, id=5840, stack(0x0000000495300000,0x0000000495400000)]
  0x000001701391f480 JavaThread "DestroyJavaVM" [_thread_blocked, id=10292, stack(0x0000000494100000,0x0000000494200000)]
  0x0000017034d495f0 JavaThread "WindowsStreamPump" daemon [_thread_in_native, id=14628, stack(0x0000000495900000,0x0000000495a00000)]
  0x0000017035593f60 JavaThread "Log4j2-AsyncAppenderEventDispatcher-1-Async" daemon [_thread_blocked, id=8024, stack(0x0000000495b00000,0x0000000495c00000)]
  0x00000170375010a0 JavaThread "Timer hack thread" daemon [_thread_blocked, id=9548, stack(0x0000000496100000,0x0000000496200000)]
  0x00000170374fd6e0 JavaThread "Worker-Main-1" daemon [_thread_blocked, id=13304, stack(0x0000000496200000,0x0000000496300000)]
  0x00000170374fdbb0 JavaThread "Java2D Disposer" daemon [_thread_blocked, id=14932, stack(0x0000000496300000,0x0000000496400000)]
  0x0000017037503250 JavaThread "AWT-Shutdown" [_thread_blocked, id=9736, stack(0x0000000496400000,0x0000000496500000)]
  0x00000170374fe080 JavaThread "AWT-Windows" daemon [_thread_in_native, id=10232, stack(0x0000000496500000,0x0000000496600000)]
  0x00000170375023e0 JavaThread "AWT-EventQueue-0" [_thread_blocked, id=12868, stack(0x0000000495800000,0x0000000495900000)]
  0x0000017037502d80 JavaThread "TimerQueue" daemon [_thread_blocked, id=5524, stack(0x0000000496d00000,0x0000000496e00000)]
  0x00000170374ffd60 JavaThread "D3D Screen Updater" daemon [_thread_blocked, id=13652, stack(0x0000000496e00000,0x0000000496f00000)]
  0x00000170374ff890 JavaThread "Thread-1" daemon [_thread_blocked, id=14200, stack(0x0000000496f00000,0x0000000497000000)]
  0x0000017037504a60 JavaThread "Server thread" [_thread_blocked, id=10584, stack(0x0000000497000000,0x0000000497100000)]
  0x0000017036f87550 JavaThread "Paper Watchdog Thread" [_thread_blocked, id=10344, stack(0x0000000497500000,0x0000000497600000)]
  0x0000017036f84ed0 JavaThread "Paper Async Chunk Task Thread #0" [_thread_blocked, id=15024, stack(0x0000000497600000,0x0000000497700000)]
  0x0000017036f84530 JavaThread "Paper Async Chunk Urgent Task Thread" [_thread_blocked, id=12068, stack(0x0000000497700000,0x0000000497800000)]
  0x0000017036f853a0 JavaThread "Server console handler" daemon [_thread_blocked, id=1880, stack(0x0000000497800000,0x0000000497900000)]
  0x0000017036f85870 JavaThread "pool-4-thread-1" [_thread_blocked, id=4332, stack(0x0000000497900000,0x0000000497a00000)]
  0x0000017036f866e0 JavaThread "Netty Server IO #0" daemon [_thread_in_native, id=7328, stack(0x0000000497a00000,0x0000000497b00000)]
  0x000001703a0dd4d0 JavaThread "luckperms-worker-0" daemon [_thread_blocked, id=9152, stack(0x0000000497d00000,0x0000000497e00000)]
  0x000001703a0e26a0 JavaThread "luckperms-worker-1" daemon [_thread_blocked, id=1168, stack(0x0000000497e00000,0x0000000497f00000)]
  0x000001703a0e1830 JavaThread "luckperms-worker-2" daemon [_thread_blocked, id=10472, stack(0x0000000497f00000,0x0000000498000000)]
  0x000001703a0de340 JavaThread "luckperms-scheduler" [_thread_blocked, id=3140, stack(0x0000000498000000,0x0000000498100000)]
  0x000001703a0e09c0 JavaThread "WorldEdit Session Manager" [_thread_blocked, id=14848, stack(0x0000000498100000,0x0000000498200000)]
  0x000001703a0e1360 JavaThread "FileSystemWatchService" daemon [_thread_in_native, id=5440, stack(0x0000000498300000,0x0000000498400000)]
  0x000001703a0e3510 JavaThread "luckperms-worker-3" daemon [_thread_blocked, id=1800, stack(0x0000000498400000,0x0000000498500000)]
  0x000001703a0e39e0 JavaThread "MVStore background writer nio:C:/Users/paden/Desktop/minecraft server/Server/plugins/LuckPerms/luckperms-h2.mv.db" daemon [_thread_blocked, id=2884, stack(0x0000000498700000,0x0000000498800000)]
  0x000001703a0e3eb0 JavaThread "OkHttp metadata.luckperms.net" daemon [_thread_in_native, id=11576, stack(0x0000000498600000,0x0000000498700000)]
  0x000001703a0e4380 JavaThread "OkHttp ConnectionPool" daemon [_thread_blocked, id=9352, stack(0x0000000498800000,0x0000000498900000)]
  0x000001703a0dcb30 JavaThread "OkHttp metadata.luckperms.net Writer" [_thread_blocked, id=8812, stack(0x0000000498900000,0x0000000498a00000)]
  0x000001703a0df1b0 JavaThread "AutoSaveWorld AutoSaveThread" [_thread_blocked, id=10376, stack(0x0000000498a00000,0x0000000498b00000)]
  0x000001703a0dd000 JavaThread "AutoSaveWorld AutoBackupThread" [_thread_blocked, id=11196, stack(0x0000000498b00000,0x0000000498c00000)]
  0x0000017036f86210 JavaThread "AutoSaveWorld AutoPurgeThread" [_thread_blocked, id=5548, stack(0x0000000498c00000,0x0000000498d00000)]
  0x0000017036f86bb0 JavaThread "AutoSaveWorld AutoRestartThread" [_thread_blocked, id=14852, stack(0x0000000498d00000,0x0000000498e00000)]
  0x0000017039fd3ed0 JavaThread "AutoSaveWorld CrashRestartThread" [_thread_blocked, id=13856, stack(0x0000000498e00000,0x0000000498f00000)]
  0x0000017039fd5bb0 JavaThread "AutoSaveWorld AutoConsoleCommandThread" [_thread_blocked, id=3956, stack(0x0000000498f00000,0x0000000499000000)]
  0x0000017039fd2b90 JavaThread "Timer-0" daemon [_thread_blocked, id=10488, stack(0x0000000499000000,0x0000000499100000)]
  0x0000017039fd43a0 JavaThread "luckperms-worker-4" daemon [_thread_blocked, id=13508, stack(0x0000000499200000,0x0000000499300000)]
  0x0000017039fd4870 JavaThread "bStats-Metrics" [_thread_blocked, id=14416, stack(0x0000000499300000,0x0000000499400000)]
  0x0000017039fd56e0 JavaThread "Paper RegionFile IO Thread" [_thread_in_native, id=8440, stack(0x0000000499400000,0x0000000499500000)]
  0x0000017037500700 JavaThread "Thread-9" daemon [_thread_blocked, id=3136, stack(0x0000000499500000,0x0000000499600000)]
  0x0000017037501a40 JavaThread "Thread-10" daemon [_thread_blocked, id=13948, stack(0x0000000499600000,0x0000000499700000)]
  0x000001703a0dece0 JavaThread "Thread-11" daemon [_thread_blocked, id=840, stack(0x0000000499700000,0x0000000499800000)]
  0x000001703a0df680 JavaThread "bStats-Metrics" [_thread_blocked, id=14872, stack(0x0000000499800000,0x0000000499900000)]
  0x0000017036f84a00 JavaThread "bStats-Metrics" [_thread_blocked, id=7572, stack(0x0000000499900000,0x0000000499a00000)]
  0x0000017047753850 JavaThread "bStats-Metrics" [_thread_blocked, id=14556, stack(0x0000000499c00000,0x0000000499d00000)]
  0x000001704774eb50 JavaThread "bStats-Metrics" [_thread_blocked, id=9484, stack(0x0000000499d00000,0x0000000499e00000)]
  0x000001704774d810 JavaThread "ForkJoinPool.commonPool-worker-1" daemon [_thread_blocked, id=13076, stack(0x0000000499e00000,0x0000000499f00000)]
  0x000001704774e1b0 JavaThread "ForkJoinPool.commonPool-worker-2" daemon [_thread_blocked, id=11112, stack(0x0000000499f00000,0x000000049a000000)]
  0x00000170477541f0 JavaThread "bStats-Metrics" [_thread_blocked, id=15032, stack(0x000000049a100000,0x000000049a200000)]
  0x0000017047752510 JavaThread "pool-18-thread-1" [_thread_blocked, id=11216, stack(0x000000049a200000,0x000000049a300000)]
  0x00000170477546c0 JavaThread "bStats-Metrics" [_thread_blocked, id=2388, stack(0x000000049a300000,0x000000049a400000)]
  0x000001704774f4f0 JavaThread "mysql-cj-abandoned-connection-cleanup" daemon [_thread_blocked, id=5232, stack(0x000000049a400000,0x000000049a500000)]
  0x0000017047750360 JavaThread "bStats-Metrics" [_thread_blocked, id=6920, stack(0x000000049a500000,0x000000049a600000)]
  0x0000017047753380 JavaThread "TAB Repeating / Delayed Thread 0" [_thread_blocked, id=13040, stack(0x000000049a600000,0x000000049a700000)]
  0x000001704774dce0 JavaThread "TAB Repeating / Delayed Thread 2" [_thread_blocked, id=3448, stack(0x000000049a800000,0x000000049a900000)]
  0x000001704774f9c0 JavaThread "TAB Repeating / Delayed Thread 3" [_thread_blocked, id=12284, stack(0x000000049a900000,0x000000049aa00000)]
  0x000001704774fe90 JavaThread "bStats-Metrics" [_thread_blocked, id=14056, stack(0x000000049aa00000,0x000000049ab00000)]
  0x0000017047750830 JavaThread "ServerSigns-TaskPersistence" [_thread_blocked, id=3112, stack(0x000000049ab00000,0x000000049ac00000)]
  0x0000017047750d00 JavaThread "TAB Processing Thread" [_thread_blocked, id=12728, stack(0x000000049ad00000,0x000000049ae00000)]
  0x000001704774f020 JavaThread "bStats-Metrics" [_thread_blocked, id=5984, stack(0x000000049ae00000,0x000000049af00000)]
  0x00000170477511d0 JavaThread "WorldGuard Region I/O" [_thread_blocked, id=13904, stack(0x000000049af00000,0x000000049b000000)]
  0x0000017039fd6080 JavaThread "bStats-Metrics" [_thread_blocked, id=3048, stack(0x0000000495700000,0x0000000495800000)]
  0x000001703a0e2b70 JavaThread "bStats-Metrics" [_thread_blocked, id=10028, stack(0x0000000497400000,0x0000000497500000)]
  0x000001703a0e04f0 JavaThread "Timer-1" daemon [_thread_blocked, id=9636, stack(0x0000000497c00000,0x0000000497d00000)]
  0x0000017036f87a20 JavaThread "ExpiringMap-Expirer" daemon [_thread_blocked, id=7344, stack(0x0000000499b00000,0x0000000499c00000)]
  0x00000170483a86e0 JavaThread "Craft Async Scheduler Management Thread" [_thread_blocked, id=15232, stack(0x000000049ac00000,0x000000049ad00000)]
  0x0000017045431070 JavaThread "Craft Scheduler Thread - 29" [_thread_blocked, id=7648, stack(0x000000049c900000,0x000000049ca00000)]
  0x0000017045437f20 JavaThread "ServerSigns-TaskManager" [_thread_blocked, id=13536, stack(0x000000049ca00000,0x000000049cb00000)]
  0x0000017045432d50 JavaThread "DecentHolograms Thread #1" [_thread_blocked, id=15180, stack(0x000000049cb00000,0x000000049cc00000)]
  0x0000017045431ee0 JavaThread "DecentHolograms Thread #2" [_thread_blocked, id=3532, stack(0x000000049cc00000,0x000000049cd00000)]
  0x0000017045434f00 JavaThread "DecentHolograms Thread #3" [_thread_blocked, id=1588, stack(0x000000049cd00000,0x000000049ce00000)]
  0x00000170454323b0 JavaThread "DecentHolograms Thread #4" [_thread_blocked, id=11548, stack(0x000000049ce00000,0x000000049cf00000)]
  0x0000017048276980 JavaThread "Craft Scheduler Thread - 30" [_thread_blocked, id=14724, stack(0x0000000497300000,0x0000000497400000)]
  0x0000017048275b10 JavaThread "Craft Scheduler Thread - 31" [_thread_blocked, id=2344, stack(0x0000000499100000,0x0000000499200000)]
  0x00000170482747d0 JavaThread "Craft Scheduler Thread - 32" [_thread_blocked, id=10912, stack(0x0000000493e00000,0x0000000493f00000)]
  0x0000017048278660 JavaThread "Netty Server IO #1" daemon [_thread_in_native, id=14524, stack(0x0000000493f00000,0x0000000494000000)]
  0x0000017048278190 JavaThread "User Authenticator #1" daemon [_thread_blocked, id=12096, stack(0x0000000494000000,0x0000000494100000)]
  0x0000017048278b30 JavaThread "ForkJoinPool-2-worker-1" daemon [_thread_blocked, id=1608, stack(0x0000000495a00000,0x0000000495b00000)]
  0x0000017048279000 JavaThread "Paper Async Task Handler Thread - 0" [_thread_blocked, id=14560, stack(0x0000000495d00000,0x0000000495e00000)]
  0x0000017048276e50 JavaThread "WorldGuard Task Executor - 0" [_thread_blocked, id=13592, stack(0x0000000497100000,0x0000000497200000)]
  0x0000017048275fe0 JavaThread "Timer-2" [_thread_blocked, id=15136, stack(0x0000000498200000,0x0000000498300000)]
  0x000001704827b1b0 JavaThread "Timer-3" [_thread_blocked, id=13036, stack(0x0000000499a00000,0x0000000499b00000)]
  0x000001704827b680 JavaThread "Timer-4" [_thread_blocked, id=4152, stack(0x000000049a000000,0x000000049a100000)]
  0x000001704827a810 JavaThread "TAB Repeating / Delayed Thread 4" [_thread_blocked, id=7128, stack(0x000000049a700000,0x000000049a800000)]
  0x0000017048277320 JavaThread "Craft Scheduler Thread - 33" [_thread_blocked, id=12848, stack(0x000000049b000000,0x000000049b100000)]
  0x000001704827bb50 JavaThread "Craft Scheduler Thread - 34" [_thread_blocked, id=6428, stack(0x000000049b100000,0x000000049b200000)]
  0x00000170482764b0 JavaThread "Craft Scheduler Thread - 35" [_thread_blocked, id=15308, stack(0x000000049b200000,0x000000049b300000)]
  0x00000170482794d0 JavaThread "Craft Scheduler Thread - 36" [_thread_blocked, id=11256, stack(0x000000049b300000,0x000000049b400000)]
  0x0000017048274300 JavaThread "pool-17-thread-1" [_thread_blocked, id=13636, stack(0x000000049b400000,0x000000049b500000)]
  0x0000017044bae710 JavaThread "C2 CompilerThread1" daemon [_thread_blocked, id=12064, stack(0x0000000495c00000,0x0000000495d00000)]
  0x000001704827a340 JavaThread "WorldGuard Region Chunk Table - world" [_thread_blocked, id=2028, stack(0x000000049b500000,0x000000049b600000)]
  0x00000170482799a0 JavaThread "IO-Worker-7" [_thread_blocked, id=12436, stack(0x000000049b600000,0x000000049b700000)]
  0x0000017045434560 JavaThread "IO-Worker-8" [_thread_blocked, id=12576, stack(0x000000049b700000,0x000000049b800000)]
  0x0000017045433220 JavaThread "IO-Worker-9" [_thread_blocked, id=12320, stack(0x000000049b800000,0x000000049b900000)]

Other Threads:
  0x00000170139e9f20 VMThread "VM Thread" [stack: 0x0000000494700000,0x0000000494800000] [id=8432]
  0x0000017033a4a990 WatcherThread [stack: 0x0000000495200000,0x0000000495300000] [id=15356]
  0x0000017013966500 GCTaskThread "GC Thread#0" [stack: 0x0000000494200000,0x0000000494300000] [id=13560]
  0x0000017033a60690 GCTaskThread "GC Thread#1" [stack: 0x0000000495400000,0x0000000495500000] [id=10820]
  0x0000017033ab68f0 GCTaskThread "GC Thread#2" [stack: 0x0000000495500000,0x0000000495600000] [id=13448]
  0x0000017033a93a80 GCTaskThread "GC Thread#3" [stack: 0x0000000495600000,0x0000000495700000] [id=11164]
  0x000001701396b360 ConcurrentGCThread "G1 Main Marker" [stack: 0x0000000494300000,0x0000000494400000] [id=12196]
  0x000001701396bc80 ConcurrentGCThread "G1 Conc#0" [stack: 0x0000000494400000,0x0000000494500000] [id=11504]
  0x00000170139ccca0 ConcurrentGCThread "G1 Refine#0" [stack: 0x0000000494500000,0x0000000494600000] [id=13352]
  0x000001703747eaf0 ConcurrentGCThread "G1 Refine#1" [stack: 0x0000000495e00000,0x0000000495f00000] [id=7152]
  0x000001703747f0b0 ConcurrentGCThread "G1 Refine#2" [stack: 0x0000000495f00000,0x0000000496000000] [id=11996]
  0x000001703747f390 ConcurrentGCThread "G1 Refine#3" [stack: 0x0000000496000000,0x0000000496100000] [id=6564]
  0x00000170139cd5d0 ConcurrentGCThread "G1 Service" [stack: 0x0000000494600000,0x0000000494700000] [id=12356]

Threads with active compile tasks:
C2 CompilerThread0   161613 27098       4       net.minecraft.world.level.chunk.storage.ChunkRegionLoader::loadChunk (2057 bytes)

VM state: not at safepoint (normal execution)

VM Mutex/Monitor currently owned by a thread: None

Heap address: 0x0000000740000000, size: 3072 MB, Compressed Oops mode: Zero based, Oop shift amount: 3

CDS archive(s) mapped at: [0x0000000800000000-0x0000000800bc0000-0x0000000800bc0000), size 12320768, SharedBaseAddress: 0x0000000800000000, ArchiveRelocationMode: 0.
Compressed class space mapped at: 0x0000000800c00000-0x0000000840c00000, reserved size: 1073741824
Narrow klass base: 0x0000000800000000, Narrow klass shift: 0, Narrow klass range: 0x100000000

GC Precious Log:
 CPUs: 4 total, 4 available
 Memory: 8140M
 Large Page Support: Disabled
 NUMA Support: Disabled
 Compressed Oops: Enabled (Zero based)
 Heap Region Size: 8M
 Heap Min Capacity: 1G
 Heap Initial Capacity: 1G
 Heap Max Capacity: 3G
 Pre-touch: Enabled
 Parallel Workers: 4
 Concurrent Workers: 1
 Concurrent Refinement Workers: 4
 Periodic GC: Disabled

Heap:
 garbage-first heap   total 2039808K, used 1646592K [0x0000000740000000, 0x0000000800000000)
  region size 8192K, 65 young (532480K), 3 survivors (24576K)
 Metaspace       used 163018K, committed 164928K, reserved 1196032K
  class space    used 23369K, committed 24256K, reserved 1048576K

Heap Regions: E=young(eden), S=young(survivor), O=old, HS=humongous(starts), HC=humongous(continues), CS=collection set, F=free, OA=open archive, CA=closed archive, TAMS=top-at-mark-start (previous, next)
|   0|0x0000000740000000, 0x0000000740800000, 0x0000000740800000|100%| O|  |TAMS 0x0000000740800000, 0x0000000740000000| Untracked 
|   1|0x0000000740800000, 0x0000000741000000, 0x0000000741000000|100%| O|  |TAMS 0x0000000741000000, 0x0000000740800000| Untracked 
|   2|0x0000000741000000, 0x0000000741800000, 0x0000000741800000|100%| O|  |TAMS 0x0000000741800000, 0x0000000741000000| Untracked 
|   3|0x0000000741800000, 0x0000000742000000, 0x0000000742000000|100%|HS|  |TAMS 0x0000000742000000, 0x0000000741800000| Complete 
|   4|0x0000000742000000, 0x0000000742800000, 0x0000000742800000|100%|HC|  |TAMS 0x0000000742800000, 0x0000000742000000| Complete 
|   5|0x0000000742800000, 0x0000000743000000, 0x0000000743000000|100%| O|  |TAMS 0x0000000743000000, 0x0000000742800000| Untracked 
|   6|0x0000000743000000, 0x0000000743800000, 0x0000000743800000|100%| O|  |TAMS 0x0000000743800000, 0x0000000743000000| Untracked 
|   7|0x0000000743800000, 0x0000000744000000, 0x0000000744000000|100%| O|  |TAMS 0x0000000744000000, 0x0000000743800000| Untracked 
|   8|0x0000000744000000, 0x0000000744800000, 0x0000000744800000|100%| O|  |TAMS 0x0000000744800000, 0x0000000744000000| Untracked 
|   9|0x0000000744800000, 0x0000000745000000, 0x0000000745000000|100%| O|  |TAMS 0x0000000745000000, 0x0000000744800000| Untracked 
|  10|0x0000000745000000, 0x0000000745800000, 0x0000000745800000|100%| O|  |TAMS 0x0000000745800000, 0x0000000745000000| Untracked 
|  11|0x0000000745800000, 0x0000000746000000, 0x0000000746000000|100%| O|  |TAMS 0x0000000746000000, 0x0000000745800000| Untracked 
|  12|0x0000000746000000, 0x0000000746800000, 0x0000000746800000|100%| O|  |TAMS 0x0000000746800000, 0x0000000746000000| Untracked 
|  13|0x0000000746800000, 0x0000000747000000, 0x0000000747000000|100%| O|  |TAMS 0x0000000747000000, 0x0000000746800000| Untracked 
|  14|0x0000000747000000, 0x0000000747800000, 0x0000000747800000|100%| O|  |TAMS 0x0000000747800000, 0x0000000747000000| Untracked 
|  15|0x0000000747800000, 0x0000000748000000, 0x0000000748000000|100%| O|  |TAMS 0x0000000748000000, 0x0000000747800000| Untracked 
|  16|0x0000000748000000, 0x0000000748800000, 0x0000000748800000|100%| O|  |TAMS 0x0000000748800000, 0x0000000748000000| Untracked 
|  17|0x0000000748800000, 0x0000000749000000, 0x0000000749000000|100%| O|  |TAMS 0x0000000749000000, 0x0000000748800000| Untracked 
|  18|0x0000000749000000, 0x0000000749800000, 0x0000000749800000|100%| O|  |TAMS 0x0000000749800000, 0x0000000749000000| Untracked 
|  19|0x0000000749800000, 0x000000074a000000, 0x000000074a000000|100%| O|  |TAMS 0x000000074a000000, 0x0000000749800000| Untracked 
|  20|0x000000074a000000, 0x000000074a800000, 0x000000074a800000|100%| O|  |TAMS 0x000000074a800000, 0x000000074a000000| Untracked 
|  21|0x000000074a800000, 0x000000074b000000, 0x000000074b000000|100%| O|  |TAMS 0x000000074b000000, 0x000000074a800000| Untracked 
|  22|0x000000074b000000, 0x000000074b800000, 0x000000074b800000|100%| O|  |TAMS 0x000000074b800000, 0x000000074b000000| Untracked 
|  23|0x000000074b800000, 0x000000074c000000, 0x000000074c000000|100%| O|  |TAMS 0x000000074c000000, 0x000000074b800000| Untracked 
|  24|0x000000074c000000, 0x000000074c800000, 0x000000074c800000|100%| O|  |TAMS 0x000000074c800000, 0x000000074c000000| Untracked 
|  25|0x000000074c800000, 0x000000074d000000, 0x000000074d000000|100%| O|  |TAMS 0x000000074d000000, 0x000000074c800000| Untracked 
|  26|0x000000074d000000, 0x000000074d800000, 0x000000074d800000|100%| O|  |TAMS 0x000000074d800000, 0x000000074d000000| Untracked 
|  27|0x000000074d800000, 0x000000074e000000, 0x000000074e000000|100%| O|  |TAMS 0x000000074e000000, 0x000000074d800000| Untracked 
|  28|0x000000074e000000, 0x000000074e800000, 0x000000074e800000|100%| O|  |TAMS 0x000000074e800000, 0x000000074e000000| Untracked 
|  29|0x000000074e800000, 0x000000074f000000, 0x000000074f000000|100%| O|  |TAMS 0x000000074f000000, 0x000000074e800000| Untracked 
|  30|0x000000074f000000, 0x000000074f800000, 0x000000074f800000|100%| O|  |TAMS 0x000000074f800000, 0x000000074f000000| Untracked 
|  31|0x000000074f800000, 0x0000000750000000, 0x0000000750000000|100%| O|  |TAMS 0x0000000750000000, 0x000000074f800000| Untracked 
|  32|0x0000000750000000, 0x0000000750800000, 0x0000000750800000|100%| O|  |TAMS 0x0000000750800000, 0x0000000750000000| Untracked 
|  33|0x0000000750800000, 0x0000000751000000, 0x0000000751000000|100%| O|  |TAMS 0x0000000751000000, 0x0000000750800000| Untracked 
|  34|0x0000000751000000, 0x0000000751800000, 0x0000000751800000|100%| O|  |TAMS 0x0000000751800000, 0x0000000751000000| Untracked 
|  35|0x0000000751800000, 0x0000000752000000, 0x0000000752000000|100%| O|  |TAMS 0x0000000752000000, 0x0000000751800000| Untracked 
|  36|0x0000000752000000, 0x0000000752800000, 0x0000000752800000|100%| O|  |TAMS 0x0000000752800000, 0x0000000752000000| Untracked 
|  37|0x0000000752800000, 0x0000000753000000, 0x0000000753000000|100%| O|  |TAMS 0x0000000753000000, 0x0000000752800000| Untracked 
|  38|0x0000000753000000, 0x0000000753800000, 0x0000000753800000|100%| O|  |TAMS 0x0000000753800000, 0x0000000753000000| Untracked 
|  39|0x0000000753800000, 0x0000000754000000, 0x0000000754000000|100%| O|  |TAMS 0x0000000754000000, 0x0000000753800000| Untracked 
|  40|0x0000000754000000, 0x0000000754800000, 0x0000000754800000|100%| O|  |TAMS 0x0000000754800000, 0x0000000754000000| Untracked 
|  41|0x0000000754800000, 0x0000000755000000, 0x0000000755000000|100%| O|  |TAMS 0x0000000755000000, 0x0000000754800000| Untracked 
|  42|0x0000000755000000, 0x0000000755800000, 0x0000000755800000|100%| O|  |TAMS 0x0000000755800000, 0x0000000755000000| Untracked 
|  43|0x0000000755800000, 0x0000000756000000, 0x0000000756000000|100%| O|  |TAMS 0x0000000756000000, 0x0000000755800000| Untracked 
|  44|0x0000000756000000, 0x0000000756800000, 0x0000000756800000|100%| O|  |TAMS 0x0000000756800000, 0x0000000756000000| Untracked 
|  45|0x0000000756800000, 0x0000000757000000, 0x0000000757000000|100%| O|  |TAMS 0x0000000757000000, 0x0000000756800000| Complete 
|  46|0x0000000757000000, 0x0000000757800000, 0x0000000757800000|100%| O|  |TAMS 0x0000000757800000, 0x0000000757000000| Complete 
|  47|0x0000000757800000, 0x0000000758000000, 0x0000000758000000|100%| O|  |TAMS 0x0000000758000000, 0x0000000757800000| Complete 
|  48|0x0000000758000000, 0x0000000758800000, 0x0000000758800000|100%| O|  |TAMS 0x0000000758800000, 0x0000000758000000| Complete 
|  49|0x0000000758800000, 0x0000000759000000, 0x0000000759000000|100%| O|  |TAMS 0x0000000758800000, 0x0000000758800000| Untracked 
|  50|0x0000000759000000, 0x0000000759800000, 0x0000000759800000|100%| O|  |TAMS 0x0000000759000000, 0x0000000759000000| Untracked 
|  51|0x0000000759800000, 0x000000075a000000, 0x000000075a000000|100%| O|  |TAMS 0x0000000759800000, 0x0000000759800000| Untracked 
|  52|0x000000075a000000, 0x000000075a800000, 0x000000075a800000|100%| O|  |TAMS 0x000000075a000000, 0x000000075a000000| Untracked 
|  53|0x000000075a800000, 0x000000075b000000, 0x000000075b000000|100%| O|  |TAMS 0x000000075b000000, 0x000000075a800000| Complete 
|  54|0x000000075b000000, 0x000000075b800000, 0x000000075b800000|100%| O|  |TAMS 0x000000075b800000, 0x000000075b000000| Untracked 
|  55|0x000000075b800000, 0x000000075c000000, 0x000000075c000000|100%| O|  |TAMS 0x000000075c000000, 0x000000075b800000| Untracked 
|  56|0x000000075c000000, 0x000000075c800000, 0x000000075c800000|100%| O|  |TAMS 0x000000075c800000, 0x000000075c000000| Untracked 
|  57|0x000000075c800000, 0x000000075d000000, 0x000000075d000000|100%| O|  |TAMS 0x000000075d000000, 0x000000075c800000| Complete 
|  58|0x000000075d000000, 0x000000075d800000, 0x000000075d800000|100%| O|  |TAMS 0x000000075d800000, 0x000000075d000000| Complete 
|  59|0x000000075d800000, 0x000000075e000000, 0x000000075e000000|100%| O|  |TAMS 0x000000075e000000, 0x000000075d800000| Complete 
|  60|0x000000075e000000, 0x000000075e800000, 0x000000075e800000|100%| O|  |TAMS 0x000000075e800000, 0x000000075e000000| Untracked 
|  61|0x000000075e800000, 0x000000075f000000, 0x000000075f000000|100%| O|  |TAMS 0x000000075f000000, 0x000000075e800000| Untracked 
|  62|0x000000075f000000, 0x000000075f800000, 0x000000075f800000|100%| O|  |TAMS 0x000000075f800000, 0x000000075f000000| Untracked 
|  63|0x000000075f800000, 0x0000000760000000, 0x0000000760000000|100%| O|  |TAMS 0x0000000760000000, 0x000000075f800000| Complete 
|  64|0x0000000760000000, 0x0000000760800000, 0x0000000760800000|100%| O|  |TAMS 0x0000000760800000, 0x0000000760000000| Complete 
|  65|0x0000000760800000, 0x0000000761000000, 0x0000000761000000|100%| O|  |TAMS 0x0000000761000000, 0x0000000760800000| Untracked 
|  66|0x0000000761000000, 0x0000000761800000, 0x0000000761800000|100%| O|  |TAMS 0x0000000761800000, 0x0000000761000000| Untracked 
|  67|0x0000000761800000, 0x0000000762000000, 0x0000000762000000|100%| O|  |TAMS 0x0000000762000000, 0x0000000761800000| Untracked 
|  68|0x0000000762000000, 0x0000000762800000, 0x0000000762800000|100%| O|  |TAMS 0x0000000762800000, 0x0000000762000000| Untracked 
|  69|0x0000000762800000, 0x0000000763000000, 0x0000000763000000|100%| O|  |TAMS 0x0000000763000000, 0x0000000762800000| Untracked 
|  70|0x0000000763000000, 0x0000000763800000, 0x0000000763800000|100%| O|  |TAMS 0x0000000763800000, 0x0000000763000000| Untracked 
|  71|0x0000000763800000, 0x0000000764000000, 0x0000000764000000|100%| O|  |TAMS 0x0000000764000000, 0x0000000763800000| Complete 
|  72|0x0000000764000000, 0x0000000764800000, 0x0000000764800000|100%| O|  |TAMS 0x0000000764800000, 0x0000000764000000| Untracked 
|  73|0x0000000764800000, 0x0000000765000000, 0x0000000765000000|100%| O|  |TAMS 0x0000000765000000, 0x0000000764800000| Untracked 
|  74|0x0000000765000000, 0x0000000765800000, 0x0000000765800000|100%| O|  |TAMS 0x0000000765800000, 0x0000000765000000| Untracked 
|  75|0x0000000765800000, 0x0000000766000000, 0x0000000766000000|100%| O|  |TAMS 0x0000000766000000, 0x0000000765800000| Untracked 
|  76|0x0000000766000000, 0x0000000766800000, 0x0000000766800000|100%| O|  |TAMS 0x0000000766800000, 0x0000000766000000| Untracked 
|  77|0x0000000766800000, 0x0000000767000000, 0x0000000767000000|100%| O|  |TAMS 0x0000000766800000, 0x0000000766800000| Untracked 
|  78|0x0000000767000000, 0x0000000767800000, 0x0000000767800000|100%| O|  |TAMS 0x0000000767800000, 0x0000000767000000| Untracked 
|  79|0x0000000767800000, 0x0000000768000000, 0x0000000768000000|100%| O|  |TAMS 0x0000000768000000, 0x0000000767800000| Untracked 
|  80|0x0000000768000000, 0x0000000768800000, 0x0000000768800000|100%| O|  |TAMS 0x0000000768800000, 0x0000000768000000| Complete 
|  81|0x0000000768800000, 0x0000000769000000, 0x0000000769000000|100%| O|  |TAMS 0x0000000769000000, 0x0000000768800000| Untracked 
|  82|0x0000000769000000, 0x0000000769800000, 0x0000000769800000|100%| O|  |TAMS 0x0000000769800000, 0x0000000769000000| Complete 
|  83|0x0000000769800000, 0x000000076a000000, 0x000000076a000000|100%| O|  |TAMS 0x000000076a000000, 0x0000000769800000| Untracked 
|  84|0x000000076a000000, 0x000000076a800000, 0x000000076a800000|100%| O|  |TAMS 0x000000076a800000, 0x000000076a000000| Untracked 
|  85|0x000000076a800000, 0x000000076b000000, 0x000000076b000000|100%| O|  |TAMS 0x000000076b000000, 0x000000076a800000| Untracked 
|  86|0x000000076b000000, 0x000000076b800000, 0x000000076b800000|100%| O|  |TAMS 0x000000076b800000, 0x000000076b000000| Untracked 
|  87|0x000000076b800000, 0x000000076c000000, 0x000000076c000000|100%| O|  |TAMS 0x000000076c000000, 0x000000076b800000| Untracked 
|  88|0x000000076c000000, 0x000000076c800000, 0x000000076c800000|100%| O|  |TAMS 0x000000076c800000, 0x000000076c000000| Complete 
|  89|0x000000076c800000, 0x000000076d000000, 0x000000076d000000|100%| O|  |TAMS 0x000000076d000000, 0x000000076c800000| Untracked 
|  90|0x000000076d000000, 0x000000076d800000, 0x000000076d800000|100%| O|  |TAMS 0x000000076d800000, 0x000000076d000000| Untracked 
|  91|0x000000076d800000, 0x000000076e000000, 0x000000076e000000|100%| O|  |TAMS 0x000000076e000000, 0x000000076d800000| Untracked 
|  92|0x000000076e000000, 0x000000076e800000, 0x000000076e800000|100%| O|  |TAMS 0x000000076e800000, 0x000000076e000000| Untracked 
|  93|0x000000076e800000, 0x000000076f000000, 0x000000076f000000|100%| O|  |TAMS 0x000000076f000000, 0x000000076e800000| Untracked 
|  94|0x000000076f000000, 0x000000076f800000, 0x000000076f800000|100%| O|  |TAMS 0x000000076f800000, 0x000000076f000000| Untracked 
|  95|0x000000076f800000, 0x0000000770000000, 0x0000000770000000|100%| O|  |TAMS 0x0000000770000000, 0x000000076f800000| Untracked 
|  96|0x0000000770000000, 0x0000000770800000, 0x0000000770800000|100%| O|  |TAMS 0x0000000770800000, 0x0000000770000000| Untracked 
|  97|0x0000000770800000, 0x0000000771000000, 0x0000000771000000|100%| O|  |TAMS 0x0000000771000000, 0x0000000770800000| Untracked 
|  98|0x0000000771000000, 0x0000000771800000, 0x0000000771800000|100%| O|  |TAMS 0x0000000771800000, 0x0000000771000000| Complete 
|  99|0x0000000771800000, 0x0000000772000000, 0x0000000772000000|100%| O|  |TAMS 0x0000000772000000, 0x0000000771800000| Complete 
| 100|0x0000000772000000, 0x0000000772800000, 0x0000000772800000|100%| O|  |TAMS 0x0000000772800000, 0x0000000772000000| Complete 
| 101|0x0000000772800000, 0x0000000773000000, 0x0000000773000000|100%| O|  |TAMS 0x0000000773000000, 0x0000000772800000| Complete 
| 102|0x0000000773000000, 0x0000000773800000, 0x0000000773800000|100%| O|  |TAMS 0x0000000773800000, 0x0000000773000000| Untracked 
| 103|0x0000000773800000, 0x0000000774000000, 0x0000000774000000|100%| O|  |TAMS 0x0000000774000000, 0x0000000773800000| Untracked 
| 104|0x0000000774000000, 0x0000000774800000, 0x0000000774800000|100%| O|  |TAMS 0x0000000774800000, 0x0000000774000000| Untracked 
| 105|0x0000000774800000, 0x0000000775000000, 0x0000000775000000|100%| O|  |TAMS 0x0000000775000000, 0x0000000774800000| Untracked 
| 106|0x0000000775000000, 0x0000000775800000, 0x0000000775800000|100%| O|  |TAMS 0x0000000775800000, 0x0000000775000000| Complete 
| 107|0x0000000775800000, 0x0000000776000000, 0x0000000776000000|100%| O|  |TAMS 0x0000000776000000, 0x0000000775800000| Complete 
| 108|0x0000000776000000, 0x0000000776800000, 0x0000000776800000|100%| O|  |TAMS 0x0000000776800000, 0x0000000776000000| Untracked 
| 109|0x0000000776800000, 0x0000000777000000, 0x0000000777000000|100%| O|  |TAMS 0x0000000777000000, 0x0000000776800000| Untracked 
| 110|0x0000000777000000, 0x0000000777800000, 0x0000000777800000|100%| O|  |TAMS 0x0000000777800000, 0x0000000777000000| Untracked 
| 111|0x0000000777800000, 0x0000000778000000, 0x0000000778000000|100%| O|  |TAMS 0x0000000778000000, 0x0000000777800000| Untracked 
| 112|0x0000000778000000, 0x0000000778800000, 0x0000000778800000|100%| O|  |TAMS 0x0000000778800000, 0x0000000778000000| Untracked 
| 113|0x0000000778800000, 0x0000000779000000, 0x0000000779000000|100%| O|  |TAMS 0x0000000779000000, 0x0000000778800000| Untracked 
| 114|0x0000000779000000, 0x0000000779800000, 0x0000000779800000|100%| O|  |TAMS 0x0000000779800000, 0x0000000779000000| Untracked 
| 115|0x0000000779800000, 0x000000077a000000, 0x000000077a000000|100%| O|  |TAMS 0x000000077a000000, 0x0000000779800000| Untracked 
| 116|0x000000077a000000, 0x000000077a800000, 0x000000077a800000|100%| O|  |TAMS 0x000000077a800000, 0x000000077a000000| Untracked 
| 117|0x000000077a800000, 0x000000077b000000, 0x000000077b000000|100%| O|  |TAMS 0x000000077b000000, 0x000000077a800000| Untracked 
| 118|0x000000077b000000, 0x000000077b800000, 0x000000077b800000|100%| O|  |TAMS 0x000000077b800000, 0x000000077b000000| Untracked 
| 119|0x000000077b800000, 0x000000077c000000, 0x000000077c000000|100%| O|  |TAMS 0x000000077c000000, 0x000000077b800000| Untracked 
| 120|0x000000077c000000, 0x000000077c800000, 0x000000077c800000|100%| O|  |TAMS 0x000000077c800000, 0x000000077c000000| Untracked 
| 121|0x000000077c800000, 0x000000077d000000, 0x000000077d000000|100%| O|  |TAMS 0x000000077d000000, 0x000000077c800000| Untracked 
| 122|0x000000077d000000, 0x000000077d800000, 0x000000077d800000|100%| O|  |TAMS 0x000000077d5c8a00, 0x000000077d000000| Untracked 
| 123|0x000000077d800000, 0x000000077e000000, 0x000000077e000000|100%| O|  |TAMS 0x000000077d800000, 0x000000077d800000| Untracked 
| 124|0x000000077e000000, 0x000000077e800000, 0x000000077e800000|100%| O|  |TAMS 0x000000077e000000, 0x000000077e000000| Untracked 
| 125|0x000000077e800000, 0x000000077f000000, 0x000000077f000000|100%| O|  |TAMS 0x000000077e800000, 0x000000077e800000| Untracked 
| 126|0x000000077f000000, 0x000000077f800000, 0x000000077f800000|100%| O|  |TAMS 0x000000077f000000, 0x000000077f000000| Untracked 
| 127|0x000000077f800000, 0x0000000780000000, 0x0000000780000000|100%| O|  |TAMS 0x000000077f800000, 0x000000077f800000| Untracked 
| 128|0x0000000780000000, 0x0000000780800000, 0x0000000780800000|100%| O|  |TAMS 0x0000000780000000, 0x0000000780000000| Untracked 
| 129|0x0000000780800000, 0x0000000781000000, 0x0000000781000000|100%| O|  |TAMS 0x0000000780800000, 0x0000000780800000| Untracked 
| 130|0x0000000781000000, 0x0000000781800000, 0x0000000781800000|100%| O|  |TAMS 0x0000000781000000, 0x0000000781000000| Untracked 
| 131|0x0000000781800000, 0x0000000782000000, 0x0000000782000000|100%| O|  |TAMS 0x0000000781800000, 0x0000000781800000| Untracked 
| 132|0x0000000782000000, 0x0000000782800000, 0x0000000782800000|100%| O|  |TAMS 0x0000000782000000, 0x0000000782000000| Untracked 
| 133|0x0000000782800000, 0x0000000783000000, 0x0000000783000000|100%| O|  |TAMS 0x0000000782800000, 0x0000000782800000| Untracked 
| 134|0x0000000783000000, 0x0000000783800000, 0x0000000783800000|100%| O|  |TAMS 0x0000000783000000, 0x0000000783000000| Untracked 
| 135|0x0000000783800000, 0x0000000784000000, 0x0000000784000000|100%| O|  |TAMS 0x0000000783800000, 0x0000000783800000| Untracked 
| 136|0x0000000784000000, 0x0000000784800000, 0x0000000784800000|100%| O|  |TAMS 0x0000000784000000, 0x0000000784000000| Untracked 
| 137|0x0000000784800000, 0x0000000784800000, 0x0000000785000000|  0%| F|  |TAMS 0x0000000784800000, 0x0000000784800000| Untracked 
| 138|0x0000000785000000, 0x0000000785000000, 0x0000000785800000|  0%| F|  |TAMS 0x0000000785000000, 0x0000000785000000| Untracked 
| 139|0x0000000785800000, 0x0000000785800000, 0x0000000786000000|  0%| F|  |TAMS 0x0000000785800000, 0x0000000785800000| Untracked 
| 140|0x0000000786000000, 0x0000000786000000, 0x0000000786800000|  0%| F|  |TAMS 0x0000000786000000, 0x0000000786000000| Untracked 
| 141|0x0000000786800000, 0x0000000786800000, 0x0000000787000000|  0%| F|  |TAMS 0x0000000786800000, 0x0000000786800000| Untracked 
| 142|0x0000000787000000, 0x0000000787000000, 0x0000000787800000|  0%| F|  |TAMS 0x0000000787000000, 0x0000000787000000| Untracked 
| 143|0x0000000787800000, 0x0000000787800000, 0x0000000788000000|  0%| F|  |TAMS 0x0000000787800000, 0x0000000787800000| Untracked 
| 144|0x0000000788000000, 0x0000000788000000, 0x0000000788800000|  0%| F|  |TAMS 0x0000000788000000, 0x0000000788000000| Untracked 
| 145|0x0000000788800000, 0x0000000788800000, 0x0000000789000000|  0%| F|  |TAMS 0x0000000788800000, 0x0000000788800000| Untracked 
| 146|0x0000000789000000, 0x0000000789000000, 0x0000000789800000|  0%| F|  |TAMS 0x0000000789000000, 0x0000000789000000| Untracked 
| 147|0x0000000789800000, 0x0000000789800000, 0x000000078a000000|  0%| F|  |TAMS 0x0000000789800000, 0x0000000789800000| Untracked 
| 148|0x000000078a000000, 0x000000078a000000, 0x000000078a800000|  0%| F|  |TAMS 0x000000078a000000, 0x000000078a000000| Untracked 
| 149|0x000000078a800000, 0x000000078a800000, 0x000000078b000000|  0%| F|  |TAMS 0x000000078a800000, 0x000000078a800000| Untracked 
| 150|0x000000078b000000, 0x000000078b000000, 0x000000078b800000|  0%| F|  |TAMS 0x000000078b000000, 0x000000078b000000| Untracked 
| 151|0x000000078b800000, 0x000000078b800000, 0x000000078c000000|  0%| F|  |TAMS 0x000000078b800000, 0x000000078b800000| Untracked 
| 152|0x000000078c000000, 0x000000078c000000, 0x000000078c800000|  0%| F|  |TAMS 0x000000078c000000, 0x000000078c000000| Untracked 
| 153|0x000000078c800000, 0x000000078c800000, 0x000000078d000000|  0%| F|  |TAMS 0x000000078c800000, 0x000000078c800000| Untracked 
| 154|0x000000078d000000, 0x000000078d000000, 0x000000078d800000|  0%| F|  |TAMS 0x000000078d000000, 0x000000078d000000| Untracked 
| 155|0x000000078d800000, 0x000000078d800000, 0x000000078e000000|  0%| F|  |TAMS 0x000000078d800000, 0x000000078d800000| Untracked 
| 156|0x000000078e000000, 0x000000078e000000, 0x000000078e800000|  0%| F|  |TAMS 0x000000078e000000, 0x000000078e000000| Untracked 
| 157|0x000000078e800000, 0x000000078e800000, 0x000000078f000000|  0%| F|  |TAMS 0x000000078e800000, 0x000000078e800000| Untracked 
| 158|0x000000078f000000, 0x000000078f000000, 0x000000078f800000|  0%| F|  |TAMS 0x000000078f000000, 0x000000078f000000| Untracked 
| 159|0x000000078f800000, 0x000000078f800000, 0x0000000790000000|  0%| F|  |TAMS 0x000000078f800000, 0x000000078f800000| Untracked 
| 160|0x0000000790000000, 0x0000000790000000, 0x0000000790800000|  0%| F|  |TAMS 0x0000000790000000, 0x0000000790000000| Untracked 
| 161|0x0000000790800000, 0x0000000790800000, 0x0000000791000000|  0%| F|  |TAMS 0x0000000790800000, 0x0000000790800000| Untracked 
| 162|0x0000000791000000, 0x0000000791000000, 0x0000000791800000|  0%| F|  |TAMS 0x0000000791000000, 0x0000000791000000| Untracked 
| 163|0x0000000791800000, 0x0000000791800000, 0x0000000792000000|  0%| F|  |TAMS 0x0000000791800000, 0x0000000791800000| Untracked 
| 164|0x0000000792000000, 0x0000000792000000, 0x0000000792800000|  0%| F|  |TAMS 0x0000000792000000, 0x0000000792000000| Untracked 
| 165|0x0000000792800000, 0x0000000792800000, 0x0000000793000000|  0%| F|  |TAMS 0x0000000792800000, 0x0000000792800000| Untracked 
| 166|0x0000000793000000, 0x0000000793000000, 0x0000000793800000|  0%| F|  |TAMS 0x0000000793000000, 0x0000000793000000| Untracked 
| 167|0x0000000793800000, 0x0000000793800000, 0x0000000794000000|  0%| F|  |TAMS 0x0000000793800000, 0x0000000793800000| Untracked 
| 168|0x0000000794000000, 0x0000000794000000, 0x0000000794800000|  0%| F|  |TAMS 0x0000000794000000, 0x0000000794000000| Untracked 
| 169|0x0000000794800000, 0x0000000794800000, 0x0000000795000000|  0%| F|  |TAMS 0x0000000794800000, 0x0000000794800000| Untracked 
| 170|0x0000000795000000, 0x0000000795000000, 0x0000000795800000|  0%| F|  |TAMS 0x0000000795000000, 0x0000000795000000| Untracked 
| 171|0x0000000795800000, 0x0000000795800000, 0x0000000796000000|  0%| F|  |TAMS 0x0000000795800000, 0x0000000795800000| Untracked 
| 172|0x0000000796000000, 0x0000000796000000, 0x0000000796800000|  0%| F|  |TAMS 0x0000000796000000, 0x0000000796000000| Untracked 
| 173|0x0000000796800000, 0x0000000796800000, 0x0000000797000000|  0%| F|  |TAMS 0x0000000796800000, 0x0000000796800000| Untracked 
| 174|0x0000000797000000, 0x0000000797800000, 0x0000000797800000|100%| S|CS|TAMS 0x0000000797000000, 0x0000000797000000| Complete 
| 175|0x0000000797800000, 0x0000000798000000, 0x0000000798000000|100%| S|CS|TAMS 0x0000000797800000, 0x0000000797800000| Complete 
| 176|0x0000000798000000, 0x0000000798800000, 0x0000000798800000|100%| S|CS|TAMS 0x0000000798000000, 0x0000000798000000| Complete 
| 177|0x0000000798800000, 0x0000000798800000, 0x0000000799000000|  0%| F|  |TAMS 0x0000000798800000, 0x0000000798800000| Untracked 
| 178|0x0000000799000000, 0x0000000799000000, 0x0000000799800000|  0%| F|  |TAMS 0x0000000799000000, 0x0000000799000000| Untracked 
| 179|0x0000000799800000, 0x0000000799800000, 0x000000079a000000|  0%| F|  |TAMS 0x0000000799800000, 0x0000000799800000| Untracked 
| 180|0x000000079a000000, 0x000000079a000000, 0x000000079a800000|  0%| F|  |TAMS 0x000000079a000000, 0x000000079a000000| Untracked 
| 181|0x000000079a800000, 0x000000079a800000, 0x000000079b000000|  0%| F|  |TAMS 0x000000079a800000, 0x000000079a800000| Untracked 
| 182|0x000000079b000000, 0x000000079b000000, 0x000000079b800000|  0%| F|  |TAMS 0x000000079b000000, 0x000000079b000000| Untracked 
| 183|0x000000079b800000, 0x000000079b800000, 0x000000079c000000|  0%| F|  |TAMS 0x000000079b800000, 0x000000079b800000| Untracked 
| 184|0x000000079c000000, 0x000000079c000000, 0x000000079c800000|  0%| F|  |TAMS 0x000000079c000000, 0x000000079c000000| Untracked 
| 185|0x000000079c800000, 0x000000079c800000, 0x000000079d000000|  0%| F|  |TAMS 0x000000079c800000, 0x000000079c800000| Untracked 
| 186|0x000000079d000000, 0x000000079d000000, 0x000000079d800000|  0%| F|  |TAMS 0x000000079d000000, 0x000000079d000000| Untracked 
| 187|0x000000079d800000, 0x000000079ddde300, 0x000000079e000000| 73%| E|  |TAMS 0x000000079d800000, 0x000000079d800000| Complete 
| 188|0x000000079e000000, 0x000000079e800000, 0x000000079e800000|100%| E|CS|TAMS 0x000000079e000000, 0x000000079e000000| Complete 
| 189|0x000000079e800000, 0x000000079f000000, 0x000000079f000000|100%| E|CS|TAMS 0x000000079e800000, 0x000000079e800000| Complete 
| 190|0x000000079f000000, 0x000000079f800000, 0x000000079f800000|100%| E|CS|TAMS 0x000000079f000000, 0x000000079f000000| Complete 
| 191|0x000000079f800000, 0x00000007a0000000, 0x00000007a0000000|100%| E|CS|TAMS 0x000000079f800000, 0x000000079f800000| Complete 
| 192|0x00000007a0000000, 0x00000007a0800000, 0x00000007a0800000|100%| E|CS|TAMS 0x00000007a0000000, 0x00000007a0000000| Complete 
| 193|0x00000007a0800000, 0x00000007a1000000, 0x00000007a1000000|100%| E|CS|TAMS 0x00000007a0800000, 0x00000007a0800000| Complete 
| 194|0x00000007a1000000, 0x00000007a1800000, 0x00000007a1800000|100%| E|CS|TAMS 0x00000007a1000000, 0x00000007a1000000| Complete 
| 195|0x00000007a1800000, 0x00000007a2000000, 0x00000007a2000000|100%| E|CS|TAMS 0x00000007a1800000, 0x00000007a1800000| Complete 
| 196|0x00000007a2000000, 0x00000007a2800000, 0x00000007a2800000|100%| E|CS|TAMS 0x00000007a2000000, 0x00000007a2000000| Complete 
| 197|0x00000007a2800000, 0x00000007a3000000, 0x00000007a3000000|100%| E|CS|TAMS 0x00000007a2800000, 0x00000007a2800000| Complete 
| 198|0x00000007a3000000, 0x00000007a3800000, 0x00000007a3800000|100%| E|CS|TAMS 0x00000007a3000000, 0x00000007a3000000| Complete 
| 199|0x00000007a3800000, 0x00000007a4000000, 0x00000007a4000000|100%| E|CS|TAMS 0x00000007a3800000, 0x00000007a3800000| Complete 
| 200|0x00000007a4000000, 0x00000007a4800000, 0x00000007a4800000|100%| E|CS|TAMS 0x00000007a4000000, 0x00000007a4000000| Complete 
| 201|0x00000007a4800000, 0x00000007a5000000, 0x00000007a5000000|100%| E|CS|TAMS 0x00000007a4800000, 0x00000007a4800000| Complete 
| 202|0x00000007a5000000, 0x00000007a5800000, 0x00000007a5800000|100%| E|CS|TAMS 0x00000007a5000000, 0x00000007a5000000| Complete 
| 203|0x00000007a5800000, 0x00000007a6000000, 0x00000007a6000000|100%| E|CS|TAMS 0x00000007a5800000, 0x00000007a5800000| Complete 
| 204|0x00000007a6000000, 0x00000007a6800000, 0x00000007a6800000|100%| E|CS|TAMS 0x00000007a6000000, 0x00000007a6000000| Complete 
| 205|0x00000007a6800000, 0x00000007a7000000, 0x00000007a7000000|100%| E|CS|TAMS 0x00000007a6800000, 0x00000007a6800000| Complete 
| 206|0x00000007a7000000, 0x00000007a7800000, 0x00000007a7800000|100%| E|CS|TAMS 0x00000007a7000000, 0x00000007a7000000| Complete 
| 207|0x00000007a7800000, 0x00000007a8000000, 0x00000007a8000000|100%| E|CS|TAMS 0x00000007a7800000, 0x00000007a7800000| Complete 
| 208|0x00000007a8000000, 0x00000007a8800000, 0x00000007a8800000|100%| E|CS|TAMS 0x00000007a8000000, 0x00000007a8000000| Complete 
| 209|0x00000007a8800000, 0x00000007a9000000, 0x00000007a9000000|100%| E|CS|TAMS 0x00000007a8800000, 0x00000007a8800000| Complete 
| 210|0x00000007a9000000, 0x00000007a9800000, 0x00000007a9800000|100%| E|CS|TAMS 0x00000007a9000000, 0x00000007a9000000| Complete 
| 211|0x00000007a9800000, 0x00000007aa000000, 0x00000007aa000000|100%| E|CS|TAMS 0x00000007a9800000, 0x00000007a9800000| Complete 
| 212|0x00000007aa000000, 0x00000007aa800000, 0x00000007aa800000|100%| E|CS|TAMS 0x00000007aa000000, 0x00000007aa000000| Complete 
| 213|0x00000007aa800000, 0x00000007ab000000, 0x00000007ab000000|100%| E|CS|TAMS 0x00000007aa800000, 0x00000007aa800000| Complete 
| 214|0x00000007ab000000, 0x00000007ab800000, 0x00000007ab800000|100%| E|CS|TAMS 0x00000007ab000000, 0x00000007ab000000| Complete 
| 215|0x00000007ab800000, 0x00000007ac000000, 0x00000007ac000000|100%| E|CS|TAMS 0x00000007ab800000, 0x00000007ab800000| Complete 
| 216|0x00000007ac000000, 0x00000007ac800000, 0x00000007ac800000|100%| E|CS|TAMS 0x00000007ac000000, 0x00000007ac000000| Complete 
| 217|0x00000007ac800000, 0x00000007ad000000, 0x00000007ad000000|100%| E|CS|TAMS 0x00000007ac800000, 0x00000007ac800000| Complete 
| 218|0x00000007ad000000, 0x00000007ad800000, 0x00000007ad800000|100%| E|CS|TAMS 0x00000007ad000000, 0x00000007ad000000| Complete 
| 219|0x00000007ad800000, 0x00000007ae000000, 0x00000007ae000000|100%| E|CS|TAMS 0x00000007ad800000, 0x00000007ad800000| Complete 
| 220|0x00000007ae000000, 0x00000007ae800000, 0x00000007ae800000|100%| E|CS|TAMS 0x00000007ae000000, 0x00000007ae000000| Complete 
| 221|0x00000007ae800000, 0x00000007af000000, 0x00000007af000000|100%| E|CS|TAMS 0x00000007ae800000, 0x00000007ae800000| Complete 
| 222|0x00000007af000000, 0x00000007af800000, 0x00000007af800000|100%| E|CS|TAMS 0x00000007af000000, 0x00000007af000000| Complete 
| 223|0x00000007af800000, 0x00000007b0000000, 0x00000007b0000000|100%| E|CS|TAMS 0x00000007af800000, 0x00000007af800000| Complete 
| 224|0x00000007b0000000, 0x00000007b0800000, 0x00000007b0800000|100%| E|CS|TAMS 0x00000007b0000000, 0x00000007b0000000| Complete 
| 225|0x00000007b0800000, 0x00000007b1000000, 0x00000007b1000000|100%| E|CS|TAMS 0x00000007b0800000, 0x00000007b0800000| Complete 
| 226|0x00000007b1000000, 0x00000007b1800000, 0x00000007b1800000|100%| E|CS|TAMS 0x00000007b1000000, 0x00000007b1000000| Complete 
| 227|0x00000007b1800000, 0x00000007b2000000, 0x00000007b2000000|100%| E|CS|TAMS 0x00000007b1800000, 0x00000007b1800000| Complete 
| 228|0x00000007b2000000, 0x00000007b2800000, 0x00000007b2800000|100%| E|CS|TAMS 0x00000007b2000000, 0x00000007b2000000| Complete 
| 229|0x00000007b2800000, 0x00000007b3000000, 0x00000007b3000000|100%| E|CS|TAMS 0x00000007b2800000, 0x00000007b2800000| Complete 
| 230|0x00000007b3000000, 0x00000007b3800000, 0x00000007b3800000|100%| E|CS|TAMS 0x00000007b3000000, 0x00000007b3000000| Complete 
| 231|0x00000007b3800000, 0x00000007b4000000, 0x00000007b4000000|100%| E|CS|TAMS 0x00000007b3800000, 0x00000007b3800000| Complete 
| 232|0x00000007b4000000, 0x00000007b4800000, 0x00000007b4800000|100%| E|CS|TAMS 0x00000007b4000000, 0x00000007b4000000| Complete 
| 233|0x00000007b4800000, 0x00000007b5000000, 0x00000007b5000000|100%| E|CS|TAMS 0x00000007b4800000, 0x00000007b4800000| Complete 
| 234|0x00000007b5000000, 0x00000007b5800000, 0x00000007b5800000|100%| E|CS|TAMS 0x00000007b5000000, 0x00000007b5000000| Complete 
| 235|0x00000007b5800000, 0x00000007b6000000, 0x00000007b6000000|100%| E|CS|TAMS 0x00000007b5800000, 0x00000007b5800000| Complete 
| 236|0x00000007b6000000, 0x00000007b6800000, 0x00000007b6800000|100%| E|CS|TAMS 0x00000007b6000000, 0x00000007b6000000| Complete 
| 237|0x00000007b6800000, 0x00000007b7000000, 0x00000007b7000000|100%| E|CS|TAMS 0x00000007b6800000, 0x00000007b6800000| Complete 
| 238|0x00000007b7000000, 0x00000007b7800000, 0x00000007b7800000|100%| E|CS|TAMS 0x00000007b7000000, 0x00000007b7000000| Complete 
| 239|0x00000007b7800000, 0x00000007b8000000, 0x00000007b8000000|100%| E|CS|TAMS 0x00000007b7800000, 0x00000007b7800000| Complete 
| 240|0x00000007b8000000, 0x00000007b8800000, 0x00000007b8800000|100%| E|CS|TAMS 0x00000007b8000000, 0x00000007b8000000| Complete 
| 241|0x00000007b8800000, 0x00000007b9000000, 0x00000007b9000000|100%| E|CS|TAMS 0x00000007b8800000, 0x00000007b8800000| Complete 
| 242|0x00000007b9000000, 0x00000007b9800000, 0x00000007b9800000|100%| E|CS|TAMS 0x00000007b9000000, 0x00000007b9000000| Complete 
| 243|0x00000007b9800000, 0x00000007ba000000, 0x00000007ba000000|100%| E|CS|TAMS 0x00000007b9800000, 0x00000007b9800000| Complete 
| 244|0x00000007ba000000, 0x00000007ba800000, 0x00000007ba800000|100%| E|CS|TAMS 0x00000007ba000000, 0x00000007ba000000| Complete 
| 245|0x00000007ba800000, 0x00000007bb000000, 0x00000007bb000000|100%| E|CS|TAMS 0x00000007ba800000, 0x00000007ba800000| Complete 
| 246|0x00000007bb000000, 0x00000007bb800000, 0x00000007bb800000|100%| E|CS|TAMS 0x00000007bb000000, 0x00000007bb000000| Complete 
| 247|0x00000007bb800000, 0x00000007bc000000, 0x00000007bc000000|100%| E|CS|TAMS 0x00000007bb800000, 0x00000007bb800000| Complete 
| 248|0x00000007bc000000, 0x00000007bc800000, 0x00000007bc800000|100%| E|CS|TAMS 0x00000007bc000000, 0x00000007bc000000| Complete 

Card table byte_map: [0x000001702a7a0000,0x000001702ada0000] _byte_map_base: 0x0000017026da0000

Marking Bits (Prev, Next): (CMBitMap*) 0x0000017013967a30, (CMBitMap*) 0x0000017013967a70
 Prev Bits: [0x000001702b3a0000, 0x000001702e3a0000)
 Next Bits: [0x000001702e3a0000, 0x00000170313a0000)

Polling page: 0x0000017013100000

Metaspace:

Usage:
  Non-class:    136.38 MB used.
      Class:     22.82 MB used.
       Both:    159.20 MB used.

Virtual space:
  Non-class space:      144.00 MB reserved,     137.38 MB ( 95%) committed,  18 nodes.
      Class space:        1.00 GB reserved,      23.69 MB (  2%) committed,  1 nodes.
             Both:        1.14 GB reserved,     161.06 MB ( 14%) committed. 

Chunk freelists:
   Non-Class:  1.77 MB
       Class:  161.00 KB
        Both:  1.92 MB

MaxMetaspaceSize: unlimited
CompressedClassSpaceSize: 1.00 GB
Initial GC threshold: 21.00 MB
Current GC threshold: 249.50 MB
CDS: on
MetaspaceReclaimPolicy: balanced
 - commit_granule_bytes: 65536.
 - commit_granule_words: 8192.
 - virtual_space_node_default_size: 1048576.
 - enlarge_chunks_in_place: 1.
 - new_chunks_are_fully_committed: 0.
 - uncommit_free_chunks: 1.
 - use_allocation_guard: 0.
 - handle_deallocations: 1.


Internal statistics:

num_allocs_failed_limit: 18.
num_arena_births: 2118.
num_arena_deaths: 0.
num_vsnodes_births: 19.
num_vsnodes_deaths: 0.
num_space_committed: 2573.
num_space_uncommitted: 0.
num_chunks_returned_to_freelist: 18.
num_chunks_taken_from_freelist: 8584.
num_chunk_merges: 18.
num_chunk_splits: 5690.
num_chunks_enlarged: 3952.
num_purges: 0.
num_inconsistent_stats: 0.

CodeHeap 'non-profiled nmethods': size=120000Kb used=18117Kb max_used=18117Kb free=101882Kb
 bounds [0x0000017022c70000, 0x0000017023e30000, 0x000001702a1a0000]
CodeHeap 'profiled nmethods': size=120000Kb used=33867Kb max_used=33867Kb free=86132Kb
 bounds [0x000001701b740000, 0x000001701d860000, 0x0000017022c70000]
CodeHeap 'non-nmethods': size=5760Kb used=1988Kb max_used=2078Kb free=3771Kb
 bounds [0x000001701b1a0000, 0x000001701b410000, 0x000001701b740000]
 total_blobs=20909 nmethods=19424 adapters=1395
 compilation: enabled
              stopped_count=0, restarted_count=0
 full_count=0

Compilation events (20 events):
Event: 161.369 Thread 0x0000017044bae710 nmethod 27110 0x0000017023e0c210 code [0x0000017023e0c660, 0x0000017023e0f870]
Event: 161.369 Thread 0x0000017044bae710 27108       4       io.papermc.paper.util.IntervalledCounter::updateCurrentTime (106 bytes)
Event: 161.372 Thread 0x0000017044bae710 nmethod 27108 0x0000017023e11e90 code [0x0000017023e12020, 0x0000017023e122f8]
Event: 161.372 Thread 0x0000017044bae710 27116       4       net.minecraft.world.entity.player.PlayerInventory::a (78 bytes)
Event: 161.380 Thread 0x0000017044bae710 nmethod 27116 0x0000017023e12490 code [0x0000017023e126a0, 0x0000017023e12df8]
Event: 161.380 Thread 0x0000017044bae710 27120       4       java.util.TreeSet::isEmpty (10 bytes)
Event: 161.381 Thread 0x0000017044bae710 nmethod 27120 0x0000017023e13390 code [0x0000017023e13500, 0x0000017023e135b8]
Event: 161.381 Thread 0x0000017044bae710 27111       4       java.util.TreeSet::add (22 bytes)
Event: 161.381 Thread 0x0000017044bae710 nmethod 27111 0x0000017023e13690 code [0x0000017023e13820, 0x0000017023e13908]
Event: 161.394 Thread 0x0000017044bae710 27132       4       it.unimi.dsi.fastutil.longs.Long2ObjectLinkedOpenHashMap::shiftKeys (124 bytes)
Event: 161.398 Thread 0x000001703388ea00 27134       3       org.bukkit.Location::getWorld (36 bytes)
Event: 161.398 Thread 0x000001703388ea00 nmethod 27134 0x000001701d825a10 code [0x000001701d825c00, 0x000001701d8261f8]
Event: 161.400 Thread 0x000001703388ea00 27137       3       net.minecraft.world.entity.EntityLiving::dU (20 bytes)
Event: 161.400 Thread 0x000001703388ea00 nmethod 27137 0x000001701d826390 code [0x000001701d826560, 0x000001701d826ad8]
Event: 161.404 Thread 0x0000017044bae710 nmethod 27132 0x0000017023e13a10 code [0x0000017023e13bc0, 0x0000017023e14378]
Event: 161.404 Thread 0x0000017044bae710 27133       4       java.util.concurrent.CompletableFuture::andTree (219 bytes)
Event: 161.415 Thread 0x000001703388ea00 27138       3       io.netty.buffer.Unpooled::wrappedBuffer (23 bytes)
Event: 161.415 Thread 0x000001703388ea00 nmethod 27138 0x000001701d826c10 code [0x000001701d826dc0, 0x000001701d826fc8]
Event: 161.415 Thread 0x000001703388ea00 27139       3       io.netty.buffer.UnpooledHeapByteBuf::<init> (76 bytes)
Event: 161.416 Thread 0x000001703388ea00 nmethod 27139 0x000001701d827090 code [0x000001701d827420, 0x000001701d828f98]

GC Heap History (20 events):
Event: 31.946 GC heap before
{Heap before GC invocations=26 (full 0):
 garbage-first heap   total 1048576K, used 684368K [0x0000000740000000, 0x0000000800000000)
  region size 8192K, 51 young (417792K), 2 survivors (16384K)
 Metaspace       used 123089K, committed 124544K, reserved 1155072K
  class space    used 18069K, committed 18688K, reserved 1048576K
}
Event: 32.019 GC heap after
{Heap after GC invocations=27 (full 0):
 garbage-first heap   total 1048576K, used 344064K [0x0000000740000000, 0x0000000800000000)
  region size 8192K, 2 young (16384K), 2 survivors (16384K)
 Metaspace       used 123089K, committed 124544K, reserved 1155072K
  class space    used 18069K, committed 18688K, reserved 1048576K
}
Event: 35.614 GC heap before
{Heap before GC invocations=27 (full 0):
 garbage-first heap   total 1048576K, used 638976K [0x0000000740000000, 0x0000000800000000)
  region size 8192K, 38 young (311296K), 2 survivors (16384K)
 Metaspace       used 131408K, committed 132928K, reserved 1163264K
  class space    used 19200K, committed 19840K, reserved 1048576K
}
Event: 35.697 GC heap after
{Heap after GC invocations=28 (full 0):
 garbage-first heap   total 1048576K, used 457942K [0x0000000740000000, 0x0000000800000000)
  region size 8192K, 2 young (16384K), 2 survivors (16384K)
 Metaspace       used 131408K, committed 132928K, reserved 1163264K
  class space    used 19200K, committed 19840K, reserved 1048576K
}
Event: 37.298 GC heap before
{Heap before GC invocations=28 (full 0):
 garbage-first heap   total 1048576K, used 744662K [0x0000000740000000, 0x0000000800000000)
  region size 8192K, 38 young (311296K), 2 survivors (16384K)
 Metaspace       used 132272K, committed 133824K, reserved 1163264K
  class space    used 19283K, committed 19968K, reserved 1048576K
}
Event: 37.400 GC heap after
{Heap after GC invocations=29 (full 0):
 garbage-first heap   total 1048576K, used 655360K [0x0000000740000000, 0x0000000800000000)
  region size 8192K, 2 young (16384K), 2 survivors (16384K)
 Metaspace       used 132272K, committed 133824K, reserved 1163264K
  class space    used 19283K, committed 19968K, reserved 1048576K
}
Event: 40.858 GC heap before
{Heap before GC invocations=30 (full 0):
 garbage-first heap   total 1245184K, used 942080K [0x0000000740000000, 0x0000000800000000)
  region size 8192K, 38 young (311296K), 2 survivors (16384K)
 Metaspace       used 142187K, committed 143872K, reserved 1179648K
  class space    used 20581K, committed 21376K, reserved 1048576K
}
Event: 40.890 GC heap after
{Heap after GC invocations=31 (full 0):
 garbage-first heap   total 1245184K, used 696320K [0x0000000740000000, 0x0000000800000000)
  region size 8192K, 2 young (16384K), 2 survivors (16384K)
 Metaspace       used 142187K, committed 143872K, reserved 1179648K
  class space    used 20581K, committed 21376K, reserved 1048576K
}
Event: 44.613 GC heap before
{Heap before GC invocations=31 (full 0):
 garbage-first heap   total 1245184K, used 1048576K [0x0000000740000000, 0x0000000800000000)
  region size 8192K, 45 young (368640K), 2 survivors (16384K)
 Metaspace       used 149711K, committed 151552K, reserved 1179648K
  class space    used 21722K, committed 22528K, reserved 1048576K
}
Event: 44.657 GC heap after
{Heap after GC invocations=32 (full 0):
 garbage-first heap   total 1245184K, used 748795K [0x0000000740000000, 0x0000000800000000)
  region size 8192K, 2 young (16384K), 2 survivors (16384K)
 Metaspace       used 149711K, committed 151552K, reserved 1179648K
  class space    used 21722K, committed 22528K, reserved 1048576K
}
Event: 46.744 GC heap before
{Heap before GC invocations=32 (full 0):
 garbage-first heap   total 1245184K, used 1084667K [0x0000000740000000, 0x0000000800000000)
  region size 8192K, 44 young (360448K), 2 survivors (16384K)
 Metaspace       used 150612K, committed 152320K, reserved 1179648K
  class space    used 21823K, committed 22592K, reserved 1048576K
}
Event: 46.800 GC heap after
{Heap after GC invocations=33 (full 0):
 garbage-first heap   total 1245184K, used 841508K [0x0000000740000000, 0x0000000800000000)
  region size 8192K, 2 young (16384K), 2 survivors (16384K)
 Metaspace       used 150612K, committed 152320K, reserved 1179648K
  class space    used 21823K, committed 22592K, reserved 1048576K
}
Event: 49.492 GC heap before
{Heap before GC invocations=34 (full 0):
 garbage-first heap   total 1589248K, used 1185572K [0x0000000740000000, 0x0000000800000000)
  region size 8192K, 45 young (368640K), 2 survivors (16384K)
 Metaspace       used 150653K, committed 152448K, reserved 1179648K
  class space    used 21827K, committed 22656K, reserved 1048576K
}
Event: 49.505 GC heap after
{Heap after GC invocations=35 (full 0):
 garbage-first heap   total 1589248K, used 855942K [0x0000000740000000, 0x0000000800000000)
  region size 8192K, 2 young (16384K), 2 survivors (16384K)
 Metaspace       used 150653K, committed 152448K, reserved 1179648K
  class space    used 21827K, committed 22656K, reserved 1048576K
}
Event: 50.958 GC heap before
{Heap before GC invocations=35 (full 0):
 garbage-first heap   total 1589248K, used 1306502K [0x0000000740000000, 0x0000000800000000)
  region size 8192K, 58 young (475136K), 2 survivors (16384K)
 Metaspace       used 150696K, committed 152576K, reserved 1179648K
  class space    used 21839K, committed 22720K, reserved 1048576K
}
Event: 51.033 GC heap after
{Heap after GC invocations=36 (full 0):
 garbage-first heap   total 1589248K, used 980770K [0x0000000740000000, 0x0000000800000000)
  region size 8192K, 2 young (16384K), 2 survivors (16384K)
 Metaspace       used 150696K, committed 152576K, reserved 1179648K
  class space    used 21839K, committed 22720K, reserved 1048576K
}
Event: 53.173 GC heap before
{Heap before GC invocations=36 (full 0):
 garbage-first heap   total 1589248K, used 1390370K [0x0000000740000000, 0x0000000800000000)
  region size 8192K, 53 young (434176K), 2 survivors (16384K)
 Metaspace       used 150826K, committed 152640K, reserved 1179648K
  class space    used 21845K, committed 22720K, reserved 1048576K
}
Event: 53.222 GC heap after
{Heap after GC invocations=37 (full 0):
 garbage-first heap   total 1589248K, used 1081344K [0x0000000740000000, 0x0000000800000000)
  region size 8192K, 2 young (16384K), 2 survivors (16384K)
 Metaspace       used 150826K, committed 152640K, reserved 1179648K
  class space    used 21845K, committed 22720K, reserved 1048576K
}
Event: 60.471 GC heap before
{Heap before GC invocations=38 (full 0):
 garbage-first heap   total 2039808K, used 1671168K [0x0000000740000000, 0x0000000800000000)
  region size 8192K, 74 young (606208K), 2 survivors (16384K)
 Metaspace       used 155920K, committed 157760K, reserved 1187840K
  class space    used 22543K, committed 23360K, reserved 1048576K
}
Event: 60.544 GC heap after
{Heap after GC invocations=39 (full 0):
 garbage-first heap   total 2039808K, used 1146880K [0x0000000740000000, 0x0000000800000000)
  region size 8192K, 3 young (24576K), 3 survivors (24576K)
 Metaspace       used 155920K, committed 157760K, reserved 1187840K
  class space    used 22543K, committed 23360K, reserved 1048576K
}

Deoptimization events (20 events):
Event: 160.902 Thread 0x00000170375023e0 Uncommon trap: trap_request=0xffffffc6 fr.pc=0x0000017023ab6940 relative=0x00000000000000a0
Event: 160.902 Thread 0x00000170375023e0 Uncommon trap: reason=bimorphic_or_optimized_type_check action=maybe_recompile pc=0x0000017023ab6940 method=java.awt.Component.enable(Z)V @ 5 c2
Event: 160.902 Thread 0x00000170375023e0 DEOPT PACKING pc=0x0000017023ab6940 sp=0x00000004958fe2f0
Event: 160.902 Thread 0x00000170375023e0 DEOPT UNPACKING pc=0x000001701b1f23a3 sp=0x00000004958fe228 mode 2
Event: 161.000 Thread 0x0000017037504a60 Uncommon trap: trap_request=0xffffff45 fr.pc=0x00000170238e056c relative=0x00000000000000ac
Event: 161.000 Thread 0x0000017037504a60 Uncommon trap: reason=unstable_if action=reinterpret pc=0x00000170238e056c method=net.minecraft.world.entity.Entity.a(DZLnet/minecraft/world/level/block/state/IBlockData;Lnet/minecraft/core/BlockPosition;)V @ 62 c2
Event: 161.000 Thread 0x0000017037504a60 DEOPT PACKING pc=0x00000170238e056c sp=0x00000004970fdd40
Event: 161.000 Thread 0x0000017037504a60 DEOPT UNPACKING pc=0x000001701b1f23a3 sp=0x00000004970fdcc0 mode 2
Event: 161.001 Thread 0x0000017037504a60 DEOPT PACKING pc=0x000001701d50bd85 sp=0x00000004970feb10
Event: 161.001 Thread 0x0000017037504a60 DEOPT UNPACKING pc=0x000001701b1f2b43 sp=0x00000004970fe0c8 mode 0
Event: 161.150 Thread 0x0000017037504a60 DEOPT PACKING pc=0x000001701c710630 sp=0x00000004970fec00
Event: 161.150 Thread 0x0000017037504a60 DEOPT UNPACKING pc=0x000001701b1f2b43 sp=0x00000004970fe0b0 mode 0
Event: 161.275 Thread 0x0000017037504a60 Uncommon trap: trap_request=0xffffff76 fr.pc=0x0000017023dcc2c0 relative=0x0000000000003260
Event: 161.275 Thread 0x0000017037504a60 Uncommon trap: reason=predicate action=maybe_recompile pc=0x0000017023dcc2c0 method=io.papermc.paper.util.IntervalledCounter.updateCurrentTime(J)V @ 36 c2
Event: 161.276 Thread 0x0000017037504a60 DEOPT PACKING pc=0x0000017023dcc2c0 sp=0x00000004970fef60
Event: 161.276 Thread 0x0000017037504a60 DEOPT UNPACKING pc=0x000001701b1f23a3 sp=0x00000004970fee48 mode 2
Event: 161.276 Thread 0x0000017037504a60 Uncommon trap: trap_request=0xffffff76 fr.pc=0x0000017023adc68c relative=0x00000000000001ec
Event: 161.276 Thread 0x0000017037504a60 Uncommon trap: reason=predicate action=maybe_recompile pc=0x0000017023adc68c method=io.papermc.paper.util.IntervalledCounter.updateCurrentTime(J)V @ 36 c2
Event: 161.276 Thread 0x0000017037504a60 DEOPT PACKING pc=0x0000017023adc68c sp=0x00000004970feec0
Event: 161.276 Thread 0x0000017037504a60 DEOPT UNPACKING pc=0x000001701b1f23a3 sp=0x00000004970fee40 mode 2

Classes unloaded (0 events):
No events

Classes redefined (0 events):
No events

Internal exceptions (20 events):
Event: 158.651 Thread 0x0000017048279000 Exception <a 'java/lang/ClassCastException'{0x00000007a3ac3b40}> (0x00000007a3ac3b40) 
thrown [t:\workspace\open\src\hotspot\share\runtime\sharedRuntime.cpp, line 628]
Event: 158.651 Thread 0x0000017048279000 Exception <a 'java/lang/ClassCastException'{0x00000007a3ac4528}> (0x00000007a3ac4528) 
thrown [t:\workspace\open\src\hotspot\share\runtime\sharedRuntime.cpp, line 628]
Event: 158.651 Thread 0x0000017048279000 Exception <a 'java/lang/ClassCastException'{0x00000007a3ac5160}> (0x00000007a3ac5160) 
thrown [t:\workspace\open\src\hotspot\share\runtime\sharedRuntime.cpp, line 628]
Event: 158.688 Thread 0x0000017048274300 Exception <a 'sun/nio/fs/WindowsException'{0x00000007a3c369d0}> (0x00000007a3c369d0) 
thrown [t:\workspace\open\src\hotspot\share\prims\jni.cpp, line 516]
Event: 160.063 Thread 0x0000017037504a60 Implicit null exception at 0x0000017023193fad to 0x00000170231941f0
Event: 160.063 Thread 0x0000017045434560 Exception <a 'sun/nio/fs/WindowsException'{0x00000007a353bd90}> (0x00000007a353bd90) 
thrown [t:\workspace\open\src\hotspot\share\prims\jni.cpp, line 516]
Event: 160.065 Thread 0x0000017045434560 Exception <a 'sun/nio/fs/WindowsException'{0x00000007a353e808}> (0x00000007a353e808) 
thrown [t:\workspace\open\src\hotspot\share\prims\jni.cpp, line 516]
Event: 160.065 Thread 0x0000017045434560 Exception <a 'sun/nio/fs/WindowsException'{0x00000007a353eb68}> (0x00000007a353eb68) 
thrown [t:\workspace\open\src\hotspot\share\prims\jni.cpp, line 516]
Event: 160.692 Thread 0x0000017039fd56e0 Exception <a 'sun/nio/fs/WindowsException'{0x000000079f910e68}> (0x000000079f910e68) 
thrown [t:\workspace\open\src\hotspot\share\prims\jni.cpp, line 516]
Event: 160.692 Thread 0x0000017039fd56e0 Exception <a 'sun/nio/fs/WindowsException'{0x000000079f911628}> (0x000000079f911628) 
thrown [t:\workspace\open\src\hotspot\share\prims\jni.cpp, line 516]
Event: 160.693 Thread 0x0000017039fd56e0 Exception <a 'sun/nio/fs/WindowsException'{0x000000079f9117e0}> (0x000000079f9117e0) 
thrown [t:\workspace\open\src\hotspot\share\prims\jni.cpp, line 516]
Event: 161.186 Thread 0x0000017039fd56e0 Exception <a 'sun/nio/fs/WindowsException'{0x000000079f53a408}> (0x000000079f53a408) 
thrown [t:\workspace\open\src\hotspot\share\prims\jni.cpp, line 516]
Event: 161.186 Thread 0x0000017039fd56e0 Exception <a 'sun/nio/fs/WindowsException'{0x000000079f53abc8}> (0x000000079f53abc8) 
thrown [t:\workspace\open\src\hotspot\share\prims\jni.cpp, line 516]
Event: 161.186 Thread 0x0000017039fd56e0 Exception <a 'sun/nio/fs/WindowsException'{0x000000079f53ad80}> (0x000000079f53ad80) 
thrown [t:\workspace\open\src\hotspot\share\prims\jni.cpp, line 516]
Event: 161.214 Thread 0x0000017045434560 Exception <a 'sun/nio/fs/WindowsException'{0x00000007a355f420}> (0x00000007a355f420) 
thrown [t:\workspace\open\src\hotspot\share\prims\jni.cpp, line 516]
Event: 161.215 Thread 0x0000017045434560 Exception <a 'sun/nio/fs/WindowsException'{0x00000007a3561e10}> (0x00000007a3561e10) 
thrown [t:\workspace\open\src\hotspot\share\prims\jni.cpp, line 516]
Event: 161.215 Thread 0x0000017045434560 Exception <a 'sun/nio/fs/WindowsException'{0x00000007a3562170}> (0x00000007a3562170) 
thrown [t:\workspace\open\src\hotspot\share\prims\jni.cpp, line 516]
Event: 161.392 Thread 0x0000017039fd56e0 Exception <a 'sun/nio/fs/WindowsException'{0x000000079ee35d28}> (0x000000079ee35d28) 
thrown [t:\workspace\open\src\hotspot\share\prims\jni.cpp, line 516]
Event: 161.393 Thread 0x0000017039fd56e0 Exception <a 'sun/nio/fs/WindowsException'{0x000000079ee364e8}> (0x000000079ee364e8) 
thrown [t:\workspace\open\src\hotspot\share\prims\jni.cpp, line 516]
Event: 161.393 Thread 0x0000017039fd56e0 Exception <a 'sun/nio/fs/WindowsException'{0x000000079ee366a0}> (0x000000079ee366a0) 
thrown [t:\workspace\open\src\hotspot\share\prims\jni.cpp, line 516]

VM Operations (20 events):
Event: 157.711 Executing VM operation: ICBufferFull
Event: 157.713 Executing VM operation: ICBufferFull done
Event: 157.816 Executing VM operation: HandshakeAllThreads
Event: 157.816 Executing VM operation: HandshakeAllThreads done
Event: 157.966 Executing VM operation: ICBufferFull
Event: 157.967 Executing VM operation: ICBufferFull done
Event: 158.541 Executing VM operation: HandshakeAllThreads
Event: 158.547 Executing VM operation: HandshakeAllThreads done
Event: 158.550 Executing VM operation: HandshakeAllThreads
Event: 158.556 Executing VM operation: HandshakeAllThreads done
Event: 158.558 Executing VM operation: HandshakeAllThreads
Event: 158.558 Executing VM operation: HandshakeAllThreads done
Event: 158.742 Executing VM operation: ICBufferFull
Event: 158.930 Executing VM operation: ICBufferFull done
Event: 158.962 Executing VM operation: HandshakeAllThreads
Event: 158.969 Executing VM operation: HandshakeAllThreads done
Event: 159.797 Executing VM operation: ICBufferFull
Event: 159.797 Executing VM operation: ICBufferFull done
Event: 160.797 Executing VM operation: Cleanup
Event: 160.799 Executing VM operation: Cleanup done

Events (20 events):
Event: 158.993 Thread 0x000001703389c2c0 flushing nmethod 0x000001701d44f710
Event: 158.993 Thread 0x000001703389c2c0 flushing nmethod 0x000001701d465290
Event: 158.994 Thread 0x000001703389c2c0 flushing nmethod 0x000001701d491e90
Event: 158.994 Thread 0x000001703389c2c0 flushing nmethod 0x000001701d531a10
Event: 158.994 Thread 0x000001703389c2c0 flushing nmethod 0x000001701d5a2e90
Event: 158.994 Thread 0x000001703389c2c0 flushing nmethod 0x000001701d5af690
Event: 158.995 Thread 0x000001703389c2c0 flushing nmethod 0x000001701d61ed90
Event: 158.995 Thread 0x000001703389c2c0 flushing nmethod 0x000001701d65c990
Event: 158.995 Thread 0x000001703389c2c0 flushing nmethod 0x000001701d6de410
Event: 158.995 Thread 0x000001703389c2c0 flushing nmethod 0x000001701d6de810
Event: 158.995 Thread 0x000001703389c2c0 flushing nmethod 0x000001701d6df210
Event: 158.995 Thread 0x000001703389c2c0 flushing nmethod 0x000001701d6e0290
Event: 158.995 Thread 0x000001703389c2c0 flushing nmethod 0x000001701d6e0f10
Event: 158.995 Thread 0x000001703389c2c0 flushing nmethod 0x000001701d6e7810
Event: 158.995 Thread 0x000001703389c2c0 flushing nmethod 0x000001701d6ee090
Event: 158.995 Thread 0x000001703389c2c0 flushing nmethod 0x000001701d6f7710
Event: 159.006 Thread 0x000001704827a340 Thread added: 0x000001704827a340
Event: 159.009 Thread 0x00000170482799a0 Thread added: 0x00000170482799a0
Event: 159.060 Thread 0x0000017045434560 Thread added: 0x0000017045434560
Event: 161.339 Thread 0x0000017045433220 Thread added: 0x0000017045433220


Dynamic libraries:
0x00007ff69e980000 - 0x00007ff69e990000 	C:\Program Files\Java\jdk-17.0.3.1\bin\java.exe
0x00007ffa6d510000 - 0x00007ffa6d705000 	C:\Windows\SYSTEM32\ntdll.dll
0x00007ffa6b850000 - 0x00007ffa6b90d000 	C:\Windows\System32\KERNEL32.DLL
0x00007ffa6b270000 - 0x00007ffa6b539000 	C:\Windows\System32\KERNELBASE.dll
0x00007ffa6b0e0000 - 0x00007ffa6b1e0000 	C:\Windows\System32\ucrtbase.dll
0x00007ffa65240000 - 0x00007ffa6525a000 	C:\Program Files\Java\jdk-17.0.3.1\bin\VCRUNTIME140.dll
0x00007ffa522c0000 - 0x00007ffa522d8000 	C:\Program Files\Java\jdk-17.0.3.1\bin\jli.dll
0x00007ffa6b540000 - 0x00007ffa6b5ec000 	C:\Windows\System32\ADVAPI32.dll
0x00007ffa6ca30000 - 0x00007ffa6cace000 	C:\Windows\System32\msvcrt.dll
0x00007ffa6b670000 - 0x00007ffa6b70b000 	C:\Windows\System32\sechost.dll
0x00007ffa6b720000 - 0x00007ffa6b84a000 	C:\Windows\System32\RPCRT4.dll
0x00007ffa6c7f0000 - 0x00007ffa6c990000 	C:\Windows\System32\USER32.dll
0x00007ffa5a1c0000 - 0x00007ffa5a45a000 	C:\Windows\WinSxS\amd64_microsoft.windows.common-controls_6595b64144ccf1df_6.0.19041.1110_none_60b5254171f9507e\COMCTL32.dll
0x00007ffa6ac10000 - 0x00007ffa6ac32000 	C:\Windows\System32\win32u.dll
0x00007ffa6c990000 - 0x00007ffa6c9ba000 	C:\Windows\System32\GDI32.dll
0x00007ffa6ace0000 - 0x00007ffa6adeb000 	C:\Windows\System32\gdi32full.dll
0x00007ffa6ac40000 - 0x00007ffa6acdd000 	C:\Windows\System32\msvcp_win.dll
0x00007ffa63540000 - 0x00007ffa6354a000 	C:\Windows\SYSTEM32\VERSION.dll
0x00007ffa6bc70000 - 0x00007ffa6bca0000 	C:\Windows\System32\IMM32.DLL
0x00007ffa652a0000 - 0x00007ffa652ac000 	C:\Program Files\Java\jdk-17.0.3.1\bin\vcruntime140_1.dll
0x00007ffa52180000 - 0x00007ffa5220d000 	C:\Program Files\Java\jdk-17.0.3.1\bin\msvcp140.dll
0x00007ffa255e0000 - 0x00007ffa261a0000 	C:\Program Files\Java\jdk-17.0.3.1\bin\server\jvm.dll
0x00007ffa6c5b0000 - 0x00007ffa6c5b8000 	C:\Windows\System32\PSAPI.DLL
0x00007ffa63510000 - 0x00007ffa63537000 	C:\Windows\SYSTEM32\WINMM.dll
0x00007ffa4eb80000 - 0x00007ffa4eb89000 	C:\Windows\SYSTEM32\WSOCK32.dll
0x00007ffa6c9c0000 - 0x00007ffa6ca2b000 	C:\Windows\System32\WS2_32.dll
0x00007ffa68b40000 - 0x00007ffa68b52000 	C:\Windows\SYSTEM32\kernel.appcore.dll
0x00007ffa65270000 - 0x00007ffa6527a000 	C:\Program Files\Java\jdk-17.0.3.1\bin\jimage.dll
0x00007ffa62be0000 - 0x00007ffa62dc4000 	C:\Windows\SYSTEM32\DBGHELP.DLL
0x00007ffa562d0000 - 0x00007ffa562fc000 	C:\Windows\SYSTEM32\dbgcore.DLL
0x00007ffa6b1e0000 - 0x00007ffa6b263000 	C:\Windows\System32\bcryptPrimitives.dll
0x00007ffa52150000 - 0x00007ffa52175000 	C:\Program Files\Java\jdk-17.0.3.1\bin\java.dll
0x00007ffa4b570000 - 0x00007ffa4b646000 	C:\Program Files\Java\jdk-17.0.3.1\bin\jsvml.dll
0x00007ffa6bca0000 - 0x00007ffa6c3df000 	C:\Windows\System32\SHELL32.dll
0x00007ffa68d40000 - 0x00007ffa694d0000 	C:\Windows\SYSTEM32\windows.storage.dll
0x00007ffa6d140000 - 0x00007ffa6d495000 	C:\Windows\System32\combase.dll
0x00007ffa6a670000 - 0x00007ffa6a69c000 	C:\Windows\SYSTEM32\Wldp.dll
0x00007ffa6d090000 - 0x00007ffa6d13e000 	C:\Windows\System32\SHCORE.dll
0x00007ffa6c790000 - 0x00007ffa6c7e5000 	C:\Windows\System32\shlwapi.dll
0x00007ffa6ab50000 - 0x00007ffa6ab6f000 	C:\Windows\SYSTEM32\profapi.dll
0x00007ffa52130000 - 0x00007ffa52149000 	C:\Program Files\Java\jdk-17.0.3.1\bin\net.dll
0x00007ffa64da0000 - 0x00007ffa64ea8000 	C:\Windows\SYSTEM32\WINHTTP.dll
0x00007ffa6a3d0000 - 0x00007ffa6a43a000 	C:\Windows\system32\mswsock.dll
0x00007ffa4c590000 - 0x00007ffa4c5a6000 	C:\Program Files\Java\jdk-17.0.3.1\bin\nio.dll
0x00007ffa4c2b0000 - 0x00007ffa4c2c8000 	C:\Program Files\Java\jdk-17.0.3.1\bin\zip.dll
0x00007ffa54950000 - 0x00007ffa54959000 	C:\Program Files\Java\jdk-17.0.3.1\bin\management.dll
0x00007ffa52970000 - 0x00007ffa5297b000 	C:\Program Files\Java\jdk-17.0.3.1\bin\management_ext.dll
0x00007ffa45930000 - 0x00007ffa45947000 	C:\Windows\system32\napinsp.dll
0x00007ffa45120000 - 0x00007ffa4513b000 	C:\Windows\system32\pnrpnsp.dll
0x00007ffa48410000 - 0x00007ffa48425000 	C:\Windows\system32\wshbth.dll
0x00007ffa66670000 - 0x00007ffa6668d000 	C:\Windows\system32\NLAapi.dll
0x00007ffa6a070000 - 0x00007ffa6a0ab000 	C:\Windows\SYSTEM32\IPHLPAPI.DLL
0x00007ffa6a0b0000 - 0x00007ffa6a17c000 	C:\Windows\SYSTEM32\DNSAPI.dll
0x00007ffa6b710000 - 0x00007ffa6b718000 	C:\Windows\System32\NSI.dll
0x00007ffa42f50000 - 0x00007ffa42f62000 	C:\Windows\System32\winrnr.dll
0x00007ffa5c100000 - 0x00007ffa5c10a000 	C:\Windows\System32\rasadhlp.dll
0x00007ffa5d410000 - 0x00007ffa5d48f000 	C:\Windows\System32\fwpuclnt.dll
0x00007ffa6adf0000 - 0x00007ffa6ae17000 	C:\Windows\System32\bcrypt.dll
0x0000000069ac0000 - 0x0000000069ae4000 	C:\Users\paden\AppData\Local\Temp\jansi-2.4.0-6f3f9f9c6e1a8f4f-jansi.dll
0x00007ffa6a5c0000 - 0x00007ffa6a5d8000 	C:\Windows\SYSTEM32\CRYPTSP.dll
0x00007ffa69ce0000 - 0x00007ffa69d14000 	C:\Windows\system32\rsaenh.dll
0x00007ffa6aad0000 - 0x00007ffa6aafe000 	C:\Windows\SYSTEM32\USERENV.dll
0x00007ffa6a5e0000 - 0x00007ffa6a5ec000 	C:\Windows\SYSTEM32\CRYPTBASE.dll
0x00007ffa62a10000 - 0x00007ffa62a27000 	C:\Windows\SYSTEM32\dhcpcsvc6.DLL
0x00007ffa629f0000 - 0x00007ffa62a0d000 	C:\Windows\SYSTEM32\dhcpcsvc.DLL
0x00007ffa529c0000 - 0x00007ffa52a05000 	C:\Users\paden\AppData\Local\Temp\jna-106423420\jna15041563164101184474.dll
0x00007ffa6bb40000 - 0x00007ffa6bc6a000 	C:\Windows\System32\Ole32.dll
0x00007ffa6b910000 - 0x00007ffa6b9b9000 	C:\Windows\System32\clbcatq.dll
0x00007ffa6c3e0000 - 0x00007ffa6c4ad000 	C:\Windows\System32\OleAut32.dll
0x00007ffa4b190000 - 0x00007ffa4b1a9000 	C:\Windows\SYSTEM32\amsi.dll
0x00007ffa4b110000 - 0x00007ffa4b18b000 	C:\ProgramData\Microsoft\Windows Defender\Platform\4.18.2203.5-0\MpOav.dll
0x00007ffa4aee0000 - 0x00007ffa4b10c000 	C:\Program Files (x86)\Kaspersky Lab\Kaspersky Security Cloud 21.3\x64\antimalware_provider.dll
0x00007ffa42190000 - 0x00007ffa421e4000 	C:\Windows\SYSTEM32\Pdh.dll
0x00007ffa61950000 - 0x00007ffa6195f000 	C:\Windows\System32\perfos.dll
0x00007ffa52930000 - 0x00007ffa52940000 	C:\Program Files\Java\jdk-17.0.3.1\bin\verify.dll
0x00007ffa27b10000 - 0x00007ffa27c9f000 	C:\Program Files\Java\jdk-17.0.3.1\bin\awt.dll
0x00007ffa68490000 - 0x00007ffa68520000 	C:\Windows\SYSTEM32\apphelp.dll
0x00007ffa68630000 - 0x00007ffa686ce000 	C:\Windows\system32\uxtheme.dll
0x00007ffa6b9c0000 - 0x00007ffa6bad5000 	C:\Windows\System32\MSCTF.dll
0x00007ffa68760000 - 0x00007ffa6878f000 	C:\Windows\system32\DWMAPI.DLL
0x00007ffa38bc0000 - 0x00007ffa38ce5000 	C:\Windows\system32\opengl32.dll
0x00007ffa371b0000 - 0x00007ffa371dc000 	C:\Windows\SYSTEM32\GLU32.dll
0x00007ffa36a80000 - 0x00007ffa36c4e000 	C:\Windows\system32\d3d9.dll
0x00007ffa63550000 - 0x00007ffa6370a000 	C:\Windows\System32\DriverStore\FileRepository\u0376032.inf_amd64_1a2e19f1369fd940\B375758\aticfx64.dll
0x00007ffa16a20000 - 0x00007ffa16a54000 	C:\Windows\System32\DriverStore\FileRepository\u0376032.inf_amd64_1a2e19f1369fd940\B375758\atiu9p64.dll
0x00007ffa15cc0000 - 0x00007ffa16a16000 	C:\Windows\System32\DriverStore\FileRepository\u0376032.inf_amd64_1a2e19f1369fd940\B375758\atiumd64.dll
0x000000006aba0000 - 0x000000006ba5f000 	C:\Windows\System32\DriverStore\FileRepository\u0376032.inf_amd64_1a2e19f1369fd940\B375758\atiumd6a.dll
0x00007ffa6cb30000 - 0x00007ffa6cfa2000 	C:\Windows\System32\SETUPAPI.dll
0x00007ffa6b090000 - 0x00007ffa6b0de000 	C:\Windows\System32\cfgmgr32.dll
0x00007ffa6a1f0000 - 0x00007ffa6a23b000 	C:\Windows\SYSTEM32\POWRPROF.dll
0x00007ffa6a050000 - 0x00007ffa6a062000 	C:\Windows\SYSTEM32\UMPDC.dll
0x00007ffa62b70000 - 0x00007ffa62ba0000 	C:\Windows\SYSTEM32\amdihk64.dll
0x00007ffa65c40000 - 0x00007ffa65c7b000 	C:\Windows\SYSTEM32\dxcore.dll
0x00007ffa49cd0000 - 0x00007ffa49d59000 	C:\Program Files\Java\jdk-17.0.3.1\bin\freetype.dll
0x00007ffa49340000 - 0x00007ffa493e8000 	C:\Program Files\Java\jdk-17.0.3.1\bin\fontmanager.dll
0x00007ffa64f60000 - 0x00007ffa65114000 	C:\Windows\SYSTEM32\WindowsCodecs.dll
0x00007ffa40220000 - 0x00007ffa4025e000 	C:\Windows\system32\dataexchange.dll
0x00007ffa67350000 - 0x00007ffa675b4000 	C:\Windows\system32\d3d11.dll
0x00007ffa66ba0000 - 0x00007ffa66d86000 	C:\Windows\system32\dcomp.dll
0x00007ffa69510000 - 0x00007ffa69604000 	C:\Windows\system32\dxgi.dll
0x00007ffa64b90000 - 0x00007ffa64d91000 	C:\Windows\system32\twinapi.appcore.dll
0x00007ffa5f270000 - 0x00007ffa5f369000 	C:\Windows\SYSTEM32\textinputframework.dll
0x00007ffa67b80000 - 0x00007ffa67ede000 	C:\Windows\System32\CoreUIComponents.dll
0x00007ffa68260000 - 0x00007ffa68352000 	C:\Windows\System32\CoreMessaging.dll
0x00007ffa69910000 - 0x00007ffa69943000 	C:\Windows\SYSTEM32\ntmarta.dll
0x00007ffa66d90000 - 0x00007ffa66ee4000 	C:\Windows\SYSTEM32\wintypes.dll
0x00007ffa52870000 - 0x00007ffa52879000 	C:\Program Files\Java\jdk-17.0.3.1\bin\jaas.dll
0x00007ffa52860000 - 0x00007ffa5286e000 	C:\Program Files\Java\jdk-17.0.3.1\bin\sunmscapi.dll
0x00007ffa6ae20000 - 0x00007ffa6af7f000 	C:\Windows\System32\CRYPT32.dll
0x00007ffa6a6e0000 - 0x00007ffa6a707000 	C:\Windows\SYSTEM32\ncrypt.dll
0x00007ffa6a6a0000 - 0x00007ffa6a6db000 	C:\Windows\SYSTEM32\NTASN1.dll
0x00007ffa5bd20000 - 0x00007ffa5bd27000 	C:\Windows\system32\wshunix.dll
0x0000000070bc0000 - 0x0000000070c9c000 	C:\Users\paden\AppData\Local\Temp\sqlite-3.36.0.3-7e4f49a1-86f8-49e6-b853-caf84b4a898c-sqlitejdbc.dll

dbghelp: loaded successfully - version: 4.0.5 - missing functions: none
symbol engine: initialized successfully - sym options: 0x614 - pdb path: .;C:\Program Files\Java\jdk-17.0.3.1\bin;C:\Windows\SYSTEM32;C:\Windows\WinSxS\amd64_microsoft.windows.common-controls_6595b64144ccf1df_6.0.19041.1110_none_60b5254171f9507e;C:\Program Files\Java\jdk-17.0.3.1\bin\server;C:\Users\paden\AppData\Local\Temp;C:\Users\paden\AppData\Local\Temp\jna-106423420;C:\ProgramData\Microsoft\Windows Defender\Platform\4.18.2203.5-0;C:\Program Files (x86)\Kaspersky Lab\Kaspersky Security Cloud 21.3\x64;C:\Windows\System32\DriverStore\FileRepository\u0376032.inf_amd64_1a2e19f1369fd940\B375758

VM Arguments:
jvm_args: -Xms1G -Xmx3G -Dfile.encoding=utf-8 -XX:+UseG1GC -XX:+ParallelRefProcEnabled -XX:MaxGCPauseMillis=200 -XX:+UnlockExperimentalVMOptions -XX:+DisableExplicitGC -XX:-OmitStackTraceInFastThrow -XX:+AlwaysPreTouch -XX:G1NewSizePercent=30 -XX:G1MaxNewSizePercent=40 -XX:G1HeapRegionSize=8M -XX:G1ReservePercent=20 -XX:G1HeapWastePercent=5 -XX:G1MixedGCCountTarget=8 -XX:InitiatingHeapOccupancyPercent=15 -XX:G1MixedGCLiveThresholdPercent=90 -XX:G1RSetUpdatingPauseTimePercent=5 -XX:SurvivorRatio=32 -XX:MaxTenuringThreshold=1 -Dusing.aikars.flags=true -Daikars.new.flags=true 
java_command: server.jar
java_class_path (initial): server.jar
Launcher Type: SUN_STANDARD

[Global flags]
     bool AlwaysPreTouch                           = true                                      {product} {command line}
     bool AlwaysTenure                             = false                                     {product} {command line}
     intx CICompilerCount                          = 3                                         {product} {ergonomic}
     uint ConcGCThreads                            = 1                                         {product} {ergonomic}
     bool DisableExplicitGC                        = true                                      {product} {command line}
     uint G1ConcRefinementThreads                  = 4                                         {product} {ergonomic}
     uint G1EagerReclaimRemSetThreshold            = 64                                   {experimental} {ergonomic}
   size_t G1HeapRegionSize                         = 8388608                                   {product} {command line}
    uintx G1HeapWastePercent                       = 5                                         {product} {command line}
    uintx G1MaxNewSizePercent                      = 40                                   {experimental} {command line}
    uintx G1MixedGCCountTarget                     = 8                                         {product} {command line}
    uintx G1MixedGCLiveThresholdPercent            = 90                                   {experimental} {command line}
    uintx G1NewSizePercent                         = 30                                   {experimental} {command line}
     intx G1RSetUpdatingPauseTimePercent           = 5                                         {product} {command line}
    uintx G1ReservePercent                         = 20                                        {product} {command line}
    uintx GCDrainStackTargetSize                   = 64                                        {product} {ergonomic}
   size_t InitialHeapSize                          = 1073741824                                {product} {command line}
    uintx InitialTenuringThreshold                 = 1                                         {product} {ergonomic}
    uintx InitiatingHeapOccupancyPercent           = 15                                        {product} {command line}
   size_t MarkStackSize                            = 4194304                                   {product} {ergonomic}
    uintx MaxGCPauseMillis                         = 200                                       {product} {command line}
   size_t MaxHeapSize                              = 3221225472                                {product} {command line}
   size_t MaxNewSize                               = 1283457024                                {product} {ergonomic}
    uintx MaxTenuringThreshold                     = 1                                         {product} {command line}
   size_t MinHeapDeltaBytes                        = 8388608                                   {product} {ergonomic}
   size_t MinHeapSize                              = 1073741824                                {product} {command line}
     bool NeverTenure                              = false                                     {product} {command line}
    uintx NonNMethodCodeHeapSize                   = 5832780                                {pd product} {ergonomic}
    uintx NonProfiledCodeHeapSize                  = 122912730                              {pd product} {ergonomic}
     bool OmitStackTraceInFastThrow                = false                                     {product} {command line}
     bool ParallelRefProcEnabled                   = true                                      {product} {command line}
    uintx ProfiledCodeHeapSize                     = 122912730                              {pd product} {ergonomic}
    uintx ReservedCodeCacheSize                    = 251658240                              {pd product} {ergonomic}
     bool SegmentedCodeCache                       = true                                      {product} {ergonomic}
   size_t SoftMaxHeapSize                          = 3221225472                             {manageable} {ergonomic}
    uintx SurvivorRatio                            = 32                                        {product} {command line}
     bool UnlockExperimentalVMOptions              = true                                 {experimental} {command line}
     bool UseCompressedClassPointers               = true                           {product lp64_product} {ergonomic}
     bool UseCompressedOops                        = true                           {product lp64_product} {ergonomic}
     bool UseG1GC                                  = true                                      {product} {command line}
     bool UseLargePagesIndividualAllocation        = false                                  {pd product} {ergonomic}

Logging:
Log output configuration:
 #0: stdout all=warning uptime,level,tags
 #1: stderr all=off uptime,level,tags

Environment Variables:
PATH=C:\Program Files\Common Files\Oracle\Java\javapath;C:\Program Files (x86)\Razer Chroma SDK\bin;C:\Program Files\Razer Chroma SDK\bin;C:\Program Files (x86)\Razer\ChromaBroadcast\bin;C:\Program Files\Razer\ChromaBroadcast\bin;C:\Program Files\Eclipse Adoptium\jdk-8.0.322.6-hotspot\bin;C:\Program Files\Microsoft\jdk-11.0.12.7-hotspot\bin;C:\Program Files (x86)\Common Files\Oracle\Java\javapath;C:\ProgramData\Oracle\Java\javapath;C:\Windows\system32;C:\Windows;C:\Windows\System32\Wbem;C:\Windows\System32\WindowsPowerShell\v1.0\;C:\Windows\System32\OpenSSH\;C:\Program Files\dotnet\;C:\Program Files\Microsoft SQL Server\130\Tools\Binn\;C:\Program Files\Microsoft SQL Server\Client SDK\ODBC\170\Tools\Binn\;C:\Program Files\nodejs\;C:\Program Files\Microsoft SQL Server\Client SDK\ODBC\130\Tools\Binn\;C:\Program Files (x86)\Microsoft SQL Server\130\Tools\Binn\;C:\Program Files\Microsoft SQL Server\130\DTS\Binn\;C:\Program Files\Git\cmd;C:\Program Files\PuTTY\;C:\Windows\system32\config\systemprofile\AppData\Local\Microsoft\WindowsApps;C:\Users\paden\AppData\Local\Programs\Python\Python38-32\Scripts\;C:\Users\paden\AppData\Local\Programs\Python\Python38-32\;C:\Users\paden\AppData\Local\Programs\Python\Python39\Scripts\;C:\Users\paden\AppData\Local\Programs\Python\Python39\;C:\Users\paden\AppData\Local\Programs\Python\Python38\Scripts\;C:\Users\paden\AppData\Local\Programs\Python\Python38\;C:\Users\paden\AppData\Local\Microsoft\WindowsApps;;C:\Program Files\JetBrains\PyCharm Community Edition 2020.2.1\bin;;C:\Users\paden\.dotnet\tools;C:\Users\paden\AppData\Roaming\npm;C:\Users\paden\AppData\Local\Programs\Microsoft VS Code\bin;C:\Users\paden\AppData\Local\JpegminiPro3\
USERNAME=paden
OS=Windows_NT
PROCESSOR_IDENTIFIER=AMD64 Family 23 Model 24 Stepping 1, AuthenticAMD



---------------  S Y S T E M  ---------------

OS:
 Windows 10 , 64 bit Build 19041 (10.0.19041.1151)
OS uptime: 0 days 4:16 hours

CPU: total 4 (initial active 4) (4 cores per cpu, 1 threads per core) family 23 model 24 stepping 1 microcode 0x0, cx8, cmov, fxsr, mmx, 3dnowpref, sse, sse2, sse3, ssse3, sse4a, sse4.1, sse4.2, popcnt, lzcnt, tsc, tscinvbit, avx, avx2, aes, clmul, bmi1, bmi2, adx, sha, fma, vzeroupper, clflush, clflushopt

Memory: 4k page, system-wide physical 8140M (674M free)
TotalPageFile size 16332M (AvailPageFile size 5M)
current process WorkingSet (physical memory assigned to process): 2532M, peak: 2538M
current process commit charge ("private bytes"): 2564M, peak: 2571M

vm_info: Java HotSpot(TM) 64-Bit Server VM (17.0.3.1+2-LTS-6) for windows-amd64 JRE (17.0.3.1+2-LTS-6), built on Apr 25 2022 22:04:21 by "mach5one" with MS VC++ 16.8 / 16.9 (VS2019)

END.
