#
# There is insufficient memory for the Java Runtime Environment to continue.
# Native memory allocation (mmap) failed to map 922746880 bytes for G1 virtual space
# Possible reasons:
#   The system is out of physical RAM or swap space
#   The process is running with CompressedOops enabled, and the Java Heap may be blocking the growth of the native heap
# Possible solutions:
#   Reduce memory load on the system
#   Increase physical memory or swap space
#   Check if swap backing store is full
#   Decrease Java heap size (-Xmx/-Xms)
#   Decrease number of Java threads
#   Decrease Java thread stack sizes (-Xss)
#   Set larger code cache with -XX:ReservedCodeCacheSize=
#   JVM is running with Zero Based Compressed Oops mode in which the Java heap is
#     placed in the first 32GB address space. The Java Heap base address is the
#     maximum limit for the native heap growth. Please use -XX:HeapBaseMinAddress
#     to set the Java Heap base and to place the Java Heap above 32GB virtual address.
# This output file may be truncated or incomplete.
#
#  Out of Memory Error (os_windows.cpp:3535), pid=13596, tid=5200
#
# JRE version: Java(TM) SE Runtime Environment (17.0.3.1+2) (build 17.0.3.1+2-LTS-6)
# Java VM: Java HotSpot(TM) 64-Bit Server VM (17.0.3.1+2-LTS-6, mixed mode, sharing, tiered, compressed oops, compressed class ptrs, g1 gc, windows-amd64)
# No core dump will be written. Minidumps are not enabled by default on client versions of Windows
#

---------------  S U M M A R Y ------------

Command Line: -Xms1G -Xmx5G -Dfile.encoding=utf-8 -XX:+UseG1GC -XX:+ParallelRefProcEnabled -XX:MaxGCPauseMillis=200 -XX:+UnlockExperimentalVMOptions -XX:+DisableExplicitGC -XX:-OmitStackTraceInFastThrow -XX:+AlwaysPreTouch -XX:G1NewSizePercent=30 -XX:G1MaxNewSizePercent=40 -XX:G1HeapRegionSize=8M -XX:G1ReservePercent=20 -XX:G1HeapWastePercent=5 -XX:G1MixedGCCountTarget=8 -XX:InitiatingHeapOccupancyPercent=15 -XX:G1MixedGCLiveThresholdPercent=90 -XX:G1RSetUpdatingPauseTimePercent=5 -XX:SurvivorRatio=32 -XX:MaxTenuringThreshold=1 -Dusing.aikars.flags=true -Daikars.new.flags=true server.jar

Host: AMD Ryzen 3 PRO 3200G with Radeon Vega Graphics, 4 cores, 7G,  Windows 10 , 64 bit Build 19041 (10.0.19041.1151)
Time: Fri Jun 17 10:57:51 2022 RTZ 2 (s 10 , 64 bit Build 19041 (10.0.19041.1151) elapsed time: 1435.314644 seconds (0d 0h 23m 55s)

---------------  T H R E A D  ---------------

Current thread (0x000001f237273d40):  VMThread "VM Thread" [stack: 0x000000b780800000,0x000000b780900000] [id=5200]

Stack: [0x000000b780800000,0x000000b780900000]
Native frames: (J=compiled Java code, j=interpreted, Vv=VM code, C=native code)
V  [jvm.dll+0x6711ba]
V  [jvm.dll+0x7d0834]
V  [jvm.dll+0x7d1fde]
V  [jvm.dll+0x7d2643]
V  [jvm.dll+0x242c85]
V  [jvm.dll+0x66e0d9]
V  [jvm.dll+0x662a22]
V  [jvm.dll+0x300ddb]
V  [jvm.dll+0x308376]
V  [jvm.dll+0x357f7e]
V  [jvm.dll+0x3581af]
V  [jvm.dll+0x2d7ff8]
V  [jvm.dll+0x2db076]
V  [jvm.dll+0x2e56c8]
V  [jvm.dll+0x319550]
V  [jvm.dll+0x7d6b1b]
V  [jvm.dll+0x7d7854]
V  [jvm.dll+0x7d7d6c]
V  [jvm.dll+0x7d8144]
V  [jvm.dll+0x7d8210]
V  [jvm.dll+0x780aca]
V  [jvm.dll+0x670045]
C  [ucrtbase.dll+0x21bb2]
C  [KERNEL32.DLL+0x17034]
C  [ntdll.dll+0x52651]

VM_Operation (0x000000b7804ff690): G1Concurrent, mode: safepoint, requested by thread 0x000001f2127765e0


---------------  P R O C E S S  ---------------

Threads class SMR info:
_java_thread_list=0x000001f23ed24730, length=87, elements={
0x000001f237278000, 0x000001f237279d90, 0x000001f23728def0, 0x000001f23728e9b0,
0x000001f23728f470, 0x000001f237292d50, 0x000001f23729fab0, 0x000001f2373623d0,
0x000001f2372ba7b0, 0x000001f23747b810, 0x000001f23747dcf0, 0x000001f21270f1f0,
0x000001f2381410d0, 0x000001f23806ff70, 0x000001f2385b5ac0, 0x000001f2385b5120,
0x000001f2385b25d0, 0x000001f2385b55f0, 0x000001f2385b77a0, 0x000001f2385b3de0,
0x000001f2385b7c70, 0x000001f2385b42b0, 0x000001f2385b4c50, 0x000001f23c7d29c0,
0x000001f23c7d46a0, 0x000001f23c7d5eb0, 0x000001f23c7d6850, 0x000001f23c7d71f0,
0x000001f23c7d3360, 0x000001f23c7d76c0, 0x000001f23cc61eb0, 0x000001f23cc61040,
0x000001f23cc5e9c0, 0x000001f23cc5fd00, 0x000001f23cc5cce0, 0x000001f23cc5e020,
0x000001f23cc619e0, 0x000001f23cc62850, 0x000001f23cc601d0, 0x000001f23cc5b9a0,
0x000001f23cc5f830, 0x000001f23cc5c340, 0x000001f23cc5c810, 0x000001f23cc5d680,
0x000001f23cc5e4f0, 0x000001f23cc606a0, 0x000001f23c7d2e90, 0x000001f23c4d1080,
0x000001f23c4d0bb0, 0x000001f23c4cf870, 0x000001f23c4ceed0, 0x000001f23c4cea00,
0x000001f23c4d23c0, 0x000001f23c4d1a20, 0x000001f2413cb500, 0x000001f2413c8010,
0x000001f2413ccd10, 0x000001f2413cb9d0, 0x000001f2413cd1e0, 0x000001f2413c9cf0,
0x000001f2413c8e80, 0x000001f2413ca1c0, 0x000001f2413cc370, 0x000001f2413ce050,
0x000001f2413cd6b0, 0x000001f2413c89b0, 0x000001f2413cab60, 0x000001f2413cf860,
0x000001f2413cf390, 0x000001f23c4ce060, 0x000001f23c4ce530, 0x000001f24d3ed820,
0x000001f24d3edcf0, 0x000001f24d3e94c0, 0x000001f24d3e9990, 0x000001f23a6d3070,
0x000001f23a6d3540, 0x000001f24fb20f30, 0x000001f24fb282b0, 0x000001f24d3ebb40,
0x000001f24d3e8650, 0x000001f23c4d0210, 0x000001f23c4d06e0, 0x000001f23c4cf3a0,
0x000001f23c4cfd40, 0x000001f23c4d3bd0, 0x000001f23c4d3230
}

Java Threads: ( => current thread )
  0x000001f237278000 JavaThread "Reference Handler" daemon [_thread_blocked, id=2212, stack(0x000000b780900000,0x000000b780a00000)]
  0x000001f237279d90 JavaThread "Finalizer" daemon [_thread_blocked, id=4136, stack(0x000000b780a00000,0x000000b780b00000)]
  0x000001f23728def0 JavaThread "Signal Dispatcher" daemon [_thread_blocked, id=7092, stack(0x000000b780b00000,0x000000b780c00000)]
  0x000001f23728e9b0 JavaThread "Attach Listener" daemon [_thread_blocked, id=9404, stack(0x000000b780c00000,0x000000b780d00000)]
  0x000001f23728f470 JavaThread "Service Thread" daemon [_thread_blocked, id=4728, stack(0x000000b780d00000,0x000000b780e00000)]
  0x000001f237292d50 JavaThread "Monitor Deflation Thread" daemon [_thread_blocked, id=11392, stack(0x000000b780e00000,0x000000b780f00000)]
  0x000001f23729fab0 JavaThread "C2 CompilerThread0" daemon [_thread_blocked, id=8680, stack(0x000000b780f00000,0x000000b781000000)]
  0x000001f2373623d0 JavaThread "C1 CompilerThread0" daemon [_thread_blocked, id=8308, stack(0x000000b781000000,0x000000b781100000)]
  0x000001f2372ba7b0 JavaThread "Sweeper thread" daemon [_thread_blocked, id=10472, stack(0x000000b781100000,0x000000b781200000)]
  0x000001f23747b810 JavaThread "Notification Thread" daemon [_thread_blocked, id=12460, stack(0x000000b781200000,0x000000b781300000)]
  0x000001f23747dcf0 JavaThread "Common-Cleaner" daemon [_thread_blocked, id=9136, stack(0x000000b781400000,0x000000b781500000)]
  0x000001f21270f1f0 JavaThread "DestroyJavaVM" [_thread_blocked, id=3416, stack(0x000000b780200000,0x000000b780300000)]
  0x000001f2381410d0 JavaThread "WindowsStreamPump" daemon [_thread_blocked, id=8868, stack(0x000000b781a00000,0x000000b781b00000)]
  0x000001f23806ff70 JavaThread "Log4j2-AsyncAppenderEventDispatcher-1-Async" daemon [_thread_blocked, id=5096, stack(0x000000b781c00000,0x000000b781d00000)]
  0x000001f2385b5ac0 JavaThread "Timer hack thread" daemon [_thread_blocked, id=10532, stack(0x000000b782200000,0x000000b782300000)]
  0x000001f2385b5120 JavaThread "Worker-Main-1" daemon [_thread_blocked, id=13672, stack(0x000000b782300000,0x000000b782400000)]
  0x000001f2385b25d0 JavaThread "Java2D Disposer" daemon [_thread_blocked, id=5048, stack(0x000000b781900000,0x000000b781a00000)]
  0x000001f2385b55f0 JavaThread "AWT-Shutdown" [_thread_blocked, id=8704, stack(0x000000b782400000,0x000000b782500000)]
  0x000001f2385b77a0 JavaThread "AWT-Windows" daemon [_thread_in_native, id=13872, stack(0x000000b782500000,0x000000b782600000)]
  0x000001f2385b3de0 JavaThread "AWT-EventQueue-0" [_thread_blocked, id=7468, stack(0x000000b782d00000,0x000000b782e00000)]
  0x000001f2385b7c70 JavaThread "TimerQueue" daemon [_thread_blocked, id=13260, stack(0x000000b782e00000,0x000000b782f00000)]
  0x000001f2385b42b0 JavaThread "D3D Screen Updater" daemon [_thread_blocked, id=9420, stack(0x000000b782f00000,0x000000b783000000)]
  0x000001f2385b4c50 JavaThread "Thread-1" daemon [_thread_blocked, id=9060, stack(0x000000b783000000,0x000000b783100000)]
  0x000001f23c7d29c0 JavaThread "Server thread" [_thread_blocked, id=7760, stack(0x000000b783100000,0x000000b783200000)]
  0x000001f23c7d46a0 JavaThread "Paper Watchdog Thread" [_thread_blocked, id=6568, stack(0x000000b783600000,0x000000b783700000)]
  0x000001f23c7d5eb0 JavaThread "Paper Async Chunk Task Thread #0" [_thread_blocked, id=772, stack(0x000000b783700000,0x000000b783800000)]
  0x000001f23c7d6850 JavaThread "Paper Async Chunk Urgent Task Thread" [_thread_blocked, id=7204, stack(0x000000b783800000,0x000000b783900000)]
  0x000001f23c7d71f0 JavaThread "Server console handler" daemon [_thread_blocked, id=7480, stack(0x000000b783900000,0x000000b783a00000)]
  0x000001f23c7d3360 JavaThread "pool-4-thread-1" [_thread_blocked, id=12580, stack(0x000000b783a00000,0x000000b783b00000)]
  0x000001f23c7d76c0 JavaThread "Netty Server IO #0" daemon [_thread_blocked, id=6328, stack(0x000000b783200000,0x000000b783300000)]
  0x000001f23cc61eb0 JavaThread "luckperms-worker-0" daemon [_thread_blocked, id=11952, stack(0x000000b783e00000,0x000000b783f00000)]
  0x000001f23cc61040 JavaThread "luckperms-worker-1" daemon [_thread_blocked, id=13900, stack(0x000000b783f00000,0x000000b784000000)]
  0x000001f23cc5e9c0 JavaThread "luckperms-worker-2" daemon [_thread_blocked, id=4472, stack(0x000000b784000000,0x000000b784100000)]
  0x000001f23cc5fd00 JavaThread "luckperms-worker-3" daemon [_thread_blocked, id=4820, stack(0x000000b784100000,0x000000b784200000)]
  0x000001f23cc5cce0 JavaThread "luckperms-worker-4" daemon [_thread_blocked, id=13892, stack(0x000000b784200000,0x000000b784300000)]
  0x000001f23cc5e020 JavaThread "luckperms-scheduler" [_thread_blocked, id=200, stack(0x000000b784300000,0x000000b784400000)]
  0x000001f23cc619e0 JavaThread "WorldEdit Session Manager" [_thread_blocked, id=11988, stack(0x000000b784400000,0x000000b784500000)]
  0x000001f23cc62850 JavaThread "FileSystemWatchService" daemon [_thread_in_native, id=13644, stack(0x000000b784600000,0x000000b784700000)]
  0x000001f23cc601d0 JavaThread "luckperms-worker-5" daemon [_thread_blocked, id=9080, stack(0x000000b784700000,0x000000b784800000)]
  0x000001f23cc5b9a0 JavaThread "MVStore background writer nio:C:/Users/paden/Desktop/minecraft server/Server/plugins/LuckPerms/luckperms-h2.mv.db" daemon [_thread_blocked, id=13736, stack(0x000000b784a00000,0x000000b784b00000)]
  0x000001f23cc5f830 JavaThread "AutoSaveWorld AutoSaveThread" [_thread_blocked, id=10564, stack(0x000000b784e00000,0x000000b784f00000)]
  0x000001f23cc5c340 JavaThread "AutoSaveWorld AutoBackupThread" [_thread_blocked, id=11844, stack(0x000000b784f00000,0x000000b785000000)]
  0x000001f23cc5c810 JavaThread "AutoSaveWorld AutoPurgeThread" [_thread_blocked, id=9700, stack(0x000000b785000000,0x000000b785100000)]
  0x000001f23cc5d680 JavaThread "AutoSaveWorld AutoRestartThread" [_thread_blocked, id=7320, stack(0x000000b785100000,0x000000b785200000)]
  0x000001f23cc5e4f0 JavaThread "AutoSaveWorld CrashRestartThread" [_thread_blocked, id=11092, stack(0x000000b785200000,0x000000b785300000)]
  0x000001f23cc606a0 JavaThread "AutoSaveWorld AutoConsoleCommandThread" [_thread_blocked, id=9228, stack(0x000000b785300000,0x000000b785400000)]
  0x000001f23c7d2e90 JavaThread "Timer-0" daemon [_thread_blocked, id=2168, stack(0x000000b785400000,0x000000b785500000)]
  0x000001f23c4d1080 JavaThread "bStats-Metrics" [_thread_blocked, id=3168, stack(0x000000b785500000,0x000000b785600000)]
  0x000001f23c4d0bb0 JavaThread "Paper RegionFile IO Thread" [_thread_blocked, id=8348, stack(0x000000b785600000,0x000000b785700000)]
  0x000001f23c4cf870 JavaThread "bStats-Metrics" [_thread_blocked, id=4144, stack(0x000000b785a00000,0x000000b785b00000)]
  0x000001f23c4ceed0 JavaThread "bStats-Metrics" [_thread_blocked, id=11020, stack(0x000000b785b00000,0x000000b785c00000)]
  0x000001f23c4cea00 JavaThread "bStats-Metrics" [_thread_blocked, id=12356, stack(0x000000b785f00000,0x000000b786000000)]
  0x000001f23c4d23c0 JavaThread "bStats-Metrics" [_thread_blocked, id=9036, stack(0x000000b786000000,0x000000b786100000)]
  0x000001f23c4d1a20 JavaThread "bStats-Metrics" [_thread_blocked, id=12688, stack(0x000000b785d00000,0x000000b785e00000)]
  0x000001f2413cb500 JavaThread "pool-18-thread-1" [_thread_blocked, id=13268, stack(0x000000b786400000,0x000000b786500000)]
  0x000001f2413c8010 JavaThread "bStats-Metrics" [_thread_blocked, id=9668, stack(0x000000b786500000,0x000000b786600000)]
  0x000001f2413ccd10 JavaThread "bStats-Metrics" [_thread_blocked, id=2880, stack(0x000000b781800000,0x000000b781900000)]
  0x000001f2413cb9d0 JavaThread "Timer-1" daemon [_thread_blocked, id=6828, stack(0x000000b783300000,0x000000b783400000)]
  0x000001f2413cd1e0 JavaThread "mysql-cj-abandoned-connection-cleanup" daemon [_thread_blocked, id=6844, stack(0x000000b783b00000,0x000000b783c00000)]
  0x000001f2413c9cf0 JavaThread "bStats-Metrics" [_thread_blocked, id=3376, stack(0x000000b785e00000,0x000000b785f00000)]
  0x000001f2413c8e80 JavaThread "TAB Repeating / Delayed Thread 0" [_thread_blocked, id=11380, stack(0x000000b786600000,0x000000b786700000)]
  0x000001f2413ca1c0 JavaThread "TAB Repeating / Delayed Thread 1" [_thread_blocked, id=12588, stack(0x000000b786700000,0x000000b786800000)]
  0x000001f2413cc370 JavaThread "TAB Repeating / Delayed Thread 2" [_thread_blocked, id=13992, stack(0x000000b786800000,0x000000b786900000)]
  0x000001f2413ce050 JavaThread "bStats-Metrics" [_thread_blocked, id=996, stack(0x000000b786a00000,0x000000b786b00000)]
  0x000001f2413cd6b0 JavaThread "TAB Processing Thread" [_thread_blocked, id=3180, stack(0x000000b786b00000,0x000000b786c00000)]
  0x000001f2413c89b0 JavaThread "bStats-Metrics" [_thread_blocked, id=13032, stack(0x000000b786c00000,0x000000b786d00000)]
  0x000001f2413cab60 JavaThread "WorldGuard Region I/O" [_thread_blocked, id=9940, stack(0x000000b786d00000,0x000000b786e00000)]
  0x000001f2413cf860 JavaThread "bStats-Metrics" [_thread_blocked, id=6808, stack(0x000000b786f00000,0x000000b787000000)]
  0x000001f2413cf390 JavaThread "bStats-Metrics" [_thread_blocked, id=6772, stack(0x000000b787100000,0x000000b787200000)]
  0x000001f23c4ce060 JavaThread "ExpiringMap-Expirer" daemon [_thread_blocked, id=13964, stack(0x000000b787200000,0x000000b787300000)]
  0x000001f23c4ce530 JavaThread "Craft Async Scheduler Management Thread" [_thread_blocked, id=7876, stack(0x000000b787300000,0x000000b787400000)]
  0x000001f24d3ed820 JavaThread "DecentHolograms Thread #1" [_thread_blocked, id=7728, stack(0x000000b788d00000,0x000000b788e00000)]
  0x000001f24d3edcf0 JavaThread "DecentHolograms Thread #2" [_thread_blocked, id=12152, stack(0x000000b788e00000,0x000000b788f00000)]
  0x000001f24d3e94c0 JavaThread "DecentHolograms Thread #3" [_thread_blocked, id=12928, stack(0x000000b788f00000,0x000000b789000000)]
  0x000001f24d3e9990 JavaThread "DecentHolograms Thread #4" [_thread_blocked, id=13740, stack(0x000000b789000000,0x000000b789100000)]
  0x000001f23a6d3070 JavaThread "Netty Server IO #1" daemon [_thread_in_native, id=8944, stack(0x000000b780000000,0x000000b780100000)]
  0x000001f23a6d3540 JavaThread "Netty Server IO #2" daemon [_thread_in_native, id=6404, stack(0x000000b787000000,0x000000b787100000)]
  0x000001f24fb20f30 JavaThread "pool-17-thread-1" [_thread_blocked, id=5736, stack(0x000000b789f00000,0x000000b78a000000)]
  0x000001f24fb282b0 JavaThread "Netty Server IO #3" daemon [_thread_in_native, id=5960, stack(0x000000b78a000000,0x000000b78a100000)]
  0x000001f24d3ebb40 JavaThread "IO-Worker-19" [_thread_blocked, id=15352, stack(0x000000b783500000,0x000000b783600000)]
  0x000001f24d3e8650 JavaThread "ForkJoinPool-2-worker-2" daemon [_thread_blocked, id=15100, stack(0x000000b784900000,0x000000b784a00000)]
  0x000001f23c4d0210 JavaThread "WorldGuard Region Chunk Table - world" [_thread_blocked, id=15268, stack(0x000000b785c00000,0x000000b785d00000)]
  0x000001f23c4d06e0 JavaThread "Craft Scheduler Thread - 73" [_thread_blocked, id=12240, stack(0x000000b781e00000,0x000000b781f00000)]
  0x000001f23c4cf3a0 JavaThread "Craft Scheduler Thread - 76" [_thread_blocked, id=11292, stack(0x000000b781b00000,0x000000b781c00000)]
  0x000001f23c4cfd40 JavaThread "IO-Worker-22" [_thread_blocked, id=13416, stack(0x000000b781d00000,0x000000b781e00000)]
  0x000001f23c4d3bd0 JavaThread "Craft Scheduler Thread - 77" [_thread_blocked, id=3420, stack(0x000000b782600000,0x000000b782700000)]
  0x000001f23c4d3230 JavaThread "Craft Scheduler Thread - 78" [_thread_blocked, id=12740, stack(0x000000b780100000,0x000000b780200000)]

Other Threads:
=>0x000001f237273d40 VMThread "VM Thread" [stack: 0x000000b780800000,0x000000b780900000] [id=5200]
  0x000001f21277d890 WatcherThread [stack: 0x000000b781300000,0x000000b781400000] [id=11016]
  0x000001f21276e770 GCTaskThread "GC Thread#0" [stack: 0x000000b780300000,0x000000b780400000] [id=7820]
  0x000001f2374e3de0 GCTaskThread "GC Thread#1" [stack: 0x000000b781500000,0x000000b781600000] [id=9476]
  0x000001f2374c9860 GCTaskThread "GC Thread#2" [stack: 0x000000b781600000,0x000000b781700000] [id=1412]
  0x000001f2374c9b10 GCTaskThread "GC Thread#3" [stack: 0x000000b781700000,0x000000b781800000] [id=2704]
  0x000001f2127765e0 ConcurrentGCThread "G1 Main Marker" [stack: 0x000000b780400000,0x000000b780500000] [id=10864]
  0x000001f2127776a0 ConcurrentGCThread "G1 Conc#0" [stack: 0x000000b780500000,0x000000b780600000] [id=9260]
  0x000001f2127db960 ConcurrentGCThread "G1 Refine#0" [stack: 0x000000b780600000,0x000000b780700000] [id=3364]
  0x000001f23ab3a1d0 ConcurrentGCThread "G1 Refine#1" [stack: 0x000000b781f00000,0x000000b782000000] [id=2828]
  0x000001f23ab3a4b0 ConcurrentGCThread "G1 Refine#2" [stack: 0x000000b782000000,0x000000b782100000] [id=3240]
  0x000001f23aa26690 ConcurrentGCThread "G1 Refine#3" [stack: 0x000000b782100000,0x000000b782200000] [id=9472]
  0x000001f2127dc290 ConcurrentGCThread "G1 Service" [stack: 0x000000b780700000,0x000000b780800000] [id=9804]

Threads with active compile tasks:

VM state: at safepoint (normal execution)

VM Mutex/Monitor currently owned by a thread:  ([mutex/lock_event])
[0x000001f21270b260] Threads_lock - owner thread: 0x000001f237273d40
[0x000001f21270a330] Heap_lock - owner thread: 0x000001f2127765e0

Heap address: 0x00000006c0000000, size: 5120 MB, Compressed Oops mode: Zero based, Oop shift amount: 3

CDS archive(s) mapped at: [0x0000000800000000-0x0000000800bc0000-0x0000000800bc0000), size 12320768, SharedBaseAddress: 0x0000000800000000, ArchiveRelocationMode: 0.
Compressed class space mapped at: 0x0000000800c00000-0x0000000840c00000, reserved size: 1073741824
Narrow klass base: 0x0000000800000000, Narrow klass shift: 0, Narrow klass range: 0x100000000

GC Precious Log:
 CPUs: 4 total, 4 available
 Memory: 8140M
 Large Page Support: Disabled
 NUMA Support: Disabled
 Compressed Oops: Enabled (Zero based)
 Heap Region Size: 8M
 Heap Min Capacity: 1G
 Heap Initial Capacity: 1G
 Heap Max Capacity: 5G
 Pre-touch: Enabled
 Parallel Workers: 4
 Concurrent Workers: 1
 Concurrent Refinement Workers: 4
 Periodic GC: Disabled

Heap:
 garbage-first heap   total 2269184K, used 1892029K [0x00000006c0000000, 0x0000000800000000)
  region size 8192K, 80 young (655360K), 2 survivors (16384K)
 Metaspace       used 171932K, committed 173952K, reserved 1204224K
  class space    used 24254K, committed 25216K, reserved 1048576K

Heap Regions: E=young(eden), S=young(survivor), O=old, HS=humongous(starts), HC=humongous(continues), CS=collection set, F=free, OA=open archive, CA=closed archive, TAMS=top-at-mark-start (previous, next)
|   0|0x00000006c0000000, 0x00000006c0800000, 0x00000006c0800000|100%| O|  |TAMS 0x00000006c0800000, 0x00000006c0000000| Untracked 
|   1|0x00000006c0800000, 0x00000006c1000000, 0x00000006c1000000|100%| O|  |TAMS 0x00000006c1000000, 0x00000006c0800000| Untracked 
|   2|0x00000006c1000000, 0x00000006c1800000, 0x00000006c1800000|100%| O|  |TAMS 0x00000006c1800000, 0x00000006c1000000| Untracked 
|   3|0x00000006c1800000, 0x00000006c2000000, 0x00000006c2000000|100%|HS|  |TAMS 0x00000006c2000000, 0x00000006c1800000| Complete 
|   4|0x00000006c2000000, 0x00000006c2800000, 0x00000006c2800000|100%|HC|  |TAMS 0x00000006c2800000, 0x00000006c2000000| Complete 
|   5|0x00000006c2800000, 0x00000006c3000000, 0x00000006c3000000|100%| O|  |TAMS 0x00000006c3000000, 0x00000006c2800000| Untracked 
|   6|0x00000006c3000000, 0x00000006c3800000, 0x00000006c3800000|100%| O|  |TAMS 0x00000006c3800000, 0x00000006c3000000| Untracked 
|   7|0x00000006c3800000, 0x00000006c4000000, 0x00000006c4000000|100%| O|  |TAMS 0x00000006c4000000, 0x00000006c3800000| Untracked 
|   8|0x00000006c4000000, 0x00000006c4800000, 0x00000006c4800000|100%| O|  |TAMS 0x00000006c4800000, 0x00000006c4000000| Untracked 
|   9|0x00000006c4800000, 0x00000006c5000000, 0x00000006c5000000|100%| O|  |TAMS 0x00000006c5000000, 0x00000006c4800000| Untracked 
|  10|0x00000006c5000000, 0x00000006c5800000, 0x00000006c5800000|100%| O|  |TAMS 0x00000006c5800000, 0x00000006c5000000| Untracked 
|  11|0x00000006c5800000, 0x00000006c6000000, 0x00000006c6000000|100%| O|  |TAMS 0x00000006c6000000, 0x00000006c5800000| Untracked 
|  12|0x00000006c6000000, 0x00000006c6800000, 0x00000006c6800000|100%| O|  |TAMS 0x00000006c6800000, 0x00000006c6000000| Updating 
|  13|0x00000006c6800000, 0x00000006c7000000, 0x00000006c7000000|100%| O|  |TAMS 0x00000006c7000000, 0x00000006c6800000| Updating 
|  14|0x00000006c7000000, 0x00000006c7800000, 0x00000006c7800000|100%| O|  |TAMS 0x00000006c7800000, 0x00000006c7000000| Updating 
|  15|0x00000006c7800000, 0x00000006c8000000, 0x00000006c8000000|100%| O|  |TAMS 0x00000006c8000000, 0x00000006c7800000| Untracked 
|  16|0x00000006c8000000, 0x00000006c8800000, 0x00000006c8800000|100%| O|  |TAMS 0x00000006c8800000, 0x00000006c8000000| Updating 
|  17|0x00000006c8800000, 0x00000006c9000000, 0x00000006c9000000|100%| O|  |TAMS 0x00000006c9000000, 0x00000006c8800000| Untracked 
|  18|0x00000006c9000000, 0x00000006c9800000, 0x00000006c9800000|100%| O|  |TAMS 0x00000006c9800000, 0x00000006c9000000| Untracked 
|  19|0x00000006c9800000, 0x00000006ca000000, 0x00000006ca000000|100%| O|  |TAMS 0x00000006ca000000, 0x00000006c9800000| Untracked 
|  20|0x00000006ca000000, 0x00000006ca800000, 0x00000006ca800000|100%| O|  |TAMS 0x00000006ca800000, 0x00000006ca000000| Updating 
|  21|0x00000006ca800000, 0x00000006cb000000, 0x00000006cb000000|100%| O|  |TAMS 0x00000006cb000000, 0x00000006ca800000| Updating 
|  22|0x00000006cb000000, 0x00000006cb800000, 0x00000006cb800000|100%| O|  |TAMS 0x00000006cb800000, 0x00000006cb000000| Updating 
|  23|0x00000006cb800000, 0x00000006cc000000, 0x00000006cc000000|100%| O|  |TAMS 0x00000006cc000000, 0x00000006cb800000| Untracked 
|  24|0x00000006cc000000, 0x00000006cc800000, 0x00000006cc800000|100%| O|  |TAMS 0x00000006cc800000, 0x00000006cc000000| Untracked 
|  25|0x00000006cc800000, 0x00000006cd000000, 0x00000006cd000000|100%| O|  |TAMS 0x00000006cd000000, 0x00000006cc800000| Updating 
|  26|0x00000006cd000000, 0x00000006cd800000, 0x00000006cd800000|100%| O|  |TAMS 0x00000006cd800000, 0x00000006cd000000| Untracked 
|  27|0x00000006cd800000, 0x00000006ce000000, 0x00000006ce000000|100%| O|  |TAMS 0x00000006ce000000, 0x00000006cd800000| Untracked 
|  28|0x00000006ce000000, 0x00000006ce800000, 0x00000006ce800000|100%| O|  |TAMS 0x00000006ce800000, 0x00000006ce000000| Untracked 
|  29|0x00000006ce800000, 0x00000006cf000000, 0x00000006cf000000|100%| O|  |TAMS 0x00000006cf000000, 0x00000006ce800000| Updating 
|  30|0x00000006cf000000, 0x00000006cf800000, 0x00000006cf800000|100%| O|  |TAMS 0x00000006cf800000, 0x00000006cf000000| Untracked 
|  31|0x00000006cf800000, 0x00000006d0000000, 0x00000006d0000000|100%| O|  |TAMS 0x00000006d0000000, 0x00000006cf800000| Untracked 
|  32|0x00000006d0000000, 0x00000006d0800000, 0x00000006d0800000|100%| O|  |TAMS 0x00000006d0800000, 0x00000006d0000000| Updating 
|  33|0x00000006d0800000, 0x00000006d1000000, 0x00000006d1000000|100%| O|  |TAMS 0x00000006d1000000, 0x00000006d0800000| Untracked 
|  34|0x00000006d1000000, 0x00000006d1800000, 0x00000006d1800000|100%| O|  |TAMS 0x00000006d1800000, 0x00000006d1000000| Updating 
|  35|0x00000006d1800000, 0x00000006d2000000, 0x00000006d2000000|100%| O|  |TAMS 0x00000006d2000000, 0x00000006d1800000| Updating 
|  36|0x00000006d2000000, 0x00000006d2800000, 0x00000006d2800000|100%| O|  |TAMS 0x00000006d2800000, 0x00000006d2000000| Untracked 
|  37|0x00000006d2800000, 0x00000006d3000000, 0x00000006d3000000|100%| O|  |TAMS 0x00000006d3000000, 0x00000006d2800000| Untracked 
|  38|0x00000006d3000000, 0x00000006d3800000, 0x00000006d3800000|100%| O|  |TAMS 0x00000006d3800000, 0x00000006d3000000| Updating 
|  39|0x00000006d3800000, 0x00000006d4000000, 0x00000006d4000000|100%| O|  |TAMS 0x00000006d4000000, 0x00000006d3800000| Untracked 
|  40|0x00000006d4000000, 0x00000006d4800000, 0x00000006d4800000|100%| O|  |TAMS 0x00000006d4800000, 0x00000006d4000000| Updating 
|  41|0x00000006d4800000, 0x00000006d5000000, 0x00000006d5000000|100%| O|  |TAMS 0x00000006d5000000, 0x00000006d4800000| Updating 
|  42|0x00000006d5000000, 0x00000006d5800000, 0x00000006d5800000|100%| O|  |TAMS 0x00000006d5800000, 0x00000006d5000000| Untracked 
|  43|0x00000006d5800000, 0x00000006d6000000, 0x00000006d6000000|100%| O|  |TAMS 0x00000006d6000000, 0x00000006d5800000| Untracked 
|  44|0x00000006d6000000, 0x00000006d6800000, 0x00000006d6800000|100%| O|  |TAMS 0x00000006d6800000, 0x00000006d6000000| Untracked 
|  45|0x00000006d6800000, 0x00000006d7000000, 0x00000006d7000000|100%| O|  |TAMS 0x00000006d7000000, 0x00000006d6800000| Untracked 
|  46|0x00000006d7000000, 0x00000006d7800000, 0x00000006d7800000|100%| O|  |TAMS 0x00000006d7800000, 0x00000006d7000000| Updating 
|  47|0x00000006d7800000, 0x00000006d8000000, 0x00000006d8000000|100%| O|  |TAMS 0x00000006d8000000, 0x00000006d7800000| Updating 
|  48|0x00000006d8000000, 0x00000006d8800000, 0x00000006d8800000|100%| O|  |TAMS 0x00000006d8800000, 0x00000006d8000000| Updating 
|  49|0x00000006d8800000, 0x00000006d9000000, 0x00000006d9000000|100%| O|  |TAMS 0x00000006d9000000, 0x00000006d8800000| Updating 
|  50|0x00000006d9000000, 0x00000006d9800000, 0x00000006d9800000|100%| O|  |TAMS 0x00000006d9800000, 0x00000006d9000000| Updating 
|  51|0x00000006d9800000, 0x00000006da000000, 0x00000006da000000|100%| O|  |TAMS 0x00000006da000000, 0x00000006d9800000| Updating 
|  52|0x00000006da000000, 0x00000006da800000, 0x00000006da800000|100%| O|  |TAMS 0x00000006da800000, 0x00000006da000000| Updating 
|  53|0x00000006da800000, 0x00000006db000000, 0x00000006db000000|100%| O|  |TAMS 0x00000006db000000, 0x00000006da800000| Untracked 
|  54|0x00000006db000000, 0x00000006db800000, 0x00000006db800000|100%| O|  |TAMS 0x00000006db800000, 0x00000006db000000| Untracked 
|  55|0x00000006db800000, 0x00000006dc000000, 0x00000006dc000000|100%| O|  |TAMS 0x00000006dc000000, 0x00000006db800000| Untracked 
|  56|0x00000006dc000000, 0x00000006dc800000, 0x00000006dc800000|100%| O|  |TAMS 0x00000006dc800000, 0x00000006dc000000| Updating 
|  57|0x00000006dc800000, 0x00000006dd000000, 0x00000006dd000000|100%| O|  |TAMS 0x00000006dd000000, 0x00000006dc800000| Updating 
|  58|0x00000006dd000000, 0x00000006dd800000, 0x00000006dd800000|100%| O|  |TAMS 0x00000006dd800000, 0x00000006dd000000| Updating 
|  59|0x00000006dd800000, 0x00000006de000000, 0x00000006de000000|100%| O|  |TAMS 0x00000006de000000, 0x00000006dd800000| Untracked 
|  60|0x00000006de000000, 0x00000006de800000, 0x00000006de800000|100%| O|  |TAMS 0x00000006de800000, 0x00000006de000000| Updating 
|  61|0x00000006de800000, 0x00000006df000000, 0x00000006df000000|100%| O|  |TAMS 0x00000006df000000, 0x00000006de800000| Updating 
|  62|0x00000006df000000, 0x00000006df800000, 0x00000006df800000|100%| O|  |TAMS 0x00000006df800000, 0x00000006df000000| Updating 
|  63|0x00000006df800000, 0x00000006e0000000, 0x00000006e0000000|100%| O|  |TAMS 0x00000006e0000000, 0x00000006df800000| Untracked 
|  64|0x00000006e0000000, 0x00000006e0800000, 0x00000006e0800000|100%| O|  |TAMS 0x00000006e0800000, 0x00000006e0000000| Untracked 
|  65|0x00000006e0800000, 0x00000006e1000000, 0x00000006e1000000|100%| O|  |TAMS 0x00000006e1000000, 0x00000006e0800000| Updating 
|  66|0x00000006e1000000, 0x00000006e1800000, 0x00000006e1800000|100%| O|  |TAMS 0x00000006e1800000, 0x00000006e1000000| Updating 
|  67|0x00000006e1800000, 0x00000006e2000000, 0x00000006e2000000|100%| O|  |TAMS 0x00000006e2000000, 0x00000006e1800000| Untracked 
|  68|0x00000006e2000000, 0x00000006e2800000, 0x00000006e2800000|100%| O|  |TAMS 0x00000006e2800000, 0x00000006e2000000| Updating 
|  69|0x00000006e2800000, 0x00000006e3000000, 0x00000006e3000000|100%| O|  |TAMS 0x00000006e3000000, 0x00000006e2800000| Updating 
|  70|0x00000006e3000000, 0x00000006e3800000, 0x00000006e3800000|100%| O|  |TAMS 0x00000006e3800000, 0x00000006e3000000| Untracked 
|  71|0x00000006e3800000, 0x00000006e4000000, 0x00000006e4000000|100%| O|  |TAMS 0x00000006e4000000, 0x00000006e3800000| Updating 
|  72|0x00000006e4000000, 0x00000006e4800000, 0x00000006e4800000|100%| O|  |TAMS 0x00000006e4800000, 0x00000006e4000000| Updating 
|  73|0x00000006e4800000, 0x00000006e5000000, 0x00000006e5000000|100%| O|  |TAMS 0x00000006e5000000, 0x00000006e4800000| Updating 
|  74|0x00000006e5000000, 0x00000006e5000000, 0x00000006e5800000|  0%| F|  |TAMS 0x00000006e5000000, 0x00000006e5000000| Untracked 
|  75|0x00000006e5800000, 0x00000006e6000000, 0x00000006e6000000|100%| O|  |TAMS 0x00000006e6000000, 0x00000006e5800000| Updating 
|  76|0x00000006e6000000, 0x00000006e6800000, 0x00000006e6800000|100%| O|  |TAMS 0x00000006e6800000, 0x00000006e6000000| Updating 
|  77|0x00000006e6800000, 0x00000006e7000000, 0x00000006e7000000|100%| O|  |TAMS 0x00000006e7000000, 0x00000006e6800000| Updating 
|  78|0x00000006e7000000, 0x00000006e7800000, 0x00000006e7800000|100%| O|  |TAMS 0x00000006e7800000, 0x00000006e7000000| Updating 
|  79|0x00000006e7800000, 0x00000006e8000000, 0x00000006e8000000|100%| O|  |TAMS 0x00000006e8000000, 0x00000006e7800000| Updating 
|  80|0x00000006e8000000, 0x00000006e8000000, 0x00000006e8800000|  0%| F|  |TAMS 0x00000006e8000000, 0x00000006e8000000| Untracked 
|  81|0x00000006e8800000, 0x00000006e9000000, 0x00000006e9000000|100%| O|  |TAMS 0x00000006e9000000, 0x00000006e8800000| Updating 
|  82|0x00000006e9000000, 0x00000006e9800000, 0x00000006e9800000|100%| O|  |TAMS 0x00000006e9800000, 0x00000006e9000000| Updating 
|  83|0x00000006e9800000, 0x00000006ea000000, 0x00000006ea000000|100%| O|  |TAMS 0x00000006ea000000, 0x00000006e9800000| Updating 
|  84|0x00000006ea000000, 0x00000006ea800000, 0x00000006ea800000|100%| O|  |TAMS 0x00000006ea800000, 0x00000006ea000000| Updating 
|  85|0x00000006ea800000, 0x00000006eb000000, 0x00000006eb000000|100%| O|  |TAMS 0x00000006eb000000, 0x00000006ea800000| Updating 
|  86|0x00000006eb000000, 0x00000006eb800000, 0x00000006eb800000|100%| O|  |TAMS 0x00000006eb800000, 0x00000006eb000000| Updating 
|  87|0x00000006eb800000, 0x00000006ec000000, 0x00000006ec000000|100%| O|  |TAMS 0x00000006ec000000, 0x00000006eb800000| Updating 
|  88|0x00000006ec000000, 0x00000006ec800000, 0x00000006ec800000|100%| O|  |TAMS 0x00000006ec800000, 0x00000006ec000000| Updating 
|  89|0x00000006ec800000, 0x00000006ed000000, 0x00000006ed000000|100%| O|  |TAMS 0x00000006ed000000, 0x00000006ec800000| Untracked 
|  90|0x00000006ed000000, 0x00000006ed800000, 0x00000006ed800000|100%| O|  |TAMS 0x00000006ed000000, 0x00000006ed000000| Untracked 
|  91|0x00000006ed800000, 0x00000006ee000000, 0x00000006ee000000|100%| O|  |TAMS 0x00000006ee000000, 0x00000006ed800000| Updating 
|  92|0x00000006ee000000, 0x00000006ee800000, 0x00000006ee800000|100%| O|  |TAMS 0x00000006ee800000, 0x00000006ee000000| Untracked 
|  93|0x00000006ee800000, 0x00000006ef000000, 0x00000006ef000000|100%| O|  |TAMS 0x00000006ef000000, 0x00000006ee800000| Updating 
|  94|0x00000006ef000000, 0x00000006ef800000, 0x00000006ef800000|100%| O|  |TAMS 0x00000006ef800000, 0x00000006ef000000| Updating 
|  95|0x00000006ef800000, 0x00000006f0000000, 0x00000006f0000000|100%| O|  |TAMS 0x00000006f0000000, 0x00000006ef800000| Updating 
|  96|0x00000006f0000000, 0x00000006f0800000, 0x00000006f0800000|100%| O|  |TAMS 0x00000006f0800000, 0x00000006f0000000| Updating 
|  97|0x00000006f0800000, 0x00000006f1000000, 0x00000006f1000000|100%| O|  |TAMS 0x00000006f1000000, 0x00000006f0800000| Updating 
|  98|0x00000006f1000000, 0x00000006f1800000, 0x00000006f1800000|100%| O|  |TAMS 0x00000006f1800000, 0x00000006f1000000| Untracked 
|  99|0x00000006f1800000, 0x00000006f2000000, 0x00000006f2000000|100%| O|  |TAMS 0x00000006f2000000, 0x00000006f1800000| Updating 
| 100|0x00000006f2000000, 0x00000006f2800000, 0x00000006f2800000|100%| O|  |TAMS 0x00000006f2800000, 0x00000006f2000000| Updating 
| 101|0x00000006f2800000, 0x00000006f3000000, 0x00000006f3000000|100%| O|  |TAMS 0x00000006f3000000, 0x00000006f2800000| Untracked 
| 102|0x00000006f3000000, 0x00000006f3800000, 0x00000006f3800000|100%| O|  |TAMS 0x00000006f3800000, 0x00000006f3000000| Updating 
| 103|0x00000006f3800000, 0x00000006f4000000, 0x00000006f4000000|100%| O|  |TAMS 0x00000006f4000000, 0x00000006f3800000| Updating 
| 104|0x00000006f4000000, 0x00000006f4800000, 0x00000006f4800000|100%| O|  |TAMS 0x00000006f4800000, 0x00000006f4000000| Updating 
| 105|0x00000006f4800000, 0x00000006f5000000, 0x00000006f5000000|100%| O|  |TAMS 0x00000006f5000000, 0x00000006f4800000| Updating 
| 106|0x00000006f5000000, 0x00000006f5800000, 0x00000006f5800000|100%| O|  |TAMS 0x00000006f5800000, 0x00000006f5000000| Updating 
| 107|0x00000006f5800000, 0x00000006f6000000, 0x00000006f6000000|100%| O|  |TAMS 0x00000006f6000000, 0x00000006f5800000| Updating 
| 108|0x00000006f6000000, 0x00000006f6800000, 0x00000006f6800000|100%| O|  |TAMS 0x00000006f6800000, 0x00000006f6000000| Updating 
| 109|0x00000006f6800000, 0x00000006f7000000, 0x00000006f7000000|100%| O|  |TAMS 0x00000006f7000000, 0x00000006f6800000| Updating 
| 110|0x00000006f7000000, 0x00000006f7800000, 0x00000006f7800000|100%| O|  |TAMS 0x00000006f7800000, 0x00000006f7000000| Updating 
| 111|0x00000006f7800000, 0x00000006f8000000, 0x00000006f8000000|100%| O|  |TAMS 0x00000006f8000000, 0x00000006f7800000| Updating 
| 112|0x00000006f8000000, 0x00000006f8800000, 0x00000006f8800000|100%| O|  |TAMS 0x00000006f8800000, 0x00000006f8000000| Untracked 
| 113|0x00000006f8800000, 0x00000006f9000000, 0x00000006f9000000|100%| O|  |TAMS 0x00000006f9000000, 0x00000006f8800000| Untracked 
| 114|0x00000006f9000000, 0x00000006f9800000, 0x00000006f9800000|100%| O|  |TAMS 0x00000006f9800000, 0x00000006f9000000| Untracked 
| 115|0x00000006f9800000, 0x00000006fa000000, 0x00000006fa000000|100%| O|  |TAMS 0x00000006fa000000, 0x00000006f9800000| Untracked 
| 116|0x00000006fa000000, 0x00000006fa800000, 0x00000006fa800000|100%| O|  |TAMS 0x00000006fa800000, 0x00000006fa000000| Untracked 
| 117|0x00000006fa800000, 0x00000006fb000000, 0x00000006fb000000|100%| O|  |TAMS 0x00000006fb000000, 0x00000006fa800000| Updating 
| 118|0x00000006fb000000, 0x00000006fb000000, 0x00000006fb800000|  0%| F|  |TAMS 0x00000006fb000000, 0x00000006fb000000| Untracked 
| 119|0x00000006fb800000, 0x00000006fb800000, 0x00000006fc000000|  0%| F|  |TAMS 0x00000006fb800000, 0x00000006fb800000| Untracked 
| 120|0x00000006fc000000, 0x00000006fc000000, 0x00000006fc800000|  0%| F|  |TAMS 0x00000006fc000000, 0x00000006fc000000| Untracked 
| 121|0x00000006fc800000, 0x00000006fd000000, 0x00000006fd000000|100%| O|  |TAMS 0x00000006fd000000, 0x00000006fc800000| Updating 
| 122|0x00000006fd000000, 0x00000006fd800000, 0x00000006fd800000|100%| O|  |TAMS 0x00000006fd800000, 0x00000006fd000000| Updating 
| 123|0x00000006fd800000, 0x00000006fd800000, 0x00000006fe000000|  0%| F|  |TAMS 0x00000006fd800000, 0x00000006fd800000| Untracked 
| 124|0x00000006fe000000, 0x00000006fe800000, 0x00000006fe800000|100%| O|  |TAMS 0x00000006fe800000, 0x00000006fe000000| Updating 
| 125|0x00000006fe800000, 0x00000006ff000000, 0x00000006ff000000|100%| O|  |TAMS 0x00000006ff000000, 0x00000006fe800000| Untracked 
| 126|0x00000006ff000000, 0x00000006ff800000, 0x00000006ff800000|100%| O|  |TAMS 0x00000006ff800000, 0x00000006ff000000| Untracked 
| 127|0x00000006ff800000, 0x0000000700000000, 0x0000000700000000|100%| O|  |TAMS 0x0000000700000000, 0x00000006ff800000| Untracked 
| 128|0x0000000700000000, 0x0000000700800000, 0x0000000700800000|100%| O|  |TAMS 0x0000000700800000, 0x0000000700000000| Untracked 
| 129|0x0000000700800000, 0x0000000701000000, 0x0000000701000000|100%| O|  |TAMS 0x0000000701000000, 0x0000000700800000| Untracked 
| 130|0x0000000701000000, 0x0000000701800000, 0x0000000701800000|100%| O|  |TAMS 0x0000000701800000, 0x0000000701000000| Untracked 
| 131|0x0000000701800000, 0x0000000702000000, 0x0000000702000000|100%| O|  |TAMS 0x0000000702000000, 0x0000000701800000| Untracked 
| 132|0x0000000702000000, 0x0000000702800000, 0x0000000702800000|100%| O|  |TAMS 0x0000000702800000, 0x0000000702000000| Updating 
| 133|0x0000000702800000, 0x0000000703000000, 0x0000000703000000|100%| O|  |TAMS 0x0000000703000000, 0x0000000702800000| Updating 
| 134|0x0000000703000000, 0x0000000703800000, 0x0000000703800000|100%| O|  |TAMS 0x0000000703800000, 0x0000000703000000| Updating 
| 135|0x0000000703800000, 0x0000000704000000, 0x0000000704000000|100%| O|  |TAMS 0x0000000704000000, 0x0000000703800000| Updating 
| 136|0x0000000704000000, 0x0000000704800000, 0x0000000704800000|100%| O|  |TAMS 0x0000000704000000, 0x0000000704000000| Untracked 
| 137|0x0000000704800000, 0x0000000705000000, 0x0000000705000000|100%| O|  |TAMS 0x0000000705000000, 0x0000000704800000| Updating 
| 138|0x0000000705000000, 0x0000000705800000, 0x0000000705800000|100%| O|  |TAMS 0x0000000705800000, 0x0000000705000000| Updating 
| 139|0x0000000705800000, 0x0000000706000000, 0x0000000706000000|100%| O|  |TAMS 0x0000000706000000, 0x0000000705800000| Updating 
| 140|0x0000000706000000, 0x0000000706800000, 0x0000000706800000|100%| O|  |TAMS 0x0000000706800000, 0x0000000706000000| Updating 
| 141|0x0000000706800000, 0x0000000706800000, 0x0000000707000000|  0%| F|  |TAMS 0x0000000706800000, 0x0000000706800000| Untracked 
| 142|0x0000000707000000, 0x0000000707800000, 0x0000000707800000|100%| O|  |TAMS 0x0000000707800000, 0x0000000707000000| Untracked 
| 143|0x0000000707800000, 0x0000000708000000, 0x0000000708000000|100%| O|  |TAMS 0x0000000708000000, 0x0000000707800000| Untracked 
| 144|0x0000000708000000, 0x0000000708800000, 0x0000000708800000|100%| O|  |TAMS 0x0000000708800000, 0x0000000708000000| Updating 
| 145|0x0000000708800000, 0x0000000709000000, 0x0000000709000000|100%| O|  |TAMS 0x0000000709000000, 0x0000000708800000| Updating 
| 146|0x0000000709000000, 0x0000000709800000, 0x0000000709800000|100%| O|  |TAMS 0x0000000709800000, 0x0000000709000000| Updating 
| 147|0x0000000709800000, 0x000000070a000000, 0x000000070a000000|100%| O|  |TAMS 0x000000070a000000, 0x0000000709800000| Updating 
| 148|0x000000070a000000, 0x000000070a800000, 0x000000070a800000|100%| O|  |TAMS 0x000000070a800000, 0x000000070a000000| Updating 
| 149|0x000000070a800000, 0x000000070b000000, 0x000000070b000000|100%| O|  |TAMS 0x000000070b000000, 0x000000070a800000| Updating 
| 150|0x000000070b000000, 0x000000070b800000, 0x000000070b800000|100%| O|  |TAMS 0x000000070b800000, 0x000000070b000000| Updating 
| 151|0x000000070b800000, 0x000000070c000000, 0x000000070c000000|100%| O|  |TAMS 0x000000070c000000, 0x000000070b800000| Updating 
| 152|0x000000070c000000, 0x000000070c800000, 0x000000070c800000|100%| O|  |TAMS 0x000000070c800000, 0x000000070c000000| Updating 
| 153|0x000000070c800000, 0x000000070d000000, 0x000000070d000000|100%| O|  |TAMS 0x000000070d000000, 0x000000070c800000| Updating 
| 154|0x000000070d000000, 0x000000070d800000, 0x000000070d800000|100%| O|  |TAMS 0x000000070d800000, 0x000000070d000000| Updating 
| 155|0x000000070d800000, 0x000000070e000000, 0x000000070e000000|100%| O|  |TAMS 0x000000070e000000, 0x000000070d800000| Updating 
| 156|0x000000070e000000, 0x000000070e800000, 0x000000070e800000|100%| O|  |TAMS 0x000000070e56e200, 0x000000070e000000| Updating 
| 157|0x000000070e800000, 0x000000070efd5c00, 0x000000070f000000| 97%| O|  |TAMS 0x000000070e800000, 0x000000070e800000| Untracked 
| 158|0x000000070f000000, 0x000000070f000000, 0x000000070f800000|  0%| F|  |TAMS 0x000000070f000000, 0x000000070f000000| Untracked 
| 159|0x000000070f800000, 0x000000070f800000, 0x0000000710000000|  0%| F|  |TAMS 0x000000070f800000, 0x000000070f800000| Untracked 
| 160|0x0000000710000000, 0x0000000710000000, 0x0000000710800000|  0%| F|  |TAMS 0x0000000710000000, 0x0000000710000000| Untracked 
| 161|0x0000000710800000, 0x0000000710800000, 0x0000000711000000|  0%| F|  |TAMS 0x0000000710800000, 0x0000000710800000| Untracked 
| 162|0x0000000711000000, 0x0000000711000000, 0x0000000711800000|  0%| F|  |TAMS 0x0000000711000000, 0x0000000711000000| Untracked 
| 163|0x0000000711800000, 0x0000000711800000, 0x0000000712000000|  0%| F|  |TAMS 0x0000000711800000, 0x0000000711800000| Untracked 
| 164|0x0000000712000000, 0x0000000712000000, 0x0000000712800000|  0%| F|  |TAMS 0x0000000712000000, 0x0000000712000000| Untracked 
| 165|0x0000000712800000, 0x0000000712800000, 0x0000000713000000|  0%| F|  |TAMS 0x0000000712800000, 0x0000000712800000| Untracked 
| 166|0x0000000713000000, 0x0000000713000000, 0x0000000713800000|  0%| F|  |TAMS 0x0000000713000000, 0x0000000713000000| Untracked 
| 167|0x0000000713800000, 0x0000000713800000, 0x0000000714000000|  0%| F|  |TAMS 0x0000000713800000, 0x0000000713800000| Untracked 
| 168|0x0000000714000000, 0x0000000714000000, 0x0000000714800000|  0%| F|  |TAMS 0x0000000714000000, 0x0000000714000000| Untracked 
| 169|0x0000000714800000, 0x0000000714800000, 0x0000000715000000|  0%| F|  |TAMS 0x0000000714800000, 0x0000000714800000| Untracked 
| 170|0x0000000715000000, 0x0000000715000000, 0x0000000715800000|  0%| F|  |TAMS 0x0000000715000000, 0x0000000715000000| Untracked 
| 171|0x0000000715800000, 0x0000000715800000, 0x0000000716000000|  0%| F|  |TAMS 0x0000000715800000, 0x0000000715800000| Untracked 
| 172|0x0000000716000000, 0x0000000716000000, 0x0000000716800000|  0%| F|  |TAMS 0x0000000716000000, 0x0000000716000000| Untracked 
| 173|0x0000000716800000, 0x0000000716800000, 0x0000000717000000|  0%| F|  |TAMS 0x0000000716800000, 0x0000000716800000| Untracked 
| 174|0x0000000717000000, 0x0000000717000000, 0x0000000717800000|  0%| F|  |TAMS 0x0000000717000000, 0x0000000717000000| Untracked 
| 175|0x0000000717800000, 0x0000000717800000, 0x0000000718000000|  0%| F|  |TAMS 0x0000000717800000, 0x0000000717800000| Untracked 
| 176|0x0000000718000000, 0x0000000718000000, 0x0000000718800000|  0%| F|  |TAMS 0x0000000718000000, 0x0000000718000000| Untracked 
| 177|0x0000000718800000, 0x0000000718800000, 0x0000000719000000|  0%| F|  |TAMS 0x0000000718800000, 0x0000000718800000| Untracked 
| 178|0x0000000719000000, 0x0000000719000000, 0x0000000719800000|  0%| F|  |TAMS 0x0000000719000000, 0x0000000719000000| Untracked 
| 179|0x0000000719800000, 0x0000000719800000, 0x000000071a000000|  0%| F|  |TAMS 0x0000000719800000, 0x0000000719800000| Untracked 
| 180|0x000000071a000000, 0x000000071a000000, 0x000000071a800000|  0%| F|  |TAMS 0x000000071a000000, 0x000000071a000000| Untracked 
| 181|0x000000071a800000, 0x000000071a800000, 0x000000071b000000|  0%| F|  |TAMS 0x000000071a800000, 0x000000071a800000| Untracked 
| 182|0x000000071b000000, 0x000000071b000000, 0x000000071b800000|  0%| F|  |TAMS 0x000000071b000000, 0x000000071b000000| Untracked 
| 183|0x000000071b800000, 0x000000071b800000, 0x000000071c000000|  0%| F|  |TAMS 0x000000071b800000, 0x000000071b800000| Untracked 
| 184|0x000000071c000000, 0x000000071c000000, 0x000000071c800000|  0%| F|  |TAMS 0x000000071c000000, 0x000000071c000000| Untracked 
| 185|0x000000071c800000, 0x000000071c800000, 0x000000071d000000|  0%| F|  |TAMS 0x000000071c800000, 0x000000071c800000| Untracked 
| 186|0x000000071d000000, 0x000000071d000000, 0x000000071d800000|  0%| F|  |TAMS 0x000000071d000000, 0x000000071d000000| Untracked 
| 187|0x000000071d800000, 0x000000071d800000, 0x000000071e000000|  0%| F|  |TAMS 0x000000071d800000, 0x000000071d800000| Untracked 
| 188|0x000000071e000000, 0x000000071e000000, 0x000000071e800000|  0%| F|  |TAMS 0x000000071e000000, 0x000000071e000000| Untracked 
| 189|0x000000071e800000, 0x000000071e800000, 0x000000071f000000|  0%| F|  |TAMS 0x000000071e800000, 0x000000071e800000| Untracked 
| 190|0x000000071f000000, 0x000000071f000000, 0x000000071f800000|  0%| F|  |TAMS 0x000000071f000000, 0x000000071f000000| Untracked 
| 191|0x000000071f800000, 0x000000071f800000, 0x0000000720000000|  0%| F|  |TAMS 0x000000071f800000, 0x000000071f800000| Untracked 
| 192|0x0000000720000000, 0x00000007207d9a48, 0x0000000720800000| 98%| S|CS|TAMS 0x0000000720000000, 0x0000000720000000| Complete 
| 193|0x0000000720800000, 0x0000000720800000, 0x0000000721000000|  0%| F|  |TAMS 0x0000000720800000, 0x0000000720800000| Untracked 
| 194|0x0000000721000000, 0x0000000721800000, 0x0000000721800000|100%| S|CS|TAMS 0x0000000721000000, 0x0000000721000000| Complete 
| 195|0x0000000721800000, 0x0000000721800000, 0x0000000722000000|  0%| F|  |TAMS 0x0000000721800000, 0x0000000721800000| Untracked 
| 196|0x0000000722000000, 0x0000000722000000, 0x0000000722800000|  0%| F|  |TAMS 0x0000000722000000, 0x0000000722000000| Untracked 
| 197|0x0000000722800000, 0x0000000722800000, 0x0000000723000000|  0%| F|  |TAMS 0x0000000722800000, 0x0000000722800000| Untracked 
| 198|0x0000000723000000, 0x00000007234b1ca8, 0x0000000723800000| 58%| E|  |TAMS 0x0000000723000000, 0x0000000723000000| Complete 
| 199|0x0000000723800000, 0x0000000724000000, 0x0000000724000000|100%| E|CS|TAMS 0x0000000723800000, 0x0000000723800000| Complete 
| 200|0x0000000724000000, 0x0000000724800000, 0x0000000724800000|100%| E|CS|TAMS 0x0000000724000000, 0x0000000724000000| Complete 
| 201|0x0000000724800000, 0x0000000725000000, 0x0000000725000000|100%| E|CS|TAMS 0x0000000724800000, 0x0000000724800000| Complete 
| 202|0x0000000725000000, 0x0000000725800000, 0x0000000725800000|100%| E|CS|TAMS 0x0000000725000000, 0x0000000725000000| Complete 
| 203|0x0000000725800000, 0x0000000726000000, 0x0000000726000000|100%| E|CS|TAMS 0x0000000725800000, 0x0000000725800000| Complete 
| 204|0x0000000726000000, 0x0000000726800000, 0x0000000726800000|100%| E|CS|TAMS 0x0000000726000000, 0x0000000726000000| Complete 
| 205|0x0000000726800000, 0x0000000727000000, 0x0000000727000000|100%| E|CS|TAMS 0x0000000726800000, 0x0000000726800000| Complete 
| 206|0x0000000727000000, 0x0000000727800000, 0x0000000727800000|100%| E|CS|TAMS 0x0000000727000000, 0x0000000727000000| Complete 
| 207|0x0000000727800000, 0x0000000728000000, 0x0000000728000000|100%| E|CS|TAMS 0x0000000727800000, 0x0000000727800000| Complete 
| 208|0x0000000728000000, 0x0000000728800000, 0x0000000728800000|100%| E|CS|TAMS 0x0000000728000000, 0x0000000728000000| Complete 
| 209|0x0000000728800000, 0x0000000729000000, 0x0000000729000000|100%| E|CS|TAMS 0x0000000728800000, 0x0000000728800000| Complete 
| 210|0x0000000729000000, 0x0000000729800000, 0x0000000729800000|100%| E|CS|TAMS 0x0000000729000000, 0x0000000729000000| Complete 
| 211|0x0000000729800000, 0x000000072a000000, 0x000000072a000000|100%| E|CS|TAMS 0x0000000729800000, 0x0000000729800000| Complete 
| 212|0x000000072a000000, 0x000000072a800000, 0x000000072a800000|100%| E|CS|TAMS 0x000000072a000000, 0x000000072a000000| Complete 
| 213|0x000000072a800000, 0x000000072b000000, 0x000000072b000000|100%| E|CS|TAMS 0x000000072a800000, 0x000000072a800000| Complete 
| 214|0x000000072b000000, 0x000000072b800000, 0x000000072b800000|100%| E|CS|TAMS 0x000000072b000000, 0x000000072b000000| Complete 
| 215|0x000000072b800000, 0x000000072c000000, 0x000000072c000000|100%| E|CS|TAMS 0x000000072b800000, 0x000000072b800000| Complete 
| 216|0x000000072c000000, 0x000000072c800000, 0x000000072c800000|100%| E|CS|TAMS 0x000000072c000000, 0x000000072c000000| Complete 
| 217|0x000000072c800000, 0x000000072d000000, 0x000000072d000000|100%| E|CS|TAMS 0x000000072c800000, 0x000000072c800000| Complete 
| 218|0x000000072d000000, 0x000000072d800000, 0x000000072d800000|100%| E|CS|TAMS 0x000000072d000000, 0x000000072d000000| Complete 
| 219|0x000000072d800000, 0x000000072e000000, 0x000000072e000000|100%| E|CS|TAMS 0x000000072d800000, 0x000000072d800000| Complete 
| 220|0x000000072e000000, 0x000000072e800000, 0x000000072e800000|100%| E|CS|TAMS 0x000000072e000000, 0x000000072e000000| Complete 
| 221|0x000000072e800000, 0x000000072f000000, 0x000000072f000000|100%| E|CS|TAMS 0x000000072e800000, 0x000000072e800000| Complete 
| 222|0x000000072f000000, 0x000000072f800000, 0x000000072f800000|100%| E|CS|TAMS 0x000000072f000000, 0x000000072f000000| Complete 
| 223|0x000000072f800000, 0x0000000730000000, 0x0000000730000000|100%| E|CS|TAMS 0x000000072f800000, 0x000000072f800000| Complete 
| 224|0x0000000730000000, 0x0000000730800000, 0x0000000730800000|100%| E|CS|TAMS 0x0000000730000000, 0x0000000730000000| Complete 
| 225|0x0000000730800000, 0x0000000731000000, 0x0000000731000000|100%| E|CS|TAMS 0x0000000730800000, 0x0000000730800000| Complete 
| 226|0x0000000731000000, 0x0000000731800000, 0x0000000731800000|100%| E|CS|TAMS 0x0000000731000000, 0x0000000731000000| Complete 
| 227|0x0000000731800000, 0x0000000732000000, 0x0000000732000000|100%| E|CS|TAMS 0x0000000731800000, 0x0000000731800000| Complete 
| 228|0x0000000732000000, 0x0000000732800000, 0x0000000732800000|100%| E|CS|TAMS 0x0000000732000000, 0x0000000732000000| Complete 
| 229|0x0000000732800000, 0x0000000733000000, 0x0000000733000000|100%| E|CS|TAMS 0x0000000732800000, 0x0000000732800000| Complete 
| 230|0x0000000733000000, 0x0000000733800000, 0x0000000733800000|100%| E|CS|TAMS 0x0000000733000000, 0x0000000733000000| Complete 
| 231|0x0000000733800000, 0x0000000734000000, 0x0000000734000000|100%| E|CS|TAMS 0x0000000733800000, 0x0000000733800000| Complete 
| 232|0x0000000734000000, 0x0000000734800000, 0x0000000734800000|100%| E|CS|TAMS 0x0000000734000000, 0x0000000734000000| Complete 
| 233|0x0000000734800000, 0x0000000735000000, 0x0000000735000000|100%| E|CS|TAMS 0x0000000734800000, 0x0000000734800000| Complete 
| 234|0x0000000735000000, 0x0000000735800000, 0x0000000735800000|100%| E|CS|TAMS 0x0000000735000000, 0x0000000735000000| Complete 
| 235|0x0000000735800000, 0x0000000736000000, 0x0000000736000000|100%| E|CS|TAMS 0x0000000735800000, 0x0000000735800000| Complete 
| 236|0x0000000736000000, 0x0000000736800000, 0x0000000736800000|100%| E|CS|TAMS 0x0000000736000000, 0x0000000736000000| Complete 
| 237|0x0000000736800000, 0x0000000737000000, 0x0000000737000000|100%| E|CS|TAMS 0x0000000736800000, 0x0000000736800000| Complete 
| 238|0x0000000737000000, 0x0000000737800000, 0x0000000737800000|100%| E|CS|TAMS 0x0000000737000000, 0x0000000737000000| Complete 
| 239|0x0000000737800000, 0x0000000738000000, 0x0000000738000000|100%| E|CS|TAMS 0x0000000737800000, 0x0000000737800000| Complete 
| 240|0x0000000738000000, 0x0000000738800000, 0x0000000738800000|100%| E|CS|TAMS 0x0000000738000000, 0x0000000738000000| Complete 
| 241|0x0000000738800000, 0x0000000739000000, 0x0000000739000000|100%| E|CS|TAMS 0x0000000738800000, 0x0000000738800000| Complete 
| 242|0x0000000739000000, 0x0000000739800000, 0x0000000739800000|100%| E|CS|TAMS 0x0000000739000000, 0x0000000739000000| Complete 
| 243|0x0000000739800000, 0x000000073a000000, 0x000000073a000000|100%| E|CS|TAMS 0x0000000739800000, 0x0000000739800000| Complete 
| 244|0x000000073a000000, 0x000000073a800000, 0x000000073a800000|100%| E|CS|TAMS 0x000000073a000000, 0x000000073a000000| Complete 
| 245|0x000000073a800000, 0x000000073b000000, 0x000000073b000000|100%| E|CS|TAMS 0x000000073a800000, 0x000000073a800000| Complete 
| 246|0x000000073b000000, 0x000000073b800000, 0x000000073b800000|100%| E|CS|TAMS 0x000000073b000000, 0x000000073b000000| Complete 
| 247|0x000000073b800000, 0x000000073c000000, 0x000000073c000000|100%| E|CS|TAMS 0x000000073b800000, 0x000000073b800000| Complete 
| 248|0x000000073c000000, 0x000000073c800000, 0x000000073c800000|100%| E|CS|TAMS 0x000000073c000000, 0x000000073c000000| Complete 
| 249|0x000000073c800000, 0x000000073d000000, 0x000000073d000000|100%| E|CS|TAMS 0x000000073c800000, 0x000000073c800000| Complete 
| 250|0x000000073d000000, 0x000000073d800000, 0x000000073d800000|100%| E|CS|TAMS 0x000000073d000000, 0x000000073d000000| Complete 
| 251|0x000000073d800000, 0x000000073e000000, 0x000000073e000000|100%| E|CS|TAMS 0x000000073d800000, 0x000000073d800000| Complete 
| 252|0x000000073e000000, 0x000000073e800000, 0x000000073e800000|100%| E|CS|TAMS 0x000000073e000000, 0x000000073e000000| Complete 
| 253|0x000000073e800000, 0x000000073f000000, 0x000000073f000000|100%| E|CS|TAMS 0x000000073e800000, 0x000000073e800000| Complete 
| 254|0x000000073f000000, 0x000000073f800000, 0x000000073f800000|100%| E|CS|TAMS 0x000000073f000000, 0x000000073f000000| Complete 
| 255|0x000000073f800000, 0x0000000740000000, 0x0000000740000000|100%| E|CS|TAMS 0x000000073f800000, 0x000000073f800000| Complete 
| 256|0x0000000740000000, 0x0000000740800000, 0x0000000740800000|100%| E|CS|TAMS 0x0000000740000000, 0x0000000740000000| Complete 
| 257|0x0000000740800000, 0x0000000741000000, 0x0000000741000000|100%| E|CS|TAMS 0x0000000740800000, 0x0000000740800000| Complete 
| 258|0x0000000741000000, 0x0000000741800000, 0x0000000741800000|100%| E|CS|TAMS 0x0000000741000000, 0x0000000741000000| Complete 
| 259|0x0000000741800000, 0x0000000742000000, 0x0000000742000000|100%| E|CS|TAMS 0x0000000741800000, 0x0000000741800000| Complete 
| 260|0x0000000742000000, 0x0000000742800000, 0x0000000742800000|100%| E|CS|TAMS 0x0000000742000000, 0x0000000742000000| Complete 
| 261|0x0000000742800000, 0x0000000743000000, 0x0000000743000000|100%| E|CS|TAMS 0x0000000742800000, 0x0000000742800000| Complete 
| 262|0x0000000743000000, 0x0000000743800000, 0x0000000743800000|100%| E|CS|TAMS 0x0000000743000000, 0x0000000743000000| Complete 
| 263|0x0000000743800000, 0x0000000744000000, 0x0000000744000000|100%| E|CS|TAMS 0x0000000743800000, 0x0000000743800000| Complete 
| 264|0x0000000744000000, 0x0000000744800000, 0x0000000744800000|100%| E|CS|TAMS 0x0000000744000000, 0x0000000744000000| Complete 
| 265|0x0000000744800000, 0x0000000745000000, 0x0000000745000000|100%| E|CS|TAMS 0x0000000744800000, 0x0000000744800000| Complete 
| 266|0x0000000745000000, 0x0000000745800000, 0x0000000745800000|100%| E|CS|TAMS 0x0000000745000000, 0x0000000745000000| Complete 
| 267|0x0000000745800000, 0x0000000746000000, 0x0000000746000000|100%| E|CS|TAMS 0x0000000745800000, 0x0000000745800000| Complete 
| 268|0x0000000746000000, 0x0000000746800000, 0x0000000746800000|100%| E|CS|TAMS 0x0000000746000000, 0x0000000746000000| Complete 
| 269|0x0000000746800000, 0x0000000747000000, 0x0000000747000000|100%| E|CS|TAMS 0x0000000746800000, 0x0000000746800000| Complete 
| 270|0x0000000747000000, 0x0000000747800000, 0x0000000747800000|100%| E|CS|TAMS 0x0000000747000000, 0x0000000747000000| Complete 
| 271|0x0000000747800000, 0x0000000748000000, 0x0000000748000000|100%| E|CS|TAMS 0x0000000747800000, 0x0000000747800000| Complete 
| 272|0x0000000748000000, 0x0000000748800000, 0x0000000748800000|100%| E|CS|TAMS 0x0000000748000000, 0x0000000748000000| Complete 
| 636|0x00000007fe000000, 0x00000007fe800000, 0x00000007fe800000|100%| E|CS|TAMS 0x00000007fe000000, 0x00000007fe000000| Complete 
| 637|0x00000007fe800000, 0x00000007ff000000, 0x00000007ff000000|100%| E|CS|TAMS 0x00000007fe800000, 0x00000007fe800000| Complete 
| 638|0x00000007ff000000, 0x00000007ff800000, 0x00000007ff800000|100%| E|CS|TAMS 0x00000007ff000000, 0x00000007ff000000| Complete 
| 639|0x00000007ff800000, 0x0000000800000000, 0x0000000800000000|100%| O|  |TAMS 0x0000000800000000, 0x00000007ff800000| Untracked 

Card table byte_map: [0x000001f229990000,0x000001f22a390000] _byte_map_base: 0x000001f226390000

Marking Bits (Prev, Next): (CMBitMap*) 0x000001f212770cf0, (CMBitMap*) 0x000001f212770cb0
 Prev Bits: [0x000001f22fd90000, 0x000001f234d90000)
 Next Bits: [0x000001f22ad90000, 0x000001f22fd90000)

Polling page: 0x000001f210720000

Metaspace:

Usage:
  Non-class:    144.22 MB used.
      Class:     23.69 MB used.
       Both:    167.90 MB used.

Virtual space:
  Non-class space:      152.00 MB reserved,     145.25 MB ( 96%) committed,  19 nodes.
      Class space:        1.00 GB reserved,      24.62 MB (  2%) committed,  1 nodes.
             Both:        1.15 GB reserved,     169.88 MB ( 14%) committed. 

Chunk freelists:
   Non-Class:  2.14 MB
       Class:  3.31 MB
        Both:  5.45 MB

MaxMetaspaceSize: unlimited
CompressedClassSpaceSize: 1.00 GB
Initial GC threshold: 21.00 MB
Current GC threshold: 281.38 MB
CDS: on
MetaspaceReclaimPolicy: balanced
 - commit_granule_bytes: 65536.
 - commit_granule_words: 8192.
 - virtual_space_node_default_size: 1048576.
 - enlarge_chunks_in_place: 1.
 - new_chunks_are_fully_committed: 0.
 - uncommit_free_chunks: 1.
 - use_allocation_guard: 0.
 - handle_deallocations: 1.


Internal statistics:

num_allocs_failed_limit: 18.
num_arena_births: 2356.
num_arena_deaths: 0.
num_vsnodes_births: 20.
num_vsnodes_deaths: 0.
num_space_committed: 2714.
num_space_uncommitted: 0.
num_chunks_returned_to_freelist: 18.
num_chunks_taken_from_freelist: 9343.
num_chunk_merges: 18.
num_chunk_splits: 6130.
num_chunks_enlarged: 4174.
num_purges: 0.
num_inconsistent_stats: 0.

CodeHeap 'non-profiled nmethods': size=120000Kb used=32610Kb max_used=32610Kb free=87389Kb
 bounds [0x000001f221a60000, 0x000001f223a40000, 0x000001f228f90000]
CodeHeap 'profiled nmethods': size=120000Kb used=40818Kb max_used=41251Kb free=79181Kb
 bounds [0x000001f21a530000, 0x000001f21cd90000, 0x000001f221a60000]
CodeHeap 'non-nmethods': size=5760Kb used=2028Kb max_used=2109Kb free=3731Kb
 bounds [0x000001f219f90000, 0x000001f21a200000, 0x000001f21a530000]
 total_blobs=26681 nmethods=25143 adapters=1446
 compilation: enabled
              stopped_count=0, restarted_count=0
 full_count=0

Compilation events (20 events):
Event: 1432.319 Thread 0x000001f23729fab0 37812       4       net.minecraft.world.entity.animal.horse.EntityHorseAbstract::k (460 bytes)
Event: 1432.339 Thread 0x000001f23729fab0 nmethod 37812 0x000001f223a15490 code [0x000001f223a15780, 0x000001f223a16748]
Event: 1432.371 Thread 0x000001f23729fab0 37813       4       org.bukkit.NamespacedKey::hashCode (30 bytes)
Event: 1432.380 Thread 0x000001f23729fab0 nmethod 37813 0x000001f2237b3f90 code [0x000001f2237b4120, 0x000001f2237b47f8]
Event: 1432.415 Thread 0x000001f23729fab0 37814       4       net.minecraft.world.entity.animal.horse.EntityHorseAbstract::w_ (166 bytes)
Event: 1432.458 Thread 0x000001f23729fab0 nmethod 37814 0x000001f223a17710 code [0x000001f223a17ae0, 0x000001f223a19590]
Event: 1432.657 Thread 0x000001f23729fab0 37815       4       com.destroystokyo.paper.io.PrioritizedTaskQueue$PrioritizedTask::tryComplete (33 bytes)
Event: 1432.658 Thread 0x000001f23729fab0 nmethod 37815 0x000001f223a1af90 code [0x000001f223a1b100, 0x000001f223a1b218]
Event: 1432.717 Thread 0x000001f23729fab0 37816       4       ca.spottedleaf.starlight.common.light.StarLightInterface::getBlockLightValue (80 bytes)
Event: 1432.719 Thread 0x000001f23729fab0 nmethod 37816 0x000001f223a1b390 code [0x000001f223a1b520, 0x000001f223a1b758]
Event: 1433.086 Thread 0x000001f23729fab0 37817       4       sun.nio.fs.WindowsPath::resolve (6 bytes)
Event: 1433.087 Thread 0x000001f23729fab0 nmethod 37817 0x000001f223a1ba10 code [0x000001f223a1bba0, 0x000001f223a1bc48]
Event: 1433.414 Thread 0x000001f23729fab0 37818 %     4       io.papermc.paper.util.CollisionUtil::getCollisionsForBlocksOrWorldBorder @ 772 (1315 bytes)
Event: 1433.566 Thread 0x000001f23729fab0 nmethod 37818% 0x000001f223a1bd10 code [0x000001f223a1c040, 0x000001f223a237d0]
Event: 1433.795 Thread 0x000001f23729fab0 37819       4       com.sk89q.worldguard.session.Session::testMoveTo (249 bytes)
Event: 1433.941 Thread 0x000001f23729fab0 nmethod 37819 0x000001f223a27990 code [0x000001f223a27d40, 0x000001f223a2b138]
Event: 1433.941 Thread 0x000001f23729fab0 37820       4       com.sk89q.worldguard.protection.flags.StateFlag::getDefault (5 bytes)
Event: 1433.941 Thread 0x000001f23729fab0 nmethod 37820 0x000001f223a2cc10 code [0x000001f223a2cd80, 0x000001f223a2ce18]
Event: 1434.313 Thread 0x000001f23729fab0 37821       4       net.minecraft.server.level.ChunkProviderServer::a (193 bytes)
Event: 1434.686 Thread 0x000001f23729fab0 nmethod 37821 0x000001f223a2cf10 code [0x000001f223a2d6e0, 0x000001f223a342f8]

GC Heap History (20 events):
Event: 1016.230 GC heap before
{Heap before GC invocations=52 (full 0):
 garbage-first heap   total 2269184K, used 1851392K [0x00000006c0000000, 0x0000000800000000)
  region size 8192K, 83 young (679936K), 3 survivors (24576K)
 Metaspace       used 170438K, committed 172480K, reserved 1204224K
  class space    used 24109K, committed 25024K, reserved 1048576K
}
Event: 1016.287 GC heap after
{Heap after GC invocations=53 (full 0):
 garbage-first heap   total 2269184K, used 1195130K [0x00000006c0000000, 0x0000000800000000)
  region size 8192K, 1 young (8192K), 1 survivors (8192K)
 Metaspace       used 170438K, committed 172480K, reserved 1204224K
  class space    used 24109K, committed 25024K, reserved 1048576K
}
Event: 1226.163 GC heap before
{Heap before GC invocations=53 (full 0):
 garbage-first heap   total 2269184K, used 1866874K [0x00000006c0000000, 0x0000000800000000)
  region size 8192K, 83 young (679936K), 1 survivors (8192K)
 Metaspace       used 170872K, committed 172864K, reserved 1204224K
  class space    used 24169K, committed 25088K, reserved 1048576K
}
Event: 1226.387 GC heap after
{Heap after GC invocations=54 (full 0):
 garbage-first heap   total 2269184K, used 1200961K [0x00000006c0000000, 0x0000000800000000)
  region size 8192K, 1 young (8192K), 1 survivors (8192K)
 Metaspace       used 170872K, committed 172864K, reserved 1204224K
  class space    used 24169K, committed 25088K, reserved 1048576K
}
Event: 1337.123 GC heap before
{Heap before GC invocations=55 (full 0):
 garbage-first heap   total 2269184K, used 1872705K [0x00000006c0000000, 0x0000000800000000)
  region size 8192K, 83 young (679936K), 1 survivors (8192K)
 Metaspace       used 171306K, committed 173312K, reserved 1204224K
  class space    used 24187K, committed 25088K, reserved 1048576K
}
Event: 1337.206 GC heap after
{Heap after GC invocations=56 (full 0):
 garbage-first heap   total 2269184K, used 1225971K [0x00000006c0000000, 0x0000000800000000)
  region size 8192K, 3 young (24576K), 3 survivors (24576K)
 Metaspace       used 171306K, committed 173312K, reserved 1204224K
  class space    used 24187K, committed 25088K, reserved 1048576K
}
Event: 1365.957 GC heap before
{Heap before GC invocations=56 (full 0):
 garbage-first heap   total 2269184K, used 1881331K [0x00000006c0000000, 0x0000000800000000)
  region size 8192K, 83 young (679936K), 3 survivors (24576K)
 Metaspace       used 171393K, committed 173440K, reserved 1204224K
  class space    used 24195K, committed 25152K, reserved 1048576K
}
Event: 1366.698 GC heap after
{Heap after GC invocations=57 (full 0):
 garbage-first heap   total 2269184K, used 1272522K [0x00000006c0000000, 0x0000000800000000)
  region size 8192K, 3 young (24576K), 3 survivors (24576K)
 Metaspace       used 171393K, committed 173440K, reserved 1204224K
  class space    used 24195K, committed 25152K, reserved 1048576K
}
Event: 1376.380 GC heap before
{Heap before GC invocations=57 (full 0):
 garbage-first heap   total 2269184K, used 1927882K [0x00000006c0000000, 0x0000000800000000)
  region size 8192K, 83 young (679936K), 3 survivors (24576K)
 Metaspace       used 171444K, committed 173504K, reserved 1204224K
  class space    used 24198K, committed 25152K, reserved 1048576K
}
Event: 1376.504 GC heap after
{Heap after GC invocations=58 (full 0):
 garbage-first heap   total 2269184K, used 1274469K [0x00000006c0000000, 0x0000000800000000)
  region size 8192K, 3 young (24576K), 3 survivors (24576K)
 Metaspace       used 171444K, committed 173504K, reserved 1204224K
  class space    used 24198K, committed 25152K, reserved 1048576K
}
Event: 1385.779 GC heap before
{Heap before GC invocations=58 (full 0):
 garbage-first heap   total 2269184K, used 1929829K [0x00000006c0000000, 0x0000000800000000)
  region size 8192K, 83 young (679936K), 3 survivors (24576K)
 Metaspace       used 171449K, committed 173504K, reserved 1204224K
  class space    used 24198K, committed 25152K, reserved 1048576K
}
Event: 1385.888 GC heap after
{Heap after GC invocations=59 (full 0):
 garbage-first heap   total 2269184K, used 1280818K [0x00000006c0000000, 0x0000000800000000)
  region size 8192K, 3 young (24576K), 3 survivors (24576K)
 Metaspace       used 171449K, committed 173504K, reserved 1204224K
  class space    used 24198K, committed 25152K, reserved 1048576K
}
Event: 1416.522 GC heap before
{Heap before GC invocations=59 (full 0):
 garbage-first heap   total 2269184K, used 1936178K [0x00000006c0000000, 0x0000000800000000)
  region size 8192K, 83 young (679936K), 3 survivors (24576K)
 Metaspace       used 171463K, committed 173504K, reserved 1204224K
  class space    used 24198K, committed 25152K, reserved 1048576K
}
Event: 1416.632 GC heap after
{Heap after GC invocations=60 (full 0):
 garbage-first heap   total 2269184K, used 1266967K [0x00000006c0000000, 0x0000000800000000)
  region size 8192K, 2 young (16384K), 2 survivors (16384K)
 Metaspace       used 171463K, committed 173504K, reserved 1204224K
  class space    used 24198K, committed 25152K, reserved 1048576K
}
Event: 1423.684 GC heap before
{Heap before GC invocations=60 (full 0):
 garbage-first heap   total 2269184K, used 1930519K [0x00000006c0000000, 0x0000000800000000)
  region size 8192K, 83 young (679936K), 2 survivors (16384K)
 Metaspace       used 171715K, committed 173696K, reserved 1204224K
  class space    used 24245K, committed 25152K, reserved 1048576K
}
Event: 1423.803 GC heap after
{Heap after GC invocations=61 (full 0):
 garbage-first heap   total 2269184K, used 1278898K [0x00000006c0000000, 0x0000000800000000)
  region size 8192K, 3 young (24576K), 3 survivors (24576K)
 Metaspace       used 171715K, committed 173696K, reserved 1204224K
  class space    used 24245K, committed 25152K, reserved 1048576K
}
Event: 1427.439 GC heap before
{Heap before GC invocations=61 (full 0):
 garbage-first heap   total 2269184K, used 1934258K [0x00000006c0000000, 0x0000000800000000)
  region size 8192K, 83 young (679936K), 3 survivors (24576K)
 Metaspace       used 171818K, committed 173888K, reserved 1204224K
  class space    used 24252K, committed 25216K, reserved 1048576K
}
Event: 1427.489 GC heap after
{Heap after GC invocations=62 (full 0):
 garbage-first heap   total 2269184K, used 1299896K [0x00000006c0000000, 0x0000000800000000)
  region size 8192K, 3 young (24576K), 3 survivors (24576K)
 Metaspace       used 171818K, committed 173888K, reserved 1204224K
  class space    used 24252K, committed 25216K, reserved 1048576K
}
Event: 1430.756 GC heap before
{Heap before GC invocations=62 (full 0):
 garbage-first heap   total 2269184K, used 1955256K [0x00000006c0000000, 0x0000000800000000)
  region size 8192K, 83 young (679936K), 3 survivors (24576K)
 Metaspace       used 171900K, committed 173952K, reserved 1204224K
  class space    used 24254K, committed 25216K, reserved 1048576K
}
Event: 1430.813 GC heap after
{Heap after GC invocations=63 (full 0):
 garbage-first heap   total 2269184K, used 1318589K [0x00000006c0000000, 0x0000000800000000)
  region size 8192K, 2 young (16384K), 2 survivors (16384K)
 Metaspace       used 171900K, committed 173952K, reserved 1204224K
  class space    used 24254K, committed 25216K, reserved 1048576K
}

Deoptimization events (20 events):
Event: 1431.741 Thread 0x000001f23c7d29c0 Uncommon trap: trap_request=0xffffff66 fr.pc=0x000001f223447060 relative=0x0000000000000960
Event: 1431.741 Thread 0x000001f23c7d29c0 Uncommon trap: reason=speculate_class_check action=maybe_recompile pc=0x000001f223447060 method=net.minecraft.world.entity.EntityInsentient.cM()Z @ 1 c2
Event: 1431.741 Thread 0x000001f23c7d29c0 DEOPT PACKING pc=0x000001f223447060 sp=0x000000b7831fed20
Event: 1431.741 Thread 0x000001f23c7d29c0 DEOPT UNPACKING pc=0x000001f219fe23a3 sp=0x000000b7831fec68 mode 2
Event: 1431.747 Thread 0x000001f23c7d29c0 Uncommon trap: trap_request=0xffffffde fr.pc=0x000001f223325bb8 relative=0x0000000000000098
Event: 1431.747 Thread 0x000001f23c7d29c0 Uncommon trap: reason=class_check action=maybe_recompile pc=0x000001f223325bb8 method=net.minecraft.server.level.PlayerChunkMap$$Lambda$6274/0x0000000801e5ef30.accept(Ljava/lang/Object;)V @ 5 c2
Event: 1431.747 Thread 0x000001f23c7d29c0 DEOPT PACKING pc=0x000001f223325bb8 sp=0x000000b7831fee90
Event: 1431.747 Thread 0x000001f23c7d29c0 DEOPT UNPACKING pc=0x000001f219fe23a3 sp=0x000000b7831fee18 mode 2
Event: 1431.749 Thread 0x000001f23c7d29c0 Uncommon trap: trap_request=0xffffffde fr.pc=0x000001f223325bb8 relative=0x0000000000000098
Event: 1431.749 Thread 0x000001f23c7d29c0 Uncommon trap: reason=class_check action=maybe_recompile pc=0x000001f223325bb8 method=net.minecraft.server.level.PlayerChunkMap$$Lambda$6274/0x0000000801e5ef30.accept(Ljava/lang/Object;)V @ 5 c2
Event: 1431.749 Thread 0x000001f23c7d29c0 DEOPT PACKING pc=0x000001f223325bb8 sp=0x000000b7831fee90
Event: 1431.749 Thread 0x000001f23c7d29c0 DEOPT UNPACKING pc=0x000001f219fe23a3 sp=0x000000b7831fee18 mode 2
Event: 1431.752 Thread 0x000001f23c7d29c0 Uncommon trap: trap_request=0xffffffde fr.pc=0x000001f223325bb8 relative=0x0000000000000098
Event: 1431.752 Thread 0x000001f23c7d29c0 Uncommon trap: reason=class_check action=maybe_recompile pc=0x000001f223325bb8 method=net.minecraft.server.level.PlayerChunkMap$$Lambda$6274/0x0000000801e5ef30.accept(Ljava/lang/Object;)V @ 5 c2
Event: 1431.752 Thread 0x000001f23c7d29c0 DEOPT PACKING pc=0x000001f223325bb8 sp=0x000000b7831fee90
Event: 1431.752 Thread 0x000001f23c7d29c0 DEOPT UNPACKING pc=0x000001f219fe23a3 sp=0x000000b7831fee18 mode 2
Event: 1431.753 Thread 0x000001f23c7d29c0 Uncommon trap: trap_request=0xffffffde fr.pc=0x000001f223325bb8 relative=0x0000000000000098
Event: 1431.753 Thread 0x000001f23c7d29c0 Uncommon trap: reason=class_check action=maybe_recompile pc=0x000001f223325bb8 method=net.minecraft.server.level.PlayerChunkMap$$Lambda$6274/0x0000000801e5ef30.accept(Ljava/lang/Object;)V @ 5 c2
Event: 1431.753 Thread 0x000001f23c7d29c0 DEOPT PACKING pc=0x000001f223325bb8 sp=0x000000b7831feb30
Event: 1431.753 Thread 0x000001f23c7d29c0 DEOPT UNPACKING pc=0x000001f219fe23a3 sp=0x000000b7831feab8 mode 2

Classes unloaded (0 events):
No events

Classes redefined (0 events):
No events

Internal exceptions (20 events):
Event: 1433.613 Thread 0x000001f23c4d0bb0 Exception <a 'sun/nio/fs/WindowsException'{0x0000000723a39ab8}> (0x0000000723a39ab8) 
thrown [t:\workspace\open\src\hotspot\share\prims\jni.cpp, line 516]
Event: 1433.614 Thread 0x000001f23c4d0bb0 Exception <a 'sun/nio/fs/WindowsException'{0x0000000723a3e958}> (0x0000000723a3e958) 
thrown [t:\workspace\open\src\hotspot\share\prims\jni.cpp, line 516]
Event: 1433.614 Thread 0x000001f23c4d0bb0 Exception <a 'sun/nio/fs/WindowsException'{0x0000000723a437f8}> (0x0000000723a437f8) 
thrown [t:\workspace\open\src\hotspot\share\prims\jni.cpp, line 516]
Event: 1433.618 Thread 0x000001f23c4d0bb0 Exception <a 'sun/nio/fs/WindowsException'{0x0000000723a4e8b8}> (0x0000000723a4e8b8) 
thrown [t:\workspace\open\src\hotspot\share\prims\jni.cpp, line 516]
Event: 1433.742 Thread 0x000001f23c4d0bb0 Exception <a 'sun/nio/fs/WindowsException'{0x0000000723aac2a8}> (0x0000000723aac2a8) 
thrown [t:\workspace\open\src\hotspot\share\prims\jni.cpp, line 516]
Event: 1433.789 Thread 0x000001f23c4d0bb0 Exception <a 'sun/nio/fs/WindowsException'{0x0000000723ab56c8}> (0x0000000723ab56c8) 
thrown [t:\workspace\open\src\hotspot\share\prims\jni.cpp, line 516]
Event: 1433.790 Thread 0x000001f23c4d0bb0 Exception <a 'sun/nio/fs/WindowsException'{0x0000000723aba568}> (0x0000000723aba568) 
thrown [t:\workspace\open\src\hotspot\share\prims\jni.cpp, line 516]
Event: 1433.793 Thread 0x000001f23c4d0bb0 Exception <a 'sun/nio/fs/WindowsException'{0x0000000723ac38c0}> (0x0000000723ac38c0) 
thrown [t:\workspace\open\src\hotspot\share\prims\jni.cpp, line 516]
Event: 1433.794 Thread 0x000001f23c4d0bb0 Exception <a 'sun/nio/fs/WindowsException'{0x0000000723ac8760}> (0x0000000723ac8760) 
thrown [t:\workspace\open\src\hotspot\share\prims\jni.cpp, line 516]
Event: 1433.794 Thread 0x000001f23c4d0bb0 Exception <a 'sun/nio/fs/WindowsException'{0x0000000723acd600}> (0x0000000723acd600) 
thrown [t:\workspace\open\src\hotspot\share\prims\jni.cpp, line 516]
Event: 1433.794 Thread 0x000001f23c4d0bb0 Exception <a 'sun/nio/fs/WindowsException'{0x0000000723ad24a0}> (0x0000000723ad24a0) 
thrown [t:\workspace\open\src\hotspot\share\prims\jni.cpp, line 516]
Event: 1433.803 Thread 0x000001f23c4d0bb0 Exception <a 'sun/nio/fs/WindowsException'{0x0000000723adb800}> (0x0000000723adb800) 
thrown [t:\workspace\open\src\hotspot\share\prims\jni.cpp, line 516]
Event: 1433.804 Thread 0x000001f23c4d0bb0 Exception <a 'sun/nio/fs/WindowsException'{0x0000000723ae06a0}> (0x0000000723ae06a0) 
thrown [t:\workspace\open\src\hotspot\share\prims\jni.cpp, line 516]
Event: 1433.804 Thread 0x000001f23c4d0bb0 Exception <a 'sun/nio/fs/WindowsException'{0x0000000723ae5540}> (0x0000000723ae5540) 
thrown [t:\workspace\open\src\hotspot\share\prims\jni.cpp, line 516]
Event: 1433.804 Thread 0x000001f23c4d0bb0 Exception <a 'sun/nio/fs/WindowsException'{0x0000000723aea438}> (0x0000000723aea438) 
thrown [t:\workspace\open\src\hotspot\share\prims\jni.cpp, line 516]
Event: 1433.805 Thread 0x000001f23c4d0bb0 Exception <a 'sun/nio/fs/WindowsException'{0x0000000723aef330}> (0x0000000723aef330) 
thrown [t:\workspace\open\src\hotspot\share\prims\jni.cpp, line 516]
Event: 1433.805 Thread 0x000001f23c4d0bb0 Exception <a 'sun/nio/fs/WindowsException'{0x0000000723af4228}> (0x0000000723af4228) 
thrown [t:\workspace\open\src\hotspot\share\prims\jni.cpp, line 516]
Event: 1433.806 Thread 0x000001f23c4d0bb0 Exception <a 'sun/nio/fs/WindowsException'{0x0000000723af9328}> (0x0000000723af9328) 
thrown [t:\workspace\open\src\hotspot\share\prims\jni.cpp, line 516]
Event: 1433.806 Thread 0x000001f23c4d0bb0 Exception <a 'sun/nio/fs/WindowsException'{0x0000000723afe1c8}> (0x0000000723afe1c8) 
thrown [t:\workspace\open\src\hotspot\share\prims\jni.cpp, line 516]
Event: 1433.806 Thread 0x000001f23c4d0bb0 Exception <a 'sun/nio/fs/WindowsException'{0x0000000723b03068}> (0x0000000723b03068) 
thrown [t:\workspace\open\src\hotspot\share\prims\jni.cpp, line 516]

VM Operations (20 events):
Event: 1426.472 Executing VM operation: Cleanup done
Event: 1427.439 Executing VM operation: G1CollectForAllocation
Event: 1427.489 Executing VM operation: G1CollectForAllocation done
Event: 1427.569 Executing VM operation: HandshakeAllThreads
Event: 1427.571 Executing VM operation: HandshakeAllThreads done
Event: 1428.572 Executing VM operation: Cleanup
Event: 1428.572 Executing VM operation: Cleanup done
Event: 1429.572 Executing VM operation: Cleanup
Event: 1429.573 Executing VM operation: Cleanup done
Event: 1430.573 Executing VM operation: Cleanup
Event: 1430.573 Executing VM operation: Cleanup done
Event: 1430.756 Executing VM operation: G1CollectForAllocation
Event: 1430.813 Executing VM operation: G1CollectForAllocation done
Event: 1431.813 Executing VM operation: Cleanup
Event: 1432.237 Executing VM operation: Cleanup done
Event: 1433.238 Executing VM operation: Cleanup
Event: 1433.246 Executing VM operation: Cleanup done
Event: 1434.247 Executing VM operation: Cleanup
Event: 1434.253 Executing VM operation: Cleanup done
Event: 1435.119 Executing VM operation: G1Concurrent

Events (20 events):
Event: 1427.608 Thread 0x000001f2372ba7b0 flushing nmethod 0x000001f21cc09790
Event: 1427.608 Thread 0x000001f2372ba7b0 flushing nmethod 0x000001f21cc4ff10
Event: 1427.608 Thread 0x000001f2372ba7b0 flushing nmethod 0x000001f21cc52810
Event: 1427.608 Thread 0x000001f2372ba7b0 flushing nmethod 0x000001f21cc57410
Event: 1427.608 Thread 0x000001f2372ba7b0 flushing nmethod 0x000001f21cc57b10
Event: 1427.608 Thread 0x000001f2372ba7b0 flushing nmethod 0x000001f21cc58710
Event: 1427.608 Thread 0x000001f2372ba7b0 flushing nmethod 0x000001f21cc5a190
Event: 1427.608 Thread 0x000001f2372ba7b0 flushing nmethod 0x000001f21cc5a790
Event: 1427.608 Thread 0x000001f2372ba7b0 flushing nmethod 0x000001f21cc5b010
Event: 1427.608 Thread 0x000001f2372ba7b0 flushing nmethod 0x000001f21cc5bb90
Event: 1427.608 Thread 0x000001f2372ba7b0 flushing nmethod 0x000001f21cc72190
Event: 1427.608 Thread 0x000001f2372ba7b0 flushing nmethod 0x000001f21cc99b10
Event: 1427.608 Thread 0x000001f2372ba7b0 flushing nmethod 0x000001f21ccdab10
Event: 1427.608 Thread 0x000001f2372ba7b0 flushing nmethod 0x000001f21ccf0310
Event: 1427.608 Thread 0x000001f2372ba7b0 flushing nmethod 0x000001f21cd21c10
Event: 1427.608 Thread 0x000001f2372ba7b0 flushing nmethod 0x000001f21cd24390
Event: 1427.975 Thread 0x000001f23af3ec60 Thread exited: 0x000001f23af3ec60
Event: 1428.612 Thread 0x000001f23af3f680 Thread added: 0x000001f23af3f680
Event: 1429.738 Thread 0x000001f23af3f680 Thread exited: 0x000001f23af3f680
Event: 1435.068 Thread 0x000001f24d3ec9b0 Thread exited: 0x000001f24d3ec9b0


Dynamic libraries:
0x00007ff64a820000 - 0x00007ff64a830000 	C:\Program Files\Java\jdk-17.0.3.1\bin\java.exe
0x00007fff4e770000 - 0x00007fff4e965000 	C:\Windows\SYSTEM32\ntdll.dll
0x00007fff4e130000 - 0x00007fff4e1ed000 	C:\Windows\System32\KERNEL32.DLL
0x00007fff4c1b0000 - 0x00007fff4c479000 	C:\Windows\System32\KERNELBASE.dll
0x00007fff4c6a0000 - 0x00007fff4c7a0000 	C:\Windows\System32\ucrtbase.dll
0x00007fff3ff90000 - 0x00007fff3ffa8000 	C:\Program Files\Java\jdk-17.0.3.1\bin\jli.dll
0x00007fff248a0000 - 0x00007fff248ba000 	C:\Program Files\Java\jdk-17.0.3.1\bin\VCRUNTIME140.dll
0x00007fff4d400000 - 0x00007fff4d4ac000 	C:\Windows\System32\ADVAPI32.dll
0x00007fff4c8c0000 - 0x00007fff4c95e000 	C:\Windows\System32\msvcrt.dll
0x00007fff4d0a0000 - 0x00007fff4d13b000 	C:\Windows\System32\sechost.dll
0x00007fff4d6b0000 - 0x00007fff4d7da000 	C:\Windows\System32\RPCRT4.dll
0x00007fff4ce00000 - 0x00007fff4cfa0000 	C:\Windows\System32\USER32.dll
0x00007fff4c180000 - 0x00007fff4c1a2000 	C:\Windows\System32\win32u.dll
0x00007fff3b8a0000 - 0x00007fff3bb3a000 	C:\Windows\WinSxS\amd64_microsoft.windows.common-controls_6595b64144ccf1df_6.0.19041.1110_none_60b5254171f9507e\COMCTL32.dll
0x00007fff4dff0000 - 0x00007fff4e01a000 	C:\Windows\System32\GDI32.dll
0x00007fff4c070000 - 0x00007fff4c17b000 	C:\Windows\System32\gdi32full.dll
0x00007fff4be70000 - 0x00007fff4bf0d000 	C:\Windows\System32\msvcp_win.dll
0x00007fff44760000 - 0x00007fff4476a000 	C:\Windows\SYSTEM32\VERSION.dll
0x00007fff4d3d0000 - 0x00007fff4d400000 	C:\Windows\System32\IMM32.DLL
0x00007fff3fac0000 - 0x00007fff3facc000 	C:\Program Files\Java\jdk-17.0.3.1\bin\vcruntime140_1.dll
0x00007ffefbc80000 - 0x00007ffefbd0d000 	C:\Program Files\Java\jdk-17.0.3.1\bin\msvcp140.dll
0x00007ffee5250000 - 0x00007ffee5e10000 	C:\Program Files\Java\jdk-17.0.3.1\bin\server\jvm.dll
0x00007fff4e6f0000 - 0x00007fff4e6f8000 	C:\Windows\System32\PSAPI.DLL
0x00007fff44730000 - 0x00007fff44757000 	C:\Windows\SYSTEM32\WINMM.dll
0x00007fff3fa00000 - 0x00007fff3fa09000 	C:\Windows\SYSTEM32\WSOCK32.dll
0x00007fff4d1b0000 - 0x00007fff4d21b000 	C:\Windows\System32\WS2_32.dll
0x00007fff49cc0000 - 0x00007fff49cd2000 	C:\Windows\SYSTEM32\kernel.appcore.dll
0x00007fff2c200000 - 0x00007fff2c20a000 	C:\Program Files\Java\jdk-17.0.3.1\bin\jimage.dll
0x00007fff421b0000 - 0x00007fff42394000 	C:\Windows\SYSTEM32\DBGHELP.DLL
0x00007fff35a00000 - 0x00007fff35a2c000 	C:\Windows\SYSTEM32\dbgcore.DLL
0x00007fff4c480000 - 0x00007fff4c503000 	C:\Windows\System32\bcryptPrimitives.dll
0x00007fff10f10000 - 0x00007fff10f35000 	C:\Program Files\Java\jdk-17.0.3.1\bin\java.dll
0x00007ffef09f0000 - 0x00007ffef0ac6000 	C:\Program Files\Java\jdk-17.0.3.1\bin\jsvml.dll
0x00007fff4d840000 - 0x00007fff4df7f000 	C:\Windows\System32\SHELL32.dll
0x00007fff49fa0000 - 0x00007fff4a730000 	C:\Windows\SYSTEM32\windows.storage.dll
0x00007fff4caa0000 - 0x00007fff4cdf5000 	C:\Windows\System32\combase.dll
0x00007fff4b8d0000 - 0x00007fff4b8fc000 	C:\Windows\SYSTEM32\Wldp.dll
0x00007fff4e020000 - 0x00007fff4e0ce000 	C:\Windows\System32\SHCORE.dll
0x00007fff4df80000 - 0x00007fff4dfd5000 	C:\Windows\System32\shlwapi.dll
0x00007fff4bdb0000 - 0x00007fff4bdcf000 	C:\Windows\SYSTEM32\profapi.dll
0x00007fff03a90000 - 0x00007fff03aa9000 	C:\Program Files\Java\jdk-17.0.3.1\bin\net.dll
0x00007fff40f50000 - 0x00007fff41058000 	C:\Windows\SYSTEM32\WINHTTP.dll
0x00007fff4b630000 - 0x00007fff4b69a000 	C:\Windows\system32\mswsock.dll
0x00007fff032e0000 - 0x00007fff032f6000 	C:\Program Files\Java\jdk-17.0.3.1\bin\nio.dll
0x00007fff01f90000 - 0x00007fff01fa8000 	C:\Program Files\Java\jdk-17.0.3.1\bin\zip.dll
0x00007fff2bce0000 - 0x00007fff2bce9000 	C:\Program Files\Java\jdk-17.0.3.1\bin\management.dll
0x00007fff2bb70000 - 0x00007fff2bb7b000 	C:\Program Files\Java\jdk-17.0.3.1\bin\management_ext.dll
0x00007fff2cf70000 - 0x00007fff2cf87000 	C:\Windows\system32\napinsp.dll
0x00007fff2a230000 - 0x00007fff2a24b000 	C:\Windows\system32\pnrpnsp.dll
0x00007fff2d040000 - 0x00007fff2d055000 	C:\Windows\system32\wshbth.dll
0x00007fff47860000 - 0x00007fff4787d000 	C:\Windows\system32\NLAapi.dll
0x00007fff4b2d0000 - 0x00007fff4b30b000 	C:\Windows\SYSTEM32\IPHLPAPI.DLL
0x00007fff4b320000 - 0x00007fff4b3ec000 	C:\Windows\SYSTEM32\DNSAPI.dll
0x00007fff4d1a0000 - 0x00007fff4d1a8000 	C:\Windows\System32\NSI.dll
0x00007fff2a110000 - 0x00007fff2a122000 	C:\Windows\System32\winrnr.dll
0x00007fff420f0000 - 0x00007fff420fa000 	C:\Windows\System32\rasadhlp.dll
0x00007fff40d70000 - 0x00007fff40def000 	C:\Windows\System32\fwpuclnt.dll
0x00007fff4c560000 - 0x00007fff4c587000 	C:\Windows\System32\bcrypt.dll
0x0000000069ac0000 - 0x0000000069ae4000 	C:\Users\paden\AppData\Local\Temp\jansi-2.4.0-8fbe231b0a206947-jansi.dll
0x00007fff4b820000 - 0x00007fff4b838000 	C:\Windows\SYSTEM32\CRYPTSP.dll
0x00007fff4af40000 - 0x00007fff4af74000 	C:\Windows\system32\rsaenh.dll
0x00007fff4bd30000 - 0x00007fff4bd5e000 	C:\Windows\SYSTEM32\USERENV.dll
0x00007fff4b840000 - 0x00007fff4b84c000 	C:\Windows\SYSTEM32\CRYPTBASE.dll
0x00007fff44950000 - 0x00007fff44967000 	C:\Windows\SYSTEM32\dhcpcsvc6.DLL
0x00007fff44930000 - 0x00007fff4494d000 	C:\Windows\SYSTEM32\dhcpcsvc.DLL
0x00007fff00a10000 - 0x00007fff00a55000 	C:\Users\paden\AppData\Local\Temp\jna-106423420\jna11482219210479674831.dll
0x00007fff4d580000 - 0x00007fff4d6aa000 	C:\Windows\System32\Ole32.dll
0x00007fff4c960000 - 0x00007fff4ca09000 	C:\Windows\System32\clbcatq.dll
0x00007fff4d4b0000 - 0x00007fff4d57d000 	C:\Windows\System32\OleAut32.dll
0x00007fff3e250000 - 0x00007fff3e269000 	C:\Windows\SYSTEM32\amsi.dll
0x00007fff30530000 - 0x00007fff305ab000 	C:\ProgramData\Microsoft\Windows Defender\Platform\4.18.2203.5-0\MpOav.dll
0x00007fff2dac0000 - 0x00007fff2dcec000 	C:\Program Files (x86)\Kaspersky Lab\Kaspersky Security Cloud 21.3\x64\antimalware_provider.dll
0x00007fff3e660000 - 0x00007fff3e6b4000 	C:\Windows\SYSTEM32\Pdh.dll
0x00007fff445c0000 - 0x00007fff445cf000 	C:\Windows\System32\perfos.dll
0x00007fff2b980000 - 0x00007fff2b990000 	C:\Program Files\Java\jdk-17.0.3.1\bin\verify.dll
0x00007ffee6c00000 - 0x00007ffee6d8f000 	C:\Program Files\Java\jdk-17.0.3.1\bin\awt.dll
0x00007fff496f0000 - 0x00007fff49780000 	C:\Windows\SYSTEM32\apphelp.dll
0x00007fff497f0000 - 0x00007fff4988e000 	C:\Windows\system32\uxtheme.dll
0x00007fff4c7a0000 - 0x00007fff4c8b5000 	C:\Windows\System32\MSCTF.dll
0x00007fff49c90000 - 0x00007fff49cbf000 	C:\Windows\system32\DWMAPI.DLL
0x00007fff17500000 - 0x00007fff17625000 	C:\Windows\system32\opengl32.dll
0x00007fff35c20000 - 0x00007fff35c4c000 	C:\Windows\SYSTEM32\GLU32.dll
0x00007fff1b010000 - 0x00007fff1b1de000 	C:\Windows\system32\d3d9.dll
0x00007fff430b0000 - 0x00007fff4326a000 	C:\Windows\System32\DriverStore\FileRepository\u0376032.inf_amd64_1a2e19f1369fd940\B375758\aticfx64.dll
0x00007fff2a130000 - 0x00007fff2a164000 	C:\Windows\System32\DriverStore\FileRepository\u0376032.inf_amd64_1a2e19f1369fd940\B375758\atiu9p64.dll
0x00007fff045d0000 - 0x00007fff05326000 	C:\Windows\System32\DriverStore\FileRepository\u0376032.inf_amd64_1a2e19f1369fd940\B375758\atiumd64.dll
0x0000000076880000 - 0x000000007773f000 	C:\Windows\System32\DriverStore\FileRepository\u0376032.inf_amd64_1a2e19f1369fd940\B375758\atiumd6a.dll
0x00007fff4e1f0000 - 0x00007fff4e662000 	C:\Windows\System32\SETUPAPI.dll
0x00007fff4c510000 - 0x00007fff4c55e000 	C:\Windows\System32\cfgmgr32.dll
0x00007fff4b440000 - 0x00007fff4b48b000 	C:\Windows\SYSTEM32\POWRPROF.dll
0x00007fff4b2b0000 - 0x00007fff4b2c2000 	C:\Windows\SYSTEM32\UMPDC.dll
0x00007fff496c0000 - 0x00007fff496f0000 	C:\Windows\SYSTEM32\amdihk64.dll
0x00007fff47a00000 - 0x00007fff47a3b000 	C:\Windows\SYSTEM32\dxcore.dll
0x00007ffef0960000 - 0x00007ffef09e9000 	C:\Program Files\Java\jdk-17.0.3.1\bin\freetype.dll
0x00007ffef08b0000 - 0x00007ffef0958000 	C:\Program Files\Java\jdk-17.0.3.1\bin\fontmanager.dll
0x00007fff466a0000 - 0x00007fff46854000 	C:\Windows\SYSTEM32\WindowsCodecs.dll
0x00007fff34900000 - 0x00007fff3493e000 	C:\Windows\system32\dataexchange.dll
0x00007fff483c0000 - 0x00007fff48624000 	C:\Windows\system32\d3d11.dll
0x00007fff491d0000 - 0x00007fff493b6000 	C:\Windows\system32\dcomp.dll
0x00007fff4a770000 - 0x00007fff4a864000 	C:\Windows\system32\dxgi.dll
0x00007fff463e0000 - 0x00007fff465e1000 	C:\Windows\system32\twinapi.appcore.dll
0x00007fff3f900000 - 0x00007fff3f9f9000 	C:\Windows\SYSTEM32\textinputframework.dll
0x00007fff48de0000 - 0x00007fff4913e000 	C:\Windows\System32\CoreUIComponents.dll
0x00007fff494c0000 - 0x00007fff495b2000 	C:\Windows\System32\CoreMessaging.dll
0x00007fff4ab70000 - 0x00007fff4aba3000 	C:\Windows\SYSTEM32\ntmarta.dll
0x00007fff47e00000 - 0x00007fff47f54000 	C:\Windows\SYSTEM32\wintypes.dll
0x00007fff3e180000 - 0x00007fff3e1e6000 	C:\Windows\system32\Oleacc.dll
0x00007fff2b8e0000 - 0x00007fff2b8e9000 	C:\Program Files\Java\jdk-17.0.3.1\bin\jaas.dll
0x00007fff2b7b0000 - 0x00007fff2b7be000 	C:\Program Files\Java\jdk-17.0.3.1\bin\sunmscapi.dll
0x00007fff4bf10000 - 0x00007fff4c06f000 	C:\Windows\System32\CRYPT32.dll
0x00007fff4b940000 - 0x00007fff4b967000 	C:\Windows\SYSTEM32\ncrypt.dll
0x00007fff4b900000 - 0x00007fff4b93b000 	C:\Windows\SYSTEM32\NTASN1.dll
0x00007fff2c600000 - 0x00007fff2c607000 	C:\Windows\system32\wshunix.dll
0x0000000070bc0000 - 0x0000000070c9c000 	C:\Users\paden\AppData\Local\Temp\sqlite-3.36.0.3-f6890106-2774-4474-b643-1b7397229b00-sqlitejdbc.dll

dbghelp: loaded successfully - version: 4.0.5 - missing functions: none
symbol engine: initialized successfully - sym options: 0x614 - pdb path: .;C:\Program Files\Java\jdk-17.0.3.1\bin;C:\Windows\SYSTEM32;C:\Windows\WinSxS\amd64_microsoft.windows.common-controls_6595b64144ccf1df_6.0.19041.1110_none_60b5254171f9507e;C:\Program Files\Java\jdk-17.0.3.1\bin\server;C:\Users\paden\AppData\Local\Temp;C:\Users\paden\AppData\Local\Temp\jna-106423420;C:\ProgramData\Microsoft\Windows Defender\Platform\4.18.2203.5-0;C:\Program Files (x86)\Kaspersky Lab\Kaspersky Security Cloud 21.3\x64;C:\Windows\System32\DriverStore\FileRepository\u0376032.inf_amd64_1a2e19f1369fd940\B375758

VM Arguments:
jvm_args: -Xms1G -Xmx5G -Dfile.encoding=utf-8 -XX:+UseG1GC -XX:+ParallelRefProcEnabled -XX:MaxGCPauseMillis=200 -XX:+UnlockExperimentalVMOptions -XX:+DisableExplicitGC -XX:-OmitStackTraceInFastThrow -XX:+AlwaysPreTouch -XX:G1NewSizePercent=30 -XX:G1MaxNewSizePercent=40 -XX:G1HeapRegionSize=8M -XX:G1ReservePercent=20 -XX:G1HeapWastePercent=5 -XX:G1MixedGCCountTarget=8 -XX:InitiatingHeapOccupancyPercent=15 -XX:G1MixedGCLiveThresholdPercent=90 -XX:G1RSetUpdatingPauseTimePercent=5 -XX:SurvivorRatio=32 -XX:MaxTenuringThreshold=1 -Dusing.aikars.flags=true -Daikars.new.flags=true 
java_command: server.jar
java_class_path (initial): server.jar
Launcher Type: SUN_STANDARD

[Global flags]
     bool AlwaysPreTouch                           = true                                      {product} {command line}
     bool AlwaysTenure                             = false                                     {product} {command line}
     intx CICompilerCount                          = 3                                         {product} {ergonomic}
     uint ConcGCThreads                            = 1                                         {product} {ergonomic}
     bool DisableExplicitGC                        = true                                      {product} {command line}
     uint G1ConcRefinementThreads                  = 4                                         {product} {ergonomic}
     uint G1EagerReclaimRemSetThreshold            = 64                                   {experimental} {ergonomic}
   size_t G1HeapRegionSize                         = 8388608                                   {product} {command line}
    uintx G1HeapWastePercent                       = 5                                         {product} {command line}
    uintx G1MaxNewSizePercent                      = 40                                   {experimental} {command line}
    uintx G1MixedGCCountTarget                     = 8                                         {product} {command line}
    uintx G1MixedGCLiveThresholdPercent            = 90                                   {experimental} {command line}
    uintx G1NewSizePercent                         = 30                                   {experimental} {command line}
     intx G1RSetUpdatingPauseTimePercent           = 5                                         {product} {command line}
    uintx G1ReservePercent                         = 20                                        {product} {command line}
    uintx GCDrainStackTargetSize                   = 64                                        {product} {ergonomic}
   size_t InitialHeapSize                          = 1073741824                                {product} {command line}
    uintx InitialTenuringThreshold                 = 1                                         {product} {ergonomic}
    uintx InitiatingHeapOccupancyPercent           = 15                                        {product} {command line}
   size_t MarkStackSize                            = 4194304                                   {product} {ergonomic}
    uintx MaxGCPauseMillis                         = 200                                       {product} {command line}
   size_t MaxHeapSize                              = 5368709120                                {product} {command line}
   size_t MaxNewSize                               = 2147483648                                {product} {ergonomic}
    uintx MaxTenuringThreshold                     = 1                                         {product} {command line}
   size_t MinHeapDeltaBytes                        = 8388608                                   {product} {ergonomic}
   size_t MinHeapSize                              = 1073741824                                {product} {command line}
     bool NeverTenure                              = false                                     {product} {command line}
    uintx NonNMethodCodeHeapSize                   = 5832780                                {pd product} {ergonomic}
    uintx NonProfiledCodeHeapSize                  = 122912730                              {pd product} {ergonomic}
     bool OmitStackTraceInFastThrow                = false                                     {product} {command line}
     bool ParallelRefProcEnabled                   = true                                      {product} {command line}
    uintx ProfiledCodeHeapSize                     = 122912730                              {pd product} {ergonomic}
    uintx ReservedCodeCacheSize                    = 251658240                              {pd product} {ergonomic}
     bool SegmentedCodeCache                       = true                                      {product} {ergonomic}
   size_t SoftMaxHeapSize                          = 5368709120                             {manageable} {ergonomic}
    uintx SurvivorRatio                            = 32                                        {product} {command line}
     bool UnlockExperimentalVMOptions              = true                                 {experimental} {command line}
     bool UseCompressedClassPointers               = true                           {product lp64_product} {ergonomic}
     bool UseCompressedOops                        = true                           {product lp64_product} {ergonomic}
     bool UseG1GC                                  = true                                      {product} {command line}
     bool UseLargePagesIndividualAllocation        = false                                  {pd product} {ergonomic}

Logging:
Log output configuration:
 #0: stdout all=warning uptime,level,tags
 #1: stderr all=off uptime,level,tags

Environment Variables:
PATH=C:\Program Files\Common Files\Oracle\Java\javapath;C:\Program Files (x86)\Razer Chroma SDK\bin;C:\Program Files\Razer Chroma SDK\bin;C:\Program Files (x86)\Razer\ChromaBroadcast\bin;C:\Program Files\Razer\ChromaBroadcast\bin;C:\Program Files\Eclipse Adoptium\jdk-8.0.322.6-hotspot\bin;C:\Program Files\Microsoft\jdk-11.0.12.7-hotspot\bin;C:\Program Files (x86)\Common Files\Oracle\Java\javapath;C:\ProgramData\Oracle\Java\javapath;C:\Windows\system32;C:\Windows;C:\Windows\System32\Wbem;C:\Windows\System32\WindowsPowerShell\v1.0\;C:\Windows\System32\OpenSSH\;C:\Program Files\dotnet\;C:\Program Files\Microsoft SQL Server\130\Tools\Binn\;C:\Program Files\Microsoft SQL Server\Client SDK\ODBC\170\Tools\Binn\;C:\Program Files\nodejs\;C:\Program Files\Microsoft SQL Server\Client SDK\ODBC\130\Tools\Binn\;C:\Program Files (x86)\Microsoft SQL Server\130\Tools\Binn\;C:\Program Files\Microsoft SQL Server\130\DTS\Binn\;C:\Program Files\Git\cmd;C:\Program Files\PuTTY\;C:\Windows\system32\config\systemprofile\AppData\Local\Microsoft\WindowsApps;C:\Users\paden\AppData\Local\Programs\Python\Python38-32\Scripts\;C:\Users\paden\AppData\Local\Programs\Python\Python38-32\;C:\Users\paden\AppData\Local\Programs\Python\Python39\Scripts\;C:\Users\paden\AppData\Local\Programs\Python\Python39\;C:\Users\paden\AppData\Local\Programs\Python\Python38\Scripts\;C:\Users\paden\AppData\Local\Programs\Python\Python38\;C:\Users\paden\AppData\Local\Microsoft\WindowsApps;C:\Program Files\JetBrains\PyCharm Community Edition 2020.2.1\bin;;C:\Users\paden\.dotnet\tools;C:\Users\paden\AppData\Roaming\npm;C:\Users\paden\AppData\Local\Programs\Microsoft VS Code\bin;C:\Users\paden\AppData\Local\JpegminiPro3\;C:\Users\paden\AppData\Local\GitHubDesktop\bin
USERNAME=paden
OS=Windows_NT
PROCESSOR_IDENTIFIER=AMD64 Family 23 Model 24 Stepping 1, AuthenticAMD



---------------  S Y S T E M  ---------------

OS:
 Windows 10 , 64 bit Build 19041 (10.0.19041.1151)
OS uptime: 0 days 15:32 hours

CPU: total 4 (initial active 4) (4 cores per cpu, 1 threads per core) family 23 model 24 stepping 1 microcode 0x0, cx8, cmov, fxsr, mmx, 3dnowpref, sse, sse2, sse3, ssse3, sse4a, sse4.1, sse4.2, popcnt, lzcnt, tsc, tscinvbit, avx, avx2, aes, clmul, bmi1, bmi2, adx, sha, fma, vzeroupper, clflush, clflushopt

Memory: 4k page, system-wide physical 8140M (430M free)
TotalPageFile size 16332M (AvailPageFile size 252M)
current process WorkingSet (physical memory assigned to process): 1992M, peak: 2740M
current process commit charge ("private bytes"): 2867M, peak: 3747M

vm_info: Java HotSpot(TM) 64-Bit Server VM (17.0.3.1+2-LTS-6) for windows-amd64 JRE (17.0.3.1+2-LTS-6), built on Apr 25 2022 22:04:21 by "mach5one" with MS VC++ 16.8 / 16.9 (VS2019)

END.
