#
# There is insufficient memory for the Java Runtime Environment to continue.
# Native memory allocation (mmap) failed to map 293601280 bytes for G1 virtual space
# Possible reasons:
#   The system is out of physical RAM or swap space
#   The process is running with CompressedOops enabled, and the Java Heap may be blocking the growth of the native heap
# Possible solutions:
#   Reduce memory load on the system
#   Increase physical memory or swap space
#   Check if swap backing store is full
#   Decrease Java heap size (-Xmx/-Xms)
#   Decrease number of Java threads
#   Decrease Java thread stack sizes (-Xss)
#   Set larger code cache with -XX:ReservedCodeCacheSize=
#   JVM is running with Zero Based Compressed Oops mode in which the Java heap is
#     placed in the first 32GB address space. The Java Heap base address is the
#     maximum limit for the native heap growth. Please use -XX:HeapBaseMinAddress
#     to set the Java Heap base and to place the Java Heap above 32GB virtual address.
# This output file may be truncated or incomplete.
#
#  Out of Memory Error (os_windows.cpp:3535), pid=13276, tid=14572
#
# JRE version: Java(TM) SE Runtime Environment (17.0.3.1+2) (build 17.0.3.1+2-LTS-6)
# Java VM: Java HotSpot(TM) 64-Bit Server VM (17.0.3.1+2-LTS-6, mixed mode, sharing, tiered, compressed oops, compressed class ptrs, g1 gc, windows-amd64)
# No core dump will be written. Minidumps are not enabled by default on client versions of Windows
#

---------------  S U M M A R Y ------------

Command Line: -Xms1G -Xmx5G -Dfile.encoding=utf-8 -XX:+UseG1GC -XX:+ParallelRefProcEnabled -XX:MaxGCPauseMillis=200 -XX:+UnlockExperimentalVMOptions -XX:+DisableExplicitGC -XX:-OmitStackTraceInFastThrow -XX:+AlwaysPreTouch -XX:G1NewSizePercent=30 -XX:G1MaxNewSizePercent=40 -XX:G1HeapRegionSize=8M -XX:G1ReservePercent=20 -XX:G1HeapWastePercent=5 -XX:G1MixedGCCountTarget=8 -XX:InitiatingHeapOccupancyPercent=15 -XX:G1MixedGCLiveThresholdPercent=90 -XX:G1RSetUpdatingPauseTimePercent=5 -XX:SurvivorRatio=32 -XX:MaxTenuringThreshold=1 -Dusing.aikars.flags=true -Daikars.new.flags=true server.jar

Host: AMD Ryzen 3 PRO 3200G with Radeon Vega Graphics, 4 cores, 7G,  Windows 10 , 64 bit Build 19041 (10.0.19041.1151)
Time: Fri Jun 17 11:19:38 2022 RTZ 2 (s 10 , 64 bit Build 19041 (10.0.19041.1151) elapsed time: 225.322889 seconds (0d 0h 3m 45s)

---------------  T H R E A D  ---------------

Current thread (0x000001a5a0c81c20):  VMThread "VM Thread" [stack: 0x00000063f6400000,0x00000063f6500000] [id=14572]

Stack: [0x00000063f6400000,0x00000063f6500000]
Native frames: (J=compiled Java code, j=interpreted, Vv=VM code, C=native code)
V  [jvm.dll+0x6711ba]
V  [jvm.dll+0x7d0834]
V  [jvm.dll+0x7d1fde]
V  [jvm.dll+0x7d2643]
V  [jvm.dll+0x242c85]
V  [jvm.dll+0x66e0d9]
V  [jvm.dll+0x662a22]
V  [jvm.dll+0x300ddb]
V  [jvm.dll+0x308376]
V  [jvm.dll+0x357f7e]
V  [jvm.dll+0x3581af]
V  [jvm.dll+0x2d7ff8]
V  [jvm.dll+0x2db076]
V  [jvm.dll+0x2e56c8]
V  [jvm.dll+0x319550]
V  [jvm.dll+0x7d6b1b]
V  [jvm.dll+0x7d7854]
V  [jvm.dll+0x7d7d6c]
V  [jvm.dll+0x7d8144]
V  [jvm.dll+0x7d8210]
V  [jvm.dll+0x780aca]
V  [jvm.dll+0x670045]
C  [ucrtbase.dll+0x21bb2]
C  [KERNEL32.DLL+0x17034]
C  [ntdll.dll+0x52651]

VM_Operation (0x00000063f60ff600): G1Concurrent, mode: safepoint, requested by thread 0x000001a5fc167130


---------------  P R O C E S S  ---------------

Threads class SMR info:
_java_thread_list=0x000001a5b5ac26e0, length=91, elements={
0x000001a5a0c85b80, 0x000001a5a0c880b0, 0x000001a5a0c9e590, 0x000001a5a0c9f050,
0x000001a5a0ca22c0, 0x000001a5a0ca5f50, 0x000001a5a0cab7f0, 0x000001a5a0cac890,
0x000001a5a0cc2140, 0x000001a5a0e65d10, 0x000001a5a0e6c600, 0x000001a5fc0ff3d0,
0x000001a5a1f90990, 0x000001a5a200b040, 0x000001a5a0cb34f0, 0x000001a5a0cb4360,
0x000001a5a0cb2680, 0x000001a5a0cb2b50, 0x000001a5a0cb5b70, 0x000001a5a63aff20,
0x000001a5a63ad3d0, 0x000001a5a63b03f0, 0x000001a5a63ac090, 0x000001a5a63aad50,
0x000001a5a63ae710, 0x000001a5a63ab6f0, 0x000001a5a63abbc0, 0x000001a5a63aa880,
0x000001a5a63a9070, 0x000001a5a63ad8a0, 0x000001a5a91ea890, 0x000001a5a91ec570,
0x000001a5a91e9ef0, 0x000001a5a91ebbd0, 0x000001a5a91e9a20, 0x000001a5a91ea3c0,
0x000001a5a91eb700, 0x000001a5a91eca40, 0x000001a5a91ecf10, 0x000001a5a91ed3e0,
0x000001a5a91e7d40, 0x000001a5b1496110, 0x000001a5b1495c40, 0x000001a5b149ae10,
0x000001a5b1496ab0, 0x000001a5b1499fa0, 0x000001a5b1497df0, 0x000001a5b1497450,
0x000001a5b149a470, 0x000001a5b149c620, 0x000001a5b1499ad0, 0x000001a5b149a940,
0x000001a5a0cb56a0, 0x000001a5a91e8210, 0x000001a5b172cf90, 0x000001a5b172bc50,
0x000001a5b172c120, 0x000001a5b172d460, 0x000001a5b172b780, 0x000001a5b1499130,
0x000001a5b149d490, 0x000001a5a63aca30, 0x000001a5b55ebed0, 0x000001a5b55ee550,
0x000001a5b55ecd40, 0x000001a5b55f0230, 0x000001a5b55f1570, 0x000001a5b55eba00,
0x000001a5b55ed6e0, 0x000001a5b55eab90, 0x000001a5b55efd60, 0x000001a5b55f0700,
0x000001a5b55ef3c0, 0x000001a5b55ef890, 0x000001a5b55ee080, 0x000001a5a29a1fa0,
0x000001a5a29a37b0, 0x000001a5a29a3c80, 0x000001a5a29a4620, 0x000001a5a95d38c0,
0x000001a5a95d3d90, 0x000001a5a95d8a90, 0x000001a5a95d8f60, 0x000001a5a29a2470,
0x000001a5a29a6300, 0x000001a5a29a5960, 0x000001a5a29a5e30, 0x000001a5a29a7170,
0x000001a5a29a32e0, 0x000001a5a29a2e10, 0x000001a5a29a0790
}

Java Threads: ( => current thread )
  0x000001a5a0c85b80 JavaThread "Reference Handler" daemon [_thread_blocked, id=2604, stack(0x00000063f6500000,0x00000063f6600000)]
  0x000001a5a0c880b0 JavaThread "Finalizer" daemon [_thread_blocked, id=9488, stack(0x00000063f6600000,0x00000063f6700000)]
  0x000001a5a0c9e590 JavaThread "Signal Dispatcher" daemon [_thread_blocked, id=12668, stack(0x00000063f6700000,0x00000063f6800000)]
  0x000001a5a0c9f050 JavaThread "Attach Listener" daemon [_thread_blocked, id=2888, stack(0x00000063f6800000,0x00000063f6900000)]
  0x000001a5a0ca22c0 JavaThread "Service Thread" daemon [_thread_blocked, id=5976, stack(0x00000063f6900000,0x00000063f6a00000)]
  0x000001a5a0ca5f50 JavaThread "Monitor Deflation Thread" daemon [_thread_blocked, id=7772, stack(0x00000063f6a00000,0x00000063f6b00000)]
  0x000001a5a0cab7f0 JavaThread "C2 CompilerThread0" daemon [_thread_blocked, id=13900, stack(0x00000063f6b00000,0x00000063f6c00000)]
  0x000001a5a0cac890 JavaThread "C1 CompilerThread0" daemon [_thread_blocked, id=11608, stack(0x00000063f6c00000,0x00000063f6d00000)]
  0x000001a5a0cc2140 JavaThread "Sweeper thread" daemon [_thread_blocked, id=13372, stack(0x00000063f6d00000,0x00000063f6e00000)]
  0x000001a5a0e65d10 JavaThread "Notification Thread" daemon [_thread_blocked, id=14624, stack(0x00000063f6e00000,0x00000063f6f00000)]
  0x000001a5a0e6c600 JavaThread "Common-Cleaner" daemon [_thread_blocked, id=12912, stack(0x00000063f7000000,0x00000063f7100000)]
  0x000001a5fc0ff3d0 JavaThread "DestroyJavaVM" [_thread_blocked, id=13296, stack(0x00000063f5e00000,0x00000063f5f00000)]
  0x000001a5a1f90990 JavaThread "WindowsStreamPump" daemon [_thread_blocked, id=10080, stack(0x00000063f7600000,0x00000063f7700000)]
  0x000001a5a200b040 JavaThread "Log4j2-AsyncAppenderEventDispatcher-1-Async" daemon [_thread_blocked, id=8492, stack(0x00000063f7700000,0x00000063f7800000)]
  0x000001a5a0cb34f0 JavaThread "Timer hack thread" daemon [_thread_blocked, id=11380, stack(0x00000063f7e00000,0x00000063f7f00000)]
  0x000001a5a0cb4360 JavaThread "Worker-Main-1" daemon [_thread_blocked, id=12676, stack(0x00000063f7f00000,0x00000063f8000000)]
  0x000001a5a0cb2680 JavaThread "Java2D Disposer" daemon [_thread_blocked, id=4064, stack(0x00000063f7500000,0x00000063f7600000)]
  0x000001a5a0cb2b50 JavaThread "AWT-Shutdown" [_thread_blocked, id=7020, stack(0x00000063f8000000,0x00000063f8100000)]
  0x000001a5a0cb5b70 JavaThread "AWT-Windows" daemon [_thread_in_native, id=8472, stack(0x00000063f8100000,0x00000063f8200000)]
  0x000001a5a63aff20 JavaThread "AWT-EventQueue-0" [_thread_blocked, id=12580, stack(0x00000063f8900000,0x00000063f8a00000)]
  0x000001a5a63ad3d0 JavaThread "TimerQueue" daemon [_thread_blocked, id=15356, stack(0x00000063f8a00000,0x00000063f8b00000)]
  0x000001a5a63b03f0 JavaThread "D3D Screen Updater" daemon [_thread_blocked, id=932, stack(0x00000063f8b00000,0x00000063f8c00000)]
  0x000001a5a63ac090 JavaThread "Thread-1" daemon [_thread_blocked, id=9700, stack(0x00000063f8c00000,0x00000063f8d00000)]
  0x000001a5a63aad50 JavaThread "Server thread" [_thread_blocked, id=2388, stack(0x00000063f8d00000,0x00000063f8e00000)]
  0x000001a5a63ae710 JavaThread "Paper Async Chunk Task Thread #0" [_thread_blocked, id=9028, stack(0x00000063f9200000,0x00000063f9300000)]
  0x000001a5a63ab6f0 JavaThread "Paper Async Chunk Urgent Task Thread" [_thread_blocked, id=7008, stack(0x00000063f9300000,0x00000063f9400000)]
  0x000001a5a63abbc0 JavaThread "Paper Watchdog Thread" [_thread_blocked, id=2480, stack(0x00000063f9400000,0x00000063f9500000)]
  0x000001a5a63aa880 JavaThread "Server console handler" daemon [_thread_blocked, id=14388, stack(0x00000063f9500000,0x00000063f9600000)]
  0x000001a5a63a9070 JavaThread "pool-4-thread-1" [_thread_blocked, id=10656, stack(0x00000063f9600000,0x00000063f9700000)]
  0x000001a5a63ad8a0 JavaThread "Netty Server IO #0" daemon [_thread_in_native, id=2660, stack(0x00000063f9700000,0x00000063f9800000)]
  0x000001a5a91ea890 JavaThread "luckperms-worker-0" daemon [_thread_blocked, id=12460, stack(0x00000063f9a00000,0x00000063f9b00000)]
  0x000001a5a91ec570 JavaThread "luckperms-worker-1" daemon [_thread_blocked, id=14808, stack(0x00000063f9b00000,0x00000063f9c00000)]
  0x000001a5a91e9ef0 JavaThread "luckperms-worker-2" daemon [_thread_blocked, id=3920, stack(0x00000063f9c00000,0x00000063f9d00000)]
  0x000001a5a91ebbd0 JavaThread "luckperms-worker-3" daemon [_thread_blocked, id=7480, stack(0x00000063f9d00000,0x00000063f9e00000)]
  0x000001a5a91e9a20 JavaThread "luckperms-worker-4" daemon [_thread_blocked, id=14472, stack(0x00000063f9e00000,0x00000063f9f00000)]
  0x000001a5a91ea3c0 JavaThread "luckperms-scheduler" [_thread_blocked, id=12512, stack(0x00000063f9f00000,0x00000063fa000000)]
  0x000001a5a91eb700 JavaThread "WorldEdit Session Manager" [_thread_blocked, id=12712, stack(0x00000063fa000000,0x00000063fa100000)]
  0x000001a5a91eca40 JavaThread "FileSystemWatchService" daemon [_thread_in_native, id=9112, stack(0x00000063fa200000,0x00000063fa300000)]
  0x000001a5a91ecf10 JavaThread "luckperms-worker-5" daemon [_thread_blocked, id=8784, stack(0x00000063fa300000,0x00000063fa400000)]
  0x000001a5a91ed3e0 JavaThread "MVStore background writer nio:C:/Users/paden/Desktop/minecraft server/Server/plugins/LuckPerms/luckperms-h2.mv.db" daemon [_thread_blocked, id=4700, stack(0x00000063fa600000,0x00000063fa700000)]
  0x000001a5a91e7d40 JavaThread "OkHttp ConnectionPool" daemon [_thread_blocked, id=5900, stack(0x00000063fa700000,0x00000063fa800000)]
  0x000001a5b1496110 JavaThread "AutoSaveWorld AutoSaveThread" [_thread_blocked, id=14404, stack(0x00000063faa00000,0x00000063fab00000)]
  0x000001a5b1495c40 JavaThread "AutoSaveWorld AutoBackupThread" [_thread_blocked, id=9268, stack(0x00000063fab00000,0x00000063fac00000)]
  0x000001a5b149ae10 JavaThread "AutoSaveWorld AutoPurgeThread" [_thread_blocked, id=9156, stack(0x00000063fac00000,0x00000063fad00000)]
  0x000001a5b1496ab0 JavaThread "AutoSaveWorld AutoRestartThread" [_thread_blocked, id=14344, stack(0x00000063fad00000,0x00000063fae00000)]
  0x000001a5b1499fa0 JavaThread "AutoSaveWorld CrashRestartThread" [_thread_blocked, id=10116, stack(0x00000063fae00000,0x00000063faf00000)]
  0x000001a5b1497df0 JavaThread "AutoSaveWorld AutoConsoleCommandThread" [_thread_blocked, id=13416, stack(0x00000063faf00000,0x00000063fb000000)]
  0x000001a5b1497450 JavaThread "Timer-0" daemon [_thread_blocked, id=2860, stack(0x00000063fb000000,0x00000063fb100000)]
  0x000001a5b149a470 JavaThread "bStats-Metrics" [_thread_blocked, id=1052, stack(0x00000063fb100000,0x00000063fb200000)]
  0x000001a5b149c620 JavaThread "Paper RegionFile IO Thread" [_thread_blocked, id=12168, stack(0x00000063fb200000,0x00000063fb300000)]
  0x000001a5b1499ad0 JavaThread "Thread-9" daemon [_thread_blocked, id=8680, stack(0x00000063fb300000,0x00000063fb400000)]
  0x000001a5b149a940 JavaThread "Thread-10" daemon [_thread_blocked, id=1724, stack(0x00000063fb400000,0x00000063fb500000)]
  0x000001a5a0cb56a0 JavaThread "Thread-11" daemon [_thread_blocked, id=12304, stack(0x00000063fb500000,0x00000063fb600000)]
  0x000001a5a91e8210 JavaThread "bStats-Metrics" [_thread_blocked, id=12356, stack(0x00000063fb600000,0x00000063fb700000)]
  0x000001a5b172cf90 JavaThread "bStats-Metrics" [_thread_blocked, id=15268, stack(0x00000063fb700000,0x00000063fb800000)]
  0x000001a5b172bc50 JavaThread "bStats-Metrics" [_thread_blocked, id=2896, stack(0x00000063fba00000,0x00000063fbb00000)]
  0x000001a5b172c120 JavaThread "bStats-Metrics" [_thread_blocked, id=9296, stack(0x00000063fb900000,0x00000063fba00000)]
  0x000001a5b172d460 JavaThread "bStats-Metrics" [_thread_blocked, id=1524, stack(0x00000063fbf00000,0x00000063fc000000)]
  0x000001a5b172b780 JavaThread "pool-18-thread-1" [_thread_blocked, id=7228, stack(0x00000063fc000000,0x00000063fc100000)]
  0x000001a5b1499130 JavaThread "bStats-Metrics" [_thread_blocked, id=1360, stack(0x00000063fc100000,0x00000063fc200000)]
  0x000001a5b149d490 JavaThread "bStats-Metrics" [_thread_blocked, id=2964, stack(0x00000063fc200000,0x00000063fc300000)]
  0x000001a5a63aca30 JavaThread "Timer-1" daemon [_thread_blocked, id=8544, stack(0x00000063fc300000,0x00000063fc400000)]
  0x000001a5b55ebed0 JavaThread "mysql-cj-abandoned-connection-cleanup" daemon [_thread_blocked, id=10532, stack(0x00000063fc400000,0x00000063fc500000)]
  0x000001a5b55ee550 JavaThread "bStats-Metrics" [_thread_blocked, id=13848, stack(0x00000063fc500000,0x00000063fc600000)]
  0x000001a5b55ecd40 JavaThread "TAB Repeating / Delayed Thread 0" [_thread_blocked, id=11192, stack(0x00000063fc600000,0x00000063fc700000)]
  0x000001a5b55f0230 JavaThread "TAB Repeating / Delayed Thread 2" [_thread_blocked, id=11152, stack(0x00000063fc800000,0x00000063fc900000)]
  0x000001a5b55f1570 JavaThread "bStats-Metrics" [_thread_blocked, id=6284, stack(0x00000063fca00000,0x00000063fcb00000)]
  0x000001a5b55eba00 JavaThread "bStats-Metrics" [_thread_blocked, id=10748, stack(0x00000063fcb00000,0x00000063fcc00000)]
  0x000001a5b55ed6e0 JavaThread "TAB Processing Thread" [_thread_blocked, id=14748, stack(0x00000063fcc00000,0x00000063fcd00000)]
  0x000001a5b55eab90 JavaThread "WorldGuard Region I/O" [_thread_blocked, id=8836, stack(0x00000063fcd00000,0x00000063fce00000)]
  0x000001a5b55efd60 JavaThread "bStats-Metrics" [_thread_blocked, id=3368, stack(0x00000063fcf00000,0x00000063fd000000)]
  0x000001a5b55f0700 JavaThread "bStats-Metrics" [_thread_blocked, id=14696, stack(0x00000063fd100000,0x00000063fd200000)]
  0x000001a5b55ef3c0 JavaThread "ExpiringMap-Expirer" daemon [_thread_blocked, id=652, stack(0x00000063fd200000,0x00000063fd300000)]
  0x000001a5b55ef890 JavaThread "Craft Async Scheduler Management Thread" [_thread_blocked, id=8244, stack(0x00000063fd000000,0x00000063fd100000)]
  0x000001a5b55ee080 JavaThread "Craft Scheduler Thread - 8" [_thread_blocked, id=10256, stack(0x00000063fd700000,0x00000063fd800000)]
  0x000001a5a29a1fa0 JavaThread "DecentHolograms Thread #1" [_thread_blocked, id=7100, stack(0x00000063fec00000,0x00000063fed00000)]
  0x000001a5a29a37b0 JavaThread "DecentHolograms Thread #2" [_thread_blocked, id=5604, stack(0x00000063fed00000,0x00000063fee00000)]
  0x000001a5a29a3c80 JavaThread "DecentHolograms Thread #3" [_thread_blocked, id=12644, stack(0x00000063fee00000,0x00000063fef00000)]
  0x000001a5a29a4620 JavaThread "DecentHolograms Thread #4" [_thread_blocked, id=10284, stack(0x00000063fef00000,0x00000063ff000000)]
  0x000001a5a95d38c0 JavaThread "Netty Server IO #1" daemon [_thread_blocked, id=13448, stack(0x00000063f5d00000,0x00000063f5e00000)]
  0x000001a5a95d3d90 JavaThread "ForkJoinPool-2-worker-1" daemon [_thread_blocked, id=4616, stack(0x00000063f8e00000,0x00000063f8f00000)]
  0x000001a5a95d8a90 JavaThread "TAB Repeating / Delayed Thread 4" [_thread_blocked, id=11508, stack(0x00000063fd400000,0x00000063fd500000)]
  0x000001a5a95d8f60 JavaThread "pool-17-thread-1" [_thread_blocked, id=2540, stack(0x00000063fd500000,0x00000063fd600000)]
  0x000001a5a29a2470 JavaThread "Craft Scheduler Thread - 30" [_thread_blocked, id=7204, stack(0x00000063f5c00000,0x00000063f5d00000)]
  0x000001a5a29a6300 JavaThread "AuthMe-CacheLoader" daemon [_thread_blocked, id=232, stack(0x00000063f7900000,0x00000063f7a00000)]
  0x000001a5a29a5960 JavaThread "Craft Scheduler Thread - 31" [_thread_blocked, id=2100, stack(0x00000063f7400000,0x00000063f7500000)]
  0x000001a5a29a5e30 JavaThread "Craft Scheduler Thread - 32" [_thread_blocked, id=9292, stack(0x00000063f7a00000,0x00000063f7b00000)]
  0x000001a5a29a7170 JavaThread "WorldGuard Region Chunk Table - world" [_thread_blocked, id=4120, stack(0x00000063f8200000,0x00000063f8300000)]
  0x000001a5a29a32e0 JavaThread "IO-Worker-9" [_thread_blocked, id=3236, stack(0x00000063f8f00000,0x00000063f9000000)]
  0x000001a5a29a2e10 JavaThread "IO-Worker-10" [_thread_blocked, id=3420, stack(0x00000063f9000000,0x00000063f9100000)]
  0x000001a5a29a0790 JavaThread "IO-Worker-11" [_thread_blocked, id=12672, stack(0x00000063fa100000,0x00000063fa200000)]

Other Threads:
=>0x000001a5a0c81c20 VMThread "VM Thread" [stack: 0x00000063f6400000,0x00000063f6500000] [id=14572]
  0x000001a5fc170fb0 WatcherThread [stack: 0x00000063f6f00000,0x00000063f7000000] [id=13524]
  0x000001a5fc1602d0 GCTaskThread "GC Thread#0" [stack: 0x00000063f5f00000,0x00000063f6000000] [id=5696]
  0x000001a5a0eddbe0 GCTaskThread "GC Thread#1" [stack: 0x00000063f7100000,0x00000063f7200000] [id=14428]
  0x000001a5a0f5ff90 GCTaskThread "GC Thread#2" [stack: 0x00000063f7200000,0x00000063f7300000] [id=14688]
  0x000001a5a0f60240 GCTaskThread "GC Thread#3" [stack: 0x00000063f7300000,0x00000063f7400000] [id=10876]
  0x000001a5fc167130 ConcurrentGCThread "G1 Main Marker" [stack: 0x00000063f6000000,0x00000063f6100000] [id=12732]
  0x000001a5fc169200 ConcurrentGCThread "G1 Conc#0" [stack: 0x00000063f6100000,0x00000063f6200000] [id=8444]
  0x000001a5a0bdb010 ConcurrentGCThread "G1 Refine#0" [stack: 0x00000063f6200000,0x00000063f6300000] [id=13956]
  0x000001a5a239a820 ConcurrentGCThread "G1 Refine#1" [stack: 0x00000063f7b00000,0x00000063f7c00000] [id=9116]
  0x000001a5a49ee4e0 ConcurrentGCThread "G1 Refine#2" [stack: 0x00000063f7c00000,0x00000063f7d00000] [id=7852]
  0x000001a5a4c7c820 ConcurrentGCThread "G1 Refine#3" [stack: 0x00000063f7d00000,0x00000063f7e00000] [id=14284]
  0x000001a5a0bdb940 ConcurrentGCThread "G1 Service" [stack: 0x00000063f6300000,0x00000063f6400000] [id=12152]

Threads with active compile tasks:

VM state: at safepoint (normal execution)

VM Mutex/Monitor currently owned by a thread:  ([mutex/lock_event])
[0x000001a5fc0fb710] Threads_lock - owner thread: 0x000001a5a0c81c20
[0x000001a5fc0fa1b0] Heap_lock - owner thread: 0x000001a5fc167130

Heap address: 0x00000006c0000000, size: 5120 MB, Compressed Oops mode: Zero based, Oop shift amount: 3

CDS archive(s) mapped at: [0x0000000800000000-0x0000000800bc0000-0x0000000800bc0000), size 12320768, SharedBaseAddress: 0x0000000800000000, ArchiveRelocationMode: 0.
Compressed class space mapped at: 0x0000000800c00000-0x0000000840c00000, reserved size: 1073741824
Narrow klass base: 0x0000000800000000, Narrow klass shift: 0, Narrow klass range: 0x100000000

GC Precious Log:
 CPUs: 4 total, 4 available
 Memory: 8140M
 Large Page Support: Disabled
 NUMA Support: Disabled
 Compressed Oops: Enabled (Zero based)
 Heap Region Size: 8M
 Heap Min Capacity: 1G
 Heap Initial Capacity: 1G
 Heap Max Capacity: 5G
 Pre-touch: Enabled
 Parallel Workers: 4
 Concurrent Workers: 1
 Concurrent Refinement Workers: 4
 Periodic GC: Disabled

Heap:
 garbage-first heap   total 1966080K, used 1339392K [0x00000006c0000000, 0x0000000800000000)
  region size 8192K, 38 young (311296K), 3 survivors (24576K)
 Metaspace       used 165178K, committed 167104K, reserved 1196032K
  class space    used 23522K, committed 24384K, reserved 1048576K

Heap Regions: E=young(eden), S=young(survivor), O=old, HS=humongous(starts), HC=humongous(continues), CS=collection set, F=free, OA=open archive, CA=closed archive, TAMS=top-at-mark-start (previous, next)
|   0|0x00000006c0000000, 0x00000006c0800000, 0x00000006c0800000|100%| O|  |TAMS 0x00000006c0800000, 0x00000006c0000000| Untracked 
|   1|0x00000006c0800000, 0x00000006c1000000, 0x00000006c1000000|100%| O|  |TAMS 0x00000006c1000000, 0x00000006c0800000| Untracked 
|   2|0x00000006c1000000, 0x00000006c1800000, 0x00000006c1800000|100%| O|  |TAMS 0x00000006c1800000, 0x00000006c1000000| Untracked 
|   3|0x00000006c1800000, 0x00000006c2000000, 0x00000006c2000000|100%|HS|  |TAMS 0x00000006c2000000, 0x00000006c1800000| Complete 
|   4|0x00000006c2000000, 0x00000006c2800000, 0x00000006c2800000|100%|HC|  |TAMS 0x00000006c2800000, 0x00000006c2000000| Complete 
|   5|0x00000006c2800000, 0x00000006c3000000, 0x00000006c3000000|100%| O|  |TAMS 0x00000006c3000000, 0x00000006c2800000| Untracked 
|   6|0x00000006c3000000, 0x00000006c3800000, 0x00000006c3800000|100%| O|  |TAMS 0x00000006c3800000, 0x00000006c3000000| Untracked 
|   7|0x00000006c3800000, 0x00000006c4000000, 0x00000006c4000000|100%| O|  |TAMS 0x00000006c4000000, 0x00000006c3800000| Untracked 
|   8|0x00000006c4000000, 0x00000006c4800000, 0x00000006c4800000|100%| O|  |TAMS 0x00000006c4800000, 0x00000006c4000000| Untracked 
|   9|0x00000006c4800000, 0x00000006c5000000, 0x00000006c5000000|100%| O|  |TAMS 0x00000006c5000000, 0x00000006c4800000| Updating 
|  10|0x00000006c5000000, 0x00000006c5800000, 0x00000006c5800000|100%| O|  |TAMS 0x00000006c5800000, 0x00000006c5000000| Updating 
|  11|0x00000006c5800000, 0x00000006c6000000, 0x00000006c6000000|100%| O|  |TAMS 0x00000006c6000000, 0x00000006c5800000| Updating 
|  12|0x00000006c6000000, 0x00000006c6800000, 0x00000006c6800000|100%| O|  |TAMS 0x00000006c6800000, 0x00000006c6000000| Untracked 
|  13|0x00000006c6800000, 0x00000006c7000000, 0x00000006c7000000|100%| O|  |TAMS 0x00000006c7000000, 0x00000006c6800000| Untracked 
|  14|0x00000006c7000000, 0x00000006c7800000, 0x00000006c7800000|100%| O|  |TAMS 0x00000006c7800000, 0x00000006c7000000| Untracked 
|  15|0x00000006c7800000, 0x00000006c8000000, 0x00000006c8000000|100%| O|  |TAMS 0x00000006c8000000, 0x00000006c7800000| Untracked 
|  16|0x00000006c8000000, 0x00000006c8800000, 0x00000006c8800000|100%| O|  |TAMS 0x00000006c8800000, 0x00000006c8000000| Updating 
|  17|0x00000006c8800000, 0x00000006c9000000, 0x00000006c9000000|100%| O|  |TAMS 0x00000006c9000000, 0x00000006c8800000| Untracked 
|  18|0x00000006c9000000, 0x00000006c9800000, 0x00000006c9800000|100%| O|  |TAMS 0x00000006c9800000, 0x00000006c9000000| Untracked 
|  19|0x00000006c9800000, 0x00000006ca000000, 0x00000006ca000000|100%| O|  |TAMS 0x00000006ca000000, 0x00000006c9800000| Untracked 
|  20|0x00000006ca000000, 0x00000006ca800000, 0x00000006ca800000|100%| O|  |TAMS 0x00000006ca800000, 0x00000006ca000000| Updating 
|  21|0x00000006ca800000, 0x00000006cb000000, 0x00000006cb000000|100%| O|  |TAMS 0x00000006cb000000, 0x00000006ca800000| Untracked 
|  22|0x00000006cb000000, 0x00000006cb800000, 0x00000006cb800000|100%| O|  |TAMS 0x00000006cb800000, 0x00000006cb000000| Untracked 
|  23|0x00000006cb800000, 0x00000006cc000000, 0x00000006cc000000|100%| O|  |TAMS 0x00000006cc000000, 0x00000006cb800000| Updating 
|  24|0x00000006cc000000, 0x00000006cc800000, 0x00000006cc800000|100%| O|  |TAMS 0x00000006cc800000, 0x00000006cc000000| Untracked 
|  25|0x00000006cc800000, 0x00000006cd000000, 0x00000006cd000000|100%| O|  |TAMS 0x00000006cd000000, 0x00000006cc800000| Updating 
|  26|0x00000006cd000000, 0x00000006cd800000, 0x00000006cd800000|100%| O|  |TAMS 0x00000006cd800000, 0x00000006cd000000| Updating 
|  27|0x00000006cd800000, 0x00000006ce000000, 0x00000006ce000000|100%| O|  |TAMS 0x00000006ce000000, 0x00000006cd800000| Untracked 
|  28|0x00000006ce000000, 0x00000006ce800000, 0x00000006ce800000|100%| O|  |TAMS 0x00000006ce800000, 0x00000006ce000000| Untracked 
|  29|0x00000006ce800000, 0x00000006cf000000, 0x00000006cf000000|100%| O|  |TAMS 0x00000006cf000000, 0x00000006ce800000| Updating 
|  30|0x00000006cf000000, 0x00000006cf800000, 0x00000006cf800000|100%| O|  |TAMS 0x00000006cf800000, 0x00000006cf000000| Untracked 
|  31|0x00000006cf800000, 0x00000006d0000000, 0x00000006d0000000|100%| O|  |TAMS 0x00000006d0000000, 0x00000006cf800000| Untracked 
|  32|0x00000006d0000000, 0x00000006d0800000, 0x00000006d0800000|100%| O|  |TAMS 0x00000006d0800000, 0x00000006d0000000| Updating 
|  33|0x00000006d0800000, 0x00000006d1000000, 0x00000006d1000000|100%| O|  |TAMS 0x00000006d1000000, 0x00000006d0800000| Untracked 
|  34|0x00000006d1000000, 0x00000006d1800000, 0x00000006d1800000|100%| O|  |TAMS 0x00000006d1800000, 0x00000006d1000000| Untracked 
|  35|0x00000006d1800000, 0x00000006d2000000, 0x00000006d2000000|100%| O|  |TAMS 0x00000006d2000000, 0x00000006d1800000| Untracked 
|  36|0x00000006d2000000, 0x00000006d2800000, 0x00000006d2800000|100%| O|  |TAMS 0x00000006d2800000, 0x00000006d2000000| Updating 
|  37|0x00000006d2800000, 0x00000006d3000000, 0x00000006d3000000|100%| O|  |TAMS 0x00000006d3000000, 0x00000006d2800000| Updating 
|  38|0x00000006d3000000, 0x00000006d3800000, 0x00000006d3800000|100%| O|  |TAMS 0x00000006d3800000, 0x00000006d3000000| Updating 
|  39|0x00000006d3800000, 0x00000006d4000000, 0x00000006d4000000|100%| O|  |TAMS 0x00000006d4000000, 0x00000006d3800000| Updating 
|  40|0x00000006d4000000, 0x00000006d4800000, 0x00000006d4800000|100%| O|  |TAMS 0x00000006d4800000, 0x00000006d4000000| Updating 
|  41|0x00000006d4800000, 0x00000006d5000000, 0x00000006d5000000|100%| O|  |TAMS 0x00000006d5000000, 0x00000006d4800000| Updating 
|  42|0x00000006d5000000, 0x00000006d5800000, 0x00000006d5800000|100%| O|  |TAMS 0x00000006d5000000, 0x00000006d5000000| Untracked 
|  43|0x00000006d5800000, 0x00000006d6000000, 0x00000006d6000000|100%| O|  |TAMS 0x00000006d6000000, 0x00000006d5800000| Updating 
|  44|0x00000006d6000000, 0x00000006d6800000, 0x00000006d6800000|100%| O|  |TAMS 0x00000006d6000000, 0x00000006d6000000| Untracked 
|  45|0x00000006d6800000, 0x00000006d7000000, 0x00000006d7000000|100%| O|  |TAMS 0x00000006d6800000, 0x00000006d6800000| Untracked 
|  46|0x00000006d7000000, 0x00000006d7800000, 0x00000006d7800000|100%| O|  |TAMS 0x00000006d7800000, 0x00000006d7000000| Untracked 
|  47|0x00000006d7800000, 0x00000006d8000000, 0x00000006d8000000|100%| O|  |TAMS 0x00000006d8000000, 0x00000006d7800000| Untracked 
|  48|0x00000006d8000000, 0x00000006d8800000, 0x00000006d8800000|100%| O|  |TAMS 0x00000006d8000000, 0x00000006d8000000| Untracked 
|  49|0x00000006d8800000, 0x00000006d9000000, 0x00000006d9000000|100%| O|  |TAMS 0x00000006d8800000, 0x00000006d8800000| Untracked 
|  50|0x00000006d9000000, 0x00000006d9800000, 0x00000006d9800000|100%| O|  |TAMS 0x00000006d9800000, 0x00000006d9000000| Untracked 
|  51|0x00000006d9800000, 0x00000006da000000, 0x00000006da000000|100%| O|  |TAMS 0x00000006da000000, 0x00000006d9800000| Untracked 
|  52|0x00000006da000000, 0x00000006da800000, 0x00000006da800000|100%| O|  |TAMS 0x00000006da800000, 0x00000006da000000| Untracked 
|  53|0x00000006da800000, 0x00000006db000000, 0x00000006db000000|100%| O|  |TAMS 0x00000006db000000, 0x00000006da800000| Updating 
|  54|0x00000006db000000, 0x00000006db800000, 0x00000006db800000|100%| O|  |TAMS 0x00000006db800000, 0x00000006db000000| Updating 
|  55|0x00000006db800000, 0x00000006dc000000, 0x00000006dc000000|100%| O|  |TAMS 0x00000006dc000000, 0x00000006db800000| Updating 
|  56|0x00000006dc000000, 0x00000006dc800000, 0x00000006dc800000|100%| O|  |TAMS 0x00000006dc800000, 0x00000006dc000000| Untracked 
|  57|0x00000006dc800000, 0x00000006dd000000, 0x00000006dd000000|100%| O|  |TAMS 0x00000006dd000000, 0x00000006dc800000| Untracked 
|  58|0x00000006dd000000, 0x00000006dd800000, 0x00000006dd800000|100%| O|  |TAMS 0x00000006dd800000, 0x00000006dd000000| Updating 
|  59|0x00000006dd800000, 0x00000006de000000, 0x00000006de000000|100%| O|  |TAMS 0x00000006de000000, 0x00000006dd800000| Updating 
|  60|0x00000006de000000, 0x00000006de800000, 0x00000006de800000|100%| O|  |TAMS 0x00000006de800000, 0x00000006de000000| Updating 
|  61|0x00000006de800000, 0x00000006df000000, 0x00000006df000000|100%| O|  |TAMS 0x00000006df000000, 0x00000006de800000| Updating 
|  62|0x00000006df000000, 0x00000006df800000, 0x00000006df800000|100%| O|  |TAMS 0x00000006df800000, 0x00000006df000000| Updating 
|  63|0x00000006df800000, 0x00000006e0000000, 0x00000006e0000000|100%| O|  |TAMS 0x00000006e0000000, 0x00000006df800000| Untracked 
|  64|0x00000006e0000000, 0x00000006e0800000, 0x00000006e0800000|100%| O|  |TAMS 0x00000006e0800000, 0x00000006e0000000| Untracked 
|  65|0x00000006e0800000, 0x00000006e1000000, 0x00000006e1000000|100%| O|  |TAMS 0x00000006e0800000, 0x00000006e0800000| Untracked 
|  66|0x00000006e1000000, 0x00000006e1800000, 0x00000006e1800000|100%| O|  |TAMS 0x00000006e1800000, 0x00000006e1000000| Updating 
|  67|0x00000006e1800000, 0x00000006e2000000, 0x00000006e2000000|100%| O|  |TAMS 0x00000006e2000000, 0x00000006e1800000| Untracked 
|  68|0x00000006e2000000, 0x00000006e2800000, 0x00000006e2800000|100%| O|  |TAMS 0x00000006e2800000, 0x00000006e2000000| Untracked 
|  69|0x00000006e2800000, 0x00000006e3000000, 0x00000006e3000000|100%| O|  |TAMS 0x00000006e3000000, 0x00000006e2800000| Untracked 
|  70|0x00000006e3000000, 0x00000006e3800000, 0x00000006e3800000|100%| O|  |TAMS 0x00000006e3800000, 0x00000006e3000000| Untracked 
|  71|0x00000006e3800000, 0x00000006e4000000, 0x00000006e4000000|100%| O|  |TAMS 0x00000006e4000000, 0x00000006e3800000| Untracked 
|  72|0x00000006e4000000, 0x00000006e4800000, 0x00000006e4800000|100%| O|  |TAMS 0x00000006e45dda00, 0x00000006e4000000| Updating 
|  73|0x00000006e4800000, 0x00000006e5000000, 0x00000006e5000000|100%| O|  |TAMS 0x00000006e4800000, 0x00000006e4800000| Untracked 
|  74|0x00000006e5000000, 0x00000006e5800000, 0x00000006e5800000|100%| O|  |TAMS 0x00000006e5800000, 0x00000006e5000000| Untracked 
|  75|0x00000006e5800000, 0x00000006e6000000, 0x00000006e6000000|100%| O|  |TAMS 0x00000006e6000000, 0x00000006e5800000| Untracked 
|  76|0x00000006e6000000, 0x00000006e6400000, 0x00000006e6800000| 50%| O|  |TAMS 0x00000006e6000000, 0x00000006e6000000| Updating 
|  77|0x00000006e6800000, 0x00000006e7000000, 0x00000006e7000000|100%| O|  |TAMS 0x00000006e7000000, 0x00000006e6800000| Updating 
|  78|0x00000006e7000000, 0x00000006e7000000, 0x00000006e7800000|  0%| F|  |TAMS 0x00000006e7000000, 0x00000006e7000000| Untracked 
|  79|0x00000006e7800000, 0x00000006e8000000, 0x00000006e8000000|100%| O|  |TAMS 0x00000006e8000000, 0x00000006e7800000| Updating 
|  80|0x00000006e8000000, 0x00000006e8000000, 0x00000006e8800000|  0%| F|  |TAMS 0x00000006e8000000, 0x00000006e8000000| Untracked 
|  81|0x00000006e8800000, 0x00000006e8800000, 0x00000006e9000000|  0%| F|  |TAMS 0x00000006e8800000, 0x00000006e8800000| Untracked 
|  82|0x00000006e9000000, 0x00000006e9000000, 0x00000006e9800000|  0%| F|  |TAMS 0x00000006e9000000, 0x00000006e9000000| Untracked 
|  83|0x00000006e9800000, 0x00000006ea000000, 0x00000006ea000000|100%| O|  |TAMS 0x00000006ea000000, 0x00000006e9800000| Updating 
|  84|0x00000006ea000000, 0x00000006ea800000, 0x00000006ea800000|100%| O|  |TAMS 0x00000006ea800000, 0x00000006ea000000| Updating 
|  85|0x00000006ea800000, 0x00000006ea800000, 0x00000006eb000000|  0%| F|  |TAMS 0x00000006ea800000, 0x00000006ea800000| Untracked 
|  86|0x00000006eb000000, 0x00000006eb800000, 0x00000006eb800000|100%| O|  |TAMS 0x00000006eb800000, 0x00000006eb000000| Updating 
|  87|0x00000006eb800000, 0x00000006eb800000, 0x00000006ec000000|  0%| F|  |TAMS 0x00000006eb800000, 0x00000006eb800000| Untracked 
|  88|0x00000006ec000000, 0x00000006ec000000, 0x00000006ec800000|  0%| F|  |TAMS 0x00000006ec000000, 0x00000006ec000000| Untracked 
|  89|0x00000006ec800000, 0x00000006ed000000, 0x00000006ed000000|100%| O|  |TAMS 0x00000006ed000000, 0x00000006ec800000| Updating 
|  90|0x00000006ed000000, 0x00000006ed800000, 0x00000006ed800000|100%| O|  |TAMS 0x00000006ed800000, 0x00000006ed000000| Updating 
|  91|0x00000006ed800000, 0x00000006ee000000, 0x00000006ee000000|100%| O|  |TAMS 0x00000006ee000000, 0x00000006ed800000| Updating 
|  92|0x00000006ee000000, 0x00000006ee800000, 0x00000006ee800000|100%| O|  |TAMS 0x00000006ee800000, 0x00000006ee000000| Updating 
|  93|0x00000006ee800000, 0x00000006ef000000, 0x00000006ef000000|100%| O|  |TAMS 0x00000006ef000000, 0x00000006ee800000| Untracked 
|  94|0x00000006ef000000, 0x00000006ef800000, 0x00000006ef800000|100%| O|  |TAMS 0x00000006ef800000, 0x00000006ef000000| Updating 
|  95|0x00000006ef800000, 0x00000006ef800000, 0x00000006f0000000|  0%| F|  |TAMS 0x00000006ef800000, 0x00000006ef800000| Untracked 
|  96|0x00000006f0000000, 0x00000006f0000000, 0x00000006f0800000|  0%| F|  |TAMS 0x00000006f0000000, 0x00000006f0000000| Untracked 
|  97|0x00000006f0800000, 0x00000006f0800000, 0x00000006f1000000|  0%| F|  |TAMS 0x00000006f0800000, 0x00000006f0800000| Untracked 
|  98|0x00000006f1000000, 0x00000006f1800000, 0x00000006f1800000|100%| O|  |TAMS 0x00000006f1800000, 0x00000006f1000000| Updating 
|  99|0x00000006f1800000, 0x00000006f1800000, 0x00000006f2000000|  0%| F|  |TAMS 0x00000006f1800000, 0x00000006f1800000| Untracked 
| 100|0x00000006f2000000, 0x00000006f2800000, 0x00000006f2800000|100%| O|  |TAMS 0x00000006f2800000, 0x00000006f2000000| Updating 
| 101|0x00000006f2800000, 0x00000006f3000000, 0x00000006f3000000|100%| O|  |TAMS 0x00000006f3000000, 0x00000006f2800000| Updating 
| 102|0x00000006f3000000, 0x00000006f3800000, 0x00000006f3800000|100%| O|  |TAMS 0x00000006f3800000, 0x00000006f3000000| Untracked 
| 103|0x00000006f3800000, 0x00000006f4000000, 0x00000006f4000000|100%| O|  |TAMS 0x00000006f4000000, 0x00000006f3800000| Untracked 
| 104|0x00000006f4000000, 0x00000006f4800000, 0x00000006f4800000|100%| O|  |TAMS 0x00000006f4800000, 0x00000006f4000000| Untracked 
| 105|0x00000006f4800000, 0x00000006f5000000, 0x00000006f5000000|100%| O|  |TAMS 0x00000006f5000000, 0x00000006f4800000| Updating 
| 106|0x00000006f5000000, 0x00000006f5000000, 0x00000006f5800000|  0%| F|  |TAMS 0x00000006f5000000, 0x00000006f5000000| Untracked 
| 107|0x00000006f5800000, 0x00000006f5800000, 0x00000006f6000000|  0%| F|  |TAMS 0x00000006f5800000, 0x00000006f5800000| Untracked 
| 108|0x00000006f6000000, 0x00000006f6800000, 0x00000006f6800000|100%| O|  |TAMS 0x00000006f6800000, 0x00000006f6000000| Updating 
| 109|0x00000006f6800000, 0x00000006f6800000, 0x00000006f7000000|  0%| F|  |TAMS 0x00000006f6800000, 0x00000006f6800000| Untracked 
| 110|0x00000006f7000000, 0x00000006f7000000, 0x00000006f7800000|  0%| F|  |TAMS 0x00000006f7000000, 0x00000006f7000000| Untracked 
| 111|0x00000006f7800000, 0x00000006f8000000, 0x00000006f8000000|100%| O|  |TAMS 0x00000006f8000000, 0x00000006f7800000| Untracked 
| 112|0x00000006f8000000, 0x00000006f8800000, 0x00000006f8800000|100%| O|  |TAMS 0x00000006f8800000, 0x00000006f8000000| Untracked 
| 113|0x00000006f8800000, 0x00000006f9000000, 0x00000006f9000000|100%| O|  |TAMS 0x00000006f9000000, 0x00000006f8800000| Untracked 
| 114|0x00000006f9000000, 0x00000006f9800000, 0x00000006f9800000|100%| O|  |TAMS 0x00000006f9800000, 0x00000006f9000000| Untracked 
| 115|0x00000006f9800000, 0x00000006fa000000, 0x00000006fa000000|100%| O|  |TAMS 0x00000006fa000000, 0x00000006f9800000| Untracked 
| 116|0x00000006fa000000, 0x00000006fa800000, 0x00000006fa800000|100%| O|  |TAMS 0x00000006fa800000, 0x00000006fa000000| Untracked 
| 117|0x00000006fa800000, 0x00000006fb000000, 0x00000006fb000000|100%| O|  |TAMS 0x00000006fb000000, 0x00000006fa800000| Untracked 
| 118|0x00000006fb000000, 0x00000006fb800000, 0x00000006fb800000|100%| O|  |TAMS 0x00000006fb800000, 0x00000006fb000000| Untracked 
| 119|0x00000006fb800000, 0x00000006fc000000, 0x00000006fc000000|100%| O|  |TAMS 0x00000006fc000000, 0x00000006fb800000| Untracked 
| 120|0x00000006fc000000, 0x00000006fc800000, 0x00000006fc800000|100%| O|  |TAMS 0x00000006fc800000, 0x00000006fc000000| Untracked 
| 121|0x00000006fc800000, 0x00000006fd000000, 0x00000006fd000000|100%| O|  |TAMS 0x00000006fd000000, 0x00000006fc800000| Untracked 
| 122|0x00000006fd000000, 0x00000006fd800000, 0x00000006fd800000|100%| O|  |TAMS 0x00000006fd800000, 0x00000006fd000000| Untracked 
| 123|0x00000006fd800000, 0x00000006fe000000, 0x00000006fe000000|100%| O|  |TAMS 0x00000006fe000000, 0x00000006fd800000| Untracked 
| 124|0x00000006fe000000, 0x00000006fe800000, 0x00000006fe800000|100%| O|  |TAMS 0x00000006fe800000, 0x00000006fe000000| Untracked 
| 125|0x00000006fe800000, 0x00000006ff000000, 0x00000006ff000000|100%| O|  |TAMS 0x00000006ff000000, 0x00000006fe800000| Untracked 
| 126|0x00000006ff000000, 0x00000006ff800000, 0x00000006ff800000|100%| O|  |TAMS 0x00000006ff800000, 0x00000006ff000000| Untracked 
| 127|0x00000006ff800000, 0x0000000700000000, 0x0000000700000000|100%| O|  |TAMS 0x0000000700000000, 0x00000006ff800000| Untracked 
| 128|0x0000000700000000, 0x0000000700800000, 0x0000000700800000|100%| O|  |TAMS 0x0000000700800000, 0x0000000700000000| Untracked 
| 129|0x0000000700800000, 0x0000000701000000, 0x0000000701000000|100%| O|  |TAMS 0x0000000701000000, 0x0000000700800000| Updating 
| 130|0x0000000701000000, 0x0000000701800000, 0x0000000701800000|100%| O|  |TAMS 0x0000000701800000, 0x0000000701000000| Untracked 
| 131|0x0000000701800000, 0x0000000702000000, 0x0000000702000000|100%| O|  |TAMS 0x0000000702000000, 0x0000000701800000| Untracked 
| 132|0x0000000702000000, 0x0000000702800000, 0x0000000702800000|100%| O|  |TAMS 0x0000000702800000, 0x0000000702000000| Updating 
| 133|0x0000000702800000, 0x0000000703000000, 0x0000000703000000|100%| O|  |TAMS 0x0000000703000000, 0x0000000702800000| Untracked 
| 134|0x0000000703000000, 0x0000000703800000, 0x0000000703800000|100%| O|  |TAMS 0x0000000703800000, 0x0000000703000000| Updating 
| 135|0x0000000703800000, 0x0000000703800000, 0x0000000704000000|  0%| F|  |TAMS 0x0000000703800000, 0x0000000703800000| Untracked 
| 136|0x0000000704000000, 0x0000000704800000, 0x0000000704800000|100%| O|  |TAMS 0x0000000704800000, 0x0000000704000000| Untracked 
| 137|0x0000000704800000, 0x0000000705000000, 0x0000000705000000|100%| O|  |TAMS 0x0000000705000000, 0x0000000704800000| Untracked 
| 138|0x0000000705000000, 0x0000000705800000, 0x0000000705800000|100%| O|  |TAMS 0x0000000705800000, 0x0000000705000000| Untracked 
| 139|0x0000000705800000, 0x0000000705800000, 0x0000000706000000|  0%| F|  |TAMS 0x0000000705800000, 0x0000000705800000| Untracked 
| 140|0x0000000706000000, 0x0000000706000000, 0x0000000706800000|  0%| F|  |TAMS 0x0000000706000000, 0x0000000706000000| Untracked 
| 141|0x0000000706800000, 0x0000000706800000, 0x0000000707000000|  0%| F|  |TAMS 0x0000000706800000, 0x0000000706800000| Untracked 
| 142|0x0000000707000000, 0x0000000707000000, 0x0000000707800000|  0%| F|  |TAMS 0x0000000707000000, 0x0000000707000000| Untracked 
| 143|0x0000000707800000, 0x0000000708000000, 0x0000000708000000|100%| O|  |TAMS 0x0000000708000000, 0x0000000707800000| Updating 
| 144|0x0000000708000000, 0x0000000708800000, 0x0000000708800000|100%| O|  |TAMS 0x0000000708800000, 0x0000000708000000| Updating 
| 145|0x0000000708800000, 0x0000000709000000, 0x0000000709000000|100%| O|  |TAMS 0x0000000709000000, 0x0000000708800000| Updating 
| 146|0x0000000709000000, 0x0000000709800000, 0x0000000709800000|100%| O|  |TAMS 0x0000000709800000, 0x0000000709000000| Updating 
| 147|0x0000000709800000, 0x0000000709800000, 0x000000070a000000|  0%| F|  |TAMS 0x0000000709800000, 0x0000000709800000| Untracked 
| 148|0x000000070a000000, 0x000000070a000000, 0x000000070a800000|  0%| F|  |TAMS 0x000000070a000000, 0x000000070a000000| Untracked 
| 149|0x000000070a800000, 0x000000070a800000, 0x000000070b000000|  0%| F|  |TAMS 0x000000070a800000, 0x000000070a800000| Untracked 
| 150|0x000000070b000000, 0x000000070b000000, 0x000000070b800000|  0%| F|  |TAMS 0x000000070b000000, 0x000000070b000000| Untracked 
| 151|0x000000070b800000, 0x000000070b800000, 0x000000070c000000|  0%| F|  |TAMS 0x000000070b800000, 0x000000070b800000| Untracked 
| 152|0x000000070c000000, 0x000000070c000000, 0x000000070c800000|  0%| F|  |TAMS 0x000000070c000000, 0x000000070c000000| Untracked 
| 153|0x000000070c800000, 0x000000070c800000, 0x000000070d000000|  0%| F|  |TAMS 0x000000070c800000, 0x000000070c800000| Untracked 
| 154|0x000000070d000000, 0x000000070d000000, 0x000000070d800000|  0%| F|  |TAMS 0x000000070d000000, 0x000000070d000000| Untracked 
| 155|0x000000070d800000, 0x000000070d800000, 0x000000070e000000|  0%| F|  |TAMS 0x000000070d800000, 0x000000070d800000| Untracked 
| 156|0x000000070e000000, 0x000000070e000000, 0x000000070e800000|  0%| F|  |TAMS 0x000000070e000000, 0x000000070e000000| Untracked 
| 157|0x000000070e800000, 0x000000070e800000, 0x000000070f000000|  0%| F|  |TAMS 0x000000070e800000, 0x000000070e800000| Untracked 
| 158|0x000000070f000000, 0x000000070f000000, 0x000000070f800000|  0%| F|  |TAMS 0x000000070f000000, 0x000000070f000000| Untracked 
| 159|0x000000070f800000, 0x000000070f800000, 0x0000000710000000|  0%| F|  |TAMS 0x000000070f800000, 0x000000070f800000| Untracked 
| 160|0x0000000710000000, 0x0000000710000000, 0x0000000710800000|  0%| F|  |TAMS 0x0000000710000000, 0x0000000710000000| Untracked 
| 161|0x0000000710800000, 0x0000000710800000, 0x0000000711000000|  0%| F|  |TAMS 0x0000000710800000, 0x0000000710800000| Untracked 
| 162|0x0000000711000000, 0x0000000711000000, 0x0000000711800000|  0%| F|  |TAMS 0x0000000711000000, 0x0000000711000000| Untracked 
| 163|0x0000000711800000, 0x0000000711800000, 0x0000000712000000|  0%| F|  |TAMS 0x0000000711800000, 0x0000000711800000| Untracked 
| 164|0x0000000712000000, 0x0000000712800000, 0x0000000712800000|100%| S|CS|TAMS 0x0000000712000000, 0x0000000712000000| Complete 
| 165|0x0000000712800000, 0x0000000713000000, 0x0000000713000000|100%| S|CS|TAMS 0x0000000712800000, 0x0000000712800000| Complete 
| 166|0x0000000713000000, 0x0000000713800000, 0x0000000713800000|100%| S|CS|TAMS 0x0000000713000000, 0x0000000713000000| Complete 
| 167|0x0000000713800000, 0x0000000713800000, 0x0000000714000000|  0%| F|  |TAMS 0x0000000713800000, 0x0000000713800000| Untracked 
| 168|0x0000000714000000, 0x0000000714000000, 0x0000000714800000|  0%| F|  |TAMS 0x0000000714000000, 0x0000000714000000| Untracked 
| 169|0x0000000714800000, 0x0000000714800000, 0x0000000715000000|  0%| F|  |TAMS 0x0000000714800000, 0x0000000714800000| Untracked 
| 170|0x0000000715000000, 0x0000000715000000, 0x0000000715800000|  0%| F|  |TAMS 0x0000000715000000, 0x0000000715000000| Untracked 
| 171|0x0000000715800000, 0x0000000715800000, 0x0000000716000000|  0%| F|  |TAMS 0x0000000715800000, 0x0000000715800000| Untracked 
| 172|0x0000000716000000, 0x0000000716000000, 0x0000000716800000|  0%| F|  |TAMS 0x0000000716000000, 0x0000000716000000| Untracked 
| 173|0x0000000716800000, 0x0000000716800000, 0x0000000717000000|  0%| F|  |TAMS 0x0000000716800000, 0x0000000716800000| Untracked 
| 174|0x0000000717000000, 0x0000000717000000, 0x0000000717800000|  0%| F|  |TAMS 0x0000000717000000, 0x0000000717000000| Untracked 
| 175|0x0000000717800000, 0x0000000717800000, 0x0000000718000000|  0%| F|  |TAMS 0x0000000717800000, 0x0000000717800000| Untracked 
| 176|0x0000000718000000, 0x0000000718000000, 0x0000000718800000|  0%| F|  |TAMS 0x0000000718000000, 0x0000000718000000| Untracked 
| 177|0x0000000718800000, 0x0000000718800000, 0x0000000719000000|  0%| F|  |TAMS 0x0000000718800000, 0x0000000718800000| Untracked 
| 178|0x0000000719000000, 0x0000000719000000, 0x0000000719800000|  0%| F|  |TAMS 0x0000000719000000, 0x0000000719000000| Untracked 
| 179|0x0000000719800000, 0x0000000719800000, 0x000000071a000000|  0%| F|  |TAMS 0x0000000719800000, 0x0000000719800000| Untracked 
| 180|0x000000071a000000, 0x000000071a000000, 0x000000071a800000|  0%| F|  |TAMS 0x000000071a000000, 0x000000071a000000| Untracked 
| 181|0x000000071a800000, 0x000000071a800000, 0x000000071b000000|  0%| F|  |TAMS 0x000000071a800000, 0x000000071a800000| Untracked 
| 182|0x000000071b000000, 0x000000071b000000, 0x000000071b800000|  0%| F|  |TAMS 0x000000071b000000, 0x000000071b000000| Untracked 
| 183|0x000000071b800000, 0x000000071b800000, 0x000000071c000000|  0%| F|  |TAMS 0x000000071b800000, 0x000000071b800000| Untracked 
| 184|0x000000071c000000, 0x000000071c000000, 0x000000071c800000|  0%| F|  |TAMS 0x000000071c000000, 0x000000071c000000| Untracked 
| 185|0x000000071c800000, 0x000000071c800000, 0x000000071d000000|  0%| F|  |TAMS 0x000000071c800000, 0x000000071c800000| Untracked 
| 186|0x000000071d000000, 0x000000071d000000, 0x000000071d800000|  0%| F|  |TAMS 0x000000071d000000, 0x000000071d000000| Untracked 
| 187|0x000000071d800000, 0x000000071d800000, 0x000000071e000000|  0%| F|  |TAMS 0x000000071d800000, 0x000000071d800000| Untracked 
| 188|0x000000071e000000, 0x000000071e000000, 0x000000071e800000|  0%| F|  |TAMS 0x000000071e000000, 0x000000071e000000| Untracked 
| 189|0x000000071e800000, 0x000000071e800000, 0x000000071f000000|  0%| F|  |TAMS 0x000000071e800000, 0x000000071e800000| Untracked 
| 190|0x000000071f000000, 0x000000071f000000, 0x000000071f800000|  0%| F|  |TAMS 0x000000071f000000, 0x000000071f000000| Untracked 
| 191|0x000000071f800000, 0x000000071f800000, 0x0000000720000000|  0%| F|  |TAMS 0x000000071f800000, 0x000000071f800000| Untracked 
| 192|0x0000000720000000, 0x0000000720000000, 0x0000000720800000|  0%| F|  |TAMS 0x0000000720000000, 0x0000000720000000| Untracked 
| 193|0x0000000720800000, 0x0000000720800000, 0x0000000721000000|  0%| F|  |TAMS 0x0000000720800000, 0x0000000720800000| Untracked 
| 194|0x0000000721000000, 0x0000000721000000, 0x0000000721800000|  0%| F|  |TAMS 0x0000000721000000, 0x0000000721000000| Untracked 
| 195|0x0000000721800000, 0x0000000721800000, 0x0000000722000000|  0%| F|  |TAMS 0x0000000721800000, 0x0000000721800000| Untracked 
| 196|0x0000000722000000, 0x0000000722000000, 0x0000000722800000|  0%| F|  |TAMS 0x0000000722000000, 0x0000000722000000| Untracked 
| 197|0x0000000722800000, 0x0000000722800000, 0x0000000723000000|  0%| F|  |TAMS 0x0000000722800000, 0x0000000722800000| Untracked 
| 198|0x0000000723000000, 0x0000000723000000, 0x0000000723800000|  0%| F|  |TAMS 0x0000000723000000, 0x0000000723000000| Untracked 
| 199|0x0000000723800000, 0x0000000723800000, 0x0000000724000000|  0%| F|  |TAMS 0x0000000723800000, 0x0000000723800000| Untracked 
| 200|0x0000000724000000, 0x0000000724000000, 0x0000000724800000|  0%| F|  |TAMS 0x0000000724000000, 0x0000000724000000| Untracked 
| 201|0x0000000724800000, 0x0000000724800000, 0x0000000725000000|  0%| F|  |TAMS 0x0000000724800000, 0x0000000724800000| Untracked 
| 202|0x0000000725000000, 0x0000000725000000, 0x0000000725800000|  0%| F|  |TAMS 0x0000000725000000, 0x0000000725000000| Untracked 
| 203|0x0000000725800000, 0x0000000725800000, 0x0000000726000000|  0%| F|  |TAMS 0x0000000725800000, 0x0000000725800000| Untracked 
| 204|0x0000000726000000, 0x0000000726000000, 0x0000000726800000|  0%| F|  |TAMS 0x0000000726000000, 0x0000000726000000| Untracked 
| 205|0x0000000726800000, 0x0000000726d17ed0, 0x0000000727000000| 63%| E|  |TAMS 0x0000000726800000, 0x0000000726800000| Complete 
| 206|0x0000000727000000, 0x0000000727800000, 0x0000000727800000|100%| E|CS|TAMS 0x0000000727000000, 0x0000000727000000| Complete 
| 207|0x0000000727800000, 0x0000000728000000, 0x0000000728000000|100%| E|CS|TAMS 0x0000000727800000, 0x0000000727800000| Complete 
| 208|0x0000000728000000, 0x0000000728800000, 0x0000000728800000|100%| E|CS|TAMS 0x0000000728000000, 0x0000000728000000| Complete 
| 209|0x0000000728800000, 0x0000000729000000, 0x0000000729000000|100%| E|CS|TAMS 0x0000000728800000, 0x0000000728800000| Complete 
| 210|0x0000000729000000, 0x0000000729800000, 0x0000000729800000|100%| E|CS|TAMS 0x0000000729000000, 0x0000000729000000| Complete 
| 211|0x0000000729800000, 0x000000072a000000, 0x000000072a000000|100%| E|CS|TAMS 0x0000000729800000, 0x0000000729800000| Complete 
| 212|0x000000072a000000, 0x000000072a800000, 0x000000072a800000|100%| E|CS|TAMS 0x000000072a000000, 0x000000072a000000| Complete 
| 213|0x000000072a800000, 0x000000072b000000, 0x000000072b000000|100%| E|CS|TAMS 0x000000072a800000, 0x000000072a800000| Complete 
| 214|0x000000072b000000, 0x000000072b800000, 0x000000072b800000|100%| E|CS|TAMS 0x000000072b000000, 0x000000072b000000| Complete 
| 215|0x000000072b800000, 0x000000072c000000, 0x000000072c000000|100%| E|CS|TAMS 0x000000072b800000, 0x000000072b800000| Complete 
| 216|0x000000072c000000, 0x000000072c800000, 0x000000072c800000|100%| E|CS|TAMS 0x000000072c000000, 0x000000072c000000| Complete 
| 217|0x000000072c800000, 0x000000072d000000, 0x000000072d000000|100%| E|CS|TAMS 0x000000072c800000, 0x000000072c800000| Complete 
| 218|0x000000072d000000, 0x000000072d800000, 0x000000072d800000|100%| E|CS|TAMS 0x000000072d000000, 0x000000072d000000| Complete 
| 219|0x000000072d800000, 0x000000072e000000, 0x000000072e000000|100%| E|CS|TAMS 0x000000072d800000, 0x000000072d800000| Complete 
| 220|0x000000072e000000, 0x000000072e800000, 0x000000072e800000|100%| E|CS|TAMS 0x000000072e000000, 0x000000072e000000| Complete 
| 221|0x000000072e800000, 0x000000072f000000, 0x000000072f000000|100%| E|CS|TAMS 0x000000072e800000, 0x000000072e800000| Complete 
| 222|0x000000072f000000, 0x000000072f800000, 0x000000072f800000|100%| E|CS|TAMS 0x000000072f000000, 0x000000072f000000| Complete 
| 223|0x000000072f800000, 0x0000000730000000, 0x0000000730000000|100%| E|CS|TAMS 0x000000072f800000, 0x000000072f800000| Complete 
| 224|0x0000000730000000, 0x0000000730800000, 0x0000000730800000|100%| E|CS|TAMS 0x0000000730000000, 0x0000000730000000| Complete 
| 225|0x0000000730800000, 0x0000000731000000, 0x0000000731000000|100%| E|CS|TAMS 0x0000000730800000, 0x0000000730800000| Complete 
| 226|0x0000000731000000, 0x0000000731800000, 0x0000000731800000|100%| E|CS|TAMS 0x0000000731000000, 0x0000000731000000| Complete 
| 227|0x0000000731800000, 0x0000000732000000, 0x0000000732000000|100%| E|CS|TAMS 0x0000000731800000, 0x0000000731800000| Complete 
| 228|0x0000000732000000, 0x0000000732800000, 0x0000000732800000|100%| E|CS|TAMS 0x0000000732000000, 0x0000000732000000| Complete 
| 229|0x0000000732800000, 0x0000000733000000, 0x0000000733000000|100%| E|CS|TAMS 0x0000000732800000, 0x0000000732800000| Complete 
| 230|0x0000000733000000, 0x0000000733800000, 0x0000000733800000|100%| E|CS|TAMS 0x0000000733000000, 0x0000000733000000| Complete 
| 231|0x0000000733800000, 0x0000000734000000, 0x0000000734000000|100%| E|CS|TAMS 0x0000000733800000, 0x0000000733800000| Complete 
| 232|0x0000000734000000, 0x0000000734800000, 0x0000000734800000|100%| E|CS|TAMS 0x0000000734000000, 0x0000000734000000| Complete 
| 233|0x0000000734800000, 0x0000000735000000, 0x0000000735000000|100%| E|CS|TAMS 0x0000000734800000, 0x0000000734800000| Complete 
| 234|0x0000000735000000, 0x0000000735800000, 0x0000000735800000|100%| E|CS|TAMS 0x0000000735000000, 0x0000000735000000| Complete 
| 235|0x0000000735800000, 0x0000000736000000, 0x0000000736000000|100%| E|CS|TAMS 0x0000000735800000, 0x0000000735800000| Complete 
| 236|0x0000000736000000, 0x0000000736800000, 0x0000000736800000|100%| E|CS|TAMS 0x0000000736000000, 0x0000000736000000| Complete 
| 237|0x0000000736800000, 0x0000000737000000, 0x0000000737000000|100%| E|CS|TAMS 0x0000000736800000, 0x0000000736800000| Complete 
| 238|0x0000000737000000, 0x0000000737800000, 0x0000000737800000|100%| E|CS|TAMS 0x0000000737000000, 0x0000000737000000| Complete 
| 239|0x0000000737800000, 0x0000000738000000, 0x0000000738000000|100%| E|CS|TAMS 0x0000000737800000, 0x0000000737800000| Complete 

Card table byte_map: [0x000001a5fcbe0000,0x000001a5fd5e0000] _byte_map_base: 0x000001a5f95e0000

Marking Bits (Prev, Next): (CMBitMap*) 0x000001a5fc161800, (CMBitMap*) 0x000001a5fc161840
 Prev Bits: [0x000001a5967a0000, 0x000001a59b7a0000)
 Next Bits: [0x000001a59b7a0000, 0x000001a5a07a0000)

Polling page: 0x000001a5fa050000

Metaspace:

Usage:
  Non-class:    138.34 MB used.
      Class:     22.97 MB used.
       Both:    161.31 MB used.

Virtual space:
  Non-class space:      144.00 MB reserved,     139.38 MB ( 97%) committed,  18 nodes.
      Class space:        1.00 GB reserved,      23.81 MB (  2%) committed,  1 nodes.
             Both:        1.14 GB reserved,     163.19 MB ( 14%) committed. 

Chunk freelists:
   Non-Class:  3.97 MB
       Class:  159.00 KB
        Both:  4.13 MB

MaxMetaspaceSize: unlimited
CompressedClassSpaceSize: 1.00 GB
Initial GC threshold: 21.00 MB
Current GC threshold: 260.75 MB
CDS: on
MetaspaceReclaimPolicy: balanced
 - commit_granule_bytes: 65536.
 - commit_granule_words: 8192.
 - virtual_space_node_default_size: 1048576.
 - enlarge_chunks_in_place: 1.
 - new_chunks_are_fully_committed: 0.
 - uncommit_free_chunks: 1.
 - use_allocation_guard: 0.
 - handle_deallocations: 1.


Internal statistics:

num_allocs_failed_limit: 18.
num_arena_births: 2142.
num_arena_deaths: 0.
num_vsnodes_births: 19.
num_vsnodes_deaths: 0.
num_space_committed: 2607.
num_space_uncommitted: 0.
num_chunks_returned_to_freelist: 18.
num_chunks_taken_from_freelist: 8720.
num_chunk_merges: 18.
num_chunk_splits: 5767.
num_chunks_enlarged: 3972.
num_purges: 0.
num_inconsistent_stats: 0.

CodeHeap 'non-profiled nmethods': size=120000Kb used=18884Kb max_used=18884Kb free=101115Kb
 bounds [0x000001a58f270000, 0x000001a5904f0000, 0x000001a5967a0000]
CodeHeap 'profiled nmethods': size=120000Kb used=36777Kb max_used=37225Kb free=83222Kb
 bounds [0x000001a587d40000, 0x000001a58a1d0000, 0x000001a58f270000]
CodeHeap 'non-nmethods': size=5760Kb used=1996Kb max_used=2060Kb free=3763Kb
 bounds [0x000001a5877a0000, 0x000001a587a10000, 0x000001a587d40000]
 total_blobs=22450 nmethods=20954 adapters=1406
 compilation: enabled
              stopped_count=0, restarted_count=0
 full_count=0

Compilation events (20 events):
Event: 224.820 Thread 0x000001a5a0cac890 29594       3       net.minecraft.server.level.PlayerChunk::getAvailableChunkNow (73 bytes)
Event: 224.821 Thread 0x000001a5a0cac890 nmethod 29594 0x000001a58973b010 code [0x000001a58973b360, 0x000001a58973c9c8]
Event: 224.873 Thread 0x000001a5a0cac890 29595   !   3       com.sk89q.worldguard.protection.managers.index.ChunkHashTable::get (96 bytes)
Event: 224.874 Thread 0x000001a5a0cac890 nmethod 29595 0x000001a589ac8510 code [0x000001a589ac87c0, 0x000001a589ac9be8]
Event: 224.875 Thread 0x000001a5a0cab7f0 29596       4       net.minecraft.world.level.block.BlockDirtSnowSpreadable::b (219 bytes)
Event: 224.948 Thread 0x000001a5a0cac890 29598       3       net.minecraft.server.level.ChunkTaskQueueSorter::a (23 bytes)
Event: 224.949 Thread 0x000001a5a0cac890 nmethod 29598 0x000001a589bd3890 code [0x000001a589bd3ac0, 0x000001a589bd41e8]
Event: 224.977 Thread 0x000001a5a0cac890 29599       3       java.util.Collections$SingletonSet::spliterator (8 bytes)
Event: 224.978 Thread 0x000001a5a0cac890 nmethod 29599 0x000001a58973a990 code [0x000001a58973ab40, 0x000001a58973ae38]
Event: 225.000 Thread 0x000001a5a0cab7f0 nmethod 29596 0x000001a5904d6290 code [0x000001a5904d6740, 0x000001a5904daa68]
Event: 225.000 Thread 0x000001a5a0cab7f0 29597       4       java.io.StringWriter::append (6 bytes)
Event: 225.001 Thread 0x000001a5a0cab7f0 nmethod 29597 0x000001a5902cc490 code [0x000001a5902cc620, 0x000001a5902cc6e8]
Event: 225.027 Thread 0x000001a5a0cab7f0 29600       4       it.unimi.dsi.fastutil.longs.Long2FloatLinkedOpenHashMap::shiftKeys (117 bytes)
Event: 225.033 Thread 0x000001a5a0cab7f0 nmethod 29600 0x000001a5904deb10 code [0x000001a5904decc0, 0x000001a5904df298]
Event: 225.048 Thread 0x000001a5a0cab7f0 29601       4       net.minecraft.world.entity.Entity::a (173 bytes)
Event: 225.051 Thread 0x000001a5a0cab7f0 nmethod 29601 0x000001a5902cb910 code [0x000001a5902cbac0, 0x000001a5902cc018]
Event: 225.053 Thread 0x000001a5a0cac890 29602       3       java.util.concurrent.ForkJoinPool::scan (235 bytes)
Event: 225.054 Thread 0x000001a5a0cac890 nmethod 29602 0x000001a589d2e190 code [0x000001a589d2e4a0, 0x000001a589d2f798]
Event: 225.100 Thread 0x000001a5a0cab7f0 29603 %     4       net.minecraft.nbt.NBTTagLongArray::a @ 22 (49 bytes)
Event: 225.114 Thread 0x000001a5a0cab7f0 nmethod 29603% 0x000001a5904df790 code [0x000001a5904df9c0, 0x000001a5904e0640]

GC Heap History (20 events):
Event: 36.001 GC heap before
{Heap before GC invocations=29 (full 0):
 garbage-first heap   total 1048576K, used 888832K [0x00000006c0000000, 0x0000000800000000)
  region size 8192K, 31 young (253952K), 2 survivors (16384K)
 Metaspace       used 135404K, committed 136960K, reserved 1171456K
  class space    used 19702K, committed 20352K, reserved 1048576K
}
Event: 36.038 GC heap after
{Heap after GC invocations=30 (full 0):
 garbage-first heap   total 1048576K, used 737280K [0x00000006c0000000, 0x0000000800000000)
  region size 8192K, 2 young (16384K), 2 survivors (16384K)
 Metaspace       used 135404K, committed 136960K, reserved 1171456K
  class space    used 19702K, committed 20352K, reserved 1048576K
}
Event: 38.411 GC heap before
{Heap before GC invocations=31 (full 0):
 garbage-first heap   total 1515520K, used 1163264K [0x00000006c0000000, 0x0000000800000000)
  region size 8192K, 55 young (450560K), 2 survivors (16384K)
 Metaspace       used 142647K, committed 144320K, reserved 1179648K
  class space    used 20669K, committed 21440K, reserved 1048576K
}
Event: 38.452 GC heap after
{Heap after GC invocations=32 (full 0):
 garbage-first heap   total 1515520K, used 798720K [0x00000006c0000000, 0x0000000800000000)
  region size 8192K, 2 young (16384K), 2 survivors (16384K)
 Metaspace       used 142647K, committed 144320K, reserved 1179648K
  class space    used 20669K, committed 21440K, reserved 1048576K
}
Event: 40.244 GC heap before
{Heap before GC invocations=32 (full 0):
 garbage-first heap   total 1515520K, used 1232896K [0x00000006c0000000, 0x0000000800000000)
  region size 8192K, 55 young (450560K), 2 survivors (16384K)
 Metaspace       used 150989K, committed 152832K, reserved 1179648K
  class space    used 21887K, committed 22720K, reserved 1048576K
}
Event: 40.380 GC heap after
{Heap after GC invocations=33 (full 0):
 garbage-first heap   total 1818624K, used 874565K [0x00000006c0000000, 0x0000000800000000)
  region size 8192K, 2 young (16384K), 2 survivors (16384K)
 Metaspace       used 150989K, committed 152832K, reserved 1179648K
  class space    used 21887K, committed 22720K, reserved 1048576K
}
Event: 41.797 GC heap before
{Heap before GC invocations=33 (full 0):
 garbage-first heap   total 1818624K, used 1398853K [0x00000006c0000000, 0x0000000800000000)
  region size 8192K, 66 young (540672K), 2 survivors (16384K)
 Metaspace       used 152132K, committed 153984K, reserved 1187840K
  class space    used 22047K, committed 22912K, reserved 1048576K
}
Event: 41.939 GC heap after
{Heap after GC invocations=34 (full 0):
 garbage-first heap   total 1818624K, used 1122068K [0x00000006c0000000, 0x0000000800000000)
  region size 8192K, 3 young (24576K), 3 survivors (24576K)
 Metaspace       used 152132K, committed 153984K, reserved 1187840K
  class space    used 22047K, committed 22912K, reserved 1048576K
}
Event: 44.131 GC heap before
{Heap before GC invocations=34 (full 0):
 garbage-first heap   total 1818624K, used 1580820K [0x00000006c0000000, 0x0000000800000000)
  region size 8192K, 60 young (491520K), 3 survivors (24576K)
 Metaspace       used 154685K, committed 156608K, reserved 1187840K
  class space    used 22387K, committed 23296K, reserved 1048576K
}
Event: 44.206 GC heap after
{Heap after GC invocations=35 (full 0):
 garbage-first heap   total 1818624K, used 1196032K [0x00000006c0000000, 0x0000000800000000)
  region size 8192K, 3 young (24576K), 3 survivors (24576K)
 Metaspace       used 154685K, committed 156608K, reserved 1187840K
  class space    used 22387K, committed 23296K, reserved 1048576K
}
Event: 53.011 GC heap before
{Heap before GC invocations=35 (full 0):
 garbage-first heap   total 1818624K, used 1613824K [0x00000006c0000000, 0x0000000800000000)
  region size 8192K, 55 young (450560K), 3 survivors (24576K)
 Metaspace       used 158206K, committed 160064K, reserved 1187840K
  class space    used 22698K, committed 23552K, reserved 1048576K
}
Event: 53.052 GC heap after
{Heap after GC invocations=36 (full 0):
 garbage-first heap   total 1818624K, used 1224040K [0x00000006c0000000, 0x0000000800000000)
  region size 8192K, 3 young (24576K), 3 survivors (24576K)
 Metaspace       used 158206K, committed 160064K, reserved 1187840K
  class space    used 22698K, committed 23552K, reserved 1048576K
}
Event: 195.246 GC heap before
{Heap before GC invocations=37 (full 0):
 garbage-first heap   total 1966080K, used 1682792K [0x00000006c0000000, 0x0000000800000000)
  region size 8192K, 66 young (540672K), 3 survivors (24576K)
 Metaspace       used 163728K, committed 165632K, reserved 1196032K
  class space    used 23355K, committed 24192K, reserved 1048576K
}
Event: 195.270 GC heap after
{Heap after GC invocations=38 (full 0):
 garbage-first heap   total 1966080K, used 1181546K [0x00000006c0000000, 0x0000000800000000)
  region size 8192K, 3 young (24576K), 3 survivors (24576K)
 Metaspace       used 163728K, committed 165632K, reserved 1196032K
  class space    used 23355K, committed 24192K, reserved 1048576K
}
Event: 221.568 GC heap before
{Heap before GC invocations=38 (full 0):
 garbage-first heap   total 1966080K, used 1746794K [0x00000006c0000000, 0x0000000800000000)
  region size 8192K, 72 young (589824K), 3 survivors (24576K)
 Metaspace       used 164899K, committed 166784K, reserved 1196032K
  class space    used 23492K, committed 24320K, reserved 1048576K
}
Event: 221.599 GC heap after
{Heap after GC invocations=39 (full 0):
 garbage-first heap   total 1966080K, used 1026907K [0x00000006c0000000, 0x0000000800000000)
  region size 8192K, 3 young (24576K), 3 survivors (24576K)
 Metaspace       used 164899K, committed 166784K, reserved 1196032K
  class space    used 23492K, committed 24320K, reserved 1048576K
}
Event: 222.073 GC heap before
{Heap before GC invocations=39 (full 0):
 garbage-first heap   total 1966080K, used 1592155K [0x00000006c0000000, 0x0000000800000000)
  region size 8192K, 72 young (589824K), 3 survivors (24576K)
 Metaspace       used 164956K, committed 166848K, reserved 1196032K
  class space    used 23492K, committed 24320K, reserved 1048576K
}
Event: 222.144 GC heap after
{Heap after GC invocations=40 (full 0):
 garbage-first heap   total 1966080K, used 1005430K [0x00000006c0000000, 0x0000000800000000)
  region size 8192K, 3 young (24576K), 3 survivors (24576K)
 Metaspace       used 164956K, committed 166848K, reserved 1196032K
  class space    used 23492K, committed 24320K, reserved 1048576K
}
Event: 224.007 GC heap before
{Heap before GC invocations=40 (full 0):
 garbage-first heap   total 1966080K, used 1570678K [0x00000006c0000000, 0x0000000800000000)
  region size 8192K, 73 young (598016K), 3 survivors (24576K)
 Metaspace       used 165094K, committed 167040K, reserved 1196032K
  class space    used 23518K, committed 24384K, reserved 1048576K
}
Event: 224.055 GC heap after
{Heap after GC invocations=41 (full 0):
 garbage-first heap   total 1966080K, used 1069056K [0x00000006c0000000, 0x0000000800000000)
  region size 8192K, 3 young (24576K), 3 survivors (24576K)
 Metaspace       used 165094K, committed 167040K, reserved 1196032K
  class space    used 23518K, committed 24384K, reserved 1048576K
}

Deoptimization events (20 events):
Event: 224.562 Thread 0x000001a5b149d490 Uncommon trap: trap_request=0xffffffc6 fr.pc=0x000001a58febfd74 relative=0x00000000000007f4
Event: 224.563 Thread 0x000001a5b149d490 Uncommon trap: reason=bimorphic_or_optimized_type_check action=maybe_recompile pc=0x000001a58febfd74 method=java.io.DataOutputStream.write([BII)V @ 7 c2
Event: 224.563 Thread 0x000001a5b149d490 DEOPT PACKING pc=0x000001a58febfd74 sp=0x00000063fc2fef30
Event: 224.563 Thread 0x000001a5b149d490 DEOPT UNPACKING pc=0x000001a5877f23a3 sp=0x00000063fc2fef08 mode 2
Event: 224.598 Thread 0x000001a5a95d38c0 Uncommon trap: trap_request=0xffffffbe fr.pc=0x000001a5904a1d58 relative=0x0000000000000c18
Event: 224.598 Thread 0x000001a5a95d38c0 Uncommon trap: reason=profile_predicate action=maybe_recompile pc=0x000001a5904a1d58 method=net.minecraft.nbt.NBTTagLongArray.a(Ljava/io/DataOutput;)V @ 22 c2
Event: 224.598 Thread 0x000001a5a95d38c0 DEOPT PACKING pc=0x000001a5904a1d58 sp=0x00000063f5dfe6f0
Event: 224.598 Thread 0x000001a5a95d38c0 DEOPT UNPACKING pc=0x000001a5877f23a3 sp=0x00000063f5dfe6c0 mode 2
Event: 224.697 Thread 0x000001a5a63aad50 Uncommon trap: trap_request=0xffffffc6 fr.pc=0x000001a5903cef24 relative=0x0000000000000884
Event: 224.697 Thread 0x000001a5a63aad50 Uncommon trap: reason=bimorphic_or_optimized_type_check action=maybe_recompile pc=0x000001a5903cef24 method=net.minecraft.world.entity.EntityInsentient.dj()V @ 249 c2
Event: 224.697 Thread 0x000001a5a63aad50 DEOPT PACKING pc=0x000001a5903cef24 sp=0x00000063f8dfee80
Event: 224.697 Thread 0x000001a5a63aad50 DEOPT UNPACKING pc=0x000001a5877f23a3 sp=0x00000063f8dfedf0 mode 2
Event: 224.699 Thread 0x000001a5a91ec570 Uncommon trap: trap_request=0xffffff45 fr.pc=0x000001a5902f9ecc relative=0x00000000000001ac
Event: 224.699 Thread 0x000001a5a91ec570 Uncommon trap: reason=unstable_if action=reinterpret pc=0x000001a5902f9ecc method=java.util.concurrent.ForkJoinPool.scan(Ljava/util/concurrent/ForkJoinPool$WorkQueue;II)I @ 204 c2
Event: 224.699 Thread 0x000001a5a91ec570 DEOPT PACKING pc=0x000001a5902f9ecc sp=0x00000063f9bff480
Event: 224.699 Thread 0x000001a5a91ec570 DEOPT UNPACKING pc=0x000001a5877f23a3 sp=0x00000063f9bff418 mode 2
Event: 224.716 Thread 0x000001a5a63aad50 Uncommon trap: trap_request=0xffffff45 fr.pc=0x000001a590333254 relative=0x0000000000000694
Event: 224.716 Thread 0x000001a5a63aad50 Uncommon trap: reason=unstable_if action=reinterpret pc=0x000001a590333254 method=net.minecraft.world.level.block.BlockDirtSnowSpreadable.b(Lnet/minecraft/world/level/block/state/IBlockData;Lnet/minecraft/world/level/IWorldReader;Lnet/minecraft/core/Block
Event: 224.716 Thread 0x000001a5a63aad50 DEOPT PACKING pc=0x000001a590333254 sp=0x00000063f8dfeb90
Event: 224.716 Thread 0x000001a5a63aad50 DEOPT UNPACKING pc=0x000001a5877f23a3 sp=0x00000063f8dfeb38 mode 2

Classes unloaded (0 events):
No events

Classes redefined (0 events):
No events

Internal exceptions (20 events):
Event: 224.219 Thread 0x000001a5b149c620 Exception <a 'sun/nio/fs/WindowsException'{0x00000007364ada88}> (0x00000007364ada88) 
thrown [t:\workspace\open\src\hotspot\share\prims\jni.cpp, line 516]
Event: 224.220 Thread 0x000001a5b149c620 Exception <a 'sun/nio/fs/WindowsException'{0x00000007364b30d0}> (0x00000007364b30d0) 
thrown [t:\workspace\open\src\hotspot\share\prims\jni.cpp, line 516]
Event: 224.222 Thread 0x000001a5b149c620 Exception <a 'sun/nio/fs/WindowsException'{0x00000007364b87f8}> (0x00000007364b87f8) 
thrown [t:\workspace\open\src\hotspot\share\prims\jni.cpp, line 516]
Event: 224.223 Thread 0x000001a5b149c620 Exception <a 'sun/nio/fs/WindowsException'{0x00000007364bde38}> (0x00000007364bde38) 
thrown [t:\workspace\open\src\hotspot\share\prims\jni.cpp, line 516]
Event: 224.225 Thread 0x000001a5b149c620 Exception <a 'sun/nio/fs/WindowsException'{0x00000007364c34e8}> (0x00000007364c34e8) 
thrown [t:\workspace\open\src\hotspot\share\prims\jni.cpp, line 516]
Event: 224.227 Thread 0x000001a5b149c620 Exception <a 'sun/nio/fs/WindowsException'{0x00000007364c8af8}> (0x00000007364c8af8) 
thrown [t:\workspace\open\src\hotspot\share\prims\jni.cpp, line 516]
Event: 224.228 Thread 0x000001a5b149c620 Exception <a 'sun/nio/fs/WindowsException'{0x0000000727005460}> (0x0000000727005460) 
thrown [t:\workspace\open\src\hotspot\share\prims\jni.cpp, line 516]
Event: 224.230 Thread 0x000001a5b149c620 Exception <a 'sun/nio/fs/WindowsException'{0x000000072700a998}> (0x000000072700a998) 
thrown [t:\workspace\open\src\hotspot\share\prims\jni.cpp, line 516]
Event: 224.231 Thread 0x000001a5a63aad50 Exception <a 'sun/nio/fs/WindowsException'{0x0000000727d3fac8}> (0x0000000727d3fac8) 
thrown [t:\workspace\open\src\hotspot\share\prims\jni.cpp, line 516]
Event: 224.232 Thread 0x000001a5b149c620 Exception <a 'sun/nio/fs/WindowsException'{0x0000000727010040}> (0x0000000727010040) 
thrown [t:\workspace\open\src\hotspot\share\prims\jni.cpp, line 516]
Event: 224.232 Thread 0x000001a5a63aad50 Exception <a 'sun/nio/fs/WindowsException'{0x0000000727d3fe88}> (0x0000000727d3fe88) 
thrown [t:\workspace\open\src\hotspot\share\prims\jni.cpp, line 516]
Event: 224.232 Thread 0x000001a5a63aad50 Exception <a 'sun/nio/fs/WindowsException'{0x0000000727d3fef8}> (0x0000000727d3fef8) 
thrown [t:\workspace\open\src\hotspot\share\prims\jni.cpp, line 516]
Event: 224.232 Thread 0x000001a5a63aad50 Exception <a 'sun/nio/fs/WindowsException'{0x0000000727d401c8}> (0x0000000727d401c8) 
thrown [t:\workspace\open\src\hotspot\share\prims\jni.cpp, line 516]
Event: 224.232 Thread 0x000001a5a63aad50 Exception <a 'sun/nio/fs/WindowsException'{0x0000000727d41098}> (0x0000000727d41098) 
thrown [t:\workspace\open\src\hotspot\share\prims\jni.cpp, line 516]
Event: 225.093 Thread 0x000001a5b149c620 Exception <a 'sun/nio/fs/WindowsException'{0x00000007270155c0}> (0x00000007270155c0) 
thrown [t:\workspace\open\src\hotspot\share\prims\jni.cpp, line 516]
Event: 225.095 Thread 0x000001a5b149c620 Exception <a 'sun/nio/fs/WindowsException'{0x000000072701aba0}> (0x000000072701aba0) 
thrown [t:\workspace\open\src\hotspot\share\prims\jni.cpp, line 516]
Event: 225.097 Thread 0x000001a5b149c620 Exception <a 'sun/nio/fs/WindowsException'{0x0000000727020168}> (0x0000000727020168) 
thrown [t:\workspace\open\src\hotspot\share\prims\jni.cpp, line 516]
Event: 225.098 Thread 0x000001a5b149c620 Exception <a 'sun/nio/fs/WindowsException'{0x00000007270257e8}> (0x00000007270257e8) 
thrown [t:\workspace\open\src\hotspot\share\prims\jni.cpp, line 516]
Event: 225.100 Thread 0x000001a5b149c620 Exception <a 'sun/nio/fs/WindowsException'{0x000000072702aea0}> (0x000000072702aea0) 
thrown [t:\workspace\open\src\hotspot\share\prims\jni.cpp, line 516]
Event: 225.101 Thread 0x000001a5b149c620 Exception <a 'sun/nio/fs/WindowsException'{0x0000000727030468}> (0x0000000727030468) 
thrown [t:\workspace\open\src\hotspot\share\prims\jni.cpp, line 516]

VM Operations (20 events):
Event: 220.547 Executing VM operation: HandshakeAllThreads done
Event: 221.363 Executing VM operation: ICBufferFull
Event: 221.363 Executing VM operation: ICBufferFull done
Event: 221.568 Executing VM operation: G1CollectForAllocation
Event: 221.599 Executing VM operation: G1CollectForAllocation done
Event: 221.622 Executing VM operation: HandshakeAllThreads
Event: 221.622 Executing VM operation: HandshakeAllThreads done
Event: 221.664 Executing VM operation: HandshakeAllThreads
Event: 221.664 Executing VM operation: HandshakeAllThreads done
Event: 222.073 Executing VM operation: G1CollectForAllocation
Event: 222.269 Executing VM operation: G1CollectForAllocation done
Event: 223.272 Executing VM operation: Cleanup
Event: 223.272 Executing VM operation: Cleanup done
Event: 224.006 Executing VM operation: G1CollectForAllocation
Event: 224.006 Executing VM operation: G1CollectForAllocation done
Event: 224.006 Executing VM operation: G1CollectForAllocation
Event: 224.055 Executing VM operation: G1CollectForAllocation done
Event: 225.074 Executing VM operation: Cleanup
Event: 225.079 Executing VM operation: Cleanup done
Event: 225.137 Executing VM operation: G1Concurrent

Events (20 events):
Event: 221.691 Thread 0x000001a5a0cc2140 flushing nmethod 0x000001a589ea6390
Event: 221.691 Thread 0x000001a5a0cc2140 flushing nmethod 0x000001a589eba290
Event: 221.691 Thread 0x000001a5a0cc2140 flushing nmethod 0x000001a589ebaa10
Event: 221.691 Thread 0x000001a5a0cc2140 flushing nmethod 0x000001a589efb610
Event: 221.691 Thread 0x000001a5a0cc2140 flushing nmethod 0x000001a589f11c10
Event: 221.691 Thread 0x000001a5a0cc2140 flushing nmethod 0x000001a589f2bd90
Event: 221.691 Thread 0x000001a5a0cc2140 flushing nmethod 0x000001a589f90a90
Event: 221.692 Thread 0x000001a5a0cc2140 flushing nmethod 0x000001a58a05a110
Event: 221.692 Thread 0x000001a5a0cc2140 flushing nmethod 0x000001a58a100190
Event: 221.692 Thread 0x000001a5a0cc2140 flushing nmethod 0x000001a58a159390
Event: 221.892 Thread 0x000001a5a6333a80 Thread added: 0x000001a5a6333a80
Event: 222.288 loading class java/util/PriorityQueue$PriorityQueueSpliterator
Event: 222.289 loading class java/util/PriorityQueue$PriorityQueueSpliterator done
Event: 222.301 Thread 0x000001a5a29a0790 Thread added: 0x000001a5a29a0790
Event: 222.873 Thread 0x000001a5a6333a80 Thread exited: 0x000001a5a6333a80
Event: 223.040 Thread 0x000001a5b172c5f0 Thread exited: 0x000001a5b172c5f0
Event: 224.463 Thread 0x000001a5a633a9e0 Thread added: 0x000001a5a633a9e0
Event: 224.562 Thread 0x000001a5a29a02c0 Thread added: 0x000001a5a29a02c0
Event: 224.821 Thread 0x000001a5a29a02c0 Thread exited: 0x000001a5a29a02c0
Event: 224.873 Thread 0x000001a5a633a9e0 Thread exited: 0x000001a5a633a9e0


Dynamic libraries:
0x00007ff64a820000 - 0x00007ff64a830000 	C:\Program Files\Java\jdk-17.0.3.1\bin\java.exe
0x00007fff4e770000 - 0x00007fff4e965000 	C:\Windows\SYSTEM32\ntdll.dll
0x00007fff4e130000 - 0x00007fff4e1ed000 	C:\Windows\System32\KERNEL32.DLL
0x00007fff4c1b0000 - 0x00007fff4c479000 	C:\Windows\System32\KERNELBASE.dll
0x00007fff4c6a0000 - 0x00007fff4c7a0000 	C:\Windows\System32\ucrtbase.dll
0x00007fff3f120000 - 0x00007fff3f138000 	C:\Program Files\Java\jdk-17.0.3.1\bin\jli.dll
0x00007fff3ff90000 - 0x00007fff3ffaa000 	C:\Program Files\Java\jdk-17.0.3.1\bin\VCRUNTIME140.dll
0x00007fff4d400000 - 0x00007fff4d4ac000 	C:\Windows\System32\ADVAPI32.dll
0x00007fff4c8c0000 - 0x00007fff4c95e000 	C:\Windows\System32\msvcrt.dll
0x00007fff4d0a0000 - 0x00007fff4d13b000 	C:\Windows\System32\sechost.dll
0x00007fff4d6b0000 - 0x00007fff4d7da000 	C:\Windows\System32\RPCRT4.dll
0x00007fff4ce00000 - 0x00007fff4cfa0000 	C:\Windows\System32\USER32.dll
0x00007fff3b8a0000 - 0x00007fff3bb3a000 	C:\Windows\WinSxS\amd64_microsoft.windows.common-controls_6595b64144ccf1df_6.0.19041.1110_none_60b5254171f9507e\COMCTL32.dll
0x00007fff4c180000 - 0x00007fff4c1a2000 	C:\Windows\System32\win32u.dll
0x00007fff4dff0000 - 0x00007fff4e01a000 	C:\Windows\System32\GDI32.dll
0x00007fff4c070000 - 0x00007fff4c17b000 	C:\Windows\System32\gdi32full.dll
0x00007fff4be70000 - 0x00007fff4bf0d000 	C:\Windows\System32\msvcp_win.dll
0x00007fff44760000 - 0x00007fff4476a000 	C:\Windows\SYSTEM32\VERSION.dll
0x00007fff4d3d0000 - 0x00007fff4d400000 	C:\Windows\System32\IMM32.DLL
0x00007fff48810000 - 0x00007fff4881c000 	C:\Program Files\Java\jdk-17.0.3.1\bin\vcruntime140_1.dll
0x00007fff26030000 - 0x00007fff260bd000 	C:\Program Files\Java\jdk-17.0.3.1\bin\msvcp140.dll
0x00007ffefee60000 - 0x00007ffeffa20000 	C:\Program Files\Java\jdk-17.0.3.1\bin\server\jvm.dll
0x00007fff4e6f0000 - 0x00007fff4e6f8000 	C:\Windows\System32\PSAPI.DLL
0x00007fff3fa00000 - 0x00007fff3fa09000 	C:\Windows\SYSTEM32\WSOCK32.dll
0x00007fff44730000 - 0x00007fff44757000 	C:\Windows\SYSTEM32\WINMM.dll
0x00007fff4d1b0000 - 0x00007fff4d21b000 	C:\Windows\System32\WS2_32.dll
0x00007fff49cc0000 - 0x00007fff49cd2000 	C:\Windows\SYSTEM32\kernel.appcore.dll
0x00007fff46de0000 - 0x00007fff46dea000 	C:\Program Files\Java\jdk-17.0.3.1\bin\jimage.dll
0x00007fff421b0000 - 0x00007fff42394000 	C:\Windows\SYSTEM32\DBGHELP.DLL
0x00007fff35a00000 - 0x00007fff35a2c000 	C:\Windows\SYSTEM32\dbgcore.DLL
0x00007fff4c480000 - 0x00007fff4c503000 	C:\Windows\System32\bcryptPrimitives.dll
0x00007fff3f0f0000 - 0x00007fff3f115000 	C:\Program Files\Java\jdk-17.0.3.1\bin\java.dll
0x00007fff19820000 - 0x00007fff198f6000 	C:\Program Files\Java\jdk-17.0.3.1\bin\jsvml.dll
0x00007fff4d840000 - 0x00007fff4df7f000 	C:\Windows\System32\SHELL32.dll
0x00007fff49fa0000 - 0x00007fff4a730000 	C:\Windows\SYSTEM32\windows.storage.dll
0x00007fff4caa0000 - 0x00007fff4cdf5000 	C:\Windows\System32\combase.dll
0x00007fff4b8d0000 - 0x00007fff4b8fc000 	C:\Windows\SYSTEM32\Wldp.dll
0x00007fff4e020000 - 0x00007fff4e0ce000 	C:\Windows\System32\SHCORE.dll
0x00007fff4df80000 - 0x00007fff4dfd5000 	C:\Windows\System32\shlwapi.dll
0x00007fff4bdb0000 - 0x00007fff4bdcf000 	C:\Windows\SYSTEM32\profapi.dll
0x00007fff3f0c0000 - 0x00007fff3f0d9000 	C:\Program Files\Java\jdk-17.0.3.1\bin\net.dll
0x00007fff40f50000 - 0x00007fff41058000 	C:\Windows\SYSTEM32\WINHTTP.dll
0x00007fff4b630000 - 0x00007fff4b69a000 	C:\Windows\system32\mswsock.dll
0x00007fff3d160000 - 0x00007fff3d176000 	C:\Program Files\Java\jdk-17.0.3.1\bin\nio.dll
0x00007fff39720000 - 0x00007fff39738000 	C:\Program Files\Java\jdk-17.0.3.1\bin\zip.dll
0x00007fff3fac0000 - 0x00007fff3fac9000 	C:\Program Files\Java\jdk-17.0.3.1\bin\management.dll
0x00007fff3f800000 - 0x00007fff3f80b000 	C:\Program Files\Java\jdk-17.0.3.1\bin\management_ext.dll
0x00007fff2cf70000 - 0x00007fff2cf87000 	C:\Windows\system32\napinsp.dll
0x00007fff2a230000 - 0x00007fff2a24b000 	C:\Windows\system32\pnrpnsp.dll
0x00007fff2d040000 - 0x00007fff2d055000 	C:\Windows\system32\wshbth.dll
0x00007fff47860000 - 0x00007fff4787d000 	C:\Windows\system32\NLAapi.dll
0x00007fff4b2d0000 - 0x00007fff4b30b000 	C:\Windows\SYSTEM32\IPHLPAPI.DLL
0x00007fff4b320000 - 0x00007fff4b3ec000 	C:\Windows\SYSTEM32\DNSAPI.dll
0x00007fff4d1a0000 - 0x00007fff4d1a8000 	C:\Windows\System32\NSI.dll
0x00007fff2a110000 - 0x00007fff2a122000 	C:\Windows\System32\winrnr.dll
0x00007fff420f0000 - 0x00007fff420fa000 	C:\Windows\System32\rasadhlp.dll
0x00007fff40d70000 - 0x00007fff40def000 	C:\Windows\System32\fwpuclnt.dll
0x00007fff4c560000 - 0x00007fff4c587000 	C:\Windows\System32\bcrypt.dll
0x0000000069ac0000 - 0x0000000069ae4000 	C:\Users\paden\AppData\Local\Temp\jansi-2.4.0-374011dc2154e25a-jansi.dll
0x00007fff4b820000 - 0x00007fff4b838000 	C:\Windows\SYSTEM32\CRYPTSP.dll
0x00007fff4af40000 - 0x00007fff4af74000 	C:\Windows\system32\rsaenh.dll
0x00007fff4bd30000 - 0x00007fff4bd5e000 	C:\Windows\SYSTEM32\USERENV.dll
0x00007fff4b840000 - 0x00007fff4b84c000 	C:\Windows\SYSTEM32\CRYPTBASE.dll
0x00007fff44950000 - 0x00007fff44967000 	C:\Windows\SYSTEM32\dhcpcsvc6.DLL
0x00007fff44930000 - 0x00007fff4494d000 	C:\Windows\SYSTEM32\dhcpcsvc.DLL
0x00007fff343a0000 - 0x00007fff343e5000 	C:\Users\paden\AppData\Local\Temp\jna-106423420\jna172133936934077448.dll
0x00007fff4d580000 - 0x00007fff4d6aa000 	C:\Windows\System32\Ole32.dll
0x00007fff4c960000 - 0x00007fff4ca09000 	C:\Windows\System32\clbcatq.dll
0x00007fff4d4b0000 - 0x00007fff4d57d000 	C:\Windows\System32\OleAut32.dll
0x00007fff3e250000 - 0x00007fff3e269000 	C:\Windows\SYSTEM32\amsi.dll
0x00007fff30530000 - 0x00007fff305ab000 	C:\ProgramData\Microsoft\Windows Defender\Platform\4.18.2203.5-0\MpOav.dll
0x00007fff2dac0000 - 0x00007fff2dcec000 	C:\Program Files (x86)\Kaspersky Lab\Kaspersky Security Cloud 21.3\x64\antimalware_provider.dll
0x00007fff3e660000 - 0x00007fff3e6b4000 	C:\Windows\SYSTEM32\Pdh.dll
0x00007fff445c0000 - 0x00007fff445cf000 	C:\Windows\System32\perfos.dll
0x00007fff3f0b0000 - 0x00007fff3f0c0000 	C:\Program Files\Java\jdk-17.0.3.1\bin\verify.dll
0x00007fff19370000 - 0x00007fff194ff000 	C:\Program Files\Java\jdk-17.0.3.1\bin\awt.dll
0x00007fff496f0000 - 0x00007fff49780000 	C:\Windows\SYSTEM32\apphelp.dll
0x00007fff497f0000 - 0x00007fff4988e000 	C:\Windows\system32\uxtheme.dll
0x00007fff4c7a0000 - 0x00007fff4c8b5000 	C:\Windows\System32\MSCTF.dll
0x00007fff49c90000 - 0x00007fff49cbf000 	C:\Windows\system32\DWMAPI.DLL
0x00007fff17500000 - 0x00007fff17625000 	C:\Windows\system32\opengl32.dll
0x00007fff35c20000 - 0x00007fff35c4c000 	C:\Windows\SYSTEM32\GLU32.dll
0x00007fff1b010000 - 0x00007fff1b1de000 	C:\Windows\system32\d3d9.dll
0x00007fff430b0000 - 0x00007fff4326a000 	C:\Windows\System32\DriverStore\FileRepository\u0376032.inf_amd64_1a2e19f1369fd940\B375758\aticfx64.dll
0x00007fff2a130000 - 0x00007fff2a164000 	C:\Windows\System32\DriverStore\FileRepository\u0376032.inf_amd64_1a2e19f1369fd940\B375758\atiu9p64.dll
0x00007fff045d0000 - 0x00007fff05326000 	C:\Windows\System32\DriverStore\FileRepository\u0376032.inf_amd64_1a2e19f1369fd940\B375758\atiumd64.dll
0x0000000076880000 - 0x000000007773f000 	C:\Windows\System32\DriverStore\FileRepository\u0376032.inf_amd64_1a2e19f1369fd940\B375758\atiumd6a.dll
0x00007fff4e1f0000 - 0x00007fff4e662000 	C:\Windows\System32\SETUPAPI.dll
0x00007fff4c510000 - 0x00007fff4c55e000 	C:\Windows\System32\cfgmgr32.dll
0x00007fff4b440000 - 0x00007fff4b48b000 	C:\Windows\SYSTEM32\POWRPROF.dll
0x00007fff4b2b0000 - 0x00007fff4b2c2000 	C:\Windows\SYSTEM32\UMPDC.dll
0x00007fff496c0000 - 0x00007fff496f0000 	C:\Windows\SYSTEM32\amdihk64.dll
0x00007fff47a00000 - 0x00007fff47a3b000 	C:\Windows\SYSTEM32\dxcore.dll
0x00007fff24540000 - 0x00007fff245c9000 	C:\Program Files\Java\jdk-17.0.3.1\bin\freetype.dll
0x00007fff19770000 - 0x00007fff19818000 	C:\Program Files\Java\jdk-17.0.3.1\bin\fontmanager.dll
0x00007fff466a0000 - 0x00007fff46854000 	C:\Windows\SYSTEM32\WindowsCodecs.dll
0x00007fff34900000 - 0x00007fff3493e000 	C:\Windows\system32\dataexchange.dll
0x00007fff491d0000 - 0x00007fff493b6000 	C:\Windows\system32\dcomp.dll
0x00007fff483c0000 - 0x00007fff48624000 	C:\Windows\system32\d3d11.dll
0x00007fff4a770000 - 0x00007fff4a864000 	C:\Windows\system32\dxgi.dll
0x00007fff463e0000 - 0x00007fff465e1000 	C:\Windows\system32\twinapi.appcore.dll
0x00007fff3f900000 - 0x00007fff3f9f9000 	C:\Windows\SYSTEM32\textinputframework.dll
0x00007fff48de0000 - 0x00007fff4913e000 	C:\Windows\System32\CoreUIComponents.dll
0x00007fff494c0000 - 0x00007fff495b2000 	C:\Windows\System32\CoreMessaging.dll
0x00007fff47e00000 - 0x00007fff47f54000 	C:\Windows\SYSTEM32\wintypes.dll
0x00007fff4ab70000 - 0x00007fff4aba3000 	C:\Windows\SYSTEM32\ntmarta.dll
0x00007fff3f090000 - 0x00007fff3f099000 	C:\Program Files\Java\jdk-17.0.3.1\bin\jaas.dll
0x00007fff3e2a0000 - 0x00007fff3e2ae000 	C:\Program Files\Java\jdk-17.0.3.1\bin\sunmscapi.dll
0x00007fff4bf10000 - 0x00007fff4c06f000 	C:\Windows\System32\CRYPT32.dll
0x00007fff4b940000 - 0x00007fff4b967000 	C:\Windows\SYSTEM32\ncrypt.dll
0x00007fff4b900000 - 0x00007fff4b93b000 	C:\Windows\SYSTEM32\NTASN1.dll
0x00007fff358b0000 - 0x00007fff358b7000 	C:\Windows\system32\wshunix.dll
0x0000000070bc0000 - 0x0000000070c9c000 	C:\Users\paden\AppData\Local\Temp\sqlite-3.36.0.3-07006b87-0306-456d-9860-ac756c37f20f-sqlitejdbc.dll

dbghelp: loaded successfully - version: 4.0.5 - missing functions: none
symbol engine: initialized successfully - sym options: 0x614 - pdb path: .;C:\Program Files\Java\jdk-17.0.3.1\bin;C:\Windows\SYSTEM32;C:\Windows\WinSxS\amd64_microsoft.windows.common-controls_6595b64144ccf1df_6.0.19041.1110_none_60b5254171f9507e;C:\Program Files\Java\jdk-17.0.3.1\bin\server;C:\Users\paden\AppData\Local\Temp;C:\Users\paden\AppData\Local\Temp\jna-106423420;C:\ProgramData\Microsoft\Windows Defender\Platform\4.18.2203.5-0;C:\Program Files (x86)\Kaspersky Lab\Kaspersky Security Cloud 21.3\x64;C:\Windows\System32\DriverStore\FileRepository\u0376032.inf_amd64_1a2e19f1369fd940\B375758

VM Arguments:
jvm_args: -Xms1G -Xmx5G -Dfile.encoding=utf-8 -XX:+UseG1GC -XX:+ParallelRefProcEnabled -XX:MaxGCPauseMillis=200 -XX:+UnlockExperimentalVMOptions -XX:+DisableExplicitGC -XX:-OmitStackTraceInFastThrow -XX:+AlwaysPreTouch -XX:G1NewSizePercent=30 -XX:G1MaxNewSizePercent=40 -XX:G1HeapRegionSize=8M -XX:G1ReservePercent=20 -XX:G1HeapWastePercent=5 -XX:G1MixedGCCountTarget=8 -XX:InitiatingHeapOccupancyPercent=15 -XX:G1MixedGCLiveThresholdPercent=90 -XX:G1RSetUpdatingPauseTimePercent=5 -XX:SurvivorRatio=32 -XX:MaxTenuringThreshold=1 -Dusing.aikars.flags=true -Daikars.new.flags=true 
java_command: server.jar
java_class_path (initial): server.jar
Launcher Type: SUN_STANDARD

[Global flags]
     bool AlwaysPreTouch                           = true                                      {product} {command line}
     bool AlwaysTenure                             = false                                     {product} {command line}
     intx CICompilerCount                          = 3                                         {product} {ergonomic}
     uint ConcGCThreads                            = 1                                         {product} {ergonomic}
     bool DisableExplicitGC                        = true                                      {product} {command line}
     uint G1ConcRefinementThreads                  = 4                                         {product} {ergonomic}
     uint G1EagerReclaimRemSetThreshold            = 64                                   {experimental} {ergonomic}
   size_t G1HeapRegionSize                         = 8388608                                   {product} {command line}
    uintx G1HeapWastePercent                       = 5                                         {product} {command line}
    uintx G1MaxNewSizePercent                      = 40                                   {experimental} {command line}
    uintx G1MixedGCCountTarget                     = 8                                         {product} {command line}
    uintx G1MixedGCLiveThresholdPercent            = 90                                   {experimental} {command line}
    uintx G1NewSizePercent                         = 30                                   {experimental} {command line}
     intx G1RSetUpdatingPauseTimePercent           = 5                                         {product} {command line}
    uintx G1ReservePercent                         = 20                                        {product} {command line}
    uintx GCDrainStackTargetSize                   = 64                                        {product} {ergonomic}
   size_t InitialHeapSize                          = 1073741824                                {product} {command line}
    uintx InitialTenuringThreshold                 = 1                                         {product} {ergonomic}
    uintx InitiatingHeapOccupancyPercent           = 15                                        {product} {command line}
   size_t MarkStackSize                            = 4194304                                   {product} {ergonomic}
    uintx MaxGCPauseMillis                         = 200                                       {product} {command line}
   size_t MaxHeapSize                              = 5368709120                                {product} {command line}
   size_t MaxNewSize                               = 2147483648                                {product} {ergonomic}
    uintx MaxTenuringThreshold                     = 1                                         {product} {command line}
   size_t MinHeapDeltaBytes                        = 8388608                                   {product} {ergonomic}
   size_t MinHeapSize                              = 1073741824                                {product} {command line}
     bool NeverTenure                              = false                                     {product} {command line}
    uintx NonNMethodCodeHeapSize                   = 5832780                                {pd product} {ergonomic}
    uintx NonProfiledCodeHeapSize                  = 122912730                              {pd product} {ergonomic}
     bool OmitStackTraceInFastThrow                = false                                     {product} {command line}
     bool ParallelRefProcEnabled                   = true                                      {product} {command line}
    uintx ProfiledCodeHeapSize                     = 122912730                              {pd product} {ergonomic}
    uintx ReservedCodeCacheSize                    = 251658240                              {pd product} {ergonomic}
     bool SegmentedCodeCache                       = true                                      {product} {ergonomic}
   size_t SoftMaxHeapSize                          = 5368709120                             {manageable} {ergonomic}
    uintx SurvivorRatio                            = 32                                        {product} {command line}
     bool UnlockExperimentalVMOptions              = true                                 {experimental} {command line}
     bool UseCompressedClassPointers               = true                           {product lp64_product} {ergonomic}
     bool UseCompressedOops                        = true                           {product lp64_product} {ergonomic}
     bool UseG1GC                                  = true                                      {product} {command line}
     bool UseLargePagesIndividualAllocation        = false                                  {pd product} {ergonomic}

Logging:
Log output configuration:
 #0: stdout all=warning uptime,level,tags
 #1: stderr all=off uptime,level,tags

Environment Variables:
PATH=C:\Program Files\Common Files\Oracle\Java\javapath;C:\Program Files (x86)\Razer Chroma SDK\bin;C:\Program Files\Razer Chroma SDK\bin;C:\Program Files (x86)\Razer\ChromaBroadcast\bin;C:\Program Files\Razer\ChromaBroadcast\bin;C:\Program Files\Eclipse Adoptium\jdk-8.0.322.6-hotspot\bin;C:\Program Files\Microsoft\jdk-11.0.12.7-hotspot\bin;C:\Program Files (x86)\Common Files\Oracle\Java\javapath;C:\ProgramData\Oracle\Java\javapath;C:\Windows\system32;C:\Windows;C:\Windows\System32\Wbem;C:\Windows\System32\WindowsPowerShell\v1.0\;C:\Windows\System32\OpenSSH\;C:\Program Files\dotnet\;C:\Program Files\Microsoft SQL Server\130\Tools\Binn\;C:\Program Files\Microsoft SQL Server\Client SDK\ODBC\170\Tools\Binn\;C:\Program Files\nodejs\;C:\Program Files\Microsoft SQL Server\Client SDK\ODBC\130\Tools\Binn\;C:\Program Files (x86)\Microsoft SQL Server\130\Tools\Binn\;C:\Program Files\Microsoft SQL Server\130\DTS\Binn\;C:\Program Files\Git\cmd;C:\Program Files\PuTTY\;C:\Windows\system32\config\systemprofile\AppData\Local\Microsoft\WindowsApps;C:\Users\paden\AppData\Local\Programs\Python\Python38-32\Scripts\;C:\Users\paden\AppData\Local\Programs\Python\Python38-32\;C:\Users\paden\AppData\Local\Programs\Python\Python39\Scripts\;C:\Users\paden\AppData\Local\Programs\Python\Python39\;C:\Users\paden\AppData\Local\Programs\Python\Python38\Scripts\;C:\Users\paden\AppData\Local\Programs\Python\Python38\;C:\Users\paden\AppData\Local\Microsoft\WindowsApps;C:\Program Files\JetBrains\PyCharm Community Edition 2020.2.1\bin;;C:\Users\paden\.dotnet\tools;C:\Users\paden\AppData\Roaming\npm;C:\Users\paden\AppData\Local\Programs\Microsoft VS Code\bin;C:\Users\paden\AppData\Local\JpegminiPro3\;C:\Users\paden\AppData\Local\GitHubDesktop\bin
USERNAME=paden
OS=Windows_NT
PROCESSOR_IDENTIFIER=AMD64 Family 23 Model 24 Stepping 1, AuthenticAMD



---------------  S Y S T E M  ---------------

OS:
 Windows 10 , 64 bit Build 19041 (10.0.19041.1151)
OS uptime: 0 days 15:53 hours

CPU: total 4 (initial active 4) (4 cores per cpu, 1 threads per core) family 23 model 24 stepping 1 microcode 0x0, cx8, cmov, fxsr, mmx, 3dnowpref, sse, sse2, sse3, ssse3, sse4a, sse4.1, sse4.2, popcnt, lzcnt, tsc, tscinvbit, avx, avx2, aes, clmul, bmi1, bmi2, adx, sha, fma, vzeroupper, clflush, clflushopt

Memory: 4k page, system-wide physical 8140M (559M free)
TotalPageFile size 16331M (AvailPageFile size 253M)
current process WorkingSet (physical memory assigned to process): 2454M, peak: 2461M
current process commit charge ("private bytes"): 2488M, peak: 2768M

vm_info: Java HotSpot(TM) 64-Bit Server VM (17.0.3.1+2-LTS-6) for windows-amd64 JRE (17.0.3.1+2-LTS-6), built on Apr 25 2022 22:04:21 by "mach5one" with MS VC++ 16.8 / 16.9 (VS2019)

END.
