#
# There is insufficient memory for the Java Runtime Environment to continue.
# Native memory allocation (malloc) failed to allocate 1455184 bytes for Chunk::new
# Possible reasons:
#   The system is out of physical RAM or swap space
#   The process is running with CompressedOops enabled, and the Java Heap may be blocking the growth of the native heap
# Possible solutions:
#   Reduce memory load on the system
#   Increase physical memory or swap space
#   Check if swap backing store is full
#   Decrease Java heap size (-Xmx/-Xms)
#   Decrease number of Java threads
#   Decrease Java thread stack sizes (-Xss)
#   Set larger code cache with -XX:ReservedCodeCacheSize=
#   JVM is running with Zero Based Compressed Oops mode in which the Java heap is
#     placed in the first 32GB address space. The Java Heap base address is the
#     maximum limit for the native heap growth. Please use -XX:HeapBaseMinAddress
#     to set the Java Heap base and to place the Java Heap above 32GB virtual address.
# This output file may be truncated or incomplete.
#
#  Out of Memory Error (arena.cpp:189), pid=8992, tid=13860
#
# JRE version: Java(TM) SE Runtime Environment (17.0.3.1+2) (build 17.0.3.1+2-LTS-6)
# Java VM: Java HotSpot(TM) 64-Bit Server VM (17.0.3.1+2-LTS-6, mixed mode, sharing, tiered, compressed oops, compressed class ptrs, g1 gc, windows-amd64)
# No core dump will be written. Minidumps are not enabled by default on client versions of Windows
#

---------------  S U M M A R Y ------------

Command Line: -Xms1G -Xmx3G -Dfile.encoding=utf-8 -XX:+UseG1GC -XX:+ParallelRefProcEnabled -XX:MaxGCPauseMillis=200 -XX:+UnlockExperimentalVMOptions -XX:+DisableExplicitGC -XX:-OmitStackTraceInFastThrow -XX:+AlwaysPreTouch -XX:G1NewSizePercent=30 -XX:G1MaxNewSizePercent=40 -XX:G1HeapRegionSize=8M -XX:G1ReservePercent=20 -XX:G1HeapWastePercent=5 -XX:G1MixedGCCountTarget=8 -XX:InitiatingHeapOccupancyPercent=15 -XX:G1MixedGCLiveThresholdPercent=90 -XX:G1RSetUpdatingPauseTimePercent=5 -XX:SurvivorRatio=32 -XX:MaxTenuringThreshold=1 -Dusing.aikars.flags=true -Daikars.new.flags=true server.jar

Host: AMD Ryzen 3 PRO 3200G with Radeon Vega Graphics, 4 cores, 7G,  Windows 10 , 64 bit Build 19041 (10.0.19041.1151)
Time: Thu Jun 16 12:59:11 2022 RTZ 2 (s 10 , 64 bit Build 19041 (10.0.19041.1151) elapsed time: 25.021462 seconds (0d 0h 0m 25s)

---------------  T H R E A D  ---------------

Current thread (0x000001906ec15be0):  JavaThread "C2 CompilerThread1" daemon [_thread_in_native, id=13860, stack(0x0000002d31400000,0x0000002d31500000)]


Current CompileTask:
C2:  25021 13750       4       org.objectweb.asm.ClassWriter::toByteArray (1535 bytes)

Stack: [0x0000002d31400000,0x0000002d31500000]
Native frames: (J=compiled Java code, j=interpreted, Vv=VM code, C=native code)
V  [jvm.dll+0x6711ba]
V  [jvm.dll+0x7d0834]
V  [jvm.dll+0x7d1fde]
V  [jvm.dll+0x7d2643]
V  [jvm.dll+0x242c85]
V  [jvm.dll+0xaa57b]
V  [jvm.dll+0xaab0c]
V  [jvm.dll+0x35ff77]
V  [jvm.dll+0x1b9ca8]
V  [jvm.dll+0x215eb9]
V  [jvm.dll+0x215181]
V  [jvm.dll+0x1a1c3d]
V  [jvm.dll+0x2249c8]
V  [jvm.dll+0x222b2c]
V  [jvm.dll+0x78650b]
V  [jvm.dll+0x780aca]
V  [jvm.dll+0x670045]
C  [ucrtbase.dll+0x21bb2]
C  [KERNEL32.DLL+0x17034]
C  [ntdll.dll+0x52651]


---------------  P R O C E S S  ---------------

Threads class SMR info:
_java_thread_list=0x000001907b40e2a0, length=57, elements={
0x00000190494bfd10, 0x00000190494c1230, 0x000001906b2a1160, 0x000001906b2a3190,
0x000001906b2a3c50, 0x000001906b2a6520, 0x000001906b2a7110, 0x000001906b2a91d0,
0x000001906b2d9600, 0x000001906b4638f0, 0x000001906b46a1e0, 0x00000190493f10c0,
0x000001906c3d0040, 0x000001906c3e2380, 0x000001906ca23d80, 0x000001906ca24250,
0x000001906ca22f10, 0x000001906ca24bf0, 0x000001906ca250c0, 0x0000019071c3ea40,
0x0000019071c38ed0, 0x0000019071c393a0, 0x0000019071c3a6e0, 0x0000019071c38060,
0x0000019071c3c3c0, 0x0000019071c3ef10, 0x0000019071c3cd60, 0x0000019071c3d230,
0x0000019071c3d700, 0x0000019071c3f8b0, 0x0000019071c3ba20, 0x0000019071c3e570,
0x0000019071c3b550, 0x00000190730fc240, 0x000001906ec15be0, 0x000001906ec3eef0,
0x000001906cbb3bd0, 0x000001906ec3f890, 0x000001906cbb3700, 0x00000190733ee3b0,
0x000001906ec3e550, 0x00000190733eda10, 0x000001906cbb1550, 0x00000190733ed540,
0x000001906cecd950, 0x000001906ec3ea20, 0x0000019071b7d840, 0x0000019071b7cea0,
0x0000019071b7e1e0, 0x000001907b94cd90, 0x000001907b94ef40, 0x000001907b94e0d0,
0x000001907b94d730, 0x000001907b94ea70, 0x000001907b94d260, 0x000001906cbb1a20,
0x000001906cbb4570
}

Java Threads: ( => current thread )
  0x00000190494bfd10 JavaThread "Reference Handler" daemon [_thread_blocked, id=10924, stack(0x0000002d2ee00000,0x0000002d2ef00000)]
  0x00000190494c1230 JavaThread "Finalizer" daemon [_thread_blocked, id=6700, stack(0x0000002d2ef00000,0x0000002d2f000000)]
  0x000001906b2a1160 JavaThread "Signal Dispatcher" daemon [_thread_blocked, id=9676, stack(0x0000002d2f000000,0x0000002d2f100000)]
  0x000001906b2a3190 JavaThread "Attach Listener" daemon [_thread_blocked, id=14388, stack(0x0000002d2f100000,0x0000002d2f200000)]
  0x000001906b2a3c50 JavaThread "Service Thread" daemon [_thread_blocked, id=5484, stack(0x0000002d2f200000,0x0000002d2f300000)]
  0x000001906b2a6520 JavaThread "Monitor Deflation Thread" daemon [_thread_blocked, id=9124, stack(0x0000002d2f300000,0x0000002d2f400000)]
  0x000001906b2a7110 JavaThread "C2 CompilerThread0" daemon [_thread_in_native, id=14860, stack(0x0000002d2f400000,0x0000002d2f500000)]
  0x000001906b2a91d0 JavaThread "C1 CompilerThread0" daemon [_thread_blocked, id=9672, stack(0x0000002d2f500000,0x0000002d2f600000)]
  0x000001906b2d9600 JavaThread "Sweeper thread" daemon [_thread_blocked, id=7152, stack(0x0000002d2f600000,0x0000002d2f700000)]
  0x000001906b4638f0 JavaThread "Notification Thread" daemon [_thread_blocked, id=11996, stack(0x0000002d2f700000,0x0000002d2f800000)]
  0x000001906b46a1e0 JavaThread "Common-Cleaner" daemon [_thread_blocked, id=10228, stack(0x0000002d2f900000,0x0000002d2fa00000)]
  0x00000190493f10c0 JavaThread "DestroyJavaVM" [_thread_blocked, id=8196, stack(0x0000002d2e700000,0x0000002d2e800000)]
  0x000001906c3d0040 JavaThread "WindowsStreamPump" daemon [_thread_in_native, id=7128, stack(0x0000002d2ff00000,0x0000002d30000000)]
  0x000001906c3e2380 JavaThread "Log4j2-AsyncAppenderEventDispatcher-1-Async" daemon [_thread_in_native, id=8920, stack(0x0000002d30000000,0x0000002d30100000)]
  0x000001906ca23d80 JavaThread "Timer hack thread" daemon [_thread_blocked, id=8764, stack(0x0000002d30700000,0x0000002d30800000)]
  0x000001906ca24250 JavaThread "Worker-Main-1" daemon [_thread_blocked, id=14704, stack(0x0000002d30800000,0x0000002d30900000)]
  0x000001906ca22f10 JavaThread "Java2D Disposer" daemon [_thread_blocked, id=8212, stack(0x0000002d30900000,0x0000002d30a00000)]
  0x000001906ca24bf0 JavaThread "AWT-Shutdown" [_thread_blocked, id=6464, stack(0x0000002d30a00000,0x0000002d30b00000)]
  0x000001906ca250c0 JavaThread "AWT-Windows" daemon [_thread_in_native, id=10040, stack(0x0000002d30b00000,0x0000002d30c00000)]
  0x0000019071c3ea40 JavaThread "AWT-EventQueue-0" [_thread_blocked, id=12096, stack(0x0000002d2fe00000,0x0000002d2ff00000)]
  0x0000019071c38ed0 JavaThread "TimerQueue" daemon [_thread_blocked, id=14696, stack(0x0000002d31300000,0x0000002d31400000)]
  0x0000019071c393a0 JavaThread "D3D Screen Updater" daemon [_thread_blocked, id=9212, stack(0x0000002d31500000,0x0000002d31600000)]
  0x0000019071c3a6e0 JavaThread "Thread-1" daemon [_thread_blocked, id=14076, stack(0x0000002d31600000,0x0000002d31700000)]
  0x0000019071c38060 JavaThread "Server thread" [_thread_in_vm, id=14680, stack(0x0000002d31700000,0x0000002d31800000)]
  0x0000019071c3c3c0 JavaThread "Craft Scheduler Thread - 0" [_thread_blocked, id=14588, stack(0x0000002d2fd00000,0x0000002d2fe00000)]
  0x0000019071c3ef10 JavaThread "Craft Scheduler Thread - 1" [_thread_blocked, id=5476, stack(0x0000002d31800000,0x0000002d31900000)]
  0x0000019071c3cd60 JavaThread "Craft Scheduler Thread - 2" [_thread_blocked, id=14524, stack(0x0000002d31900000,0x0000002d31a00000)]
  0x0000019071c3d230 JavaThread "Craft Scheduler Thread - 3" [_thread_blocked, id=10448, stack(0x0000002d31a00000,0x0000002d31b00000)]
  0x0000019071c3d700 JavaThread "Paper Watchdog Thread" [_thread_blocked, id=7640, stack(0x0000002d31b00000,0x0000002d31c00000)]
  0x0000019071c3f8b0 JavaThread "Paper Async Chunk Task Thread #0" [_thread_blocked, id=11380, stack(0x0000002d31c00000,0x0000002d31d00000)]
  0x0000019071c3ba20 JavaThread "Paper Async Chunk Urgent Task Thread" [_thread_blocked, id=4520, stack(0x0000002d31d00000,0x0000002d31e00000)]
  0x0000019071c3e570 JavaThread "Server console handler" daemon [_thread_blocked, id=13616, stack(0x0000002d31e00000,0x0000002d31f00000)]
  0x0000019071c3b550 JavaThread "pool-4-thread-1" [_thread_blocked, id=14276, stack(0x0000002d31f00000,0x0000002d32000000)]
  0x00000190730fc240 JavaThread "Netty Server IO #0" daemon [_thread_in_native, id=12512, stack(0x0000002d32000000,0x0000002d32100000)]
=>0x000001906ec15be0 JavaThread "C2 CompilerThread1" daemon [_thread_in_native, id=13860, stack(0x0000002d31400000,0x0000002d31500000)]
  0x000001906ec3eef0 JavaThread "luckperms-worker-0" daemon [_thread_blocked, id=15040, stack(0x0000002d32300000,0x0000002d32400000)]
  0x000001906cbb3bd0 JavaThread "luckperms-worker-1" daemon [_thread_blocked, id=15352, stack(0x0000002d32400000,0x0000002d32500000)]
  0x000001906ec3f890 JavaThread "luckperms-worker-2" daemon [_thread_blocked, id=5272, stack(0x0000002d32500000,0x0000002d32600000)]
  0x000001906cbb3700 JavaThread "luckperms-worker-3" daemon [_thread_blocked, id=12184, stack(0x0000002d32600000,0x0000002d32700000)]
  0x00000190733ee3b0 JavaThread "luckperms-worker-4" daemon [_thread_in_Java, id=8188, stack(0x0000002d32700000,0x0000002d32800000)]
  0x000001906ec3e550 JavaThread "luckperms-scheduler" [_thread_blocked, id=13104, stack(0x0000002d32800000,0x0000002d32900000)]
  0x00000190733eda10 JavaThread "WorldEdit Session Manager" [_thread_blocked, id=13628, stack(0x0000002d32900000,0x0000002d32a00000)]
  0x000001906cbb1550 JavaThread "Okio Watchdog" daemon [_thread_blocked, id=7512, stack(0x0000002d32a00000,0x0000002d32b00000)]
  0x00000190733ed540 JavaThread "FileSystemWatchService" daemon [_thread_in_native, id=14668, stack(0x0000002d32b00000,0x0000002d32c00000)]
  0x000001906cecd950 JavaThread "luckperms-worker-5" daemon [_thread_in_vm, id=2144, stack(0x0000002d32c00000,0x0000002d32d00000)]
  0x000001906ec3ea20 JavaThread "MVStore background writer nio:C:/Users/paden/Desktop/minecraft server/Server/plugins/LuckPerms/luckperms-h2.mv.db" daemon [_thread_blocked, id=10940, stack(0x0000002d32f00000,0x0000002d33000000)]
  0x0000019071b7d840 JavaThread "OkHttp metadata.luckperms.net" daemon [_thread_in_native, id=4708, stack(0x0000002d32d00000,0x0000002d32e00000)]
  0x0000019071b7cea0 JavaThread "OkHttp ConnectionPool" daemon [_thread_blocked, id=12612, stack(0x0000002d33000000,0x0000002d33100000)]
  0x0000019071b7e1e0 JavaThread "OkHttp metadata.luckperms.net Writer" [_thread_blocked, id=9460, stack(0x0000002d33100000,0x0000002d33200000)]
  0x000001907b94cd90 JavaThread "AutoSaveWorld AutoSaveThread" [_thread_blocked, id=3268, stack(0x0000002d33200000,0x0000002d33300000)]
  0x000001907b94ef40 JavaThread "AutoSaveWorld AutoBackupThread" [_thread_blocked, id=14408, stack(0x0000002d33300000,0x0000002d33400000)]
  0x000001907b94e0d0 JavaThread "AutoSaveWorld AutoPurgeThread" [_thread_blocked, id=13568, stack(0x0000002d33400000,0x0000002d33500000)]
  0x000001907b94d730 JavaThread "AutoSaveWorld AutoRestartThread" [_thread_blocked, id=388, stack(0x0000002d33500000,0x0000002d33600000)]
  0x000001907b94ea70 JavaThread "AutoSaveWorld CrashRestartThread" [_thread_blocked, id=1092, stack(0x0000002d33600000,0x0000002d33700000)]
  0x000001907b94d260 JavaThread "AutoSaveWorld AutoConsoleCommandThread" [_thread_blocked, id=3304, stack(0x0000002d33700000,0x0000002d33800000)]
  0x000001906cbb1a20 JavaThread "OkHttp Http2Connection" daemon [_thread_blocked, id=7240, stack(0x0000002d33800000,0x0000002d33900000)]
  0x000001906cbb4570 JavaThread "Timer-0" daemon [_thread_blocked, id=8048, stack(0x0000002d33900000,0x0000002d33a00000)]

Other Threads:
  0x00000190494bbb70 VMThread "VM Thread" [stack: 0x0000002d2ed00000,0x0000002d2ee00000] [id=12760]
  0x0000019049442c50 WatcherThread [stack: 0x0000002d2f800000,0x0000002d2f900000] [id=6564]
  0x0000019049437060 GCTaskThread "GC Thread#0" [stack: 0x0000002d2e800000,0x0000002d2e900000] [id=13592]
  0x000001906b58b9f0 GCTaskThread "GC Thread#1" [stack: 0x0000002d2fa00000,0x0000002d2fb00000] [id=7348]
  0x000001906b58bca0 GCTaskThread "GC Thread#2" [stack: 0x0000002d2fb00000,0x0000002d2fc00000] [id=5620]
  0x000001906b58bf50 GCTaskThread "GC Thread#3" [stack: 0x0000002d2fc00000,0x0000002d2fd00000] [id=9564]
  0x000001904943bec0 ConcurrentGCThread "G1 Main Marker" [stack: 0x0000002d2e900000,0x0000002d2ea00000] [id=14628]
  0x000001904943cf80 ConcurrentGCThread "G1 Conc#0" [stack: 0x0000002d2ea00000,0x0000002d2eb00000] [id=13540]
  0x000001906b1fa020 ConcurrentGCThread "G1 Refine#0" [stack: 0x0000002d2eb00000,0x0000002d2ec00000] [id=8024]
  0x000001906eb07350 ConcurrentGCThread "G1 Refine#1" [stack: 0x0000002d30400000,0x0000002d30500000] [id=12976]
  0x000001906eb08a50 ConcurrentGCThread "G1 Refine#2" [stack: 0x0000002d30500000,0x0000002d30600000] [id=11256]
  0x000001906eb07bf0 ConcurrentGCThread "G1 Refine#3" [stack: 0x0000002d30600000,0x0000002d30700000] [id=9548]
  0x000001906b1fa6f0 ConcurrentGCThread "G1 Service" [stack: 0x0000002d2ec00000,0x0000002d2ed00000] [id=7272]

Threads with active compile tasks:
C2 CompilerThread0    25109 14028       4       com.mojang.datafixers.functions.PointFreeRule$CataFuseDifferent::doRewrite (452 bytes)
C1 CompilerThread0    25109 14132       2       com.mojang.datafixers.types.Type::readAndWrite (91 bytes)
C2 CompilerThread1    25109 13750       4       org.objectweb.asm.ClassWriter::toByteArray (1535 bytes)

VM state: not at safepoint (normal execution)

VM Mutex/Monitor currently owned by a thread:  ([mutex/lock_event])
[0x00000190493ed2e0] CompiledIC_lock - owner thread: 0x0000000000000000

Heap address: 0x0000000740000000, size: 3072 MB, Compressed Oops mode: Zero based, Oop shift amount: 3

CDS archive(s) mapped at: [0x0000000800000000-0x0000000800bc0000-0x0000000800bc0000), size 12320768, SharedBaseAddress: 0x0000000800000000, ArchiveRelocationMode: 0.
Compressed class space mapped at: 0x0000000800c00000-0x0000000840c00000, reserved size: 1073741824
Narrow klass base: 0x0000000800000000, Narrow klass shift: 0, Narrow klass range: 0x100000000

GC Precious Log:
 CPUs: 4 total, 4 available
 Memory: 8140M
 Large Page Support: Disabled
 NUMA Support: Disabled
 Compressed Oops: Enabled (Zero based)
 Heap Region Size: 8M
 Heap Min Capacity: 1G
 Heap Initial Capacity: 1G
 Heap Max Capacity: 3G
 Pre-touch: Enabled
 Parallel Workers: 4
 Concurrent Workers: 1
 Concurrent Refinement Workers: 4
 Periodic GC: Disabled

Heap:
 garbage-first heap   total 1048576K, used 444018K [0x0000000740000000, 0x0000000800000000)
  region size 8192K, 27 young (221184K), 2 survivors (16384K)
 Metaspace       used 117035K, committed 118080K, reserved 1155072K
  class space    used 17362K, committed 17792K, reserved 1048576K

Heap Regions: E=young(eden), S=young(survivor), O=old, HS=humongous(starts), HC=humongous(continues), CS=collection set, F=free, OA=open archive, CA=closed archive, TAMS=top-at-mark-start (previous, next)
|   0|0x0000000740000000, 0x0000000740800000, 0x0000000740800000|100%| O|  |TAMS 0x0000000740800000, 0x0000000740000000| Untracked 
|   1|0x0000000740800000, 0x0000000741000000, 0x0000000741000000|100%| O|  |TAMS 0x0000000741000000, 0x0000000740800000| Untracked 
|   2|0x0000000741000000, 0x0000000741800000, 0x0000000741800000|100%| O|  |TAMS 0x0000000741800000, 0x0000000741000000| Untracked 
|   3|0x0000000741800000, 0x0000000742000000, 0x0000000742000000|100%|HS|  |TAMS 0x0000000742000000, 0x0000000741800000| Complete 
|   4|0x0000000742000000, 0x0000000742800000, 0x0000000742800000|100%|HC|  |TAMS 0x0000000742800000, 0x0000000742000000| Complete 
|   5|0x0000000742800000, 0x0000000743000000, 0x0000000743000000|100%| O|  |TAMS 0x0000000743000000, 0x0000000742800000| Untracked 
|   6|0x0000000743000000, 0x0000000743800000, 0x0000000743800000|100%| O|  |TAMS 0x0000000743800000, 0x0000000743000000| Untracked 
|   7|0x0000000743800000, 0x0000000744000000, 0x0000000744000000|100%| O|  |TAMS 0x0000000744000000, 0x0000000743800000| Untracked 
|   8|0x0000000744000000, 0x0000000744800000, 0x0000000744800000|100%| O|  |TAMS 0x0000000744800000, 0x0000000744000000| Untracked 
|   9|0x0000000744800000, 0x0000000745000000, 0x0000000745000000|100%| O|  |TAMS 0x0000000745000000, 0x0000000744800000| Untracked 
|  10|0x0000000745000000, 0x0000000745800000, 0x0000000745800000|100%| O|  |TAMS 0x0000000745800000, 0x0000000745000000| Untracked 
|  11|0x0000000745800000, 0x0000000746000000, 0x0000000746000000|100%| O|  |TAMS 0x0000000746000000, 0x0000000745800000| Untracked 
|  12|0x0000000746000000, 0x0000000746800000, 0x0000000746800000|100%| O|  |TAMS 0x0000000746800000, 0x0000000746000000| Untracked 
|  13|0x0000000746800000, 0x0000000747000000, 0x0000000747000000|100%| O|  |TAMS 0x0000000747000000, 0x0000000746800000| Untracked 
|  14|0x0000000747000000, 0x0000000747800000, 0x0000000747800000|100%| O|  |TAMS 0x0000000747800000, 0x0000000747000000| Untracked 
|  15|0x0000000747800000, 0x0000000748000000, 0x0000000748000000|100%| O|  |TAMS 0x0000000748000000, 0x0000000747800000| Untracked 
|  16|0x0000000748000000, 0x0000000748800000, 0x0000000748800000|100%| O|  |TAMS 0x0000000748800000, 0x0000000748000000| Untracked 
|  17|0x0000000748800000, 0x0000000749000000, 0x0000000749000000|100%| O|  |TAMS 0x0000000749000000, 0x0000000748800000| Untracked 
|  18|0x0000000749000000, 0x0000000749800000, 0x0000000749800000|100%| O|  |TAMS 0x0000000749800000, 0x0000000749000000| Untracked 
|  19|0x0000000749800000, 0x000000074a000000, 0x000000074a000000|100%| O|  |TAMS 0x000000074a000000, 0x0000000749800000| Untracked 
|  20|0x000000074a000000, 0x000000074a800000, 0x000000074a800000|100%| O|  |TAMS 0x000000074a800000, 0x000000074a000000| Untracked 
|  21|0x000000074a800000, 0x000000074b000000, 0x000000074b000000|100%| O|  |TAMS 0x000000074b000000, 0x000000074a800000| Untracked 
|  22|0x000000074b000000, 0x000000074b800000, 0x000000074b800000|100%| O|  |TAMS 0x000000074b800000, 0x000000074b000000| Untracked 
|  23|0x000000074b800000, 0x000000074c000000, 0x000000074c000000|100%| O|  |TAMS 0x000000074c000000, 0x000000074b800000| Untracked 
|  24|0x000000074c000000, 0x000000074c800000, 0x000000074c800000|100%| O|  |TAMS 0x000000074c800000, 0x000000074c000000| Untracked 
|  25|0x000000074c800000, 0x000000074d000000, 0x000000074d000000|100%| O|  |TAMS 0x000000074d000000, 0x000000074c800000| Untracked 
|  26|0x000000074d000000, 0x000000074d800000, 0x000000074d800000|100%| O|  |TAMS 0x000000074d481800, 0x000000074d000000| Untracked 
|  27|0x000000074d800000, 0x000000074e000000, 0x000000074e000000|100%| O|  |TAMS 0x000000074d800000, 0x000000074d800000| Untracked 
|  28|0x000000074e000000, 0x000000074e4d0000, 0x000000074e800000| 60%| O|  |TAMS 0x000000074e000000, 0x000000074e000000| Untracked 
|  29|0x000000074e800000, 0x000000074e800000, 0x000000074f000000|  0%| F|  |TAMS 0x000000074e800000, 0x000000074e800000| Untracked 
|  30|0x000000074f000000, 0x000000074f000000, 0x000000074f800000|  0%| F|  |TAMS 0x000000074f000000, 0x000000074f000000| Untracked 
|  31|0x000000074f800000, 0x000000074f800000, 0x0000000750000000|  0%| F|  |TAMS 0x000000074f800000, 0x000000074f800000| Untracked 
|  32|0x0000000750000000, 0x0000000750000000, 0x0000000750800000|  0%| F|  |TAMS 0x0000000750000000, 0x0000000750000000| Untracked 
|  33|0x0000000750800000, 0x0000000750800000, 0x0000000751000000|  0%| F|  |TAMS 0x0000000750800000, 0x0000000750800000| Untracked 
|  34|0x0000000751000000, 0x0000000751000000, 0x0000000751800000|  0%| F|  |TAMS 0x0000000751000000, 0x0000000751000000| Untracked 
|  35|0x0000000751800000, 0x0000000751800000, 0x0000000752000000|  0%| F|  |TAMS 0x0000000751800000, 0x0000000751800000| Untracked 
|  36|0x0000000752000000, 0x0000000752000000, 0x0000000752800000|  0%| F|  |TAMS 0x0000000752000000, 0x0000000752000000| Untracked 
|  37|0x0000000752800000, 0x0000000752800000, 0x0000000753000000|  0%| F|  |TAMS 0x0000000752800000, 0x0000000752800000| Untracked 
|  38|0x0000000753000000, 0x0000000753000000, 0x0000000753800000|  0%| F|  |TAMS 0x0000000753000000, 0x0000000753000000| Untracked 
|  39|0x0000000753800000, 0x0000000753800000, 0x0000000754000000|  0%| F|  |TAMS 0x0000000753800000, 0x0000000753800000| Untracked 
|  40|0x0000000754000000, 0x0000000754000000, 0x0000000754800000|  0%| F|  |TAMS 0x0000000754000000, 0x0000000754000000| Untracked 
|  41|0x0000000754800000, 0x0000000754800000, 0x0000000755000000|  0%| F|  |TAMS 0x0000000754800000, 0x0000000754800000| Untracked 
|  42|0x0000000755000000, 0x0000000755000000, 0x0000000755800000|  0%| F|  |TAMS 0x0000000755000000, 0x0000000755000000| Untracked 
|  43|0x0000000755800000, 0x0000000755800000, 0x0000000756000000|  0%| F|  |TAMS 0x0000000755800000, 0x0000000755800000| Untracked 
|  44|0x0000000756000000, 0x0000000756000000, 0x0000000756800000|  0%| F|  |TAMS 0x0000000756000000, 0x0000000756000000| Untracked 
|  45|0x0000000756800000, 0x0000000756800000, 0x0000000757000000|  0%| F|  |TAMS 0x0000000756800000, 0x0000000756800000| Untracked 
|  46|0x0000000757000000, 0x0000000757000000, 0x0000000757800000|  0%| F|  |TAMS 0x0000000757000000, 0x0000000757000000| Untracked 
|  47|0x0000000757800000, 0x0000000757800000, 0x0000000758000000|  0%| F|  |TAMS 0x0000000757800000, 0x0000000757800000| Untracked 
|  48|0x0000000758000000, 0x0000000758000000, 0x0000000758800000|  0%| F|  |TAMS 0x0000000758000000, 0x0000000758000000| Untracked 
|  49|0x0000000758800000, 0x0000000758800000, 0x0000000759000000|  0%| F|  |TAMS 0x0000000758800000, 0x0000000758800000| Untracked 
|  50|0x0000000759000000, 0x0000000759000000, 0x0000000759800000|  0%| F|  |TAMS 0x0000000759000000, 0x0000000759000000| Untracked 
|  51|0x0000000759800000, 0x0000000759800000, 0x000000075a000000|  0%| F|  |TAMS 0x0000000759800000, 0x0000000759800000| Untracked 
|  52|0x000000075a000000, 0x000000075a000000, 0x000000075a800000|  0%| F|  |TAMS 0x000000075a000000, 0x000000075a000000| Untracked 
|  53|0x000000075a800000, 0x000000075a800000, 0x000000075b000000|  0%| F|  |TAMS 0x000000075a800000, 0x000000075a800000| Untracked 
|  54|0x000000075b000000, 0x000000075b000000, 0x000000075b800000|  0%| F|  |TAMS 0x000000075b000000, 0x000000075b000000| Untracked 
|  55|0x000000075b800000, 0x000000075b800000, 0x000000075c000000|  0%| F|  |TAMS 0x000000075b800000, 0x000000075b800000| Untracked 
|  56|0x000000075c000000, 0x000000075c000000, 0x000000075c800000|  0%| F|  |TAMS 0x000000075c000000, 0x000000075c000000| Untracked 
|  57|0x000000075c800000, 0x000000075c800000, 0x000000075d000000|  0%| F|  |TAMS 0x000000075c800000, 0x000000075c800000| Untracked 
|  58|0x000000075d000000, 0x000000075d000000, 0x000000075d800000|  0%| F|  |TAMS 0x000000075d000000, 0x000000075d000000| Untracked 
|  59|0x000000075d800000, 0x000000075d800000, 0x000000075e000000|  0%| F|  |TAMS 0x000000075d800000, 0x000000075d800000| Untracked 
|  60|0x000000075e000000, 0x000000075e000000, 0x000000075e800000|  0%| F|  |TAMS 0x000000075e000000, 0x000000075e000000| Untracked 
|  61|0x000000075e800000, 0x000000075e800000, 0x000000075f000000|  0%| F|  |TAMS 0x000000075e800000, 0x000000075e800000| Untracked 
|  62|0x000000075f000000, 0x000000075f000000, 0x000000075f800000|  0%| F|  |TAMS 0x000000075f000000, 0x000000075f000000| Untracked 
|  63|0x000000075f800000, 0x000000075f800000, 0x0000000760000000|  0%| F|  |TAMS 0x000000075f800000, 0x000000075f800000| Untracked 
|  64|0x0000000760000000, 0x0000000760000000, 0x0000000760800000|  0%| F|  |TAMS 0x0000000760000000, 0x0000000760000000| Untracked 
|  65|0x0000000760800000, 0x0000000760800000, 0x0000000761000000|  0%| F|  |TAMS 0x0000000760800000, 0x0000000760800000| Untracked 
|  66|0x0000000761000000, 0x0000000761000000, 0x0000000761800000|  0%| F|  |TAMS 0x0000000761000000, 0x0000000761000000| Untracked 
|  67|0x0000000761800000, 0x0000000761800000, 0x0000000762000000|  0%| F|  |TAMS 0x0000000761800000, 0x0000000761800000| Untracked 
|  68|0x0000000762000000, 0x0000000762000000, 0x0000000762800000|  0%| F|  |TAMS 0x0000000762000000, 0x0000000762000000| Untracked 
|  69|0x0000000762800000, 0x0000000762800000, 0x0000000763000000|  0%| F|  |TAMS 0x0000000762800000, 0x0000000762800000| Untracked 
|  70|0x0000000763000000, 0x0000000763000000, 0x0000000763800000|  0%| F|  |TAMS 0x0000000763000000, 0x0000000763000000| Untracked 
|  71|0x0000000763800000, 0x0000000763800000, 0x0000000764000000|  0%| F|  |TAMS 0x0000000763800000, 0x0000000763800000| Untracked 
|  72|0x0000000764000000, 0x0000000764000000, 0x0000000764800000|  0%| F|  |TAMS 0x0000000764000000, 0x0000000764000000| Untracked 
|  73|0x0000000764800000, 0x0000000764800000, 0x0000000765000000|  0%| F|  |TAMS 0x0000000764800000, 0x0000000764800000| Untracked 
|  74|0x0000000765000000, 0x0000000765000000, 0x0000000765800000|  0%| F|  |TAMS 0x0000000765000000, 0x0000000765000000| Untracked 
|  75|0x0000000765800000, 0x0000000765800000, 0x0000000766000000|  0%| F|  |TAMS 0x0000000765800000, 0x0000000765800000| Untracked 
|  76|0x0000000766000000, 0x0000000766000000, 0x0000000766800000|  0%| F|  |TAMS 0x0000000766000000, 0x0000000766000000| Untracked 
|  77|0x0000000766800000, 0x0000000766ccc8e0, 0x0000000767000000| 59%| S|CS|TAMS 0x0000000766800000, 0x0000000766800000| Complete 
|  78|0x0000000767000000, 0x0000000767800000, 0x0000000767800000|100%| S|CS|TAMS 0x0000000767000000, 0x0000000767000000| Complete 
|  79|0x0000000767800000, 0x0000000767800000, 0x0000000768000000|  0%| F|  |TAMS 0x0000000767800000, 0x0000000767800000| Untracked 
|  80|0x0000000768000000, 0x0000000768000000, 0x0000000768800000|  0%| F|  |TAMS 0x0000000768000000, 0x0000000768000000| Untracked 
|  81|0x0000000768800000, 0x0000000768800000, 0x0000000769000000|  0%| F|  |TAMS 0x0000000768800000, 0x0000000768800000| Untracked 
|  82|0x0000000769000000, 0x0000000769000000, 0x0000000769800000|  0%| F|  |TAMS 0x0000000769000000, 0x0000000769000000| Untracked 
|  83|0x0000000769800000, 0x0000000769800000, 0x000000076a000000|  0%| F|  |TAMS 0x0000000769800000, 0x0000000769800000| Untracked 
|  84|0x000000076a000000, 0x000000076a000000, 0x000000076a800000|  0%| F|  |TAMS 0x000000076a000000, 0x000000076a000000| Untracked 
|  85|0x000000076a800000, 0x000000076a800000, 0x000000076b000000|  0%| F|  |TAMS 0x000000076a800000, 0x000000076a800000| Untracked 
|  86|0x000000076b000000, 0x000000076b000000, 0x000000076b800000|  0%| F|  |TAMS 0x000000076b000000, 0x000000076b000000| Untracked 
|  87|0x000000076b800000, 0x000000076b800000, 0x000000076c000000|  0%| F|  |TAMS 0x000000076b800000, 0x000000076b800000| Untracked 
|  88|0x000000076c000000, 0x000000076c000000, 0x000000076c800000|  0%| F|  |TAMS 0x000000076c000000, 0x000000076c000000| Untracked 
|  89|0x000000076c800000, 0x000000076c800000, 0x000000076d000000|  0%| F|  |TAMS 0x000000076c800000, 0x000000076c800000| Untracked 
|  90|0x000000076d000000, 0x000000076d000000, 0x000000076d800000|  0%| F|  |TAMS 0x000000076d000000, 0x000000076d000000| Untracked 
|  91|0x000000076d800000, 0x000000076d800000, 0x000000076e000000|  0%| F|  |TAMS 0x000000076d800000, 0x000000076d800000| Untracked 
|  92|0x000000076e000000, 0x000000076e000000, 0x000000076e800000|  0%| F|  |TAMS 0x000000076e000000, 0x000000076e000000| Untracked 
|  93|0x000000076e800000, 0x000000076e800000, 0x000000076f000000|  0%| F|  |TAMS 0x000000076e800000, 0x000000076e800000| Untracked 
|  94|0x000000076f000000, 0x000000076f000000, 0x000000076f800000|  0%| F|  |TAMS 0x000000076f000000, 0x000000076f000000| Untracked 
|  95|0x000000076f800000, 0x000000076f800000, 0x0000000770000000|  0%| F|  |TAMS 0x000000076f800000, 0x000000076f800000| Untracked 
|  96|0x0000000770000000, 0x0000000770000000, 0x0000000770800000|  0%| F|  |TAMS 0x0000000770000000, 0x0000000770000000| Untracked 
|  97|0x0000000770800000, 0x0000000770800000, 0x0000000771000000|  0%| F|  |TAMS 0x0000000770800000, 0x0000000770800000| Untracked 
|  98|0x0000000771000000, 0x0000000771000000, 0x0000000771800000|  0%| F|  |TAMS 0x0000000771000000, 0x0000000771000000| Untracked 
|  99|0x0000000771800000, 0x0000000771800000, 0x0000000772000000|  0%| F|  |TAMS 0x0000000771800000, 0x0000000771800000| Untracked 
| 100|0x0000000772000000, 0x0000000772000000, 0x0000000772800000|  0%| F|  |TAMS 0x0000000772000000, 0x0000000772000000| Untracked 
| 101|0x0000000772800000, 0x0000000772800000, 0x0000000773000000|  0%| F|  |TAMS 0x0000000772800000, 0x0000000772800000| Untracked 
| 102|0x0000000773000000, 0x0000000773000000, 0x0000000773800000|  0%| F|  |TAMS 0x0000000773000000, 0x0000000773000000| Untracked 
| 103|0x0000000773800000, 0x0000000773dc7c38, 0x0000000774000000| 83%| E|  |TAMS 0x0000000773800000, 0x0000000773800000| Complete 
| 104|0x0000000774000000, 0x0000000774800000, 0x0000000774800000|100%| E|CS|TAMS 0x0000000774000000, 0x0000000774000000| Complete 
| 105|0x0000000774800000, 0x0000000775000000, 0x0000000775000000|100%| E|CS|TAMS 0x0000000774800000, 0x0000000774800000| Complete 
| 106|0x0000000775000000, 0x0000000775800000, 0x0000000775800000|100%| E|CS|TAMS 0x0000000775000000, 0x0000000775000000| Complete 
| 107|0x0000000775800000, 0x0000000776000000, 0x0000000776000000|100%| E|CS|TAMS 0x0000000775800000, 0x0000000775800000| Complete 
| 108|0x0000000776000000, 0x0000000776800000, 0x0000000776800000|100%| E|CS|TAMS 0x0000000776000000, 0x0000000776000000| Complete 
| 109|0x0000000776800000, 0x0000000777000000, 0x0000000777000000|100%| E|CS|TAMS 0x0000000776800000, 0x0000000776800000| Complete 
| 110|0x0000000777000000, 0x0000000777800000, 0x0000000777800000|100%| E|CS|TAMS 0x0000000777000000, 0x0000000777000000| Complete 
| 111|0x0000000777800000, 0x0000000778000000, 0x0000000778000000|100%| E|CS|TAMS 0x0000000777800000, 0x0000000777800000| Complete 
| 112|0x0000000778000000, 0x0000000778800000, 0x0000000778800000|100%| E|CS|TAMS 0x0000000778000000, 0x0000000778000000| Complete 
| 113|0x0000000778800000, 0x0000000779000000, 0x0000000779000000|100%| E|CS|TAMS 0x0000000778800000, 0x0000000778800000| Complete 
| 114|0x0000000779000000, 0x0000000779800000, 0x0000000779800000|100%| E|CS|TAMS 0x0000000779000000, 0x0000000779000000| Complete 
| 115|0x0000000779800000, 0x000000077a000000, 0x000000077a000000|100%| E|CS|TAMS 0x0000000779800000, 0x0000000779800000| Complete 
| 116|0x000000077a000000, 0x000000077a800000, 0x000000077a800000|100%| E|CS|TAMS 0x000000077a000000, 0x000000077a000000| Complete 
| 117|0x000000077a800000, 0x000000077b000000, 0x000000077b000000|100%| E|CS|TAMS 0x000000077a800000, 0x000000077a800000| Complete 
| 118|0x000000077b000000, 0x000000077b800000, 0x000000077b800000|100%| E|CS|TAMS 0x000000077b000000, 0x000000077b000000| Complete 
| 119|0x000000077b800000, 0x000000077c000000, 0x000000077c000000|100%| E|CS|TAMS 0x000000077b800000, 0x000000077b800000| Complete 
| 120|0x000000077c000000, 0x000000077c800000, 0x000000077c800000|100%| E|CS|TAMS 0x000000077c000000, 0x000000077c000000| Complete 
| 121|0x000000077c800000, 0x000000077d000000, 0x000000077d000000|100%| E|CS|TAMS 0x000000077c800000, 0x000000077c800000| Complete 
| 122|0x000000077d000000, 0x000000077d800000, 0x000000077d800000|100%| E|CS|TAMS 0x000000077d000000, 0x000000077d000000| Complete 
| 123|0x000000077d800000, 0x000000077e000000, 0x000000077e000000|100%| E|CS|TAMS 0x000000077d800000, 0x000000077d800000| Complete 
| 124|0x000000077e000000, 0x000000077e800000, 0x000000077e800000|100%| E|CS|TAMS 0x000000077e000000, 0x000000077e000000| Complete 
| 125|0x000000077e800000, 0x000000077f000000, 0x000000077f000000|100%| E|CS|TAMS 0x000000077e800000, 0x000000077e800000| Complete 
| 126|0x000000077f000000, 0x000000077f800000, 0x000000077f800000|100%| E|CS|TAMS 0x000000077f000000, 0x000000077f000000| Complete 
| 127|0x000000077f800000, 0x0000000780000000, 0x0000000780000000|100%| E|CS|TAMS 0x000000077f800000, 0x000000077f800000| Complete 

Card table byte_map: [0x00000190620a0000,0x00000190626a0000] _byte_map_base: 0x000001905e6a0000

Marking Bits (Prev, Next): (CMBitMap*) 0x00000190494385d0, (CMBitMap*) 0x0000019049438590
 Prev Bits: [0x0000019065ca0000, 0x0000019068ca0000)
 Next Bits: [0x0000019062ca0000, 0x0000019065ca0000)

Polling page: 0x0000019049260000

Metaspace:

Usage:
  Non-class:     97.35 MB used.
      Class:     16.96 MB used.
       Both:    114.31 MB used.

Virtual space:
  Non-class space:      104.00 MB reserved,      97.94 MB ( 94%) committed,  13 nodes.
      Class space:        1.00 GB reserved,      17.38 MB (  2%) committed,  1 nodes.
             Both:        1.10 GB reserved,     115.31 MB ( 10%) committed. 

Chunk freelists:
   Non-Class:  1.39 MB
       Class:  2.58 MB
        Both:  3.97 MB

MaxMetaspaceSize: unlimited
CompressedClassSpaceSize: 1.00 GB
Initial GC threshold: 21.00 MB
Current GC threshold: 185.88 MB
CDS: on
MetaspaceReclaimPolicy: balanced
 - commit_granule_bytes: 65536.
 - commit_granule_words: 8192.
 - virtual_space_node_default_size: 1048576.
 - enlarge_chunks_in_place: 1.
 - new_chunks_are_fully_committed: 0.
 - uncommit_free_chunks: 1.
 - use_allocation_guard: 0.
 - handle_deallocations: 1.


Internal statistics:

num_allocs_failed_limit: 15.
num_arena_births: 1242.
num_arena_deaths: 0.
num_vsnodes_births: 14.
num_vsnodes_deaths: 0.
num_space_committed: 1842.
num_space_uncommitted: 0.
num_chunks_returned_to_freelist: 15.
num_chunks_taken_from_freelist: 5433.
num_chunk_merges: 15.
num_chunk_splits: 3737.
num_chunks_enlarged: 2748.
num_purges: 0.
num_inconsistent_stats: 0.

CodeHeap 'non-profiled nmethods': size=120000Kb used=7992Kb max_used=8411Kb free=112007Kb
 bounds [0x0000019059f50000, 0x000001905a790000, 0x0000019061480000]
CodeHeap 'profiled nmethods': size=120000Kb used=18540Kb max_used=18548Kb free=101459Kb
 bounds [0x0000019052a20000, 0x0000019053c40000, 0x0000019059f50000]
CodeHeap 'non-nmethods': size=5760Kb used=1812Kb max_used=1883Kb free=3947Kb
 bounds [0x0000019052480000, 0x00000190526f0000, 0x0000019052a20000]
 total_blobs=11884 nmethods=10600 adapters=1196
 compilation: enabled
              stopped_count=0, restarted_count=0
 full_count=0

Compilation events (20 events):
Event: 24.998 Thread 0x000001906b2a91d0 14064       2       org.bukkit.craftbukkit.v1_18_R2.block.data.CraftBlockData$$Lambda$5924/0x0000000801d31e80::apply (12 bytes)
Event: 24.998 Thread 0x000001906b2a91d0 nmethod 14064 0x0000019053a55410 code [0x0000019053a555a0, 0x0000019053a55798]
Event: 24.998 Thread 0x000001906b2a91d0 14065       2       org.bukkit.craftbukkit.v1_18_R2.block.impl.CraftFire::<init> (6 bytes)
Event: 24.998 Thread 0x000001906b2a91d0 nmethod 14065 0x0000019053a55090 code [0x0000019053a55220, 0x0000019053a55378]
Event: 25.000 Thread 0x000001906b2a91d0 14066       1       net.minecraft.world.level.block.state.properties.BlockPropertyHalf::c (5 bytes)
Event: 25.000 Thread 0x000001906b2a91d0 nmethod 14066 0x000001905a238c10 code [0x000001905a238da0, 0x000001905a238e78]
Event: 25.001 Thread 0x000001906b2a91d0 14067       1       net.minecraft.world.level.block.state.properties.BlockPropertyRedstoneSide::c (5 bytes)
Event: 25.001 Thread 0x000001906b2a91d0 nmethod 14067 0x000001905a238790 code [0x000001905a238920, 0x000001905a2389f8]
Event: 25.002 Thread 0x000001906b2a91d0 14069       2       org.bukkit.craftbukkit.v1_18_R2.block.data.CraftBlockData$$Lambda$5962/0x0000000801d43a18::apply (12 bytes)
Event: 25.002 Thread 0x000001906b2a91d0 nmethod 14069 0x0000019053a54c10 code [0x0000019053a54da0, 0x0000019053a54f98]
Event: 25.002 Thread 0x000001906b2a91d0 14070       2       org.bukkit.craftbukkit.v1_18_R2.block.impl.CraftRedstoneWire::<init> (6 bytes)
Event: 25.002 Thread 0x000001906b2a91d0 nmethod 14070 0x0000019053a54890 code [0x0000019053a54a20, 0x0000019053a54b78]
Event: 25.009 Thread 0x000001906b2a91d0 14071 %     3       org.bukkit.craftbukkit.v1_18_R2.block.data.CraftBlockData::getState @ 10 (115 bytes)
Event: 25.010 Thread 0x000001906b2a91d0 nmethod 14071% 0x0000019053a52590 code [0x0000019053a528e0, 0x0000019053a541e8]
Event: 25.011 Thread 0x000001906b2a91d0 14072       3       org.bukkit.craftbukkit.v1_18_R2.block.data.CraftBlockData::getState (115 bytes)
Event: 25.012 Thread 0x000001906b2a91d0 nmethod 14072 0x00000190536f3f10 code [0x00000190536f4280, 0x00000190536f5d58]
Event: 25.014 Thread 0x000001906b2a91d0 14073       2       org.bukkit.craftbukkit.v1_18_R2.block.data.CraftBlockData$$Lambda$5992/0x0000000801d4e210::apply (12 bytes)
Event: 25.014 Thread 0x000001906b2a91d0 nmethod 14073 0x0000019053a52110 code [0x0000019053a522a0, 0x0000019053a52498]
Event: 25.014 Thread 0x000001906b2a91d0 14074       2       org.bukkit.craftbukkit.v1_18_R2.block.impl.CraftTrapdoor::<init> (6 bytes)
Event: 25.014 Thread 0x000001906b2a91d0 nmethod 14074 0x0000019053a51d90 code [0x0000019053a51f20, 0x0000019053a52078]

GC Heap History (20 events):
Event: 10.264 GC heap before
{Heap before GC invocations=9 (full 0):
 garbage-first heap   total 1048576K, used 401408K [0x0000000740000000, 0x0000000800000000)
  region size 8192K, 38 young (311296K), 2 survivors (16384K)
 Metaspace       used 55468K, committed 56064K, reserved 1097728K
  class space    used 8170K, committed 8448K, reserved 1048576K
}
Event: 10.292 GC heap after
{Heap after GC invocations=10 (full 0):
 garbage-first heap   total 1048576K, used 133949K [0x0000000740000000, 0x0000000800000000)
  region size 8192K, 2 young (16384K), 2 survivors (16384K)
 Metaspace       used 55468K, committed 56064K, reserved 1097728K
  class space    used 8170K, committed 8448K, reserved 1048576K
}
Event: 11.674 GC heap before
{Heap before GC invocations=11 (full 0):
 garbage-first heap   total 1048576K, used 428861K [0x0000000740000000, 0x0000000800000000)
  region size 8192K, 38 young (311296K), 2 survivors (16384K)
 Metaspace       used 57643K, committed 58304K, reserved 1105920K
  class space    used 8470K, committed 8768K, reserved 1048576K
}
Event: 11.704 GC heap after
{Heap after GC invocations=12 (full 0):
 garbage-first heap   total 1048576K, used 155648K [0x0000000740000000, 0x0000000800000000)
  region size 8192K, 2 young (16384K), 2 survivors (16384K)
 Metaspace       used 57643K, committed 58304K, reserved 1105920K
  class space    used 8470K, committed 8768K, reserved 1048576K
}
Event: 15.344 GC heap before
{Heap before GC invocations=12 (full 0):
 garbage-first heap   total 1048576K, used 450560K [0x0000000740000000, 0x0000000800000000)
  region size 8192K, 38 young (311296K), 2 survivors (16384K)
 Metaspace       used 83331K, committed 84032K, reserved 1122304K
  class space    used 11083K, committed 11392K, reserved 1048576K
}
Event: 15.391 GC heap after
{Heap after GC invocations=13 (full 0):
 garbage-first heap   total 1048576K, used 184335K [0x0000000740000000, 0x0000000800000000)
  region size 8192K, 2 young (16384K), 2 survivors (16384K)
 Metaspace       used 83331K, committed 84032K, reserved 1122304K
  class space    used 11083K, committed 11392K, reserved 1048576K
}
Event: 16.233 GC heap before
{Heap before GC invocations=13 (full 0):
 garbage-first heap   total 1048576K, used 471055K [0x0000000740000000, 0x0000000800000000)
  region size 8192K, 38 young (311296K), 2 survivors (16384K)
 Metaspace       used 83437K, committed 84224K, reserved 1122304K
  class space    used 11086K, committed 11456K, reserved 1048576K
}
Event: 16.270 GC heap after
{Heap after GC invocations=14 (full 0):
 garbage-first heap   total 1048576K, used 204800K [0x0000000740000000, 0x0000000800000000)
  region size 8192K, 2 young (16384K), 2 survivors (16384K)
 Metaspace       used 83437K, committed 84224K, reserved 1122304K
  class space    used 11086K, committed 11456K, reserved 1048576K
}
Event: 17.595 GC heap before
{Heap before GC invocations=15 (full 0):
 garbage-first heap   total 1048576K, used 606208K [0x0000000740000000, 0x0000000800000000)
  region size 8192K, 51 young (417792K), 2 survivors (16384K)
 Metaspace       used 83903K, committed 84608K, reserved 1122304K
  class space    used 11149K, committed 11456K, reserved 1048576K
}
Event: 17.611 GC heap after
{Heap after GC invocations=16 (full 0):
 garbage-first heap   total 1048576K, used 211351K [0x0000000740000000, 0x0000000800000000)
  region size 8192K, 1 young (8192K), 1 survivors (8192K)
 Metaspace       used 83903K, committed 84608K, reserved 1122304K
  class space    used 11149K, committed 11456K, reserved 1048576K
}
Event: 18.048 GC heap before
{Heap before GC invocations=16 (full 0):
 garbage-first heap   total 1048576K, used 620951K [0x0000000740000000, 0x0000000800000000)
  region size 8192K, 51 young (417792K), 1 survivors (8192K)
 Metaspace       used 83934K, committed 84672K, reserved 1122304K
  class space    used 11152K, committed 11456K, reserved 1048576K
}
Event: 18.051 GC heap after
{Heap after GC invocations=17 (full 0):
 garbage-first heap   total 1048576K, used 212517K [0x0000000740000000, 0x0000000800000000)
  region size 8192K, 1 young (8192K), 1 survivors (8192K)
 Metaspace       used 83934K, committed 84672K, reserved 1122304K
  class space    used 11152K, committed 11456K, reserved 1048576K
}
Event: 18.504 GC heap before
{Heap before GC invocations=18 (full 0):
 garbage-first heap   total 1048576K, used 622117K [0x0000000740000000, 0x0000000800000000)
  region size 8192K, 51 young (417792K), 1 survivors (8192K)
 Metaspace       used 83967K, committed 84672K, reserved 1122304K
  class space    used 11152K, committed 11456K, reserved 1048576K
}
Event: 18.506 GC heap after
{Heap after GC invocations=19 (full 0):
 garbage-first heap   total 1048576K, used 213004K [0x0000000740000000, 0x0000000800000000)
  region size 8192K, 1 young (8192K), 1 survivors (8192K)
 Metaspace       used 83967K, committed 84672K, reserved 1122304K
  class space    used 11152K, committed 11456K, reserved 1048576K
}
Event: 18.893 GC heap before
{Heap before GC invocations=19 (full 0):
 garbage-first heap   total 1048576K, used 622604K [0x0000000740000000, 0x0000000800000000)
  region size 8192K, 51 young (417792K), 1 survivors (8192K)
 Metaspace       used 84037K, committed 84800K, reserved 1122304K
  class space    used 11168K, committed 11520K, reserved 1048576K
}
Event: 18.895 GC heap after
{Heap after GC invocations=20 (full 0):
 garbage-first heap   total 1048576K, used 213286K [0x0000000740000000, 0x0000000800000000)
  region size 8192K, 1 young (8192K), 1 survivors (8192K)
 Metaspace       used 84037K, committed 84800K, reserved 1122304K
  class space    used 11168K, committed 11520K, reserved 1048576K
}
Event: 20.522 GC heap before
{Heap before GC invocations=21 (full 0):
 garbage-first heap   total 1048576K, used 622886K [0x0000000740000000, 0x0000000800000000)
  region size 8192K, 51 young (417792K), 1 survivors (8192K)
 Metaspace       used 89413K, committed 90432K, reserved 1130496K
  class space    used 11829K, committed 12288K, reserved 1048576K
}
Event: 20.537 GC heap after
{Heap after GC invocations=22 (full 0):
 garbage-first heap   total 1048576K, used 233990K [0x0000000740000000, 0x0000000800000000)
  region size 8192K, 2 young (16384K), 2 survivors (16384K)
 Metaspace       used 89413K, committed 90432K, reserved 1130496K
  class space    used 11829K, committed 12288K, reserved 1048576K
}
Event: 24.106 GC heap before
{Heap before GC invocations=22 (full 0):
 garbage-first heap   total 1048576K, used 635398K [0x0000000740000000, 0x0000000800000000)
  region size 8192K, 51 young (417792K), 2 survivors (16384K)
 Metaspace       used 112124K, committed 113152K, reserved 1146880K
  class space    used 16537K, committed 16960K, reserved 1048576K
}
Event: 24.127 GC heap after
{Heap after GC invocations=23 (full 0):
 garbage-first heap   total 1048576K, used 247410K [0x0000000740000000, 0x0000000800000000)
  region size 8192K, 2 young (16384K), 2 survivors (16384K)
 Metaspace       used 112124K, committed 113152K, reserved 1146880K
  class space    used 16537K, committed 16960K, reserved 1048576K
}

Deoptimization events (20 events):
Event: 24.852 Thread 0x0000019071c38060 Uncommon trap: trap_request=0xffffff45 fr.pc=0x000001905a4af3e4 relative=0x0000000000000144
Event: 24.852 Thread 0x0000019071c38060 Uncommon trap: reason=unstable_if action=reinterpret pc=0x000001905a4af3e4 method=it.unimi.dsi.fastutil.longs.Long2ObjectOpenHashMap.find(J)I @ 54 c2
Event: 24.852 Thread 0x0000019071c38060 DEOPT PACKING pc=0x000001905a4af3e4 sp=0x0000002d317fe6d0
Event: 24.852 Thread 0x0000019071c38060 DEOPT UNPACKING pc=0x00000190524d23a3 sp=0x0000002d317fe648 mode 2
Event: 24.853 Thread 0x0000019071c38060 Uncommon trap: trap_request=0xffffff45 fr.pc=0x000001905a38342c relative=0x0000000000001eac
Event: 24.853 Thread 0x0000019071c38060 Uncommon trap: reason=unstable_if action=reinterpret pc=0x000001905a38342c method=com.mojang.datafixers.types.Type.codec()Lcom/mojang/serialization/Codec; @ 4 c2
Event: 24.853 Thread 0x0000019071c38060 DEOPT PACKING pc=0x000001905a38342c sp=0x0000002d317fe7f0
Event: 24.853 Thread 0x0000019071c38060 DEOPT UNPACKING pc=0x00000190524d23a3 sp=0x0000002d317fe790 mode 2
Event: 24.871 Thread 0x0000019071c38060 Uncommon trap: trap_request=0xffffff45 fr.pc=0x000001905a4e3c08 relative=0x0000000000000248
Event: 24.871 Thread 0x0000019071c38060 Uncommon trap: reason=unstable_if action=reinterpret pc=0x000001905a4e3c08 method=com.google.common.collect.ImmutableList.copyOf(Ljava/util/Collection;)Lcom/google/common/collect/ImmutableList; @ 19 c2
Event: 24.871 Thread 0x0000019071c38060 DEOPT PACKING pc=0x000001905a4e3c08 sp=0x0000002d317fe400
Event: 24.871 Thread 0x0000019071c38060 DEOPT UNPACKING pc=0x00000190524d23a3 sp=0x0000002d317fe3a8 mode 2
Event: 24.916 Thread 0x000001906cecd950 Uncommon trap: trap_request=0xffffffc6 fr.pc=0x000001905a64cde4 relative=0x0000000000000f44
Event: 24.916 Thread 0x000001906cecd950 Uncommon trap: reason=bimorphic_or_optimized_type_check action=maybe_recompile pc=0x000001905a64cde4 method=java.util.HashMap.removeNode(ILjava/lang/Object;Ljava/lang/Object;ZZ)Ljava/util/HashMap$Node; @ 68 c2
Event: 24.916 Thread 0x000001906cecd950 DEOPT PACKING pc=0x000001905a64cde4 sp=0x0000002d32cfe7a0
Event: 24.916 Thread 0x000001906cecd950 DEOPT UNPACKING pc=0x00000190524d23a3 sp=0x0000002d32cfe738 mode 2
Event: 24.923 Thread 0x000001906cecd950 Uncommon trap: trap_request=0xffffffc6 fr.pc=0x000001905a64cde4 relative=0x0000000000000f44
Event: 24.923 Thread 0x000001906cecd950 Uncommon trap: reason=bimorphic_or_optimized_type_check action=maybe_recompile pc=0x000001905a64cde4 method=java.util.HashMap.removeNode(ILjava/lang/Object;Ljava/lang/Object;ZZ)Ljava/util/HashMap$Node; @ 68 c2
Event: 24.923 Thread 0x000001906cecd950 DEOPT PACKING pc=0x000001905a64cde4 sp=0x0000002d32cfe7a0
Event: 24.923 Thread 0x000001906cecd950 DEOPT UNPACKING pc=0x00000190524d23a3 sp=0x0000002d32cfe738 mode 2

Classes unloaded (0 events):
No events

Classes redefined (0 events):
No events

Internal exceptions (20 events):
Event: 24.272 Thread 0x0000019071c38060 Exception <a 'java/lang/reflect/InvocationTargetException'{0x000000077ea18338}> (0x000000077ea18338) 
thrown [t:\workspace\open\src\hotspot\share\runtime\reflection.cpp, line 1121]
Event: 24.272 Thread 0x0000019071c38060 Exception <a 'java/lang/reflect/InvocationTargetException'{0x000000077ea196f8}> (0x000000077ea196f8) 
thrown [t:\workspace\open\src\hotspot\share\runtime\reflection.cpp, line 1121]
Event: 24.274 Thread 0x0000019071c38060 Exception <a 'java/lang/reflect/InvocationTargetException'{0x000000077ea1e7e0}> (0x000000077ea1e7e0) 
thrown [t:\workspace\open\src\hotspot\share\runtime\reflection.cpp, line 1121]
Event: 24.279 Thread 0x0000019071c38060 Exception <a 'java/lang/NoSuchMethodError'{0x000000077eaaa790}: 'void java.lang.invoke.Invokers$Holder.invokeExact_MT(java.lang.Object, java.lang.Object, java.lang.Object)'> (0x000000077eaaa790) 
thrown [t:\workspace\open\src\hotspot\share\interpreter\linkResolver.cpp, line 766]
Event: 24.296 Thread 0x0000019071c38060 Exception <a 'sun/nio/fs/WindowsException'{0x000000077eab6db0}> (0x000000077eab6db0) 
thrown [t:\workspace\open\src\hotspot\share\prims\jni.cpp, line 516]
Event: 24.319 Thread 0x0000019071c38060 Exception <a 'sun/nio/fs/WindowsException'{0x000000077eb90c68}> (0x000000077eb90c68) 
thrown [t:\workspace\open\src\hotspot\share\prims\jni.cpp, line 516]
Event: 24.396 Thread 0x0000019071c38060 Exception <a 'sun/nio/fs/WindowsException'{0x000000077ec6da80}> (0x000000077ec6da80) 
thrown [t:\workspace\open\src\hotspot\share\prims\jni.cpp, line 516]
Event: 24.396 Thread 0x0000019071c38060 Exception <a 'sun/nio/fs/WindowsException'{0x000000077ec6de40}> (0x000000077ec6de40) 
thrown [t:\workspace\open\src\hotspot\share\prims\jni.cpp, line 516]
Event: 24.396 Thread 0x0000019071c38060 Exception <a 'sun/nio/fs/WindowsException'{0x000000077ec6eda8}> (0x000000077ec6eda8) 
thrown [t:\workspace\open\src\hotspot\share\prims\jni.cpp, line 516]
Event: 24.396 Thread 0x0000019071c38060 Exception <a 'sun/nio/fs/WindowsException'{0x000000077ec6f0f0}> (0x000000077ec6f0f0) 
thrown [t:\workspace\open\src\hotspot\share\prims\jni.cpp, line 516]
Event: 24.402 Thread 0x0000019071c38060 Exception <a 'sun/nio/fs/WindowsException'{0x000000077ec9c970}> (0x000000077ec9c970) 
thrown [t:\workspace\open\src\hotspot\share\prims\jni.cpp, line 516]
Event: 24.402 Thread 0x0000019071c38060 Exception <a 'sun/nio/fs/WindowsException'{0x000000077ec9cca0}> (0x000000077ec9cca0) 
thrown [t:\workspace\open\src\hotspot\share\prims\jni.cpp, line 516]
Event: 24.406 Thread 0x0000019071c38060 Exception <a 'sun/nio/fs/WindowsException'{0x000000077ed1fb88}> (0x000000077ed1fb88) 
thrown [t:\workspace\open\src\hotspot\share\prims\jni.cpp, line 516]
Event: 24.406 Thread 0x0000019071c38060 Exception <a 'sun/nio/fs/WindowsException'{0x000000077ed1fea8}> (0x000000077ed1fea8) 
thrown [t:\workspace\open\src\hotspot\share\prims\jni.cpp, line 516]
Event: 24.556 Thread 0x0000019071c38060 Exception <a 'sun/nio/fs/WindowsException'{0x000000077d98e798}> (0x000000077d98e798) 
thrown [t:\workspace\open\src\hotspot\share\prims\jni.cpp, line 516]
Event: 24.575 Thread 0x0000019071c38060 Exception <a 'java/lang/NoClassDefFoundError'{0x000000077daf2b48}: ru/tehkode/permissions/PermissionManager> (0x000000077daf2b48) 
thrown [t:\workspace\open\src\hotspot\share\classfile\systemDictionary.cpp, line 245]
Event: 24.577 Thread 0x0000019071c38060 Exception <a 'java/lang/NoClassDefFoundError'{0x000000077db53b98}: org/anjocaido/groupmanager/dataholder/worlds/WorldsHolder> (0x000000077db53b98) 
thrown [t:\workspace\open\src\hotspot\share\classfile\systemDictionary.cpp, line 245]
Event: 24.625 Thread 0x0000019071c38060 Exception <a 'java/lang/NoClassDefFoundError'{0x000000077c2aa088}: org/bukkit/craftbukkit/v1_17_R1/inventory/CraftItemStack> (0x000000077c2aa088) 
thrown [t:\workspace\open\src\hotspot\share\classfile\systemDictionary.cpp, line 245]
Event: 24.657 Thread 0x0000019071c38060 Exception <a 'java/lang/NoClassDefFoundError'{0x000000077b9f9058}: org/bukkit/craftbukkit/v1_18_R1/inventory/CraftItemStack> (0x000000077b9f9058) 
thrown [t:\workspace\open\src\hotspot\share\classfile\systemDictionary.cpp, line 245]
Event: 24.853 Thread 0x0000019071c38060 Implicit null exception at 0x000001905a381604 to 0x000001905a38340c

VM Operations (20 events):
Event: 22.899 Executing VM operation: HandshakeAllThreads
Event: 22.914 Executing VM operation: HandshakeAllThreads done
Event: 23.004 Executing VM operation: HandshakeAllThreads
Event: 23.009 Executing VM operation: HandshakeAllThreads done
Event: 23.009 Executing VM operation: Cleanup
Event: 23.010 Executing VM operation: Cleanup done
Event: 23.079 Executing VM operation: HandshakeAllThreads
Event: 23.081 Executing VM operation: HandshakeAllThreads done
Event: 23.099 Executing VM operation: HandshakeAllThreads
Event: 23.099 Executing VM operation: HandshakeAllThreads done
Event: 23.175 Executing VM operation: HandshakeAllThreads
Event: 23.178 Executing VM operation: HandshakeAllThreads done
Event: 23.800 Executing VM operation: ICBufferFull
Event: 23.848 Executing VM operation: ICBufferFull done
Event: 24.087 Executing VM operation: G1CollectForAllocation
Event: 24.170 Executing VM operation: G1CollectForAllocation done
Event: 24.502 Executing VM operation: G1Concurrent
Event: 24.582 Executing VM operation: G1Concurrent done
Event: 24.714 Executing VM operation: G1Concurrent
Event: 24.716 Executing VM operation: G1Concurrent done

Events (20 events):
Event: 24.792 loading class jdk/internal/reflect/UnsafeFloatFieldAccessorImpl
Event: 24.792 loading class jdk/internal/reflect/UnsafeFloatFieldAccessorImpl done
Event: 24.845 loading class sun/reflect/generics/repository/FieldRepository
Event: 24.845 loading class sun/reflect/generics/repository/FieldRepository done
Event: 24.871 loading class jdk/internal/reflect/UnsafeQualifiedLongFieldAccessorImpl
Event: 24.872 loading class jdk/internal/reflect/UnsafeQualifiedLongFieldAccessorImpl done
Event: 24.890 loading class sun/reflect/annotation/TypeAnnotation$TypeAnnotationTarget
Event: 24.890 loading class sun/reflect/annotation/TypeAnnotation$TypeAnnotationTarget done
Event: 24.890 loading class sun/reflect/annotation/TypeAnnotationParser
Event: 24.891 loading class sun/reflect/annotation/TypeAnnotationParser done
Event: 24.891 loading class sun/reflect/annotation/TypeAnnotation
Event: 24.891 loading class sun/reflect/annotation/TypeAnnotation done
Event: 24.891 loading class sun/reflect/annotation/AnnotatedTypeFactory
Event: 24.891 loading class sun/reflect/annotation/AnnotatedTypeFactory done
Event: 24.891 loading class sun/reflect/annotation/AnnotatedTypeFactory$AnnotatedTypeBaseImpl
Event: 24.891 loading class sun/reflect/annotation/AnnotatedTypeFactory$AnnotatedTypeBaseImpl done
Event: 24.891 loading class sun/reflect/annotation/TypeAnnotation$LocationInfo
Event: 24.891 loading class sun/reflect/annotation/TypeAnnotation$LocationInfo done
Event: 24.891 loading class sun/reflect/annotation/TypeAnnotation$LocationInfo$Location
Event: 24.891 loading class sun/reflect/annotation/TypeAnnotation$LocationInfo$Location done


Dynamic libraries:
0x00007ff69e980000 - 0x00007ff69e990000 	C:\Program Files\Java\jdk-17.0.3.1\bin\java.exe
0x00007ffa6d510000 - 0x00007ffa6d705000 	C:\Windows\SYSTEM32\ntdll.dll
0x00007ffa6b850000 - 0x00007ffa6b90d000 	C:\Windows\System32\KERNEL32.DLL
0x00007ffa6b270000 - 0x00007ffa6b539000 	C:\Windows\System32\KERNELBASE.dll
0x00007ffa6b0e0000 - 0x00007ffa6b1e0000 	C:\Windows\System32\ucrtbase.dll
0x00007ffa522c0000 - 0x00007ffa522d8000 	C:\Program Files\Java\jdk-17.0.3.1\bin\jli.dll
0x00007ffa4c590000 - 0x00007ffa4c5aa000 	C:\Program Files\Java\jdk-17.0.3.1\bin\VCRUNTIME140.dll
0x00007ffa6b540000 - 0x00007ffa6b5ec000 	C:\Windows\System32\ADVAPI32.dll
0x00007ffa6ca30000 - 0x00007ffa6cace000 	C:\Windows\System32\msvcrt.dll
0x00007ffa6b670000 - 0x00007ffa6b70b000 	C:\Windows\System32\sechost.dll
0x00007ffa6b720000 - 0x00007ffa6b84a000 	C:\Windows\System32\RPCRT4.dll
0x00007ffa6c7f0000 - 0x00007ffa6c990000 	C:\Windows\System32\USER32.dll
0x00007ffa6ac10000 - 0x00007ffa6ac32000 	C:\Windows\System32\win32u.dll
0x00007ffa5a1c0000 - 0x00007ffa5a45a000 	C:\Windows\WinSxS\amd64_microsoft.windows.common-controls_6595b64144ccf1df_6.0.19041.1110_none_60b5254171f9507e\COMCTL32.dll
0x00007ffa6c990000 - 0x00007ffa6c9ba000 	C:\Windows\System32\GDI32.dll
0x00007ffa6ace0000 - 0x00007ffa6adeb000 	C:\Windows\System32\gdi32full.dll
0x00007ffa6ac40000 - 0x00007ffa6acdd000 	C:\Windows\System32\msvcp_win.dll
0x00007ffa63540000 - 0x00007ffa6354a000 	C:\Windows\SYSTEM32\VERSION.dll
0x00007ffa6bc70000 - 0x00007ffa6bca0000 	C:\Windows\System32\IMM32.DLL
0x00007ffa652a0000 - 0x00007ffa652ac000 	C:\Program Files\Java\jdk-17.0.3.1\bin\vcruntime140_1.dll
0x00007ffa49cd0000 - 0x00007ffa49d5d000 	C:\Program Files\Java\jdk-17.0.3.1\bin\msvcp140.dll
0x00007ffa255e0000 - 0x00007ffa261a0000 	C:\Program Files\Java\jdk-17.0.3.1\bin\server\jvm.dll
0x00007ffa6c5b0000 - 0x00007ffa6c5b8000 	C:\Windows\System32\PSAPI.DLL
0x00007ffa63510000 - 0x00007ffa63537000 	C:\Windows\SYSTEM32\WINMM.dll
0x00007ffa4eb80000 - 0x00007ffa4eb89000 	C:\Windows\SYSTEM32\WSOCK32.dll
0x00007ffa6c9c0000 - 0x00007ffa6ca2b000 	C:\Windows\System32\WS2_32.dll
0x00007ffa68b40000 - 0x00007ffa68b52000 	C:\Windows\SYSTEM32\kernel.appcore.dll
0x00007ffa65270000 - 0x00007ffa6527a000 	C:\Program Files\Java\jdk-17.0.3.1\bin\jimage.dll
0x00007ffa62be0000 - 0x00007ffa62dc4000 	C:\Windows\SYSTEM32\DBGHELP.DLL
0x00007ffa562d0000 - 0x00007ffa562fc000 	C:\Windows\SYSTEM32\dbgcore.DLL
0x00007ffa6b1e0000 - 0x00007ffa6b263000 	C:\Windows\System32\bcryptPrimitives.dll
0x00007ffa4c1d0000 - 0x00007ffa4c1f5000 	C:\Program Files\Java\jdk-17.0.3.1\bin\java.dll
0x00007ffa491a0000 - 0x00007ffa49276000 	C:\Program Files\Java\jdk-17.0.3.1\bin\jsvml.dll
0x00007ffa6bca0000 - 0x00007ffa6c3df000 	C:\Windows\System32\SHELL32.dll
0x00007ffa68d40000 - 0x00007ffa694d0000 	C:\Windows\SYSTEM32\windows.storage.dll
0x00007ffa6d140000 - 0x00007ffa6d495000 	C:\Windows\System32\combase.dll
0x00007ffa6a670000 - 0x00007ffa6a69c000 	C:\Windows\SYSTEM32\Wldp.dll
0x00007ffa6d090000 - 0x00007ffa6d13e000 	C:\Windows\System32\SHCORE.dll
0x00007ffa6c790000 - 0x00007ffa6c7e5000 	C:\Windows\System32\shlwapi.dll
0x00007ffa6ab50000 - 0x00007ffa6ab6f000 	C:\Windows\SYSTEM32\profapi.dll
0x00007ffa4b820000 - 0x00007ffa4b839000 	C:\Program Files\Java\jdk-17.0.3.1\bin\net.dll
0x00007ffa64da0000 - 0x00007ffa64ea8000 	C:\Windows\SYSTEM32\WINHTTP.dll
0x00007ffa6a3d0000 - 0x00007ffa6a43a000 	C:\Windows\system32\mswsock.dll
0x00007ffa4b800000 - 0x00007ffa4b816000 	C:\Program Files\Java\jdk-17.0.3.1\bin\nio.dll
0x00007ffa4b700000 - 0x00007ffa4b718000 	C:\Program Files\Java\jdk-17.0.3.1\bin\zip.dll
0x00007ffa54950000 - 0x00007ffa54959000 	C:\Program Files\Java\jdk-17.0.3.1\bin\management.dll
0x00007ffa52a00000 - 0x00007ffa52a0b000 	C:\Program Files\Java\jdk-17.0.3.1\bin\management_ext.dll
0x00007ffa45930000 - 0x00007ffa45947000 	C:\Windows\system32\napinsp.dll
0x00007ffa45120000 - 0x00007ffa4513b000 	C:\Windows\system32\pnrpnsp.dll
0x00007ffa48410000 - 0x00007ffa48425000 	C:\Windows\system32\wshbth.dll
0x00007ffa66670000 - 0x00007ffa6668d000 	C:\Windows\system32\NLAapi.dll
0x00007ffa6a070000 - 0x00007ffa6a0ab000 	C:\Windows\SYSTEM32\IPHLPAPI.DLL
0x00007ffa6a0b0000 - 0x00007ffa6a17c000 	C:\Windows\SYSTEM32\DNSAPI.dll
0x00007ffa6b710000 - 0x00007ffa6b718000 	C:\Windows\System32\NSI.dll
0x00007ffa42f50000 - 0x00007ffa42f62000 	C:\Windows\System32\winrnr.dll
0x00007ffa5c100000 - 0x00007ffa5c10a000 	C:\Windows\System32\rasadhlp.dll
0x00007ffa5d410000 - 0x00007ffa5d48f000 	C:\Windows\System32\fwpuclnt.dll
0x00007ffa6adf0000 - 0x00007ffa6ae17000 	C:\Windows\System32\bcrypt.dll
0x0000000069ac0000 - 0x0000000069ae4000 	C:\Users\paden\AppData\Local\Temp\jansi-2.4.0-e4502fd3650bcd10-jansi.dll
0x00007ffa6a5c0000 - 0x00007ffa6a5d8000 	C:\Windows\SYSTEM32\CRYPTSP.dll
0x00007ffa69ce0000 - 0x00007ffa69d14000 	C:\Windows\system32\rsaenh.dll
0x00007ffa6aad0000 - 0x00007ffa6aafe000 	C:\Windows\SYSTEM32\USERENV.dll
0x00007ffa6a5e0000 - 0x00007ffa6a5ec000 	C:\Windows\SYSTEM32\CRYPTBASE.dll
0x00007ffa62a10000 - 0x00007ffa62a27000 	C:\Windows\SYSTEM32\dhcpcsvc6.DLL
0x00007ffa629f0000 - 0x00007ffa62a0d000 	C:\Windows\SYSTEM32\dhcpcsvc.DLL
0x00007ffa4b600000 - 0x00007ffa4b645000 	C:\Users\paden\AppData\Local\Temp\jna-106423420\jna14556063679152890798.dll
0x00007ffa6bb40000 - 0x00007ffa6bc6a000 	C:\Windows\System32\Ole32.dll
0x00007ffa6b910000 - 0x00007ffa6b9b9000 	C:\Windows\System32\clbcatq.dll
0x00007ffa6c3e0000 - 0x00007ffa6c4ad000 	C:\Windows\System32\OleAut32.dll
0x00007ffa4b190000 - 0x00007ffa4b1a9000 	C:\Windows\SYSTEM32\amsi.dll
0x00007ffa4b110000 - 0x00007ffa4b18b000 	C:\ProgramData\Microsoft\Windows Defender\Platform\4.18.2203.5-0\MpOav.dll
0x00007ffa4aee0000 - 0x00007ffa4b10c000 	C:\Program Files (x86)\Kaspersky Lab\Kaspersky Security Cloud 21.3\x64\antimalware_provider.dll
0x00007ffa42190000 - 0x00007ffa421e4000 	C:\Windows\SYSTEM32\Pdh.dll
0x00007ffa61950000 - 0x00007ffa6195f000 	C:\Windows\System32\perfos.dll
0x00007ffa52970000 - 0x00007ffa52980000 	C:\Program Files\Java\jdk-17.0.3.1\bin\verify.dll
0x00007ffa3d9f0000 - 0x00007ffa3db7f000 	C:\Program Files\Java\jdk-17.0.3.1\bin\awt.dll
0x00007ffa68490000 - 0x00007ffa68520000 	C:\Windows\SYSTEM32\apphelp.dll
0x00007ffa68630000 - 0x00007ffa686ce000 	C:\Windows\system32\uxtheme.dll
0x00007ffa6b9c0000 - 0x00007ffa6bad5000 	C:\Windows\System32\MSCTF.dll
0x00007ffa68760000 - 0x00007ffa6878f000 	C:\Windows\system32\DWMAPI.DLL
0x00007ffa38bc0000 - 0x00007ffa38ce5000 	C:\Windows\system32\opengl32.dll
0x00007ffa371b0000 - 0x00007ffa371dc000 	C:\Windows\SYSTEM32\GLU32.dll
0x00007ffa36a80000 - 0x00007ffa36c4e000 	C:\Windows\system32\d3d9.dll
0x00007ffa63550000 - 0x00007ffa6370a000 	C:\Windows\System32\DriverStore\FileRepository\u0376032.inf_amd64_1a2e19f1369fd940\B375758\aticfx64.dll
0x00007ffa16a20000 - 0x00007ffa16a54000 	C:\Windows\System32\DriverStore\FileRepository\u0376032.inf_amd64_1a2e19f1369fd940\B375758\atiu9p64.dll
0x00007ffa15cc0000 - 0x00007ffa16a16000 	C:\Windows\System32\DriverStore\FileRepository\u0376032.inf_amd64_1a2e19f1369fd940\B375758\atiumd64.dll
0x000000006aba0000 - 0x000000006ba5f000 	C:\Windows\System32\DriverStore\FileRepository\u0376032.inf_amd64_1a2e19f1369fd940\B375758\atiumd6a.dll
0x00007ffa6cb30000 - 0x00007ffa6cfa2000 	C:\Windows\System32\SETUPAPI.dll
0x00007ffa6b090000 - 0x00007ffa6b0de000 	C:\Windows\System32\cfgmgr32.dll
0x00007ffa6a1f0000 - 0x00007ffa6a23b000 	C:\Windows\SYSTEM32\POWRPROF.dll
0x00007ffa6a050000 - 0x00007ffa6a062000 	C:\Windows\SYSTEM32\UMPDC.dll
0x00007ffa62b70000 - 0x00007ffa62ba0000 	C:\Windows\SYSTEM32\amdihk64.dll
0x00007ffa65c40000 - 0x00007ffa65c7b000 	C:\Windows\SYSTEM32\dxcore.dll
0x00007ffa494f0000 - 0x00007ffa49579000 	C:\Program Files\Java\jdk-17.0.3.1\bin\freetype.dll
0x00007ffa49340000 - 0x00007ffa493e8000 	C:\Program Files\Java\jdk-17.0.3.1\bin\fontmanager.dll
0x00007ffa64f60000 - 0x00007ffa65114000 	C:\Windows\SYSTEM32\WindowsCodecs.dll
0x00007ffa40220000 - 0x00007ffa4025e000 	C:\Windows\system32\dataexchange.dll
0x00007ffa66ba0000 - 0x00007ffa66d86000 	C:\Windows\system32\dcomp.dll
0x00007ffa67350000 - 0x00007ffa675b4000 	C:\Windows\system32\d3d11.dll
0x00007ffa69510000 - 0x00007ffa69604000 	C:\Windows\system32\dxgi.dll
0x00007ffa64b90000 - 0x00007ffa64d91000 	C:\Windows\system32\twinapi.appcore.dll
0x00007ffa5f270000 - 0x00007ffa5f369000 	C:\Windows\SYSTEM32\textinputframework.dll
0x00007ffa67b80000 - 0x00007ffa67ede000 	C:\Windows\System32\CoreUIComponents.dll
0x00007ffa68260000 - 0x00007ffa68352000 	C:\Windows\System32\CoreMessaging.dll
0x00007ffa69910000 - 0x00007ffa69943000 	C:\Windows\SYSTEM32\ntmarta.dll
0x00007ffa66d90000 - 0x00007ffa66ee4000 	C:\Windows\SYSTEM32\wintypes.dll
0x00007ffa528c0000 - 0x00007ffa528c9000 	C:\Program Files\Java\jdk-17.0.3.1\bin\jaas.dll
0x00007ffa52860000 - 0x00007ffa5286e000 	C:\Program Files\Java\jdk-17.0.3.1\bin\sunmscapi.dll
0x00007ffa6ae20000 - 0x00007ffa6af7f000 	C:\Windows\System32\CRYPT32.dll
0x00007ffa6a6e0000 - 0x00007ffa6a707000 	C:\Windows\SYSTEM32\ncrypt.dll
0x00007ffa6a6a0000 - 0x00007ffa6a6db000 	C:\Windows\SYSTEM32\NTASN1.dll
0x00007ffa5bd20000 - 0x00007ffa5bd27000 	C:\Windows\system32\wshunix.dll

dbghelp: loaded successfully - version: 4.0.5 - missing functions: none
symbol engine: initialized successfully - sym options: 0x614 - pdb path: .;C:\Program Files\Java\jdk-17.0.3.1\bin;C:\Windows\SYSTEM32;C:\Windows\WinSxS\amd64_microsoft.windows.common-controls_6595b64144ccf1df_6.0.19041.1110_none_60b5254171f9507e;C:\Program Files\Java\jdk-17.0.3.1\bin\server;C:\Users\paden\AppData\Local\Temp;C:\Users\paden\AppData\Local\Temp\jna-106423420;C:\ProgramData\Microsoft\Windows Defender\Platform\4.18.2203.5-0;C:\Program Files (x86)\Kaspersky Lab\Kaspersky Security Cloud 21.3\x64;C:\Windows\System32\DriverStore\FileRepository\u0376032.inf_amd64_1a2e19f1369fd940\B375758

VM Arguments:
jvm_args: -Xms1G -Xmx3G -Dfile.encoding=utf-8 -XX:+UseG1GC -XX:+ParallelRefProcEnabled -XX:MaxGCPauseMillis=200 -XX:+UnlockExperimentalVMOptions -XX:+DisableExplicitGC -XX:-OmitStackTraceInFastThrow -XX:+AlwaysPreTouch -XX:G1NewSizePercent=30 -XX:G1MaxNewSizePercent=40 -XX:G1HeapRegionSize=8M -XX:G1ReservePercent=20 -XX:G1HeapWastePercent=5 -XX:G1MixedGCCountTarget=8 -XX:InitiatingHeapOccupancyPercent=15 -XX:G1MixedGCLiveThresholdPercent=90 -XX:G1RSetUpdatingPauseTimePercent=5 -XX:SurvivorRatio=32 -XX:MaxTenuringThreshold=1 -Dusing.aikars.flags=true -Daikars.new.flags=true 
java_command: server.jar
java_class_path (initial): server.jar
Launcher Type: SUN_STANDARD

[Global flags]
     bool AlwaysPreTouch                           = true                                      {product} {command line}
     bool AlwaysTenure                             = false                                     {product} {command line}
     intx CICompilerCount                          = 3                                         {product} {ergonomic}
     uint ConcGCThreads                            = 1                                         {product} {ergonomic}
     bool DisableExplicitGC                        = true                                      {product} {command line}
     uint G1ConcRefinementThreads                  = 4                                         {product} {ergonomic}
     uint G1EagerReclaimRemSetThreshold            = 64                                   {experimental} {ergonomic}
   size_t G1HeapRegionSize                         = 8388608                                   {product} {command line}
    uintx G1HeapWastePercent                       = 5                                         {product} {command line}
    uintx G1MaxNewSizePercent                      = 40                                   {experimental} {command line}
    uintx G1MixedGCCountTarget                     = 8                                         {product} {command line}
    uintx G1MixedGCLiveThresholdPercent            = 90                                   {experimental} {command line}
    uintx G1NewSizePercent                         = 30                                   {experimental} {command line}
     intx G1RSetUpdatingPauseTimePercent           = 5                                         {product} {command line}
    uintx G1ReservePercent                         = 20                                        {product} {command line}
    uintx GCDrainStackTargetSize                   = 64                                        {product} {ergonomic}
   size_t InitialHeapSize                          = 1073741824                                {product} {command line}
    uintx InitialTenuringThreshold                 = 1                                         {product} {ergonomic}
    uintx InitiatingHeapOccupancyPercent           = 15                                        {product} {command line}
   size_t MarkStackSize                            = 4194304                                   {product} {ergonomic}
    uintx MaxGCPauseMillis                         = 200                                       {product} {command line}
   size_t MaxHeapSize                              = 3221225472                                {product} {command line}
   size_t MaxNewSize                               = 1283457024                                {product} {ergonomic}
    uintx MaxTenuringThreshold                     = 1                                         {product} {command line}
   size_t MinHeapDeltaBytes                        = 8388608                                   {product} {ergonomic}
   size_t MinHeapSize                              = 1073741824                                {product} {command line}
     bool NeverTenure                              = false                                     {product} {command line}
    uintx NonNMethodCodeHeapSize                   = 5832780                                {pd product} {ergonomic}
    uintx NonProfiledCodeHeapSize                  = 122912730                              {pd product} {ergonomic}
     bool OmitStackTraceInFastThrow                = false                                     {product} {command line}
     bool ParallelRefProcEnabled                   = true                                      {product} {command line}
    uintx ProfiledCodeHeapSize                     = 122912730                              {pd product} {ergonomic}
    uintx ReservedCodeCacheSize                    = 251658240                              {pd product} {ergonomic}
     bool SegmentedCodeCache                       = true                                      {product} {ergonomic}
   size_t SoftMaxHeapSize                          = 3221225472                             {manageable} {ergonomic}
    uintx SurvivorRatio                            = 32                                        {product} {command line}
     bool UnlockExperimentalVMOptions              = true                                 {experimental} {command line}
     bool UseCompressedClassPointers               = true                           {product lp64_product} {ergonomic}
     bool UseCompressedOops                        = true                           {product lp64_product} {ergonomic}
     bool UseG1GC                                  = true                                      {product} {command line}
     bool UseLargePagesIndividualAllocation        = false                                  {pd product} {ergonomic}

Logging:
Log output configuration:
 #0: stdout all=warning uptime,level,tags
 #1: stderr all=off uptime,level,tags

Environment Variables:
PATH=C:\Program Files\Common Files\Oracle\Java\javapath;C:\Program Files (x86)\Razer Chroma SDK\bin;C:\Program Files\Razer Chroma SDK\bin;C:\Program Files (x86)\Razer\ChromaBroadcast\bin;C:\Program Files\Razer\ChromaBroadcast\bin;C:\Program Files\Eclipse Adoptium\jdk-8.0.322.6-hotspot\bin;C:\Program Files\Microsoft\jdk-11.0.12.7-hotspot\bin;C:\Program Files (x86)\Common Files\Oracle\Java\javapath;C:\ProgramData\Oracle\Java\javapath;C:\Windows\system32;C:\Windows;C:\Windows\System32\Wbem;C:\Windows\System32\WindowsPowerShell\v1.0\;C:\Windows\System32\OpenSSH\;C:\Program Files\dotnet\;C:\Program Files\Microsoft SQL Server\130\Tools\Binn\;C:\Program Files\Microsoft SQL Server\Client SDK\ODBC\170\Tools\Binn\;C:\Program Files\nodejs\;C:\Program Files\Microsoft SQL Server\Client SDK\ODBC\130\Tools\Binn\;C:\Program Files (x86)\Microsoft SQL Server\130\Tools\Binn\;C:\Program Files\Microsoft SQL Server\130\DTS\Binn\;C:\Program Files\Git\cmd;C:\Program Files\PuTTY\;C:\Windows\system32\config\systemprofile\AppData\Local\Microsoft\WindowsApps;C:\Users\paden\AppData\Local\Programs\Python\Python38-32\Scripts\;C:\Users\paden\AppData\Local\Programs\Python\Python38-32\;C:\Users\paden\AppData\Local\Programs\Python\Python39\Scripts\;C:\Users\paden\AppData\Local\Programs\Python\Python39\;C:\Users\paden\AppData\Local\Programs\Python\Python38\Scripts\;C:\Users\paden\AppData\Local\Programs\Python\Python38\;C:\Users\paden\AppData\Local\Microsoft\WindowsApps;;C:\Program Files\JetBrains\PyCharm Community Edition 2020.2.1\bin;;C:\Users\paden\.dotnet\tools;C:\Users\paden\AppData\Roaming\npm;C:\Users\paden\AppData\Local\Programs\Microsoft VS Code\bin;C:\Users\paden\AppData\Local\JpegminiPro3\
USERNAME=paden
OS=Windows_NT
PROCESSOR_IDENTIFIER=AMD64 Family 23 Model 24 Stepping 1, AuthenticAMD



---------------  S Y S T E M  ---------------

OS:
 Windows 10 , 64 bit Build 19041 (10.0.19041.1151)
OS uptime: 0 days 4:13 hours

CPU: total 4 (initial active 4) (4 cores per cpu, 1 threads per core) family 23 model 24 stepping 1 microcode 0x0, cx8, cmov, fxsr, mmx, 3dnowpref, sse, sse2, sse3, ssse3, sse4a, sse4.1, sse4.2, popcnt, lzcnt, tsc, tscinvbit, avx, avx2, aes, clmul, bmi1, bmi2, adx, sha, fma, vzeroupper, clflush, clflushopt

Memory: 4k page, system-wide physical 8140M (981M free)
TotalPageFile size 16332M (AvailPageFile size 1M)
current process WorkingSet (physical memory assigned to process): 1398M, peak: 1398M
current process commit charge ("private bytes"): 1432M, peak: 1432M

vm_info: Java HotSpot(TM) 64-Bit Server VM (17.0.3.1+2-LTS-6) for windows-amd64 JRE (17.0.3.1+2-LTS-6), built on Apr 25 2022 22:04:21 by "mach5one" with MS VC++ 16.8 / 16.9 (VS2019)

END.
