#
# There is insufficient memory for the Java Runtime Environment to continue.
# Native memory allocation (mmap) failed to map 922746880 bytes for G1 virtual space
# Possible reasons:
#   The system is out of physical RAM or swap space
#   The process is running with CompressedOops enabled, and the Java Heap may be blocking the growth of the native heap
# Possible solutions:
#   Reduce memory load on the system
#   Increase physical memory or swap space
#   Check if swap backing store is full
#   Decrease Java heap size (-Xmx/-Xms)
#   Decrease number of Java threads
#   Decrease Java thread stack sizes (-Xss)
#   Set larger code cache with -XX:ReservedCodeCacheSize=
#   JVM is running with Zero Based Compressed Oops mode in which the Java heap is
#     placed in the first 32GB address space. The Java Heap base address is the
#     maximum limit for the native heap growth. Please use -XX:HeapBaseMinAddress
#     to set the Java Heap base and to place the Java Heap above 32GB virtual address.
# This output file may be truncated or incomplete.
#
#  Out of Memory Error (os_windows.cpp:3535), pid=9120, tid=1348
#
# JRE version: Java(TM) SE Runtime Environment (17.0.3.1+2) (build 17.0.3.1+2-LTS-6)
# Java VM: Java HotSpot(TM) 64-Bit Server VM (17.0.3.1+2-LTS-6, mixed mode, sharing, tiered, compressed oops, compressed class ptrs, g1 gc, windows-amd64)
# No core dump will be written. Minidumps are not enabled by default on client versions of Windows
#

---------------  S U M M A R Y ------------

Command Line: -Xms1G -Xmx3G -Dfile.encoding=utf-8 -XX:+UseG1GC -XX:+ParallelRefProcEnabled -XX:MaxGCPauseMillis=200 -XX:+UnlockExperimentalVMOptions -XX:+DisableExplicitGC -XX:-OmitStackTraceInFastThrow -XX:+AlwaysPreTouch -XX:G1NewSizePercent=30 -XX:G1MaxNewSizePercent=40 -XX:G1HeapRegionSize=8M -XX:G1ReservePercent=20 -XX:G1HeapWastePercent=5 -XX:G1MixedGCCountTarget=8 -XX:InitiatingHeapOccupancyPercent=15 -XX:G1MixedGCLiveThresholdPercent=90 -XX:G1RSetUpdatingPauseTimePercent=5 -XX:SurvivorRatio=32 -XX:MaxTenuringThreshold=1 -Dusing.aikars.flags=true -Daikars.new.flags=true server.jar

Host: AMD Ryzen 3 PRO 3200G with Radeon Vega Graphics, 4 cores, 7G,  Windows 10 , 64 bit Build 19041 (10.0.19041.1151)
Time: Thu Jun 16 16:27:07 2022 RTZ 2 (s 10 , 64 bit Build 19041 (10.0.19041.1151) elapsed time: 966.693518 seconds (0d 0h 16m 6s)

---------------  T H R E A D  ---------------

Current thread (0x000001b6d474d6a0):  VMThread "VM Thread" [stack: 0x0000009a9fa00000,0x0000009a9fb00000] [id=1348]

Stack: [0x0000009a9fa00000,0x0000009a9fb00000]
Native frames: (J=compiled Java code, j=interpreted, Vv=VM code, C=native code)
V  [jvm.dll+0x6711ba]
V  [jvm.dll+0x7d0834]
V  [jvm.dll+0x7d1fde]
V  [jvm.dll+0x7d2643]
V  [jvm.dll+0x242c85]
V  [jvm.dll+0x66e0d9]
V  [jvm.dll+0x662a22]
V  [jvm.dll+0x300ddb]
V  [jvm.dll+0x308376]
V  [jvm.dll+0x357f7e]
V  [jvm.dll+0x3581af]
V  [jvm.dll+0x2d7ff8]
V  [jvm.dll+0x2db076]
V  [jvm.dll+0x2e56c8]
V  [jvm.dll+0x319550]
V  [jvm.dll+0x7d6b1b]
V  [jvm.dll+0x7d7854]
V  [jvm.dll+0x7d7d6c]
V  [jvm.dll+0x7d8144]
V  [jvm.dll+0x7d8210]
V  [jvm.dll+0x780aca]
V  [jvm.dll+0x670045]
C  [ucrtbase.dll+0x21bb2]
C  [KERNEL32.DLL+0x17034]
C  [ntdll.dll+0x52651]

VM_Operation (0x0000009a9f6ff8d0): G1Concurrent, mode: safepoint, requested by thread 0x000001b6d46cb150


---------------  P R O C E S S  ---------------

Threads class SMR info:
_java_thread_list=0x000001b68b8afcd0, length=97, elements={
0x000001b6d4752a70, 0x000001b6d4754b60, 0x000001b6f4605210, 0x000001b6f46060e0,
0x000001b6f46093d0, 0x000001b6f46111b0, 0x000001b6f4611e50, 0x000001b6f461ac20,
0x000001b6f462bce0, 0x000001b6f47cb2d0, 0x000001b6f47d27e0, 0x000001b6d467f340,
0x000001b6f7b8e890, 0x000001b6f49f1790, 0x000001b6f57b6f80, 0x000001b6f57b6110,
0x000001b6f57b6ab0, 0x000001b6f7d7a790, 0x000001b6f7d79920, 0x000001b6f7d79df0,
0x000001b6f7d7a2c0, 0x000001b6f7d76dd0, 0x000001b6f7d7ac60, 0x000001b6f7d75f60,
0x000001b6f7d755c0, 0x000001b6f7d78110, 0x000001b6f7d7b130, 0x000001b6f7d785e0,
0x000001b6f7d76430, 0x000001b6f7d74c20, 0x000001b6fce884d0, 0x000001b6fce867f0,
0x000001b6fce86320, 0x000001b6fce87190, 0x000001b6fce85e50, 0x000001b6fce86cc0,
0x000001b6fce87660, 0x000001b6fce89ce0, 0x000001b6fce8a1b0, 0x000001b6fce87b30,
0x000001b6fce889a0, 0x000001b6fce85980, 0x000001b6fce837d0, 0x000001b6fce88e70,
0x000001b6f57b7920, 0x000001b6fc72c090, 0x000001b6fc72a880, 0x000001b6fc72ad50,
0x000001b6fc72b220, 0x000001b6fc728ba0, 0x000001b6fc729540, 0x000001b6fc72b6f0,
0x000001b6fd2b98c0, 0x000001b6fd2b2540, 0x000001b6fd2b2a10, 0x000001b6fd2b33b0,
0x000001b6fd2b3880, 0x000001b6fd2b7240, 0x000001b6fd2b5f00, 0x000001b6fd2b7be0,
0x000001b6fd2b8580, 0x000001b6fd2b68a0, 0x000001b6f7d750f0, 0x000001b6f7d75a90,
0x000001b6f7d76900, 0x000001b6f7d77770, 0x000001b6fc729ee0, 0x000001b6f9f7ea30,
0x000001b6f9f7f3d0, 0x000001b6f9f79d30, 0x000001b6f9f78ec0, 0x000001b6f9f80240,
0x000001b6f9f7a200, 0x000001b6f9f80710, 0x000001b6f9f7bee0, 0x000001b6f9f7aba0,
0x000001b6f9f7ba10, 0x000001b6f9f7e090, 0x000001b685d3bd20, 0x000001b685d3b850,
0x000001b685d3a510, 0x000001b685d3a9e0, 0x000001b6fd2b80b0, 0x000001b6851bb5e0,
0x000001b6851bac40, 0x000001b6851bb110, 0x000001b6851bd2c0, 0x000001b685d3da00,
0x000001b685d3fbb0, 0x000001b685d3f6e0, 0x000001b685d38d00, 0x000001b685d396a0,
0x000001b685d39b70, 0x000001b685d3c1f0, 0x000001b685d3ded0, 0x000001b685d3c6c0,
0x000001b685d3d060
}

Java Threads: ( => current thread )
  0x000001b6d4752a70 JavaThread "Reference Handler" daemon [_thread_blocked, id=11856, stack(0x0000009a9fb00000,0x0000009a9fc00000)]
  0x000001b6d4754b60 JavaThread "Finalizer" daemon [_thread_blocked, id=1340, stack(0x0000009a9fc00000,0x0000009a9fd00000)]
  0x000001b6f4605210 JavaThread "Signal Dispatcher" daemon [_thread_blocked, id=9992, stack(0x0000009a9fd00000,0x0000009a9fe00000)]
  0x000001b6f46060e0 JavaThread "Attach Listener" daemon [_thread_blocked, id=13080, stack(0x0000009a9fe00000,0x0000009a9ff00000)]
  0x000001b6f46093d0 JavaThread "Service Thread" daemon [_thread_blocked, id=15340, stack(0x0000009a9ff00000,0x0000009aa0000000)]
  0x000001b6f46111b0 JavaThread "Monitor Deflation Thread" daemon [_thread_blocked, id=12068, stack(0x0000009aa0000000,0x0000009aa0100000)]
  0x000001b6f4611e50 JavaThread "C2 CompilerThread0" daemon [_thread_blocked, id=6148, stack(0x0000009aa0100000,0x0000009aa0200000)]
  0x000001b6f461ac20 JavaThread "C1 CompilerThread0" daemon [_thread_blocked, id=4756, stack(0x0000009aa0200000,0x0000009aa0300000)]
  0x000001b6f462bce0 JavaThread "Sweeper thread" daemon [_thread_blocked, id=4048, stack(0x0000009aa0300000,0x0000009aa0400000)]
  0x000001b6f47cb2d0 JavaThread "Notification Thread" daemon [_thread_blocked, id=9212, stack(0x0000009aa0400000,0x0000009aa0500000)]
  0x000001b6f47d27e0 JavaThread "Common-Cleaner" daemon [_thread_blocked, id=8272, stack(0x0000009aa0600000,0x0000009aa0700000)]
  0x000001b6d467f340 JavaThread "DestroyJavaVM" [_thread_blocked, id=9536, stack(0x0000009a9f400000,0x0000009a9f500000)]
  0x000001b6f7b8e890 JavaThread "WindowsStreamPump" daemon [_thread_blocked, id=14624, stack(0x0000009aa0c00000,0x0000009aa0d00000)]
  0x000001b6f49f1790 JavaThread "Log4j2-AsyncAppenderEventDispatcher-1-Async" daemon [_thread_blocked, id=6572, stack(0x0000009aa0b00000,0x0000009aa0c00000)]
  0x000001b6f57b6f80 JavaThread "Timer hack thread" daemon [_thread_blocked, id=15284, stack(0x0000009aa1400000,0x0000009aa1500000)]
  0x000001b6f57b6110 JavaThread "Worker-Main-1" daemon [_thread_blocked, id=15148, stack(0x0000009aa1500000,0x0000009aa1600000)]
  0x000001b6f57b6ab0 JavaThread "Java2D Disposer" daemon [_thread_blocked, id=13536, stack(0x0000009aa0d00000,0x0000009aa0e00000)]
  0x000001b6f7d7a790 JavaThread "AWT-Windows" daemon [_thread_in_native, id=14236, stack(0x0000009aa1700000,0x0000009aa1800000)]
  0x000001b6f7d79920 JavaThread "AWT-Shutdown" [_thread_blocked, id=14196, stack(0x0000009aa1600000,0x0000009aa1700000)]
  0x000001b6f7d79df0 JavaThread "AWT-EventQueue-0" [_thread_blocked, id=12572, stack(0x0000009aa1f00000,0x0000009aa2000000)]
  0x000001b6f7d7a2c0 JavaThread "TimerQueue" daemon [_thread_blocked, id=9768, stack(0x0000009aa2000000,0x0000009aa2100000)]
  0x000001b6f7d76dd0 JavaThread "D3D Screen Updater" daemon [_thread_blocked, id=15048, stack(0x0000009aa2100000,0x0000009aa2200000)]
  0x000001b6f7d7ac60 JavaThread "Thread-1" daemon [_thread_blocked, id=12760, stack(0x0000009aa2200000,0x0000009aa2300000)]
  0x000001b6f7d75f60 JavaThread "Server thread" [_thread_blocked, id=14608, stack(0x0000009aa2300000,0x0000009aa2400000)]
  0x000001b6f7d755c0 JavaThread "Paper Watchdog Thread" [_thread_blocked, id=8688, stack(0x0000009aa2800000,0x0000009aa2900000)]
  0x000001b6f7d78110 JavaThread "Paper Async Chunk Task Thread #0" [_thread_blocked, id=8236, stack(0x0000009aa2900000,0x0000009aa2a00000)]
  0x000001b6f7d7b130 JavaThread "Paper Async Chunk Urgent Task Thread" [_thread_blocked, id=9468, stack(0x0000009aa2a00000,0x0000009aa2b00000)]
  0x000001b6f7d785e0 JavaThread "Server console handler" daemon [_thread_blocked, id=3168, stack(0x0000009aa2b00000,0x0000009aa2c00000)]
  0x000001b6f7d76430 JavaThread "pool-4-thread-1" [_thread_blocked, id=5228, stack(0x0000009aa2c00000,0x0000009aa2d00000)]
  0x000001b6f7d74c20 JavaThread "Netty Server IO #0" daemon [_thread_in_native, id=6656, stack(0x0000009aa0a00000,0x0000009aa0b00000)]
  0x000001b6fce884d0 JavaThread "luckperms-worker-0" daemon [_thread_blocked, id=14376, stack(0x0000009aa3000000,0x0000009aa3100000)]
  0x000001b6fce867f0 JavaThread "luckperms-worker-1" daemon [_thread_blocked, id=10984, stack(0x0000009aa3100000,0x0000009aa3200000)]
  0x000001b6fce86320 JavaThread "luckperms-worker-2" daemon [_thread_blocked, id=12352, stack(0x0000009aa3200000,0x0000009aa3300000)]
  0x000001b6fce87190 JavaThread "luckperms-worker-3" daemon [_thread_blocked, id=14520, stack(0x0000009aa3300000,0x0000009aa3400000)]
  0x000001b6fce85e50 JavaThread "luckperms-worker-4" daemon [_thread_blocked, id=13008, stack(0x0000009aa3400000,0x0000009aa3500000)]
  0x000001b6fce86cc0 JavaThread "luckperms-worker-5" daemon [_thread_blocked, id=10124, stack(0x0000009aa3500000,0x0000009aa3600000)]
  0x000001b6fce87660 JavaThread "luckperms-worker-6" daemon [_thread_blocked, id=14128, stack(0x0000009aa3600000,0x0000009aa3700000)]
  0x000001b6fce89ce0 JavaThread "luckperms-worker-7" daemon [_thread_blocked, id=12076, stack(0x0000009aa3700000,0x0000009aa3800000)]
  0x000001b6fce8a1b0 JavaThread "luckperms-worker-8" daemon [_thread_blocked, id=12328, stack(0x0000009aa3800000,0x0000009aa3900000)]
  0x000001b6fce87b30 JavaThread "luckperms-scheduler" [_thread_blocked, id=12464, stack(0x0000009aa2d00000,0x0000009aa2e00000)]
  0x000001b6fce889a0 JavaThread "WorldEdit Session Manager" [_thread_blocked, id=10308, stack(0x0000009aa3a00000,0x0000009aa3b00000)]
  0x000001b6fce85980 JavaThread "FileSystemWatchService" daemon [_thread_in_native, id=6548, stack(0x0000009aa3b00000,0x0000009aa3c00000)]
  0x000001b6fce837d0 JavaThread "luckperms-worker-9" daemon [_thread_blocked, id=14612, stack(0x0000009aa3d00000,0x0000009aa3e00000)]
  0x000001b6fce88e70 JavaThread "MVStore background writer nio:C:/Users/paden/Desktop/minecraft server/Server/plugins/LuckPerms/luckperms-h2.mv.db" daemon [_thread_blocked, id=1956, stack(0x0000009aa3900000,0x0000009aa3a00000)]
  0x000001b6f57b7920 JavaThread "AutoSaveWorld AutoSaveThread" [_thread_blocked, id=9772, stack(0x0000009aa4400000,0x0000009aa4500000)]
  0x000001b6fc72c090 JavaThread "AutoSaveWorld AutoBackupThread" [_thread_blocked, id=5900, stack(0x0000009aa4500000,0x0000009aa4600000)]
  0x000001b6fc72a880 JavaThread "AutoSaveWorld AutoPurgeThread" [_thread_blocked, id=9544, stack(0x0000009aa4600000,0x0000009aa4700000)]
  0x000001b6fc72ad50 JavaThread "AutoSaveWorld AutoRestartThread" [_thread_blocked, id=9336, stack(0x0000009aa4700000,0x0000009aa4800000)]
  0x000001b6fc72b220 JavaThread "AutoSaveWorld CrashRestartThread" [_thread_blocked, id=3592, stack(0x0000009aa4800000,0x0000009aa4900000)]
  0x000001b6fc728ba0 JavaThread "AutoSaveWorld AutoConsoleCommandThread" [_thread_blocked, id=11484, stack(0x0000009aa4900000,0x0000009aa4a00000)]
  0x000001b6fc729540 JavaThread "Timer-0" daemon [_thread_blocked, id=10876, stack(0x0000009aa4a00000,0x0000009aa4b00000)]
  0x000001b6fc72b6f0 JavaThread "bStats-Metrics" [_thread_blocked, id=12860, stack(0x0000009aa4b00000,0x0000009aa4c00000)]
  0x000001b6fd2b98c0 JavaThread "Paper RegionFile IO Thread" [_thread_blocked, id=14968, stack(0x0000009aa4c00000,0x0000009aa4d00000)]
  0x000001b6fd2b2540 JavaThread "bStats-Metrics" [_thread_blocked, id=8924, stack(0x0000009aa5000000,0x0000009aa5100000)]
  0x000001b6fd2b2a10 JavaThread "bStats-Metrics" [_thread_blocked, id=13664, stack(0x0000009aa5100000,0x0000009aa5200000)]
  0x000001b6fd2b33b0 JavaThread "bStats-Metrics" [_thread_blocked, id=3956, stack(0x0000009aa5300000,0x0000009aa5400000)]
  0x000001b6fd2b3880 JavaThread "bStats-Metrics" [_thread_blocked, id=15072, stack(0x0000009aa5500000,0x0000009aa5600000)]
  0x000001b6fd2b7240 JavaThread "RxSchedulerPurge-1" daemon [_thread_blocked, id=10000, stack(0x0000009aa5900000,0x0000009aa5a00000)]
  0x000001b6fd2b5f00 JavaThread "RxCachedWorkerPoolEvictor-1" daemon [_thread_blocked, id=1180, stack(0x0000009aa5a00000,0x0000009aa5b00000)]
  0x000001b6fd2b7be0 JavaThread "bStats-Metrics" [_thread_blocked, id=2376, stack(0x0000009aa5b00000,0x0000009aa5c00000)]
  0x000001b6fd2b8580 JavaThread "pool-19-thread-1" [_thread_blocked, id=14776, stack(0x0000009aa2400000,0x0000009aa2500000)]
  0x000001b6fd2b68a0 JavaThread "bStats-Metrics" [_thread_blocked, id=9308, stack(0x0000009aa2500000,0x0000009aa2600000)]
  0x000001b6f7d750f0 JavaThread "bStats-Metrics" [_thread_blocked, id=12404, stack(0x0000009aa2600000,0x0000009aa2700000)]
  0x000001b6f7d75a90 JavaThread "mysql-cj-abandoned-connection-cleanup" daemon [_thread_blocked, id=12428, stack(0x0000009aa2700000,0x0000009aa2800000)]
  0x000001b6f7d76900 JavaThread "bStats-Metrics" [_thread_blocked, id=8044, stack(0x0000009aa5c00000,0x0000009aa5d00000)]
  0x000001b6f7d77770 JavaThread "TAB Repeating / Delayed Thread 0" [_thread_blocked, id=11512, stack(0x0000009aa5d00000,0x0000009aa5e00000)]
  0x000001b6fc729ee0 JavaThread "TAB Repeating / Delayed Thread 1" [_thread_blocked, id=10336, stack(0x0000009aa5e00000,0x0000009aa5f00000)]
  0x000001b6f9f7ea30 JavaThread "TAB Repeating / Delayed Thread 2" [_thread_blocked, id=9980, stack(0x0000009aa5f00000,0x0000009aa6000000)]
  0x000001b6f9f7f3d0 JavaThread "bStats-Metrics" [_thread_blocked, id=15188, stack(0x0000009aa6100000,0x0000009aa6200000)]
  0x000001b6f9f79d30 JavaThread "ServerSigns-TaskPersistence" [_thread_blocked, id=2256, stack(0x0000009aa6200000,0x0000009aa6300000)]
  0x000001b6f9f78ec0 JavaThread "TAB Processing Thread" [_thread_blocked, id=11064, stack(0x0000009aa6500000,0x0000009aa6600000)]
  0x000001b6f9f80240 JavaThread "bStats-Metrics" [_thread_blocked, id=15120, stack(0x0000009aa6300000,0x0000009aa6400000)]
  0x000001b6f9f7a200 JavaThread "WorldGuard Region I/O" [_thread_blocked, id=12136, stack(0x0000009aa6400000,0x0000009aa6500000)]
  0x000001b6f9f80710 JavaThread "bStats-Metrics" [_thread_blocked, id=8216, stack(0x0000009aa6700000,0x0000009aa6800000)]
  0x000001b6f9f7bee0 JavaThread "bStats-Metrics" [_thread_blocked, id=13748, stack(0x0000009aa6800000,0x0000009aa6900000)]
  0x000001b6f9f7aba0 JavaThread "Timer-1" daemon [_thread_blocked, id=5160, stack(0x0000009aa6900000,0x0000009aa6a00000)]
  0x000001b6f9f7ba10 JavaThread "ExpiringMap-Expirer" daemon [_thread_blocked, id=5332, stack(0x0000009a9f100000,0x0000009a9f200000)]
  0x000001b6f9f7e090 JavaThread "Craft Async Scheduler Management Thread" [_thread_blocked, id=11576, stack(0x0000009a9f200000,0x0000009a9f300000)]
  0x000001b685d3bd20 JavaThread "ServerSigns-TaskManager" [_thread_blocked, id=4076, stack(0x0000009aa8700000,0x0000009aa8800000)]
  0x000001b685d3b850 JavaThread "DecentHolograms Thread #1" [_thread_blocked, id=3464, stack(0x0000009aa8200000,0x0000009aa8300000)]
  0x000001b685d3a510 JavaThread "DecentHolograms Thread #2" [_thread_blocked, id=7612, stack(0x0000009aa8400000,0x0000009aa8500000)]
  0x000001b685d3a9e0 JavaThread "DecentHolograms Thread #3" [_thread_blocked, id=5984, stack(0x0000009aa8500000,0x0000009aa8600000)]
  0x000001b6fd2b80b0 JavaThread "DecentHolograms Thread #4" [_thread_blocked, id=15240, stack(0x0000009aa8600000,0x0000009aa8700000)]
  0x000001b6851bb5e0 JavaThread "Netty Server IO #1" daemon [_thread_blocked, id=13108, stack(0x0000009aa3f00000,0x0000009aa4000000)]
  0x000001b6851bac40 JavaThread "ForkJoinPool-2-worker-1" daemon [_thread_blocked, id=5100, stack(0x0000009aa9200000,0x0000009aa9300000)]
  0x000001b6851bb110 JavaThread "pool-18-thread-1" [_thread_blocked, id=12956, stack(0x0000009aa9900000,0x0000009aa9a00000)]
  0x000001b6851bd2c0 JavaThread "luckperms-command-executor" daemon [_thread_blocked, id=12224, stack(0x0000009a9f300000,0x0000009a9f400000)]
  0x000001b685d3da00 JavaThread "Netty Server IO #2" daemon [_thread_blocked, id=8072, stack(0x0000009aa6f00000,0x0000009aa7000000)]
  0x000001b685d3fbb0 JavaThread "ForkJoinPool-2-worker-2" daemon [_thread_blocked, id=10340, stack(0x0000009aa7300000,0x0000009aa7400000)]
  0x000001b685d3f6e0 JavaThread "WorldGuard Region Chunk Table - SkyWarsMap" [_thread_blocked, id=13420, stack(0x0000009aa1800000,0x0000009aa1900000)]
  0x000001b685d38d00 JavaThread "Craft Scheduler Thread - 54" [_thread_blocked, id=6996, stack(0x0000009aa4f00000,0x0000009aa5000000)]
  0x000001b685d396a0 JavaThread "Craft Scheduler Thread - 55" [_thread_blocked, id=13948, stack(0x0000009aa0e00000,0x0000009aa0f00000)]
  0x000001b685d39b70 JavaThread "Craft Scheduler Thread - 56" [_thread_blocked, id=3936, stack(0x0000009aa1000000,0x0000009aa1100000)]
  0x000001b685d3c1f0 JavaThread "Craft Scheduler Thread - 57" [_thread_blocked, id=2132, stack(0x0000009aa3c00000,0x0000009aa3d00000)]
  0x000001b685d3ded0 JavaThread "IO-Worker-17" [_thread_blocked, id=3508, stack(0x0000009aa0f00000,0x0000009aa1000000)]
  0x000001b685d3c6c0 JavaThread "IO-Worker-18" [_thread_blocked, id=12148, stack(0x0000009aa4000000,0x0000009aa4100000)]
  0x000001b685d3d060 JavaThread "Craft Scheduler Thread - 58" [_thread_blocked, id=4364, stack(0x0000009aa4100000,0x0000009aa4200000)]

Other Threads:
=>0x000001b6d474d6a0 VMThread "VM Thread" [stack: 0x0000009a9fa00000,0x0000009a9fb00000] [id=1348]
  0x000001b6d46d2690 WatcherThread [stack: 0x0000009aa0500000,0x0000009aa0600000] [id=10800]
  0x000001b6d46c62f0 GCTaskThread "GC Thread#0" [stack: 0x0000009a9f500000,0x0000009a9f600000] [id=6152]
  0x000001b6f48b3560 GCTaskThread "GC Thread#1" [stack: 0x0000009aa0700000,0x0000009aa0800000] [id=5320]
  0x000001b6f48b3ac0 GCTaskThread "GC Thread#2" [stack: 0x0000009aa0800000,0x0000009aa0900000] [id=8248]
  0x000001b6f48b3d70 GCTaskThread "GC Thread#3" [stack: 0x0000009aa0900000,0x0000009aa0a00000] [id=9548]
  0x000001b6d46cb150 ConcurrentGCThread "G1 Main Marker" [stack: 0x0000009a9f600000,0x0000009a9f700000] [id=14852]
  0x000001b6d46cc210 ConcurrentGCThread "G1 Conc#0" [stack: 0x0000009a9f700000,0x0000009a9f800000] [id=12584]
  0x000001b6d472ee20 ConcurrentGCThread "G1 Refine#0" [stack: 0x0000009a9f800000,0x0000009a9f900000] [id=13792]
  0x000001b6f818cc50 ConcurrentGCThread "G1 Refine#1" [stack: 0x0000009aa1100000,0x0000009aa1200000] [id=3404]
  0x000001b6f7ed9720 ConcurrentGCThread "G1 Refine#2" [stack: 0x0000009aa1200000,0x0000009aa1300000] [id=14952]
  0x000001b6f637eff0 ConcurrentGCThread "G1 Refine#3" [stack: 0x0000009aa1300000,0x0000009aa1400000] [id=3148]
  0x000001b6d472f750 ConcurrentGCThread "G1 Service" [stack: 0x0000009a9f900000,0x0000009a9fa00000] [id=4524]

Threads with active compile tasks:

VM state: at safepoint (normal execution)

VM Mutex/Monitor currently owned by a thread:  ([mutex/lock_event])
[0x000001b6d467a6c0] Threads_lock - owner thread: 0x000001b6d474d6a0
[0x000001b6d467b200] Heap_lock - owner thread: 0x000001b6d46cb150

Heap address: 0x0000000740000000, size: 3072 MB, Compressed Oops mode: Zero based, Oop shift amount: 3

CDS archive(s) mapped at: [0x0000000800000000-0x0000000800bc0000-0x0000000800bc0000), size 12320768, SharedBaseAddress: 0x0000000800000000, ArchiveRelocationMode: 0.
Compressed class space mapped at: 0x0000000800c00000-0x0000000840c00000, reserved size: 1073741824
Narrow klass base: 0x0000000800000000, Narrow klass shift: 0, Narrow klass range: 0x100000000

GC Precious Log:
 CPUs: 4 total, 4 available
 Memory: 8140M
 Large Page Support: Disabled
 NUMA Support: Disabled
 Compressed Oops: Enabled (Zero based)
 Heap Region Size: 8M
 Heap Min Capacity: 1G
 Heap Initial Capacity: 1G
 Heap Max Capacity: 3G
 Pre-touch: Enabled
 Parallel Workers: 4
 Concurrent Workers: 1
 Concurrent Refinement Workers: 4
 Periodic GC: Disabled

Heap:
 garbage-first heap   total 1859584K, used 1646592K [0x0000000740000000, 0x0000000800000000)
  region size 8192K, 66 young (540672K), 3 survivors (24576K)
 Metaspace       used 177279K, committed 179392K, reserved 1204224K
  class space    used 24928K, committed 25856K, reserved 1048576K

Heap Regions: E=young(eden), S=young(survivor), O=old, HS=humongous(starts), HC=humongous(continues), CS=collection set, F=free, OA=open archive, CA=closed archive, TAMS=top-at-mark-start (previous, next)
|   0|0x0000000740000000, 0x0000000740800000, 0x0000000740800000|100%| O|  |TAMS 0x0000000740800000, 0x0000000740000000| Untracked 
|   1|0x0000000740800000, 0x0000000741000000, 0x0000000741000000|100%| O|  |TAMS 0x0000000741000000, 0x0000000740800000| Untracked 
|   2|0x0000000741000000, 0x0000000741800000, 0x0000000741800000|100%| O|  |TAMS 0x0000000741800000, 0x0000000741000000| Untracked 
|   3|0x0000000741800000, 0x0000000742000000, 0x0000000742000000|100%|HS|  |TAMS 0x0000000742000000, 0x0000000741800000| Complete 
|   4|0x0000000742000000, 0x0000000742800000, 0x0000000742800000|100%|HC|  |TAMS 0x0000000742800000, 0x0000000742000000| Complete 
|   5|0x0000000742800000, 0x0000000743000000, 0x0000000743000000|100%| O|  |TAMS 0x0000000743000000, 0x0000000742800000| Untracked 
|   6|0x0000000743000000, 0x0000000743800000, 0x0000000743800000|100%| O|  |TAMS 0x0000000743800000, 0x0000000743000000| Untracked 
|   7|0x0000000743800000, 0x0000000744000000, 0x0000000744000000|100%| O|  |TAMS 0x0000000744000000, 0x0000000743800000| Untracked 
|   8|0x0000000744000000, 0x0000000744800000, 0x0000000744800000|100%| O|  |TAMS 0x0000000744800000, 0x0000000744000000| Untracked 
|   9|0x0000000744800000, 0x0000000745000000, 0x0000000745000000|100%| O|  |TAMS 0x0000000745000000, 0x0000000744800000| Updating 
|  10|0x0000000745000000, 0x0000000745800000, 0x0000000745800000|100%| O|  |TAMS 0x0000000745800000, 0x0000000745000000| Untracked 
|  11|0x0000000745800000, 0x0000000746000000, 0x0000000746000000|100%| O|  |TAMS 0x0000000746000000, 0x0000000745800000| Updating 
|  12|0x0000000746000000, 0x0000000746800000, 0x0000000746800000|100%| O|  |TAMS 0x0000000746800000, 0x0000000746000000| Updating 
|  13|0x0000000746800000, 0x0000000747000000, 0x0000000747000000|100%| O|  |TAMS 0x0000000747000000, 0x0000000746800000| Untracked 
|  14|0x0000000747000000, 0x0000000747800000, 0x0000000747800000|100%| O|  |TAMS 0x0000000747800000, 0x0000000747000000| Untracked 
|  15|0x0000000747800000, 0x0000000748000000, 0x0000000748000000|100%| O|  |TAMS 0x0000000748000000, 0x0000000747800000| Untracked 
|  16|0x0000000748000000, 0x0000000748800000, 0x0000000748800000|100%| O|  |TAMS 0x0000000748800000, 0x0000000748000000| Updating 
|  17|0x0000000748800000, 0x0000000749000000, 0x0000000749000000|100%| O|  |TAMS 0x0000000749000000, 0x0000000748800000| Untracked 
|  18|0x0000000749000000, 0x0000000749800000, 0x0000000749800000|100%| O|  |TAMS 0x0000000749800000, 0x0000000749000000| Untracked 
|  19|0x0000000749800000, 0x000000074a000000, 0x000000074a000000|100%| O|  |TAMS 0x000000074a000000, 0x0000000749800000| Untracked 
|  20|0x000000074a000000, 0x000000074a800000, 0x000000074a800000|100%| O|  |TAMS 0x000000074a800000, 0x000000074a000000| Updating 
|  21|0x000000074a800000, 0x000000074b000000, 0x000000074b000000|100%| O|  |TAMS 0x000000074b000000, 0x000000074a800000| Untracked 
|  22|0x000000074b000000, 0x000000074b800000, 0x000000074b800000|100%| O|  |TAMS 0x000000074b800000, 0x000000074b000000| Untracked 
|  23|0x000000074b800000, 0x000000074c000000, 0x000000074c000000|100%| O|  |TAMS 0x000000074c000000, 0x000000074b800000| Updating 
|  24|0x000000074c000000, 0x000000074c800000, 0x000000074c800000|100%| O|  |TAMS 0x000000074c800000, 0x000000074c000000| Untracked 
|  25|0x000000074c800000, 0x000000074d000000, 0x000000074d000000|100%| O|  |TAMS 0x000000074d000000, 0x000000074c800000| Untracked 
|  26|0x000000074d000000, 0x000000074d800000, 0x000000074d800000|100%| O|  |TAMS 0x000000074d800000, 0x000000074d000000| Updating 
|  27|0x000000074d800000, 0x000000074e000000, 0x000000074e000000|100%| O|  |TAMS 0x000000074e000000, 0x000000074d800000| Untracked 
|  28|0x000000074e000000, 0x000000074e800000, 0x000000074e800000|100%| O|  |TAMS 0x000000074e800000, 0x000000074e000000| Untracked 
|  29|0x000000074e800000, 0x000000074f000000, 0x000000074f000000|100%| O|  |TAMS 0x000000074f000000, 0x000000074e800000| Updating 
|  30|0x000000074f000000, 0x000000074f800000, 0x000000074f800000|100%| O|  |TAMS 0x000000074f800000, 0x000000074f000000| Untracked 
|  31|0x000000074f800000, 0x0000000750000000, 0x0000000750000000|100%| O|  |TAMS 0x0000000750000000, 0x000000074f800000| Untracked 
|  32|0x0000000750000000, 0x0000000750800000, 0x0000000750800000|100%| O|  |TAMS 0x0000000750800000, 0x0000000750000000| Updating 
|  33|0x0000000750800000, 0x0000000751000000, 0x0000000751000000|100%| O|  |TAMS 0x0000000751000000, 0x0000000750800000| Untracked 
|  34|0x0000000751000000, 0x0000000751800000, 0x0000000751800000|100%| O|  |TAMS 0x0000000751800000, 0x0000000751000000| Untracked 
|  35|0x0000000751800000, 0x0000000752000000, 0x0000000752000000|100%| O|  |TAMS 0x0000000752000000, 0x0000000751800000| Untracked 
|  36|0x0000000752000000, 0x0000000752800000, 0x0000000752800000|100%| O|  |TAMS 0x0000000752800000, 0x0000000752000000| Updating 
|  37|0x0000000752800000, 0x0000000753000000, 0x0000000753000000|100%| O|  |TAMS 0x0000000753000000, 0x0000000752800000| Updating 
|  38|0x0000000753000000, 0x0000000753800000, 0x0000000753800000|100%| O|  |TAMS 0x0000000753800000, 0x0000000753000000| Updating 
|  39|0x0000000753800000, 0x0000000754000000, 0x0000000754000000|100%| O|  |TAMS 0x0000000754000000, 0x0000000753800000| Updating 
|  40|0x0000000754000000, 0x0000000754800000, 0x0000000754800000|100%| O|  |TAMS 0x0000000754800000, 0x0000000754000000| Untracked 
|  41|0x0000000754800000, 0x0000000755000000, 0x0000000755000000|100%| O|  |TAMS 0x0000000754800000, 0x0000000754800000| Untracked 
|  42|0x0000000755000000, 0x0000000755800000, 0x0000000755800000|100%| O|  |TAMS 0x0000000755800000, 0x0000000755000000| Updating 
|  43|0x0000000755800000, 0x0000000756000000, 0x0000000756000000|100%| O|  |TAMS 0x0000000756000000, 0x0000000755800000| Untracked 
|  44|0x0000000756000000, 0x0000000756800000, 0x0000000756800000|100%| O|  |TAMS 0x0000000756800000, 0x0000000756000000| Untracked 
|  45|0x0000000756800000, 0x0000000757000000, 0x0000000757000000|100%| O|  |TAMS 0x0000000757000000, 0x0000000756800000| Untracked 
|  46|0x0000000757000000, 0x0000000757800000, 0x0000000757800000|100%| O|  |TAMS 0x0000000757800000, 0x0000000757000000| Updating 
|  47|0x0000000757800000, 0x0000000758000000, 0x0000000758000000|100%| O|  |TAMS 0x0000000758000000, 0x0000000757800000| Updating 
|  48|0x0000000758000000, 0x0000000758800000, 0x0000000758800000|100%| O|  |TAMS 0x0000000758800000, 0x0000000758000000| Untracked 
|  49|0x0000000758800000, 0x0000000759000000, 0x0000000759000000|100%| O|  |TAMS 0x0000000759000000, 0x0000000758800000| Untracked 
|  50|0x0000000759000000, 0x0000000759800000, 0x0000000759800000|100%| O|  |TAMS 0x0000000759800000, 0x0000000759000000| Untracked 
|  51|0x0000000759800000, 0x000000075a000000, 0x000000075a000000|100%| O|  |TAMS 0x000000075a000000, 0x0000000759800000| Untracked 
|  52|0x000000075a000000, 0x000000075a800000, 0x000000075a800000|100%| O|  |TAMS 0x000000075a800000, 0x000000075a000000| Updating 
|  53|0x000000075a800000, 0x000000075b000000, 0x000000075b000000|100%| O|  |TAMS 0x000000075b000000, 0x000000075a800000| Untracked 
|  54|0x000000075b000000, 0x000000075b800000, 0x000000075b800000|100%| O|  |TAMS 0x000000075b800000, 0x000000075b000000| Untracked 
|  55|0x000000075b800000, 0x000000075c000000, 0x000000075c000000|100%| O|  |TAMS 0x000000075c000000, 0x000000075b800000| Updating 
|  56|0x000000075c000000, 0x000000075c800000, 0x000000075c800000|100%| O|  |TAMS 0x000000075c800000, 0x000000075c000000| Untracked 
|  57|0x000000075c800000, 0x000000075d000000, 0x000000075d000000|100%| O|  |TAMS 0x000000075d000000, 0x000000075c800000| Updating 
|  58|0x000000075d000000, 0x000000075d800000, 0x000000075d800000|100%| O|  |TAMS 0x000000075d800000, 0x000000075d000000| Updating 
|  59|0x000000075d800000, 0x000000075e000000, 0x000000075e000000|100%| O|  |TAMS 0x000000075e000000, 0x000000075d800000| Untracked 
|  60|0x000000075e000000, 0x000000075e800000, 0x000000075e800000|100%| O|  |TAMS 0x000000075e800000, 0x000000075e000000| Untracked 
|  61|0x000000075e800000, 0x000000075f000000, 0x000000075f000000|100%| O|  |TAMS 0x000000075f000000, 0x000000075e800000| Untracked 
|  62|0x000000075f000000, 0x000000075f800000, 0x000000075f800000|100%| O|  |TAMS 0x000000075f800000, 0x000000075f000000| Untracked 
|  63|0x000000075f800000, 0x0000000760000000, 0x0000000760000000|100%| O|  |TAMS 0x0000000760000000, 0x000000075f800000| Untracked 
|  64|0x0000000760000000, 0x0000000760800000, 0x0000000760800000|100%| O|  |TAMS 0x0000000760800000, 0x0000000760000000| Untracked 
|  65|0x0000000760800000, 0x0000000761000000, 0x0000000761000000|100%| O|  |TAMS 0x0000000761000000, 0x0000000760800000| Untracked 
|  66|0x0000000761000000, 0x0000000761800000, 0x0000000761800000|100%| O|  |TAMS 0x0000000761800000, 0x0000000761000000| Untracked 
|  67|0x0000000761800000, 0x0000000762000000, 0x0000000762000000|100%| O|  |TAMS 0x0000000762000000, 0x0000000761800000| Updating 
|  68|0x0000000762000000, 0x0000000762800000, 0x0000000762800000|100%| O|  |TAMS 0x0000000762800000, 0x0000000762000000| Untracked 
|  69|0x0000000762800000, 0x0000000763000000, 0x0000000763000000|100%| O|  |TAMS 0x0000000763000000, 0x0000000762800000| Untracked 
|  70|0x0000000763000000, 0x0000000763800000, 0x0000000763800000|100%| O|  |TAMS 0x0000000763000000, 0x0000000763000000| Untracked 
|  71|0x0000000763800000, 0x0000000764000000, 0x0000000764000000|100%| O|  |TAMS 0x0000000764000000, 0x0000000763800000| Untracked 
|  72|0x0000000764000000, 0x0000000764800000, 0x0000000764800000|100%| O|  |TAMS 0x0000000764800000, 0x0000000764000000| Untracked 
|  73|0x0000000764800000, 0x0000000765000000, 0x0000000765000000|100%| O|  |TAMS 0x0000000765000000, 0x0000000764800000| Updating 
|  74|0x0000000765000000, 0x0000000765800000, 0x0000000765800000|100%| O|  |TAMS 0x0000000765800000, 0x0000000765000000| Updating 
|  75|0x0000000765800000, 0x0000000766000000, 0x0000000766000000|100%| O|  |TAMS 0x0000000766000000, 0x0000000765800000| Untracked 
|  76|0x0000000766000000, 0x0000000766800000, 0x0000000766800000|100%| O|  |TAMS 0x0000000766800000, 0x0000000766000000| Untracked 
|  77|0x0000000766800000, 0x0000000767000000, 0x0000000767000000|100%| O|  |TAMS 0x0000000767000000, 0x0000000766800000| Untracked 
|  78|0x0000000767000000, 0x0000000767800000, 0x0000000767800000|100%| O|  |TAMS 0x0000000767800000, 0x0000000767000000| Untracked 
|  79|0x0000000767800000, 0x0000000768000000, 0x0000000768000000|100%| O|  |TAMS 0x0000000768000000, 0x0000000767800000| Untracked 
|  80|0x0000000768000000, 0x0000000768800000, 0x0000000768800000|100%| O|  |TAMS 0x0000000768800000, 0x0000000768000000| Updating 
|  81|0x0000000768800000, 0x0000000769000000, 0x0000000769000000|100%| O|  |TAMS 0x0000000769000000, 0x0000000768800000| Untracked 
|  82|0x0000000769000000, 0x0000000769800000, 0x0000000769800000|100%| O|  |TAMS 0x0000000769800000, 0x0000000769000000| Updating 
|  83|0x0000000769800000, 0x000000076a000000, 0x000000076a000000|100%| O|  |TAMS 0x000000076a000000, 0x0000000769800000| Updating 
|  84|0x000000076a000000, 0x000000076a800000, 0x000000076a800000|100%| O|  |TAMS 0x000000076a800000, 0x000000076a000000| Untracked 
|  85|0x000000076a800000, 0x000000076b000000, 0x000000076b000000|100%| O|  |TAMS 0x000000076a800000, 0x000000076a800000| Untracked 
|  86|0x000000076b000000, 0x000000076b800000, 0x000000076b800000|100%| O|  |TAMS 0x000000076b800000, 0x000000076b000000| Untracked 
|  87|0x000000076b800000, 0x000000076c000000, 0x000000076c000000|100%| O|  |TAMS 0x000000076c000000, 0x000000076b800000| Untracked 
|  88|0x000000076c000000, 0x000000076c800000, 0x000000076c800000|100%| O|  |TAMS 0x000000076c800000, 0x000000076c000000| Untracked 
|  89|0x000000076c800000, 0x000000076d000000, 0x000000076d000000|100%| O|  |TAMS 0x000000076d000000, 0x000000076c800000| Untracked 
|  90|0x000000076d000000, 0x000000076d800000, 0x000000076d800000|100%| O|  |TAMS 0x000000076d800000, 0x000000076d000000| Updating 
|  91|0x000000076d800000, 0x000000076e000000, 0x000000076e000000|100%| O|  |TAMS 0x000000076e000000, 0x000000076d800000| Updating 
|  92|0x000000076e000000, 0x000000076e800000, 0x000000076e800000|100%| O|  |TAMS 0x000000076e800000, 0x000000076e000000| Updating 
|  93|0x000000076e800000, 0x000000076f000000, 0x000000076f000000|100%| O|  |TAMS 0x000000076f000000, 0x000000076e800000| Updating 
|  94|0x000000076f000000, 0x000000076f800000, 0x000000076f800000|100%| O|  |TAMS 0x000000076f800000, 0x000000076f000000| Untracked 
|  95|0x000000076f800000, 0x0000000770000000, 0x0000000770000000|100%| O|  |TAMS 0x0000000770000000, 0x000000076f800000| Untracked 
|  96|0x0000000770000000, 0x0000000770800000, 0x0000000770800000|100%| O|  |TAMS 0x0000000770800000, 0x0000000770000000| Untracked 
|  97|0x0000000770800000, 0x0000000771000000, 0x0000000771000000|100%| O|  |TAMS 0x0000000771000000, 0x0000000770800000| Untracked 
|  98|0x0000000771000000, 0x0000000771800000, 0x0000000771800000|100%| O|  |TAMS 0x0000000771800000, 0x0000000771000000| Untracked 
|  99|0x0000000771800000, 0x0000000772000000, 0x0000000772000000|100%| O|  |TAMS 0x0000000772000000, 0x0000000771800000| Updating 
| 100|0x0000000772000000, 0x0000000772800000, 0x0000000772800000|100%| O|  |TAMS 0x0000000772800000, 0x0000000772000000| Untracked 
| 101|0x0000000772800000, 0x0000000773000000, 0x0000000773000000|100%| O|  |TAMS 0x0000000773000000, 0x0000000772800000| Untracked 
| 102|0x0000000773000000, 0x0000000773800000, 0x0000000773800000|100%| O|  |TAMS 0x00000007731c1200, 0x0000000773000000| Updating 
| 103|0x0000000773800000, 0x0000000774000000, 0x0000000774000000|100%| O|  |TAMS 0x0000000773800000, 0x0000000773800000| Untracked 
| 104|0x0000000774000000, 0x0000000774800000, 0x0000000774800000|100%| O|  |TAMS 0x0000000774800000, 0x0000000774000000| Untracked 
| 105|0x0000000774800000, 0x0000000775000000, 0x0000000775000000|100%| O|  |TAMS 0x0000000775000000, 0x0000000774800000| Untracked 
| 106|0x0000000775000000, 0x0000000775800000, 0x0000000775800000|100%| O|  |TAMS 0x0000000775800000, 0x0000000775000000| Untracked 
| 107|0x0000000775800000, 0x0000000776000000, 0x0000000776000000|100%| O|  |TAMS 0x0000000776000000, 0x0000000775800000| Updating 
| 108|0x0000000776000000, 0x0000000776800000, 0x0000000776800000|100%| O|  |TAMS 0x0000000776000000, 0x0000000776000000| Untracked 
| 109|0x0000000776800000, 0x0000000777000000, 0x0000000777000000|100%| O|  |TAMS 0x0000000777000000, 0x0000000776800000| Untracked 
| 110|0x0000000777000000, 0x0000000777800000, 0x0000000777800000|100%| O|  |TAMS 0x0000000777800000, 0x0000000777000000| Untracked 
| 111|0x0000000777800000, 0x0000000778000000, 0x0000000778000000|100%| O|  |TAMS 0x0000000778000000, 0x0000000777800000| Updating 
| 112|0x0000000778000000, 0x0000000778800000, 0x0000000778800000|100%| O|  |TAMS 0x0000000778000000, 0x0000000778000000| Untracked 
| 113|0x0000000778800000, 0x0000000779000000, 0x0000000779000000|100%| O|  |TAMS 0x0000000778800000, 0x0000000778800000| Untracked 
| 114|0x0000000779000000, 0x0000000779800000, 0x0000000779800000|100%| O|  |TAMS 0x0000000779000000, 0x0000000779000000| Untracked 
| 115|0x0000000779800000, 0x000000077a000000, 0x000000077a000000|100%| O|  |TAMS 0x000000077a000000, 0x0000000779800000| Untracked 
| 116|0x000000077a000000, 0x000000077a800000, 0x000000077a800000|100%| O|  |TAMS 0x000000077a800000, 0x000000077a000000| Untracked 
| 117|0x000000077a800000, 0x000000077b000000, 0x000000077b000000|100%| O|  |TAMS 0x000000077a800000, 0x000000077a800000| Untracked 
| 118|0x000000077b000000, 0x000000077b800000, 0x000000077b800000|100%| O|  |TAMS 0x000000077b000000, 0x000000077b000000| Untracked 
| 119|0x000000077b800000, 0x000000077c000000, 0x000000077c000000|100%| O|  |TAMS 0x000000077b800000, 0x000000077b800000| Untracked 
| 120|0x000000077c000000, 0x000000077c800000, 0x000000077c800000|100%| O|  |TAMS 0x000000077c000000, 0x000000077c000000| Untracked 
| 121|0x000000077c800000, 0x000000077d000000, 0x000000077d000000|100%| O|  |TAMS 0x000000077c800000, 0x000000077c800000| Untracked 
| 122|0x000000077d000000, 0x000000077d800000, 0x000000077d800000|100%| O|  |TAMS 0x000000077d000000, 0x000000077d000000| Untracked 
| 123|0x000000077d800000, 0x000000077e000000, 0x000000077e000000|100%| O|  |TAMS 0x000000077e000000, 0x000000077d800000| Untracked 
| 124|0x000000077e000000, 0x000000077e800000, 0x000000077e800000|100%| O|  |TAMS 0x000000077e800000, 0x000000077e000000| Updating 
| 125|0x000000077e800000, 0x000000077f000000, 0x000000077f000000|100%| O|  |TAMS 0x000000077e800000, 0x000000077e800000| Untracked 
| 126|0x000000077f000000, 0x000000077f000000, 0x000000077f800000|  0%| F|  |TAMS 0x000000077f000000, 0x000000077f000000| Untracked 
| 127|0x000000077f800000, 0x000000077f800000, 0x0000000780000000|  0%| F|  |TAMS 0x000000077f800000, 0x000000077f800000| Untracked 
| 128|0x0000000780000000, 0x0000000780000000, 0x0000000780800000|  0%| F|  |TAMS 0x0000000780000000, 0x0000000780000000| Untracked 
| 129|0x0000000780800000, 0x0000000780800000, 0x0000000781000000|  0%| F|  |TAMS 0x0000000780800000, 0x0000000780800000| Untracked 
| 130|0x0000000781000000, 0x0000000781000000, 0x0000000781800000|  0%| F|  |TAMS 0x0000000781000000, 0x0000000781000000| Untracked 
| 131|0x0000000781800000, 0x0000000781800000, 0x0000000782000000|  0%| F|  |TAMS 0x0000000781800000, 0x0000000781800000| Untracked 
| 132|0x0000000782000000, 0x0000000782000000, 0x0000000782800000|  0%| F|  |TAMS 0x0000000782000000, 0x0000000782000000| Untracked 
| 133|0x0000000782800000, 0x0000000782800000, 0x0000000783000000|  0%| F|  |TAMS 0x0000000782800000, 0x0000000782800000| Untracked 
| 134|0x0000000783000000, 0x0000000783000000, 0x0000000783800000|  0%| F|  |TAMS 0x0000000783000000, 0x0000000783000000| Untracked 
| 135|0x0000000783800000, 0x0000000783800000, 0x0000000784000000|  0%| F|  |TAMS 0x0000000783800000, 0x0000000783800000| Untracked 
| 136|0x0000000784000000, 0x0000000784000000, 0x0000000784800000|  0%| F|  |TAMS 0x0000000784000000, 0x0000000784000000| Untracked 
| 137|0x0000000784800000, 0x0000000784800000, 0x0000000785000000|  0%| F|  |TAMS 0x0000000784800000, 0x0000000784800000| Untracked 
| 138|0x0000000785000000, 0x0000000785000000, 0x0000000785800000|  0%| F|  |TAMS 0x0000000785000000, 0x0000000785000000| Untracked 
| 139|0x0000000785800000, 0x0000000785800000, 0x0000000786000000|  0%| F|  |TAMS 0x0000000785800000, 0x0000000785800000| Untracked 
| 140|0x0000000786000000, 0x0000000786000000, 0x0000000786800000|  0%| F|  |TAMS 0x0000000786000000, 0x0000000786000000| Untracked 
| 141|0x0000000786800000, 0x0000000786800000, 0x0000000787000000|  0%| F|  |TAMS 0x0000000786800000, 0x0000000786800000| Untracked 
| 142|0x0000000787000000, 0x0000000787000000, 0x0000000787800000|  0%| F|  |TAMS 0x0000000787000000, 0x0000000787000000| Untracked 
| 143|0x0000000787800000, 0x0000000787800000, 0x0000000788000000|  0%| F|  |TAMS 0x0000000787800000, 0x0000000787800000| Untracked 
| 144|0x0000000788000000, 0x0000000788000000, 0x0000000788800000|  0%| F|  |TAMS 0x0000000788000000, 0x0000000788000000| Untracked 
| 145|0x0000000788800000, 0x0000000788800000, 0x0000000789000000|  0%| F|  |TAMS 0x0000000788800000, 0x0000000788800000| Untracked 
| 146|0x0000000789000000, 0x0000000789000000, 0x0000000789800000|  0%| F|  |TAMS 0x0000000789000000, 0x0000000789000000| Untracked 
| 147|0x0000000789800000, 0x0000000789800000, 0x000000078a000000|  0%| F|  |TAMS 0x0000000789800000, 0x0000000789800000| Untracked 
| 148|0x000000078a000000, 0x000000078a000000, 0x000000078a800000|  0%| F|  |TAMS 0x000000078a000000, 0x000000078a000000| Untracked 
| 149|0x000000078a800000, 0x000000078b000000, 0x000000078b000000|100%| S|CS|TAMS 0x000000078a800000, 0x000000078a800000| Complete 
| 150|0x000000078b000000, 0x000000078b800000, 0x000000078b800000|100%| S|CS|TAMS 0x000000078b000000, 0x000000078b000000| Complete 
| 151|0x000000078b800000, 0x000000078c000000, 0x000000078c000000|100%| S|CS|TAMS 0x000000078b800000, 0x000000078b800000| Complete 
| 152|0x000000078c000000, 0x000000078c000000, 0x000000078c800000|  0%| F|  |TAMS 0x000000078c000000, 0x000000078c000000| Untracked 
| 153|0x000000078c800000, 0x000000078c800000, 0x000000078d000000|  0%| F|  |TAMS 0x000000078c800000, 0x000000078c800000| Untracked 
| 154|0x000000078d000000, 0x000000078d62bae0, 0x000000078d800000| 77%| E|  |TAMS 0x000000078d000000, 0x000000078d000000| Complete 
| 155|0x000000078d800000, 0x000000078e000000, 0x000000078e000000|100%| E|CS|TAMS 0x000000078d800000, 0x000000078d800000| Complete 
| 156|0x000000078e000000, 0x000000078e800000, 0x000000078e800000|100%| E|CS|TAMS 0x000000078e000000, 0x000000078e000000| Complete 
| 157|0x000000078e800000, 0x000000078f000000, 0x000000078f000000|100%| E|CS|TAMS 0x000000078e800000, 0x000000078e800000| Complete 
| 158|0x000000078f000000, 0x000000078f800000, 0x000000078f800000|100%| E|CS|TAMS 0x000000078f000000, 0x000000078f000000| Complete 
| 159|0x000000078f800000, 0x0000000790000000, 0x0000000790000000|100%| E|CS|TAMS 0x000000078f800000, 0x000000078f800000| Complete 
| 160|0x0000000790000000, 0x0000000790800000, 0x0000000790800000|100%| E|CS|TAMS 0x0000000790000000, 0x0000000790000000| Complete 
| 161|0x0000000790800000, 0x0000000791000000, 0x0000000791000000|100%| E|CS|TAMS 0x0000000790800000, 0x0000000790800000| Complete 
| 162|0x0000000791000000, 0x0000000791800000, 0x0000000791800000|100%| E|CS|TAMS 0x0000000791000000, 0x0000000791000000| Complete 
| 163|0x0000000791800000, 0x0000000792000000, 0x0000000792000000|100%| E|CS|TAMS 0x0000000791800000, 0x0000000791800000| Complete 
| 164|0x0000000792000000, 0x0000000792800000, 0x0000000792800000|100%| E|CS|TAMS 0x0000000792000000, 0x0000000792000000| Complete 
| 165|0x0000000792800000, 0x0000000793000000, 0x0000000793000000|100%| E|CS|TAMS 0x0000000792800000, 0x0000000792800000| Complete 
| 166|0x0000000793000000, 0x0000000793800000, 0x0000000793800000|100%| E|CS|TAMS 0x0000000793000000, 0x0000000793000000| Complete 
| 167|0x0000000793800000, 0x0000000794000000, 0x0000000794000000|100%| E|CS|TAMS 0x0000000793800000, 0x0000000793800000| Complete 
| 168|0x0000000794000000, 0x0000000794800000, 0x0000000794800000|100%| E|CS|TAMS 0x0000000794000000, 0x0000000794000000| Complete 
| 169|0x0000000794800000, 0x0000000795000000, 0x0000000795000000|100%| E|CS|TAMS 0x0000000794800000, 0x0000000794800000| Complete 
| 170|0x0000000795000000, 0x0000000795800000, 0x0000000795800000|100%| E|CS|TAMS 0x0000000795000000, 0x0000000795000000| Complete 
| 171|0x0000000795800000, 0x0000000796000000, 0x0000000796000000|100%| E|CS|TAMS 0x0000000795800000, 0x0000000795800000| Complete 
| 172|0x0000000796000000, 0x0000000796800000, 0x0000000796800000|100%| E|CS|TAMS 0x0000000796000000, 0x0000000796000000| Complete 
| 173|0x0000000796800000, 0x0000000797000000, 0x0000000797000000|100%| E|CS|TAMS 0x0000000796800000, 0x0000000796800000| Complete 
| 174|0x0000000797000000, 0x0000000797800000, 0x0000000797800000|100%| E|CS|TAMS 0x0000000797000000, 0x0000000797000000| Complete 
| 175|0x0000000797800000, 0x0000000798000000, 0x0000000798000000|100%| E|CS|TAMS 0x0000000797800000, 0x0000000797800000| Complete 
| 176|0x0000000798000000, 0x0000000798800000, 0x0000000798800000|100%| E|CS|TAMS 0x0000000798000000, 0x0000000798000000| Complete 
| 177|0x0000000798800000, 0x0000000799000000, 0x0000000799000000|100%| E|CS|TAMS 0x0000000798800000, 0x0000000798800000| Complete 
| 178|0x0000000799000000, 0x0000000799800000, 0x0000000799800000|100%| E|CS|TAMS 0x0000000799000000, 0x0000000799000000| Complete 
| 179|0x0000000799800000, 0x000000079a000000, 0x000000079a000000|100%| E|CS|TAMS 0x0000000799800000, 0x0000000799800000| Complete 
| 180|0x000000079a000000, 0x000000079a800000, 0x000000079a800000|100%| E|CS|TAMS 0x000000079a000000, 0x000000079a000000| Complete 
| 181|0x000000079a800000, 0x000000079b000000, 0x000000079b000000|100%| E|CS|TAMS 0x000000079a800000, 0x000000079a800000| Complete 
| 182|0x000000079b000000, 0x000000079b800000, 0x000000079b800000|100%| E|CS|TAMS 0x000000079b000000, 0x000000079b000000| Complete 
| 183|0x000000079b800000, 0x000000079c000000, 0x000000079c000000|100%| E|CS|TAMS 0x000000079b800000, 0x000000079b800000| Complete 
| 184|0x000000079c000000, 0x000000079c800000, 0x000000079c800000|100%| E|CS|TAMS 0x000000079c000000, 0x000000079c000000| Complete 
| 185|0x000000079c800000, 0x000000079d000000, 0x000000079d000000|100%| E|CS|TAMS 0x000000079c800000, 0x000000079c800000| Complete 
| 186|0x000000079d000000, 0x000000079d800000, 0x000000079d800000|100%| E|CS|TAMS 0x000000079d000000, 0x000000079d000000| Complete 
| 187|0x000000079d800000, 0x000000079e000000, 0x000000079e000000|100%| E|CS|TAMS 0x000000079d800000, 0x000000079d800000| Complete 
| 188|0x000000079e000000, 0x000000079e800000, 0x000000079e800000|100%| E|CS|TAMS 0x000000079e000000, 0x000000079e000000| Complete 
| 189|0x000000079e800000, 0x000000079f000000, 0x000000079f000000|100%| E|CS|TAMS 0x000000079e800000, 0x000000079e800000| Complete 
| 190|0x000000079f000000, 0x000000079f800000, 0x000000079f800000|100%| E|CS|TAMS 0x000000079f000000, 0x000000079f000000| Complete 
| 191|0x000000079f800000, 0x00000007a0000000, 0x00000007a0000000|100%| E|CS|TAMS 0x000000079f800000, 0x000000079f800000| Complete 
| 192|0x00000007a0000000, 0x00000007a0800000, 0x00000007a0800000|100%| E|CS|TAMS 0x00000007a0000000, 0x00000007a0000000| Complete 
| 193|0x00000007a0800000, 0x00000007a1000000, 0x00000007a1000000|100%| E|CS|TAMS 0x00000007a0800000, 0x00000007a0800000| Complete 
| 194|0x00000007a1000000, 0x00000007a1800000, 0x00000007a1800000|100%| E|CS|TAMS 0x00000007a1000000, 0x00000007a1000000| Complete 
| 195|0x00000007a1800000, 0x00000007a2000000, 0x00000007a2000000|100%| E|CS|TAMS 0x00000007a1800000, 0x00000007a1800000| Complete 
| 196|0x00000007a2000000, 0x00000007a2800000, 0x00000007a2800000|100%| E|CS|TAMS 0x00000007a2000000, 0x00000007a2000000| Complete 
| 197|0x00000007a2800000, 0x00000007a3000000, 0x00000007a3000000|100%| E|CS|TAMS 0x00000007a2800000, 0x00000007a2800000| Complete 
| 198|0x00000007a3000000, 0x00000007a3800000, 0x00000007a3800000|100%| E|CS|TAMS 0x00000007a3000000, 0x00000007a3000000| Complete 
| 199|0x00000007a3800000, 0x00000007a4000000, 0x00000007a4000000|100%| E|CS|TAMS 0x00000007a3800000, 0x00000007a3800000| Complete 
| 200|0x00000007a4000000, 0x00000007a4800000, 0x00000007a4800000|100%| E|CS|TAMS 0x00000007a4000000, 0x00000007a4000000| Complete 
| 201|0x00000007a4800000, 0x00000007a5000000, 0x00000007a5000000|100%| E|CS|TAMS 0x00000007a4800000, 0x00000007a4800000| Complete 
| 202|0x00000007a5000000, 0x00000007a5800000, 0x00000007a5800000|100%| E|CS|TAMS 0x00000007a5000000, 0x00000007a5000000| Complete 
| 203|0x00000007a5800000, 0x00000007a6000000, 0x00000007a6000000|100%| E|CS|TAMS 0x00000007a5800000, 0x00000007a5800000| Complete 
| 204|0x00000007a6000000, 0x00000007a6800000, 0x00000007a6800000|100%| E|CS|TAMS 0x00000007a6000000, 0x00000007a6000000| Complete 
| 205|0x00000007a6800000, 0x00000007a7000000, 0x00000007a7000000|100%| E|CS|TAMS 0x00000007a6800000, 0x00000007a6800000| Complete 
| 206|0x00000007a7000000, 0x00000007a7800000, 0x00000007a7800000|100%| E|CS|TAMS 0x00000007a7000000, 0x00000007a7000000| Complete 
| 207|0x00000007a7800000, 0x00000007a8000000, 0x00000007a8000000|100%| E|CS|TAMS 0x00000007a7800000, 0x00000007a7800000| Complete 
| 208|0x00000007a8000000, 0x00000007a8800000, 0x00000007a8800000|100%| E|CS|TAMS 0x00000007a8000000, 0x00000007a8000000| Complete 
| 209|0x00000007a8800000, 0x00000007a9000000, 0x00000007a9000000|100%| E|CS|TAMS 0x00000007a8800000, 0x00000007a8800000| Complete 
| 210|0x00000007a9000000, 0x00000007a9800000, 0x00000007a9800000|100%| E|CS|TAMS 0x00000007a9000000, 0x00000007a9000000| Complete 
| 211|0x00000007a9800000, 0x00000007aa000000, 0x00000007aa000000|100%| E|CS|TAMS 0x00000007a9800000, 0x00000007a9800000| Complete 
| 212|0x00000007aa000000, 0x00000007aa800000, 0x00000007aa800000|100%| E|CS|TAMS 0x00000007aa000000, 0x00000007aa000000| Complete 
| 370|0x00000007f9000000, 0x00000007f9800000, 0x00000007f9800000|100%| E|CS|TAMS 0x00000007f9000000, 0x00000007f9000000| Complete 
| 371|0x00000007f9800000, 0x00000007fa000000, 0x00000007fa000000|100%| E|CS|TAMS 0x00000007f9800000, 0x00000007f9800000| Complete 
| 372|0x00000007fa000000, 0x00000007fa800000, 0x00000007fa800000|100%| O|  |TAMS 0x00000007fa800000, 0x00000007fa000000| Untracked 
| 373|0x00000007fa800000, 0x00000007fb000000, 0x00000007fb000000|100%| O|  |TAMS 0x00000007fb000000, 0x00000007fa800000| Untracked 
| 374|0x00000007fb000000, 0x00000007fb800000, 0x00000007fb800000|100%| E|CS|TAMS 0x00000007fb000000, 0x00000007fb000000| Complete 
| 375|0x00000007fb800000, 0x00000007fc000000, 0x00000007fc000000|100%| E|CS|TAMS 0x00000007fb800000, 0x00000007fb800000| Complete 
| 376|0x00000007fc000000, 0x00000007fc800000, 0x00000007fc800000|100%| O|  |TAMS 0x00000007fc800000, 0x00000007fc000000| Untracked 
| 377|0x00000007fc800000, 0x00000007fd000000, 0x00000007fd000000|100%| O|  |TAMS 0x00000007fd000000, 0x00000007fc800000| Untracked 
| 378|0x00000007fd000000, 0x00000007fd800000, 0x00000007fd800000|100%| O|  |TAMS 0x00000007fd800000, 0x00000007fd000000| Untracked 
| 379|0x00000007fd800000, 0x00000007fe000000, 0x00000007fe000000|100%| O|  |TAMS 0x00000007fe000000, 0x00000007fd800000| Untracked 
| 380|0x00000007fe000000, 0x00000007fe800000, 0x00000007fe800000|100%| O|  |TAMS 0x00000007fe800000, 0x00000007fe000000| Untracked 
| 381|0x00000007fe800000, 0x00000007ff000000, 0x00000007ff000000|100%| O|  |TAMS 0x00000007ff000000, 0x00000007fe800000| Untracked 
| 382|0x00000007ff000000, 0x00000007ff800000, 0x00000007ff800000|100%| O|  |TAMS 0x00000007ff800000, 0x00000007ff000000| Untracked 
| 383|0x00000007ff800000, 0x0000000800000000, 0x0000000800000000|100%| O|  |TAMS 0x0000000800000000, 0x00000007ff800000| Untracked 

Card table byte_map: [0x000001b6eb500000,0x000001b6ebb00000] _byte_map_base: 0x000001b6e7b00000

Marking Bits (Prev, Next): (CMBitMap*) 0x000001b6d46c7860, (CMBitMap*) 0x000001b6d46c7820
 Prev Bits: [0x000001b6ef100000, 0x000001b6f2100000)
 Next Bits: [0x000001b6ec100000, 0x000001b6ef100000)

Polling page: 0x000001b6d2470000

Metaspace:

Usage:
  Non-class:    148.78 MB used.
      Class:     24.34 MB used.
       Both:    173.12 MB used.

Virtual space:
  Non-class space:      152.00 MB reserved,     149.94 MB ( 99%) committed,  19 nodes.
      Class space:        1.00 GB reserved,      25.25 MB (  2%) committed,  1 nodes.
             Both:        1.15 GB reserved,     175.19 MB ( 15%) committed. 

Chunk freelists:
   Non-Class:  1.69 MB
       Class:  2.77 MB
        Both:  4.45 MB

MaxMetaspaceSize: unlimited
CompressedClassSpaceSize: 1.00 GB
Initial GC threshold: 21.00 MB
Current GC threshold: 291.69 MB
CDS: on
MetaspaceReclaimPolicy: balanced
 - commit_granule_bytes: 65536.
 - commit_granule_words: 8192.
 - virtual_space_node_default_size: 1048576.
 - enlarge_chunks_in_place: 1.
 - new_chunks_are_fully_committed: 0.
 - uncommit_free_chunks: 1.
 - use_allocation_guard: 0.
 - handle_deallocations: 1.


Internal statistics:

num_allocs_failed_limit: 15.
num_arena_births: 2416.
num_arena_deaths: 0.
num_vsnodes_births: 20.
num_vsnodes_deaths: 0.
num_space_committed: 2799.
num_space_uncommitted: 0.
num_chunks_returned_to_freelist: 15.
num_chunks_taken_from_freelist: 9711.
num_chunk_merges: 15.
num_chunk_splits: 6329.
num_chunks_enlarged: 4298.
num_purges: 0.
num_inconsistent_stats: 0.

CodeHeap 'non-profiled nmethods': size=120000Kb used=32415Kb max_used=32415Kb free=87584Kb
 bounds [0x000001b6e39d0000, 0x000001b6e5980000, 0x000001b6eaf00000]
CodeHeap 'profiled nmethods': size=120000Kb used=45119Kb max_used=45162Kb free=74881Kb
 bounds [0x000001b6dc4a0000, 0x000001b6df0d0000, 0x000001b6e39d0000]
CodeHeap 'non-nmethods': size=5760Kb used=2037Kb max_used=2188Kb free=3722Kb
 bounds [0x000001b6dbf00000, 0x000001b6dc170000, 0x000001b6dc4a0000]
 total_blobs=27761 nmethods=26204 adapters=1467
 compilation: enabled
              stopped_count=0, restarted_count=0
 full_count=0

Compilation events (20 events):
Event: 966.502 Thread 0x000001b6f461ac20 nmethod 38714 0x000001b6e5972090 code [0x000001b6e5972220, 0x000001b6e59722f8]
Event: 966.503 Thread 0x000001b6f461ac20 38715       3       net.minecraft.network.chat.ChatComponentText::d (5 bytes)
Event: 966.504 Thread 0x000001b6f461ac20 nmethod 38715 0x000001b6dee91c10 code [0x000001b6dee91e20, 0x000001b6dee92598]
Event: 966.506 Thread 0x000001b6f461ac20 38716       3       com.earth2me.essentials.libs.geantyref.GenericTypeReflector::isMissingTypeParameters (102 bytes)
Event: 966.506 Thread 0x000001b6f461ac20 nmethod 38716 0x000001b6dd2fc610 code [0x000001b6dd2fc980, 0x000001b6dd2fe2d8]
Event: 966.507 Thread 0x000001b6f461ac20 38717       1       net.minecraft.world.damagesource.CombatEntry::a (5 bytes)
Event: 966.508 Thread 0x000001b6f461ac20 nmethod 38717 0x000001b6e5972390 code [0x000001b6e5972520, 0x000001b6e59725f8]
Event: 966.513 Thread 0x000001b6f461ac20 38718       1       com.earth2me.essentials.libs.snakeyaml.DumperOptions::getIndent (5 bytes)
Event: 966.513 Thread 0x000001b6f461ac20 nmethod 38718 0x000001b6e5972690 code [0x000001b6e5972820, 0x000001b6e59728f8]
Event: 966.522 Thread 0x000001b6f461ac20 38720       3       java.util.Formatter$FormatSpecifier::localizedMagnitude (419 bytes)
Event: 966.524 Thread 0x000001b6f461ac20 nmethod 38720 0x000001b6de979090 code [0x000001b6de979440, 0x000001b6de97af88]
Event: 966.524 Thread 0x000001b6f461ac20 38721       3       java.util.Formatter$FormatSpecifier::getZero (36 bytes)
Event: 966.524 Thread 0x000001b6f461ac20 nmethod 38721 0x000001b6de4f2390 code [0x000001b6de4f2580, 0x000001b6de4f29b8]
Event: 966.525 Thread 0x000001b6f4611e50 nmethod 38703 0x000001b6e5972990 code [0x000001b6e5972da0, 0x000001b6e5975818]
Event: 966.526 Thread 0x000001b6f4611e50 38719       4       net.minecraft.core.NonNullList::a (28 bytes)
Event: 966.534 Thread 0x000001b6f4611e50 nmethod 38719 0x000001b6e5977310 code [0x000001b6e59774a0, 0x000001b6e5977b98]
Event: 966.572 Thread 0x000001b6f461ac20 38722       3       com.zenya.damageindicator.event.HologramSpawnEvent$$Lambda$8700/0x0000000801fba968::test (12 bytes)
Event: 966.573 Thread 0x000001b6f461ac20 nmethod 38722 0x000001b6dce91810 code [0x000001b6dce919c0, 0x000001b6dce91cb8]
Event: 966.573 Thread 0x000001b6f461ac20 38723       3       com.zenya.damageindicator.event.HologramSpawnEvent::lambda$fireEvent$0 (14 bytes)
Event: 966.573 Thread 0x000001b6f461ac20 nmethod 38723 0x000001b6dea75990 code [0x000001b6dea75b20, 0x000001b6dea75c98]

GC Heap History (20 events):
Event: 721.972 GC heap before
{Heap before GC invocations=62 (full 0):
 garbage-first heap   total 1859584K, used 1474450K [0x0000000740000000, 0x0000000800000000)
  region size 8192K, 68 young (557056K), 1 survivors (8192K)
 Metaspace       used 176588K, committed 178688K, reserved 1204224K
  class space    used 24869K, committed 25792K, reserved 1048576K
}
Event: 721.975 GC heap after
{Heap after GC invocations=63 (full 0):
 garbage-first heap   total 1859584K, used 926667K [0x0000000740000000, 0x0000000800000000)
  region size 8192K, 1 young (8192K), 1 survivors (8192K)
 Metaspace       used 176588K, committed 178688K, reserved 1204224K
  class space    used 24869K, committed 25792K, reserved 1048576K
}
Event: 751.866 GC heap before
{Heap before GC invocations=63 (full 0):
 garbage-first heap   total 1859584K, used 1475531K [0x0000000740000000, 0x0000000800000000)
  region size 8192K, 68 young (557056K), 1 survivors (8192K)
 Metaspace       used 176659K, committed 178752K, reserved 1204224K
  class space    used 24870K, committed 25792K, reserved 1048576K
}
Event: 751.890 GC heap after
{Heap after GC invocations=64 (full 0):
 garbage-first heap   total 1859584K, used 912331K [0x0000000740000000, 0x0000000800000000)
  region size 8192K, 1 young (8192K), 1 survivors (8192K)
 Metaspace       used 176659K, committed 178752K, reserved 1204224K
  class space    used 24870K, committed 25792K, reserved 1048576K
}
Event: 794.927 GC heap before
{Heap before GC invocations=64 (full 0):
 garbage-first heap   total 1859584K, used 1461195K [0x0000000740000000, 0x0000000800000000)
  region size 8192K, 68 young (557056K), 1 survivors (8192K)
 Metaspace       used 176751K, committed 178816K, reserved 1204224K
  class space    used 24871K, committed 25792K, reserved 1048576K
}
Event: 794.931 GC heap after
{Heap after GC invocations=65 (full 0):
 garbage-first heap   total 1859584K, used 916057K [0x0000000740000000, 0x0000000800000000)
  region size 8192K, 1 young (8192K), 1 survivors (8192K)
 Metaspace       used 176751K, committed 178816K, reserved 1204224K
  class space    used 24871K, committed 25792K, reserved 1048576K
}
Event: 846.466 GC heap before
{Heap before GC invocations=66 (full 0):
 garbage-first heap   total 1859584K, used 1464921K [0x0000000740000000, 0x0000000800000000)
  region size 8192K, 68 young (557056K), 1 survivors (8192K)
 Metaspace       used 176774K, committed 178816K, reserved 1204224K
  class space    used 24871K, committed 25792K, reserved 1048576K
}
Event: 846.470 GC heap after
{Heap after GC invocations=67 (full 0):
 garbage-first heap   total 1859584K, used 917059K [0x0000000740000000, 0x0000000800000000)
  region size 8192K, 1 young (8192K), 1 survivors (8192K)
 Metaspace       used 176774K, committed 178816K, reserved 1204224K
  class space    used 24871K, committed 25792K, reserved 1048576K
}
Event: 898.269 GC heap before
{Heap before GC invocations=67 (full 0):
 garbage-first heap   total 1859584K, used 1465923K [0x0000000740000000, 0x0000000800000000)
  region size 8192K, 68 young (557056K), 1 survivors (8192K)
 Metaspace       used 176923K, committed 179008K, reserved 1204224K
  class space    used 24884K, committed 25856K, reserved 1048576K
}
Event: 898.285 GC heap after
{Heap after GC invocations=68 (full 0):
 garbage-first heap   total 1859584K, used 906344K [0x0000000740000000, 0x0000000800000000)
  region size 8192K, 1 young (8192K), 1 survivors (8192K)
 Metaspace       used 176923K, committed 179008K, reserved 1204224K
  class space    used 24884K, committed 25856K, reserved 1048576K
}
Event: 951.318 GC heap before
{Heap before GC invocations=68 (full 0):
 garbage-first heap   total 1859584K, used 1463400K [0x0000000740000000, 0x0000000800000000)
  region size 8192K, 69 young (565248K), 1 survivors (8192K)
 Metaspace       used 177059K, committed 179200K, reserved 1204224K
  class space    used 24884K, committed 25856K, reserved 1048576K
}
Event: 951.322 GC heap after
{Heap after GC invocations=69 (full 0):
 garbage-first heap   total 1859584K, used 909401K [0x0000000740000000, 0x0000000800000000)
  region size 8192K, 1 young (8192K), 1 survivors (8192K)
 Metaspace       used 177059K, committed 179200K, reserved 1204224K
  class space    used 24884K, committed 25856K, reserved 1048576K
}
Event: 964.364 GC heap before
{Heap before GC invocations=70 (full 0):
 garbage-first heap   total 1859584K, used 1466457K [0x0000000740000000, 0x0000000800000000)
  region size 8192K, 69 young (565248K), 1 survivors (8192K)
 Metaspace       used 177143K, committed 179264K, reserved 1204224K
  class space    used 24896K, committed 25856K, reserved 1048576K
}
Event: 964.394 GC heap after
{Heap after GC invocations=71 (full 0):
 garbage-first heap   total 1859584K, used 956604K [0x0000000740000000, 0x0000000800000000)
  region size 8192K, 3 young (24576K), 3 survivors (24576K)
 Metaspace       used 177143K, committed 179264K, reserved 1204224K
  class space    used 24896K, committed 25856K, reserved 1048576K
}
Event: 964.829 GC heap before
{Heap before GC invocations=71 (full 0):
 garbage-first heap   total 1859584K, used 1489084K [0x0000000740000000, 0x0000000800000000)
  region size 8192K, 68 young (557056K), 3 survivors (24576K)
 Metaspace       used 177145K, committed 179264K, reserved 1204224K
  class space    used 24896K, committed 25856K, reserved 1048576K
}
Event: 964.892 GC heap after
{Heap after GC invocations=72 (full 0):
 garbage-first heap   total 1859584K, used 1009412K [0x0000000740000000, 0x0000000800000000)
  region size 8192K, 3 young (24576K), 3 survivors (24576K)
 Metaspace       used 177145K, committed 179264K, reserved 1204224K
  class space    used 24896K, committed 25856K, reserved 1048576K
}
Event: 965.365 GC heap before
{Heap before GC invocations=72 (full 0):
 garbage-first heap   total 1859584K, used 1541892K [0x0000000740000000, 0x0000000800000000)
  region size 8192K, 68 young (557056K), 3 survivors (24576K)
 Metaspace       used 177201K, committed 179328K, reserved 1204224K
  class space    used 24910K, committed 25856K, reserved 1048576K
}
Event: 965.417 GC heap after
{Heap after GC invocations=73 (full 0):
 garbage-first heap   total 1859584K, used 1081344K [0x0000000740000000, 0x0000000800000000)
  region size 8192K, 3 young (24576K), 3 survivors (24576K)
 Metaspace       used 177201K, committed 179328K, reserved 1204224K
  class space    used 24910K, committed 25856K, reserved 1048576K
}
Event: 965.990 GC heap before
{Heap before GC invocations=73 (full 0):
 garbage-first heap   total 1859584K, used 1613824K [0x0000000740000000, 0x0000000800000000)
  region size 8192K, 68 young (557056K), 3 survivors (24576K)
 Metaspace       used 177223K, committed 179328K, reserved 1204224K
  class space    used 24916K, committed 25856K, reserved 1048576K
}
Event: 966.036 GC heap after
{Heap after GC invocations=74 (full 0):
 garbage-first heap   total 1859584K, used 1138688K [0x0000000740000000, 0x0000000800000000)
  region size 8192K, 3 young (24576K), 3 survivors (24576K)
 Metaspace       used 177223K, committed 179328K, reserved 1204224K
  class space    used 24916K, committed 25856K, reserved 1048576K
}

Deoptimization events (20 events):
Event: 966.559 Thread 0x000001b6f7d75f60 Uncommon trap: trap_request=0xfffffff7 fr.pc=0x000001b6e56614cc relative=0x00000000000013cc
Event: 966.559 Thread 0x000001b6f7d75f60 Uncommon trap: reason=null_check action=none pc=0x000001b6e56614cc method=me.zombie_striker.customitemmanager.MaterialStorage.getMS(Lorg/bukkit/inventory/ItemStack;I)Lme/zombie_striker/customitemmanager/MaterialStorage; @ 54 c2
Event: 966.559 Thread 0x000001b6f7d75f60 DEOPT PACKING pc=0x000001b6e56614cc sp=0x0000009aa23fe6f0
Event: 966.559 Thread 0x000001b6f7d75f60 DEOPT UNPACKING pc=0x000001b6dbf523a3 sp=0x0000009aa23fe6b0 mode 2
Event: 966.560 Thread 0x000001b6f7d75f60 Uncommon trap: trap_request=0xfffffff7 fr.pc=0x000001b6e56614cc relative=0x00000000000013cc
Event: 966.560 Thread 0x000001b6f7d75f60 Uncommon trap: reason=null_check action=none pc=0x000001b6e56614cc method=me.zombie_striker.customitemmanager.MaterialStorage.getMS(Lorg/bukkit/inventory/ItemStack;I)Lme/zombie_striker/customitemmanager/MaterialStorage; @ 54 c2
Event: 966.560 Thread 0x000001b6f7d75f60 DEOPT PACKING pc=0x000001b6e56614cc sp=0x0000009aa23fe750
Event: 966.560 Thread 0x000001b6f7d75f60 DEOPT UNPACKING pc=0x000001b6dbf523a3 sp=0x0000009aa23fe710 mode 2
Event: 966.560 Thread 0x000001b6f7d75f60 Uncommon trap: trap_request=0xfffffff7 fr.pc=0x000001b6e56614cc relative=0x00000000000013cc
Event: 966.560 Thread 0x000001b6f7d75f60 Uncommon trap: reason=null_check action=none pc=0x000001b6e56614cc method=me.zombie_striker.customitemmanager.MaterialStorage.getMS(Lorg/bukkit/inventory/ItemStack;I)Lme/zombie_striker/customitemmanager/MaterialStorage; @ 54 c2
Event: 966.560 Thread 0x000001b6f7d75f60 DEOPT PACKING pc=0x000001b6e56614cc sp=0x0000009aa23fee80
Event: 966.560 Thread 0x000001b6f7d75f60 DEOPT UNPACKING pc=0x000001b6dbf523a3 sp=0x0000009aa23fee40 mode 2
Event: 966.560 Thread 0x000001b6f7d75f60 Uncommon trap: trap_request=0xfffffff7 fr.pc=0x000001b6e56614cc relative=0x00000000000013cc
Event: 966.560 Thread 0x000001b6f7d75f60 Uncommon trap: reason=null_check action=none pc=0x000001b6e56614cc method=me.zombie_striker.customitemmanager.MaterialStorage.getMS(Lorg/bukkit/inventory/ItemStack;I)Lme/zombie_striker/customitemmanager/MaterialStorage; @ 54 c2
Event: 966.560 Thread 0x000001b6f7d75f60 DEOPT PACKING pc=0x000001b6e56614cc sp=0x0000009aa23fee80
Event: 966.560 Thread 0x000001b6f7d75f60 DEOPT UNPACKING pc=0x000001b6dbf523a3 sp=0x0000009aa23fee40 mode 2
Event: 966.593 Thread 0x000001b6f7d75f60 Uncommon trap: trap_request=0xfffffff7 fr.pc=0x000001b6e56614cc relative=0x00000000000013cc
Event: 966.593 Thread 0x000001b6f7d75f60 Uncommon trap: reason=null_check action=none pc=0x000001b6e56614cc method=me.zombie_striker.customitemmanager.MaterialStorage.getMS(Lorg/bukkit/inventory/ItemStack;I)Lme/zombie_striker/customitemmanager/MaterialStorage; @ 54 c2
Event: 966.593 Thread 0x000001b6f7d75f60 DEOPT PACKING pc=0x000001b6e56614cc sp=0x0000009aa23fee80
Event: 966.593 Thread 0x000001b6f7d75f60 DEOPT UNPACKING pc=0x000001b6dbf523a3 sp=0x0000009aa23fee40 mode 2

Classes unloaded (0 events):
No events

Classes redefined (0 events):
No events

Internal exceptions (20 events):
Event: 966.583 Thread 0x000001b6fd2b98c0 Exception <a 'sun/nio/fs/WindowsException'{0x000000078d570670}> (0x000000078d570670) 
thrown [t:\workspace\open\src\hotspot\share\prims\jni.cpp, line 516]
Event: 966.585 Thread 0x000001b6fd2b98c0 Exception <a 'sun/nio/fs/WindowsException'{0x000000078d57a148}> (0x000000078d57a148) 
thrown [t:\workspace\open\src\hotspot\share\prims\jni.cpp, line 516]
Event: 966.586 Thread 0x000001b6fd2b98c0 Exception <a 'sun/nio/fs/WindowsException'{0x000000078d57f670}> (0x000000078d57f670) 
thrown [t:\workspace\open\src\hotspot\share\prims\jni.cpp, line 516]
Event: 966.588 Thread 0x000001b6fd2b98c0 Exception <a 'sun/nio/fs/WindowsException'{0x000000078d584e58}> (0x000000078d584e58) 
thrown [t:\workspace\open\src\hotspot\share\prims\jni.cpp, line 516]
Event: 966.590 Thread 0x000001b6fd2b98c0 Exception <a 'sun/nio/fs/WindowsException'{0x000000078d58a548}> (0x000000078d58a548) 
thrown [t:\workspace\open\src\hotspot\share\prims\jni.cpp, line 516]
Event: 966.592 Thread 0x000001b6fd2b98c0 Exception <a 'sun/nio/fs/WindowsException'{0x000000078d58fe48}> (0x000000078d58fe48) 
thrown [t:\workspace\open\src\hotspot\share\prims\jni.cpp, line 516]
Event: 966.594 Thread 0x000001b6fd2b98c0 Exception <a 'sun/nio/fs/WindowsException'{0x000000078d595458}> (0x000000078d595458) 
thrown [t:\workspace\open\src\hotspot\share\prims\jni.cpp, line 516]
Event: 966.595 Thread 0x000001b6fd2b98c0 Exception <a 'sun/nio/fs/WindowsException'{0x000000078d59aa98}> (0x000000078d59aa98) 
thrown [t:\workspace\open\src\hotspot\share\prims\jni.cpp, line 516]
Event: 966.597 Thread 0x000001b6fd2b98c0 Exception <a 'sun/nio/fs/WindowsException'{0x000000078d59ff60}> (0x000000078d59ff60) 
thrown [t:\workspace\open\src\hotspot\share\prims\jni.cpp, line 516]
Event: 966.598 Thread 0x000001b6fd2b98c0 Exception <a 'sun/nio/fs/WindowsException'{0x000000078d5a1618}> (0x000000078d5a1618) 
thrown [t:\workspace\open\src\hotspot\share\prims\jni.cpp, line 516]
Event: 966.600 Thread 0x000001b6fd2b98c0 Exception <a 'sun/nio/fs/WindowsException'{0x000000078d5ab0a8}> (0x000000078d5ab0a8) 
thrown [t:\workspace\open\src\hotspot\share\prims\jni.cpp, line 516]
Event: 966.601 Thread 0x000001b6fd2b98c0 Exception <a 'sun/nio/fs/WindowsException'{0x000000078d5b0550}> (0x000000078d5b0550) 
thrown [t:\workspace\open\src\hotspot\share\prims\jni.cpp, line 516]
Event: 966.614 Thread 0x000001b6fd2b98c0 Exception <a 'sun/nio/fs/WindowsException'{0x000000078d5b5b40}> (0x000000078d5b5b40) 
thrown [t:\workspace\open\src\hotspot\share\prims\jni.cpp, line 516]
Event: 966.616 Thread 0x000001b6fd2b98c0 Exception <a 'sun/nio/fs/WindowsException'{0x000000078d5bb308}> (0x000000078d5bb308) 
thrown [t:\workspace\open\src\hotspot\share\prims\jni.cpp, line 516]
Event: 966.618 Thread 0x000001b6fd2b98c0 Exception <a 'sun/nio/fs/WindowsException'{0x000000078d5c3410}> (0x000000078d5c3410) 
thrown [t:\workspace\open\src\hotspot\share\prims\jni.cpp, line 516]
Event: 966.622 Thread 0x000001b6fd2b98c0 Exception <a 'sun/nio/fs/WindowsException'{0x000000078d5c8948}> (0x000000078d5c8948) 
thrown [t:\workspace\open\src\hotspot\share\prims\jni.cpp, line 516]
Event: 966.629 Thread 0x000001b6fd2b98c0 Exception <a 'sun/nio/fs/WindowsException'{0x000000078d5cdf10}> (0x000000078d5cdf10) 
thrown [t:\workspace\open\src\hotspot\share\prims\jni.cpp, line 516]
Event: 966.630 Thread 0x000001b6fd2b98c0 Exception <a 'sun/nio/fs/WindowsException'{0x000000078d5d36b8}> (0x000000078d5d36b8) 
thrown [t:\workspace\open\src\hotspot\share\prims\jni.cpp, line 516]
Event: 966.632 Thread 0x000001b6fd2b98c0 Exception <a 'sun/nio/fs/WindowsException'{0x000000078d5d4c70}> (0x000000078d5d4c70) 
thrown [t:\workspace\open\src\hotspot\share\prims\jni.cpp, line 516]
Event: 966.634 Thread 0x000001b6fd2b98c0 Exception <a 'sun/nio/fs/WindowsException'{0x000000078d61a4a8}> (0x000000078d61a4a8) 
thrown [t:\workspace\open\src\hotspot\share\prims\jni.cpp, line 516]

VM Operations (20 events):
Event: 959.839 Executing VM operation: Cleanup done
Event: 960.839 Executing VM operation: Cleanup
Event: 960.839 Executing VM operation: Cleanup done
Event: 961.840 Executing VM operation: Cleanup
Event: 961.840 Executing VM operation: Cleanup done
Event: 962.840 Executing VM operation: Cleanup
Event: 962.840 Executing VM operation: Cleanup done
Event: 963.841 Executing VM operation: Cleanup
Event: 963.841 Executing VM operation: Cleanup done
Event: 964.364 Executing VM operation: G1CollectForAllocation
Event: 964.397 Executing VM operation: G1CollectForAllocation done
Event: 964.828 Executing VM operation: G1CollectForAllocation
Event: 964.892 Executing VM operation: G1CollectForAllocation done
Event: 965.365 Executing VM operation: G1CollectForAllocation
Event: 965.438 Executing VM operation: G1CollectForAllocation done
Event: 965.814 Executing VM operation: HandshakeAllThreads
Event: 965.814 Executing VM operation: HandshakeAllThreads done
Event: 965.990 Executing VM operation: G1CollectForAllocation
Event: 966.036 Executing VM operation: G1CollectForAllocation done
Event: 966.638 Executing VM operation: G1Concurrent

Events (20 events):
Event: 965.282 loading class java/util/PriorityQueue$PriorityQueueSpliterator
Event: 965.321 loading class java/util/PriorityQueue$PriorityQueueSpliterator done
Event: 965.363 Thread 0x000001b6fc96a320 Thread added: 0x000001b6fc96a320
Event: 965.802 Thread 0x000001b6fc96a320 Thread exited: 0x000001b6fc96a320
Event: 965.834 Thread 0x000001b6f462bce0 flushing nmethod 0x000001b6dce91810
Event: 965.835 Thread 0x000001b6f462bce0 flushing nmethod 0x000001b6dd076610
Event: 965.836 Thread 0x000001b6f462bce0 flushing nmethod 0x000001b6dd2faf90
Event: 965.840 Thread 0x000001b6f462bce0 flushing nmethod 0x000001b6dd965990
Event: 965.841 Thread 0x000001b6f462bce0 flushing nmethod 0x000001b6dda02d90
Event: 965.841 Thread 0x000001b6f462bce0 flushing nmethod 0x000001b6ddab4890
Event: 965.842 Thread 0x000001b6f462bce0 flushing nmethod 0x000001b6ddc2e010
Event: 965.844 Thread 0x000001b6f462bce0 flushing nmethod 0x000001b6ddff0010
Event: 965.848 Thread 0x000001b6f462bce0 flushing nmethod 0x000001b6de3ccb10
Event: 965.848 Thread 0x000001b6f462bce0 flushing nmethod 0x000001b6de3cd310
Event: 965.849 Thread 0x000001b6f462bce0 flushing nmethod 0x000001b6de4f2390
Event: 965.851 Thread 0x000001b6f462bce0 flushing nmethod 0x000001b6de87ab10
Event: 965.852 Thread 0x000001b6f462bce0 flushing nmethod 0x000001b6de977890
Event: 965.852 Thread 0x000001b6f462bce0 flushing nmethod 0x000001b6dea75990
Event: 965.855 Thread 0x000001b6f462bce0 flushing nmethod 0x000001b6dee90810
Event: 966.395 Thread 0x000001b685d3d060 Thread added: 0x000001b685d3d060


Dynamic libraries:
0x00007ff69e980000 - 0x00007ff69e990000 	C:\Program Files\Java\jdk-17.0.3.1\bin\java.exe
0x00007ffa6d510000 - 0x00007ffa6d705000 	C:\Windows\SYSTEM32\ntdll.dll
0x00007ffa6b850000 - 0x00007ffa6b90d000 	C:\Windows\System32\KERNEL32.DLL
0x00007ffa6b270000 - 0x00007ffa6b539000 	C:\Windows\System32\KERNELBASE.dll
0x00007ffa6b0e0000 - 0x00007ffa6b1e0000 	C:\Windows\System32\ucrtbase.dll
0x00007ffa65200000 - 0x00007ffa65218000 	C:\Program Files\Java\jdk-17.0.3.1\bin\jli.dll
0x00007ffa5bf70000 - 0x00007ffa5bf8a000 	C:\Program Files\Java\jdk-17.0.3.1\bin\VCRUNTIME140.dll
0x00007ffa6b540000 - 0x00007ffa6b5ec000 	C:\Windows\System32\ADVAPI32.dll
0x00007ffa6ca30000 - 0x00007ffa6cace000 	C:\Windows\System32\msvcrt.dll
0x00007ffa6b670000 - 0x00007ffa6b70b000 	C:\Windows\System32\sechost.dll
0x00007ffa6b720000 - 0x00007ffa6b84a000 	C:\Windows\System32\RPCRT4.dll
0x00007ffa6c7f0000 - 0x00007ffa6c990000 	C:\Windows\System32\USER32.dll
0x00007ffa5a1c0000 - 0x00007ffa5a45a000 	C:\Windows\WinSxS\amd64_microsoft.windows.common-controls_6595b64144ccf1df_6.0.19041.1110_none_60b5254171f9507e\COMCTL32.dll
0x00007ffa6ac10000 - 0x00007ffa6ac32000 	C:\Windows\System32\win32u.dll
0x00007ffa6c990000 - 0x00007ffa6c9ba000 	C:\Windows\System32\GDI32.dll
0x00007ffa6ace0000 - 0x00007ffa6adeb000 	C:\Windows\System32\gdi32full.dll
0x00007ffa6ac40000 - 0x00007ffa6acdd000 	C:\Windows\System32\msvcp_win.dll
0x00007ffa63540000 - 0x00007ffa6354a000 	C:\Windows\SYSTEM32\VERSION.dll
0x00007ffa6bc70000 - 0x00007ffa6bca0000 	C:\Windows\System32\IMM32.DLL
0x00007ffa627f0000 - 0x00007ffa627fc000 	C:\Program Files\Java\jdk-17.0.3.1\bin\vcruntime140_1.dll
0x00007ffa406e0000 - 0x00007ffa4076d000 	C:\Program Files\Java\jdk-17.0.3.1\bin\msvcp140.dll
0x00007ffa25420000 - 0x00007ffa25fe0000 	C:\Program Files\Java\jdk-17.0.3.1\bin\server\jvm.dll
0x00007ffa6c5b0000 - 0x00007ffa6c5b8000 	C:\Windows\System32\PSAPI.DLL
0x00007ffa4eb80000 - 0x00007ffa4eb89000 	C:\Windows\SYSTEM32\WSOCK32.dll
0x00007ffa6c9c0000 - 0x00007ffa6ca2b000 	C:\Windows\System32\WS2_32.dll
0x00007ffa63510000 - 0x00007ffa63537000 	C:\Windows\SYSTEM32\WINMM.dll
0x00007ffa68b40000 - 0x00007ffa68b52000 	C:\Windows\SYSTEM32\kernel.appcore.dll
0x00007ffa553f0000 - 0x00007ffa553fa000 	C:\Program Files\Java\jdk-17.0.3.1\bin\jimage.dll
0x00007ffa62be0000 - 0x00007ffa62dc4000 	C:\Windows\SYSTEM32\DBGHELP.DLL
0x00007ffa562d0000 - 0x00007ffa562fc000 	C:\Windows\SYSTEM32\dbgcore.DLL
0x00007ffa6b1e0000 - 0x00007ffa6b263000 	C:\Windows\System32\bcryptPrimitives.dll
0x00007ffa52940000 - 0x00007ffa52965000 	C:\Program Files\Java\jdk-17.0.3.1\bin\java.dll
0x00007ffa27aa0000 - 0x00007ffa27b76000 	C:\Program Files\Java\jdk-17.0.3.1\bin\jsvml.dll
0x00007ffa6bca0000 - 0x00007ffa6c3df000 	C:\Windows\System32\SHELL32.dll
0x00007ffa68d40000 - 0x00007ffa694d0000 	C:\Windows\SYSTEM32\windows.storage.dll
0x00007ffa6d140000 - 0x00007ffa6d495000 	C:\Windows\System32\combase.dll
0x00007ffa6a670000 - 0x00007ffa6a69c000 	C:\Windows\SYSTEM32\Wldp.dll
0x00007ffa6d090000 - 0x00007ffa6d13e000 	C:\Windows\System32\SHCORE.dll
0x00007ffa6c790000 - 0x00007ffa6c7e5000 	C:\Windows\System32\shlwapi.dll
0x00007ffa6ab50000 - 0x00007ffa6ab6f000 	C:\Windows\SYSTEM32\profapi.dll
0x00007ffa553d0000 - 0x00007ffa553e9000 	C:\Program Files\Java\jdk-17.0.3.1\bin\net.dll
0x00007ffa64da0000 - 0x00007ffa64ea8000 	C:\Windows\SYSTEM32\WINHTTP.dll
0x00007ffa6a3d0000 - 0x00007ffa6a43a000 	C:\Windows\system32\mswsock.dll
0x00007ffa522b0000 - 0x00007ffa522c6000 	C:\Program Files\Java\jdk-17.0.3.1\bin\nio.dll
0x00007ffa52290000 - 0x00007ffa522a8000 	C:\Program Files\Java\jdk-17.0.3.1\bin\zip.dll
0x00007ffa54030000 - 0x00007ffa54039000 	C:\Program Files\Java\jdk-17.0.3.1\bin\management.dll
0x00007ffa52930000 - 0x00007ffa5293b000 	C:\Program Files\Java\jdk-17.0.3.1\bin\management_ext.dll
0x00007ffa45930000 - 0x00007ffa45947000 	C:\Windows\system32\napinsp.dll
0x00007ffa45120000 - 0x00007ffa4513b000 	C:\Windows\system32\pnrpnsp.dll
0x00007ffa48410000 - 0x00007ffa48425000 	C:\Windows\system32\wshbth.dll
0x00007ffa66670000 - 0x00007ffa6668d000 	C:\Windows\system32\NLAapi.dll
0x00007ffa6a070000 - 0x00007ffa6a0ab000 	C:\Windows\SYSTEM32\IPHLPAPI.DLL
0x00007ffa6a0b0000 - 0x00007ffa6a17c000 	C:\Windows\SYSTEM32\DNSAPI.dll
0x00007ffa6b710000 - 0x00007ffa6b718000 	C:\Windows\System32\NSI.dll
0x00007ffa42f50000 - 0x00007ffa42f62000 	C:\Windows\System32\winrnr.dll
0x00007ffa5c100000 - 0x00007ffa5c10a000 	C:\Windows\System32\rasadhlp.dll
0x00007ffa5d410000 - 0x00007ffa5d48f000 	C:\Windows\System32\fwpuclnt.dll
0x00007ffa6adf0000 - 0x00007ffa6ae17000 	C:\Windows\System32\bcrypt.dll
0x0000000069ac0000 - 0x0000000069ae4000 	C:\Users\paden\AppData\Local\Temp\jansi-2.4.0-6389706765d212b6-jansi.dll
0x00007ffa6a5c0000 - 0x00007ffa6a5d8000 	C:\Windows\SYSTEM32\CRYPTSP.dll
0x00007ffa69ce0000 - 0x00007ffa69d14000 	C:\Windows\system32\rsaenh.dll
0x00007ffa6aad0000 - 0x00007ffa6aafe000 	C:\Windows\SYSTEM32\USERENV.dll
0x00007ffa6a5e0000 - 0x00007ffa6a5ec000 	C:\Windows\SYSTEM32\CRYPTBASE.dll
0x00007ffa62a10000 - 0x00007ffa62a27000 	C:\Windows\SYSTEM32\dhcpcsvc6.DLL
0x00007ffa629f0000 - 0x00007ffa62a0d000 	C:\Windows\SYSTEM32\dhcpcsvc.DLL
0x00007ffa4c1d0000 - 0x00007ffa4c215000 	C:\Users\paden\AppData\Local\Temp\jna-106423420\jna16513007605519467892.dll
0x00007ffa6bb40000 - 0x00007ffa6bc6a000 	C:\Windows\System32\Ole32.dll
0x00007ffa6b910000 - 0x00007ffa6b9b9000 	C:\Windows\System32\clbcatq.dll
0x00007ffa6c3e0000 - 0x00007ffa6c4ad000 	C:\Windows\System32\OleAut32.dll
0x00007ffa4b190000 - 0x00007ffa4b1a9000 	C:\Windows\SYSTEM32\amsi.dll
0x00007ffa4b110000 - 0x00007ffa4b18b000 	C:\ProgramData\Microsoft\Windows Defender\Platform\4.18.2203.5-0\MpOav.dll
0x00007ffa4aee0000 - 0x00007ffa4b10c000 	C:\Program Files (x86)\Kaspersky Lab\Kaspersky Security Cloud 21.3\x64\antimalware_provider.dll
0x00007ffa42190000 - 0x00007ffa421e4000 	C:\Windows\SYSTEM32\Pdh.dll
0x00007ffa61950000 - 0x00007ffa6195f000 	C:\Windows\System32\perfos.dll
0x00007ffa525e0000 - 0x00007ffa525f0000 	C:\Program Files\Java\jdk-17.0.3.1\bin\verify.dll
0x00007ffa27550000 - 0x00007ffa276df000 	C:\Program Files\Java\jdk-17.0.3.1\bin\awt.dll
0x00007ffa68490000 - 0x00007ffa68520000 	C:\Windows\SYSTEM32\apphelp.dll
0x00007ffa68630000 - 0x00007ffa686ce000 	C:\Windows\system32\uxtheme.dll
0x00007ffa6b9c0000 - 0x00007ffa6bad5000 	C:\Windows\System32\MSCTF.dll
0x00007ffa68760000 - 0x00007ffa6878f000 	C:\Windows\system32\DWMAPI.DLL
0x00007ffa38bc0000 - 0x00007ffa38ce5000 	C:\Windows\system32\opengl32.dll
0x00007ffa371b0000 - 0x00007ffa371dc000 	C:\Windows\SYSTEM32\GLU32.dll
0x00007ffa36a80000 - 0x00007ffa36c4e000 	C:\Windows\system32\d3d9.dll
0x00007ffa63550000 - 0x00007ffa6370a000 	C:\Windows\System32\DriverStore\FileRepository\u0376032.inf_amd64_1a2e19f1369fd940\B375758\aticfx64.dll
0x00007ffa16a20000 - 0x00007ffa16a54000 	C:\Windows\System32\DriverStore\FileRepository\u0376032.inf_amd64_1a2e19f1369fd940\B375758\atiu9p64.dll
0x00007ffa15cc0000 - 0x00007ffa16a16000 	C:\Windows\System32\DriverStore\FileRepository\u0376032.inf_amd64_1a2e19f1369fd940\B375758\atiumd64.dll
0x000000006aba0000 - 0x000000006ba5f000 	C:\Windows\System32\DriverStore\FileRepository\u0376032.inf_amd64_1a2e19f1369fd940\B375758\atiumd6a.dll
0x00007ffa6cb30000 - 0x00007ffa6cfa2000 	C:\Windows\System32\SETUPAPI.dll
0x00007ffa6b090000 - 0x00007ffa6b0de000 	C:\Windows\System32\cfgmgr32.dll
0x00007ffa6a1f0000 - 0x00007ffa6a23b000 	C:\Windows\SYSTEM32\POWRPROF.dll
0x00007ffa6a050000 - 0x00007ffa6a062000 	C:\Windows\SYSTEM32\UMPDC.dll
0x00007ffa62b70000 - 0x00007ffa62ba0000 	C:\Windows\SYSTEM32\amdihk64.dll
0x00007ffa65c40000 - 0x00007ffa65c7b000 	C:\Windows\SYSTEM32\dxcore.dll
0x00007ffa49cf0000 - 0x00007ffa49d79000 	C:\Program Files\Java\jdk-17.0.3.1\bin\freetype.dll
0x00007ffa402b0000 - 0x00007ffa40358000 	C:\Program Files\Java\jdk-17.0.3.1\bin\fontmanager.dll
0x00007ffa64f60000 - 0x00007ffa65114000 	C:\Windows\SYSTEM32\WindowsCodecs.dll
0x00007ffa40220000 - 0x00007ffa4025e000 	C:\Windows\system32\dataexchange.dll
0x00007ffa67350000 - 0x00007ffa675b4000 	C:\Windows\system32\d3d11.dll
0x00007ffa66ba0000 - 0x00007ffa66d86000 	C:\Windows\system32\dcomp.dll
0x00007ffa69510000 - 0x00007ffa69604000 	C:\Windows\system32\dxgi.dll
0x00007ffa64b90000 - 0x00007ffa64d91000 	C:\Windows\system32\twinapi.appcore.dll
0x00007ffa5f270000 - 0x00007ffa5f369000 	C:\Windows\SYSTEM32\textinputframework.dll
0x00007ffa68260000 - 0x00007ffa68352000 	C:\Windows\System32\CoreMessaging.dll
0x00007ffa67b80000 - 0x00007ffa67ede000 	C:\Windows\System32\CoreUIComponents.dll
0x00007ffa69910000 - 0x00007ffa69943000 	C:\Windows\SYSTEM32\ntmarta.dll
0x00007ffa66d90000 - 0x00007ffa66ee4000 	C:\Windows\SYSTEM32\wintypes.dll
0x00007ffa65330000 - 0x00007ffa65339000 	C:\Program Files\Java\jdk-17.0.3.1\bin\jaas.dll
0x00007ffa52280000 - 0x00007ffa5228e000 	C:\Program Files\Java\jdk-17.0.3.1\bin\sunmscapi.dll
0x00007ffa6ae20000 - 0x00007ffa6af7f000 	C:\Windows\System32\CRYPT32.dll
0x00007ffa6a6e0000 - 0x00007ffa6a707000 	C:\Windows\SYSTEM32\ncrypt.dll
0x00007ffa6a6a0000 - 0x00007ffa6a6db000 	C:\Windows\SYSTEM32\NTASN1.dll
0x00007ffa54950000 - 0x00007ffa54957000 	C:\Windows\system32\wshunix.dll
0x0000000070bc0000 - 0x0000000070c9c000 	C:\Users\paden\AppData\Local\Temp\sqlite-3.36.0.3-d953dc6c-3700-490f-8b79-d406a9979e36-sqlitejdbc.dll

dbghelp: loaded successfully - version: 4.0.5 - missing functions: none
symbol engine: initialized successfully - sym options: 0x614 - pdb path: .;C:\Program Files\Java\jdk-17.0.3.1\bin;C:\Windows\SYSTEM32;C:\Windows\WinSxS\amd64_microsoft.windows.common-controls_6595b64144ccf1df_6.0.19041.1110_none_60b5254171f9507e;C:\Program Files\Java\jdk-17.0.3.1\bin\server;C:\Users\paden\AppData\Local\Temp;C:\Users\paden\AppData\Local\Temp\jna-106423420;C:\ProgramData\Microsoft\Windows Defender\Platform\4.18.2203.5-0;C:\Program Files (x86)\Kaspersky Lab\Kaspersky Security Cloud 21.3\x64;C:\Windows\System32\DriverStore\FileRepository\u0376032.inf_amd64_1a2e19f1369fd940\B375758

VM Arguments:
jvm_args: -Xms1G -Xmx3G -Dfile.encoding=utf-8 -XX:+UseG1GC -XX:+ParallelRefProcEnabled -XX:MaxGCPauseMillis=200 -XX:+UnlockExperimentalVMOptions -XX:+DisableExplicitGC -XX:-OmitStackTraceInFastThrow -XX:+AlwaysPreTouch -XX:G1NewSizePercent=30 -XX:G1MaxNewSizePercent=40 -XX:G1HeapRegionSize=8M -XX:G1ReservePercent=20 -XX:G1HeapWastePercent=5 -XX:G1MixedGCCountTarget=8 -XX:InitiatingHeapOccupancyPercent=15 -XX:G1MixedGCLiveThresholdPercent=90 -XX:G1RSetUpdatingPauseTimePercent=5 -XX:SurvivorRatio=32 -XX:MaxTenuringThreshold=1 -Dusing.aikars.flags=true -Daikars.new.flags=true 
java_command: server.jar
java_class_path (initial): server.jar
Launcher Type: SUN_STANDARD

[Global flags]
     bool AlwaysPreTouch                           = true                                      {product} {command line}
     bool AlwaysTenure                             = false                                     {product} {command line}
     intx CICompilerCount                          = 3                                         {product} {ergonomic}
     uint ConcGCThreads                            = 1                                         {product} {ergonomic}
     bool DisableExplicitGC                        = true                                      {product} {command line}
     uint G1ConcRefinementThreads                  = 4                                         {product} {ergonomic}
     uint G1EagerReclaimRemSetThreshold            = 64                                   {experimental} {ergonomic}
   size_t G1HeapRegionSize                         = 8388608                                   {product} {command line}
    uintx G1HeapWastePercent                       = 5                                         {product} {command line}
    uintx G1MaxNewSizePercent                      = 40                                   {experimental} {command line}
    uintx G1MixedGCCountTarget                     = 8                                         {product} {command line}
    uintx G1MixedGCLiveThresholdPercent            = 90                                   {experimental} {command line}
    uintx G1NewSizePercent                         = 30                                   {experimental} {command line}
     intx G1RSetUpdatingPauseTimePercent           = 5                                         {product} {command line}
    uintx G1ReservePercent                         = 20                                        {product} {command line}
    uintx GCDrainStackTargetSize                   = 64                                        {product} {ergonomic}
   size_t InitialHeapSize                          = 1073741824                                {product} {command line}
    uintx InitialTenuringThreshold                 = 1                                         {product} {ergonomic}
    uintx InitiatingHeapOccupancyPercent           = 15                                        {product} {command line}
   size_t MarkStackSize                            = 4194304                                   {product} {ergonomic}
    uintx MaxGCPauseMillis                         = 200                                       {product} {command line}
   size_t MaxHeapSize                              = 3221225472                                {product} {command line}
   size_t MaxNewSize                               = 1283457024                                {product} {ergonomic}
    uintx MaxTenuringThreshold                     = 1                                         {product} {command line}
   size_t MinHeapDeltaBytes                        = 8388608                                   {product} {ergonomic}
   size_t MinHeapSize                              = 1073741824                                {product} {command line}
     bool NeverTenure                              = false                                     {product} {command line}
    uintx NonNMethodCodeHeapSize                   = 5832780                                {pd product} {ergonomic}
    uintx NonProfiledCodeHeapSize                  = 122912730                              {pd product} {ergonomic}
     bool OmitStackTraceInFastThrow                = false                                     {product} {command line}
     bool ParallelRefProcEnabled                   = true                                      {product} {command line}
    uintx ProfiledCodeHeapSize                     = 122912730                              {pd product} {ergonomic}
    uintx ReservedCodeCacheSize                    = 251658240                              {pd product} {ergonomic}
     bool SegmentedCodeCache                       = true                                      {product} {ergonomic}
   size_t SoftMaxHeapSize                          = 3221225472                             {manageable} {ergonomic}
    uintx SurvivorRatio                            = 32                                        {product} {command line}
     bool UnlockExperimentalVMOptions              = true                                 {experimental} {command line}
     bool UseCompressedClassPointers               = true                           {product lp64_product} {ergonomic}
     bool UseCompressedOops                        = true                           {product lp64_product} {ergonomic}
     bool UseG1GC                                  = true                                      {product} {command line}
     bool UseLargePagesIndividualAllocation        = false                                  {pd product} {ergonomic}

Logging:
Log output configuration:
 #0: stdout all=warning uptime,level,tags
 #1: stderr all=off uptime,level,tags

Environment Variables:
PATH=C:\Program Files\Common Files\Oracle\Java\javapath;C:\Program Files (x86)\Razer Chroma SDK\bin;C:\Program Files\Razer Chroma SDK\bin;C:\Program Files (x86)\Razer\ChromaBroadcast\bin;C:\Program Files\Razer\ChromaBroadcast\bin;C:\Program Files\Eclipse Adoptium\jdk-8.0.322.6-hotspot\bin;C:\Program Files\Microsoft\jdk-11.0.12.7-hotspot\bin;C:\Program Files (x86)\Common Files\Oracle\Java\javapath;C:\ProgramData\Oracle\Java\javapath;C:\Windows\system32;C:\Windows;C:\Windows\System32\Wbem;C:\Windows\System32\WindowsPowerShell\v1.0\;C:\Windows\System32\OpenSSH\;C:\Program Files\dotnet\;C:\Program Files\Microsoft SQL Server\130\Tools\Binn\;C:\Program Files\Microsoft SQL Server\Client SDK\ODBC\170\Tools\Binn\;C:\Program Files\nodejs\;C:\Program Files\Microsoft SQL Server\Client SDK\ODBC\130\Tools\Binn\;C:\Program Files (x86)\Microsoft SQL Server\130\Tools\Binn\;C:\Program Files\Microsoft SQL Server\130\DTS\Binn\;C:\Program Files\Git\cmd;C:\Program Files\PuTTY\;C:\Windows\system32\config\systemprofile\AppData\Local\Microsoft\WindowsApps;C:\Users\paden\AppData\Local\Programs\Python\Python38-32\Scripts\;C:\Users\paden\AppData\Local\Programs\Python\Python38-32\;C:\Users\paden\AppData\Local\Programs\Python\Python39\Scripts\;C:\Users\paden\AppData\Local\Programs\Python\Python39\;C:\Users\paden\AppData\Local\Programs\Python\Python38\Scripts\;C:\Users\paden\AppData\Local\Programs\Python\Python38\;C:\Users\paden\AppData\Local\Microsoft\WindowsApps;;C:\Program Files\JetBrains\PyCharm Community Edition 2020.2.1\bin;;C:\Users\paden\.dotnet\tools;C:\Users\paden\AppData\Roaming\npm;C:\Users\paden\AppData\Local\Programs\Microsoft VS Code\bin;C:\Users\paden\AppData\Local\JpegminiPro3\
USERNAME=paden
OS=Windows_NT
PROCESSOR_IDENTIFIER=AMD64 Family 23 Model 24 Stepping 1, AuthenticAMD



---------------  S Y S T E M  ---------------

OS:
 Windows 10 , 64 bit Build 19041 (10.0.19041.1151)
OS uptime: 0 days 7:41 hours

CPU: total 4 (initial active 4) (4 cores per cpu, 1 threads per core) family 23 model 24 stepping 1 microcode 0x0, cx8, cmov, fxsr, mmx, 3dnowpref, sse, sse2, sse3, ssse3, sse4a, sse4.1, sse4.2, popcnt, lzcnt, tsc, tscinvbit, avx, avx2, aes, clmul, bmi1, bmi2, adx, sha, fma, vzeroupper, clflush, clflushopt

Memory: 4k page, system-wide physical 8140M (655M free)
TotalPageFile size 16332M (AvailPageFile size 679M)
current process WorkingSet (physical memory assigned to process): 2169M, peak: 2410M
current process commit charge ("private bytes"): 2441M, peak: 3321M

vm_info: Java HotSpot(TM) 64-Bit Server VM (17.0.3.1+2-LTS-6) for windows-amd64 JRE (17.0.3.1+2-LTS-6), built on Apr 25 2022 22:04:21 by "mach5one" with MS VC++ 16.8 / 16.9 (VS2019)

END.
