#
# There is insufficient memory for the Java Runtime Environment to continue.
# Native memory allocation (malloc) failed to allocate 1291216 bytes for Chunk::new
# Possible reasons:
#   The system is out of physical RAM or swap space
#   The process is running with CompressedOops enabled, and the Java Heap may be blocking the growth of the native heap
# Possible solutions:
#   Reduce memory load on the system
#   Increase physical memory or swap space
#   Check if swap backing store is full
#   Decrease Java heap size (-Xmx/-Xms)
#   Decrease number of Java threads
#   Decrease Java thread stack sizes (-Xss)
#   Set larger code cache with -XX:ReservedCodeCacheSize=
#   JVM is running with Zero Based Compressed Oops mode in which the Java heap is
#     placed in the first 32GB address space. The Java Heap base address is the
#     maximum limit for the native heap growth. Please use -XX:HeapBaseMinAddress
#     to set the Java Heap base and to place the Java Heap above 32GB virtual address.
# This output file may be truncated or incomplete.
#
#  Out of Memory Error (arena.cpp:189), pid=8320, tid=14444
#
# JRE version: Java(TM) SE Runtime Environment (17.0.3.1+2) (build 17.0.3.1+2-LTS-6)
# Java VM: Java HotSpot(TM) 64-Bit Server VM (17.0.3.1+2-LTS-6, mixed mode, sharing, tiered, compressed oops, compressed class ptrs, g1 gc, windows-amd64)
# No core dump will be written. Minidumps are not enabled by default on client versions of Windows
#

---------------  S U M M A R Y ------------

Command Line: -Xms1G -Xmx4G -Dfile.encoding=utf-8 -XX:+UseG1GC -XX:+ParallelRefProcEnabled -XX:MaxGCPauseMillis=200 -XX:+UnlockExperimentalVMOptions -XX:+DisableExplicitGC -XX:-OmitStackTraceInFastThrow -XX:+AlwaysPreTouch -XX:G1NewSizePercent=30 -XX:G1MaxNewSizePercent=40 -XX:G1HeapRegionSize=8M -XX:G1ReservePercent=20 -XX:G1HeapWastePercent=5 -XX:G1MixedGCCountTarget=8 -XX:InitiatingHeapOccupancyPercent=15 -XX:G1MixedGCLiveThresholdPercent=90 -XX:G1RSetUpdatingPauseTimePercent=5 -XX:SurvivorRatio=32 -XX:MaxTenuringThreshold=1 -Dusing.aikars.flags=true -Daikars.new.flags=true server.jar

Host: AMD Ryzen 3 PRO 3200G with Radeon Vega Graphics, 4 cores, 7G,  Windows 10 , 64 bit Build 19041 (10.0.19041.1151)
Time: Thu Jun 16 16:30:58 2022 RTZ 2 (s 10 , 64 bit Build 19041 (10.0.19041.1151) elapsed time: 195.207621 seconds (0d 0h 3m 15s)

---------------  T H R E A D  ---------------

Current thread (0x000001ab993e7a40):  JavaThread "C2 CompilerThread0" daemon [_thread_in_native, id=14444, stack(0x000000783d100000,0x000000783d200000)]


Current CompileTask:
C2: 195217 28746   !   4       net.minecraft.world.entity.Entity::a (1741 bytes)

Stack: [0x000000783d100000,0x000000783d200000]
Native frames: (J=compiled Java code, j=interpreted, Vv=VM code, C=native code)
V  [jvm.dll+0x6711ba]
V  [jvm.dll+0x7d0834]
V  [jvm.dll+0x7d1fde]
V  [jvm.dll+0x7d2643]
V  [jvm.dll+0x242c85]
V  [jvm.dll+0xaa57b]
V  [jvm.dll+0xaab0c]
V  [jvm.dll+0x35ff22]
V  [jvm.dll+0x32a581]
V  [jvm.dll+0x329a2a]
V  [jvm.dll+0x215d61]
V  [jvm.dll+0x215181]
V  [jvm.dll+0x1a1c3d]
V  [jvm.dll+0x2249c8]
V  [jvm.dll+0x222b2c]
V  [jvm.dll+0x78650b]
V  [jvm.dll+0x780aca]
V  [jvm.dll+0x670045]
C  [ucrtbase.dll+0x21bb2]
C  [KERNEL32.DLL+0x17034]
C  [ntdll.dll+0x52651]


---------------  P R O C E S S  ---------------

Threads class SMR info:
_java_thread_list=0x000001aba1cba120, length=108, elements={
0x000001ab993cde80, 0x000001ab993cf950, 0x000001ab993debf0, 0x000001ab993df6b0,
0x000001ab993e2080, 0x000001ab993e3950, 0x000001ab993e7a40, 0x000001ab993f0350,
0x000001ab993fc080, 0x000001ab995a57f0, 0x000001ab995a74f0, 0x000001abf6dafc10,
0x000001ab9a5698d0, 0x000001ab9a551980, 0x000001ab9abfb290, 0x000001ab9abfbc30,
0x000001ab9cf3ef20, 0x000001ab9cf3f3f0, 0x000001ab9cf40730, 0x000001ab9cf44a90,
0x000001ab9cf3f8c0, 0x000001ab9cf44f60, 0x000001ab9cf40260, 0x000001ab9cf42410,
0x000001ab9cf45900, 0x000001ab9cf43280, 0x000001ab9cf43750, 0x000001ab9cf445c0,
0x000001ab9cf3e0b0, 0x000001ab9cf3ea50, 0x000001ab9ed1a830, 0x000001ab9ed1bb70,
0x000001ab9ed1b1d0, 0x000001ab9ed18680, 0x000001ab9ed17810, 0x000001ab9ed1d380,
0x000001ab9ed19020, 0x000001ab9ed1b6a0, 0x000001ab9ed1c510, 0x000001ab9ed169a0,
0x000001ab9ed17340, 0x000001ab9ed194f0, 0x000001ab9ed199c0, 0x000001ab9abfc5d0,
0x000001ab9abfcaa0, 0x000001ab9a923c90, 0x000001ab9a91d780, 0x000001ab9a91ef90,
0x000001ab9a921ae0, 0x000001ab9a91eac0, 0x000001ab9a91f460, 0x000001ab9a922950,
0x000001ab9a9232f0, 0x000001ab9a921610, 0x000001ab9a91dc50, 0x000001ab9a91e120,
0x000001ab9a91e5f0, 0x000001ab9a920c70, 0x000001ab9a91fe00, 0x000001ab9f533d40,
0x000001ab9f533870, 0x000001ab9f5398b0, 0x000001ab9f534210, 0x000001ab9f5380a0,
0x000001ab9f538a40, 0x000001ab9f532530, 0x000001ab9f532ed0, 0x000001ab9f535080,
0x000001ab9f536d60, 0x000001ab9f534bb0, 0x000001ab9f535550, 0x000001ab9f536890,
0x000001ab9cf410d0, 0x000001ab9cf415a0, 0x000001ab9cf428e0, 0x000001ab9a921fb0,
0x000001abae6eb170, 0x000001abae6eb640, 0x000001abae6ef4d0, 0x000001abae6ec4b0,
0x000001abae6ebfe0, 0x000001abae6eaca0, 0x000001abae6e8150, 0x000001ab9cf41f40,
0x000001abac10c970, 0x000001abac10ce40, 0x000001abac110330, 0x000001abac110cd0,
0x000001abac1111a0, 0x000001abac10d310, 0x000001abac10dcb0, 0x000001abac10e180,
0x000001abab2a3320, 0x000001abab2a0300, 0x000001abab2a4190, 0x000001abab2a4660,
0x000001abab29fe30, 0x000001abab2a07d0, 0x000001abab2a5000, 0x000001abab29dc80,
0x000001abab29e150, 0x000001abab29eaf0, 0x000001abab2a24b0, 0x000001abac10f990,
0x000001abac10d7e0, 0x000001abac111670, 0x000001abac112010, 0x000001abac112e80
}

Java Threads: ( => current thread )
  0x000001ab993cde80 JavaThread "Reference Handler" daemon [_thread_blocked, id=14656, stack(0x000000783cb00000,0x000000783cc00000)]
  0x000001ab993cf950 JavaThread "Finalizer" daemon [_thread_blocked, id=12628, stack(0x000000783cc00000,0x000000783cd00000)]
  0x000001ab993debf0 JavaThread "Signal Dispatcher" daemon [_thread_blocked, id=13208, stack(0x000000783cd00000,0x000000783ce00000)]
  0x000001ab993df6b0 JavaThread "Attach Listener" daemon [_thread_blocked, id=8708, stack(0x000000783ce00000,0x000000783cf00000)]
  0x000001ab993e2080 JavaThread "Service Thread" daemon [_thread_blocked, id=7812, stack(0x000000783cf00000,0x000000783d000000)]
  0x000001ab993e3950 JavaThread "Monitor Deflation Thread" daemon [_thread_blocked, id=10068, stack(0x000000783d000000,0x000000783d100000)]
=>0x000001ab993e7a40 JavaThread "C2 CompilerThread0" daemon [_thread_in_native, id=14444, stack(0x000000783d100000,0x000000783d200000)]
  0x000001ab993f0350 JavaThread "C1 CompilerThread0" daemon [_thread_blocked, id=10540, stack(0x000000783d200000,0x000000783d300000)]
  0x000001ab993fc080 JavaThread "Sweeper thread" daemon [_thread_blocked, id=2592, stack(0x000000783d300000,0x000000783d400000)]
  0x000001ab995a57f0 JavaThread "Notification Thread" daemon [_thread_blocked, id=13856, stack(0x000000783d400000,0x000000783d500000)]
  0x000001ab995a74f0 JavaThread "Common-Cleaner" daemon [_thread_blocked, id=14888, stack(0x000000783d600000,0x000000783d700000)]
  0x000001abf6dafc10 JavaThread "DestroyJavaVM" [_thread_blocked, id=7392, stack(0x000000783c400000,0x000000783c500000)]
  0x000001ab9a5698d0 JavaThread "WindowsStreamPump" daemon [_thread_in_native, id=3820, stack(0x000000783dc00000,0x000000783dd00000)]
  0x000001ab9a551980 JavaThread "Log4j2-AsyncAppenderEventDispatcher-1-Async" daemon [_thread_blocked, id=8784, stack(0x000000783dd00000,0x000000783de00000)]
  0x000001ab9abfb290 JavaThread "Timer hack thread" daemon [_thread_blocked, id=13240, stack(0x000000783e400000,0x000000783e500000)]
  0x000001ab9abfbc30 JavaThread "Worker-Main-1" daemon [_thread_blocked, id=6220, stack(0x000000783e500000,0x000000783e600000)]
  0x000001ab9cf3ef20 JavaThread "Java2D Disposer" daemon [_thread_blocked, id=9776, stack(0x000000783db00000,0x000000783dc00000)]
  0x000001ab9cf3f3f0 JavaThread "AWT-Windows" daemon [_thread_in_native, id=12472, stack(0x000000783e700000,0x000000783e800000)]
  0x000001ab9cf40730 JavaThread "AWT-Shutdown" [_thread_blocked, id=14044, stack(0x000000783f000000,0x000000783f100000)]
  0x000001ab9cf44a90 JavaThread "AWT-EventQueue-0" [_thread_blocked, id=13268, stack(0x000000783f100000,0x000000783f200000)]
  0x000001ab9cf3f8c0 JavaThread "TimerQueue" daemon [_thread_blocked, id=12084, stack(0x000000783f200000,0x000000783f300000)]
  0x000001ab9cf44f60 JavaThread "D3D Screen Updater" daemon [_thread_blocked, id=11372, stack(0x000000783f300000,0x000000783f400000)]
  0x000001ab9cf40260 JavaThread "Thread-1" daemon [_thread_blocked, id=1496, stack(0x000000783f400000,0x000000783f500000)]
  0x000001ab9cf42410 JavaThread "Server thread" [_thread_blocked, id=4152, stack(0x000000783f500000,0x000000783f600000)]
  0x000001ab9cf45900 JavaThread "Paper Watchdog Thread" [_thread_blocked, id=3740, stack(0x000000783fa00000,0x000000783fb00000)]
  0x000001ab9cf43280 JavaThread "Paper Async Chunk Task Thread #0" [_thread_blocked, id=15000, stack(0x000000783fb00000,0x000000783fc00000)]
  0x000001ab9cf43750 JavaThread "Paper Async Chunk Urgent Task Thread" [_thread_blocked, id=11936, stack(0x000000783fc00000,0x000000783fd00000)]
  0x000001ab9cf445c0 JavaThread "Server console handler" daemon [_thread_blocked, id=6176, stack(0x000000783fd00000,0x000000783fe00000)]
  0x000001ab9cf3e0b0 JavaThread "pool-4-thread-1" [_thread_blocked, id=12024, stack(0x000000783da00000,0x000000783db00000)]
  0x000001ab9cf3ea50 JavaThread "Netty Server IO #0" daemon [_thread_in_native, id=9856, stack(0x000000783fe00000,0x000000783ff00000)]
  0x000001ab9ed1a830 JavaThread "luckperms-worker-0" daemon [_thread_blocked, id=13536, stack(0x0000007840000000,0x0000007840100000)]
  0x000001ab9ed1bb70 JavaThread "luckperms-worker-1" daemon [_thread_blocked, id=14196, stack(0x0000007840100000,0x0000007840200000)]
  0x000001ab9ed1b1d0 JavaThread "luckperms-worker-2" daemon [_thread_blocked, id=4684, stack(0x0000007840200000,0x0000007840300000)]
  0x000001ab9ed18680 JavaThread "luckperms-worker-3" daemon [_thread_blocked, id=12056, stack(0x0000007840300000,0x0000007840400000)]
  0x000001ab9ed17810 JavaThread "luckperms-worker-4" daemon [_thread_blocked, id=7244, stack(0x0000007840400000,0x0000007840500000)]
  0x000001ab9ed1d380 JavaThread "luckperms-worker-5" daemon [_thread_blocked, id=636, stack(0x0000007840500000,0x0000007840600000)]
  0x000001ab9ed19020 JavaThread "luckperms-worker-6" daemon [_thread_blocked, id=9508, stack(0x0000007840600000,0x0000007840700000)]
  0x000001ab9ed1b6a0 JavaThread "luckperms-scheduler" [_thread_blocked, id=12572, stack(0x0000007840700000,0x0000007840800000)]
  0x000001ab9ed1c510 JavaThread "WorldEdit Session Manager" [_thread_blocked, id=15048, stack(0x0000007840800000,0x0000007840900000)]
  0x000001ab9ed169a0 JavaThread "FileSystemWatchService" daemon [_thread_in_native, id=3168, stack(0x0000007840a00000,0x0000007840b00000)]
  0x000001ab9ed17340 JavaThread "luckperms-worker-7" daemon [_thread_blocked, id=14608, stack(0x0000007840b00000,0x0000007840c00000)]
  0x000001ab9ed194f0 JavaThread "MVStore background writer nio:C:/Users/paden/Desktop/minecraft server/Server/plugins/LuckPerms/luckperms-h2.mv.db" daemon [_thread_blocked, id=1956, stack(0x0000007840d00000,0x0000007840e00000)]
  0x000001ab9ed199c0 JavaThread "OkHttp metadata.luckperms.net" daemon [_thread_in_native, id=12352, stack(0x0000007840e00000,0x0000007840f00000)]
  0x000001ab9abfc5d0 JavaThread "OkHttp ConnectionPool" daemon [_thread_blocked, id=14520, stack(0x0000007840f00000,0x0000007841000000)]
  0x000001ab9abfcaa0 JavaThread "OkHttp metadata.luckperms.net Writer" [_thread_blocked, id=13008, stack(0x0000007841000000,0x0000007841100000)]
  0x000001ab9a923c90 JavaThread "AutoSaveWorld AutoSaveThread" [_thread_blocked, id=12076, stack(0x0000007841200000,0x0000007841300000)]
  0x000001ab9a91d780 JavaThread "AutoSaveWorld AutoBackupThread" [_thread_blocked, id=12328, stack(0x0000007841300000,0x0000007841400000)]
  0x000001ab9a91ef90 JavaThread "AutoSaveWorld AutoPurgeThread" [_thread_blocked, id=12464, stack(0x0000007841400000,0x0000007841500000)]
  0x000001ab9a921ae0 JavaThread "AutoSaveWorld AutoRestartThread" [_thread_blocked, id=10308, stack(0x0000007841500000,0x0000007841600000)]
  0x000001ab9a91eac0 JavaThread "AutoSaveWorld CrashRestartThread" [_thread_blocked, id=6548, stack(0x0000007841600000,0x0000007841700000)]
  0x000001ab9a91f460 JavaThread "AutoSaveWorld AutoConsoleCommandThread" [_thread_blocked, id=14612, stack(0x0000007841700000,0x0000007841800000)]
  0x000001ab9a922950 JavaThread "Timer-0" daemon [_thread_blocked, id=4364, stack(0x0000007841800000,0x0000007841900000)]
  0x000001ab9a9232f0 JavaThread "bStats-Metrics" [_thread_blocked, id=5900, stack(0x0000007841900000,0x0000007841a00000)]
  0x000001ab9a921610 JavaThread "Paper RegionFile IO Thread" [_thread_blocked, id=1180, stack(0x0000007841a00000,0x0000007841b00000)]
  0x000001ab9a91dc50 JavaThread "Thread-9" daemon [_thread_blocked, id=11512, stack(0x0000007841b00000,0x0000007841c00000)]
  0x000001ab9a91e120 JavaThread "Thread-10" daemon [_thread_blocked, id=10336, stack(0x0000007841c00000,0x0000007841d00000)]
  0x000001ab9a91e5f0 JavaThread "Thread-11" daemon [_thread_blocked, id=9980, stack(0x0000007841d00000,0x0000007841e00000)]
  0x000001ab9a920c70 JavaThread "bStats-Metrics" [_thread_blocked, id=2256, stack(0x0000007841e00000,0x0000007841f00000)]
  0x000001ab9a91fe00 JavaThread "bStats-Metrics" [_thread_blocked, id=12136, stack(0x0000007841f00000,0x0000007842000000)]
  0x000001ab9f533d40 JavaThread "bStats-Metrics" [_thread_blocked, id=5332, stack(0x0000007842200000,0x0000007842300000)]
  0x000001ab9f533870 JavaThread "bStats-Metrics" [_thread_blocked, id=2132, stack(0x0000007842400000,0x0000007842500000)]
  0x000001ab9f5398b0 JavaThread "ForkJoinPool.commonPool-worker-1" daemon [_thread_blocked, id=2376, stack(0x0000007842500000,0x0000007842600000)]
  0x000001ab9f534210 JavaThread "RxSchedulerPurge-1" daemon [_thread_blocked, id=13144, stack(0x0000007842800000,0x0000007842900000)]
  0x000001ab9f5380a0 JavaThread "RxCachedWorkerPoolEvictor-1" daemon [_thread_blocked, id=13948, stack(0x0000007842900000,0x0000007842a00000)]
  0x000001ab9f538a40 JavaThread "bStats-Metrics" [_thread_blocked, id=3464, stack(0x000000783f700000,0x000000783f800000)]
  0x000001ab9f532530 JavaThread "pool-19-thread-1" [_thread_blocked, id=5984, stack(0x000000783f800000,0x000000783f900000)]
  0x000001ab9f532ed0 JavaThread "bStats-Metrics" [_thread_blocked, id=15188, stack(0x000000783f900000,0x000000783fa00000)]
  0x000001ab9f535080 JavaThread "bStats-Metrics" [_thread_blocked, id=15120, stack(0x000000783ff00000,0x0000007840000000)]
  0x000001ab9f536d60 JavaThread "mysql-cj-abandoned-connection-cleanup" daemon [_thread_blocked, id=13664, stack(0x0000007842100000,0x0000007842200000)]
  0x000001ab9f534bb0 JavaThread "bStats-Metrics" [_thread_blocked, id=6432, stack(0x0000007842a00000,0x0000007842b00000)]
  0x000001ab9f535550 JavaThread "TAB Repeating / Delayed Thread 0" [_thread_blocked, id=14304, stack(0x0000007842b00000,0x0000007842c00000)]
  0x000001ab9f536890 JavaThread "TAB Repeating / Delayed Thread 2" [_thread_blocked, id=1348, stack(0x0000007842d00000,0x0000007842e00000)]
  0x000001ab9cf410d0 JavaThread "TAB Repeating / Delayed Thread 3" [_thread_blocked, id=6280, stack(0x0000007842e00000,0x0000007842f00000)]
  0x000001ab9cf415a0 JavaThread "bStats-Metrics" [_thread_blocked, id=8460, stack(0x0000007842f00000,0x0000007843000000)]
  0x000001ab9cf428e0 JavaThread "ServerSigns-TaskPersistence" [_thread_blocked, id=4116, stack(0x0000007843000000,0x0000007843100000)]
  0x000001ab9a921fb0 JavaThread "TAB Processing Thread" [_thread_blocked, id=9732, stack(0x0000007843200000,0x0000007843300000)]
  0x000001abae6eb170 JavaThread "bStats-Metrics" [_thread_blocked, id=8992, stack(0x0000007843300000,0x0000007843400000)]
  0x000001abae6eb640 JavaThread "WorldGuard Region I/O" [_thread_blocked, id=6500, stack(0x0000007843400000,0x0000007843500000)]
  0x000001abae6ef4d0 JavaThread "bStats-Metrics" [_thread_blocked, id=2500, stack(0x0000007843600000,0x0000007843700000)]
  0x000001abae6ec4b0 JavaThread "bStats-Metrics" [_thread_blocked, id=10892, stack(0x0000007843100000,0x0000007843200000)]
  0x000001abae6ebfe0 JavaThread "Timer-1" daemon [_thread_blocked, id=9896, stack(0x0000007843700000,0x0000007843800000)]
  0x000001abae6eaca0 JavaThread "ExpiringMap-Expirer" daemon [_thread_blocked, id=14428, stack(0x0000007843800000,0x0000007843900000)]
  0x000001abae6e8150 JavaThread "Craft Async Scheduler Management Thread" [_thread_blocked, id=2816, stack(0x0000007843900000,0x0000007843a00000)]
  0x000001ab9cf41f40 JavaThread "Craft Scheduler Thread - 14" [_thread_blocked, id=10612, stack(0x0000007844400000,0x0000007844500000)]
  0x000001abac10c970 JavaThread "ServerSigns-TaskManager" [_thread_blocked, id=1244, stack(0x0000007845400000,0x0000007845500000)]
  0x000001abac10ce40 JavaThread "Netty Server IO #1" daemon [_thread_in_native, id=8440, stack(0x0000007845500000,0x0000007845600000)]
  0x000001abac110330 JavaThread "User Authenticator #1" daemon [_thread_blocked, id=10120, stack(0x0000007845600000,0x0000007845700000)]
  0x000001abac110cd0 JavaThread "DecentHolograms Thread #1" [_thread_blocked, id=10192, stack(0x0000007845700000,0x0000007845800000)]
  0x000001abac1111a0 JavaThread "DecentHolograms Thread #2" [_thread_blocked, id=10252, stack(0x0000007845800000,0x0000007845900000)]
  0x000001abac10d310 JavaThread "DecentHolograms Thread #3" [_thread_blocked, id=14784, stack(0x0000007845900000,0x0000007845a00000)]
  0x000001abac10dcb0 JavaThread "DecentHolograms Thread #4" [_thread_blocked, id=1644, stack(0x0000007845a00000,0x0000007845b00000)]
  0x000001abac10e180 JavaThread "ForkJoinPool-2-worker-1" daemon [_thread_blocked, id=13940, stack(0x0000007845b00000,0x0000007845c00000)]
  0x000001abab2a3320 JavaThread "Netty Server IO #2" daemon [_thread_in_native, id=14624, stack(0x000000783c200000,0x000000783c300000)]
  0x000001abab2a0300 JavaThread "Craft Scheduler Thread - 31" [_thread_blocked, id=6656, stack(0x000000783c300000,0x000000783c400000)]
  0x000001abab2a4190 JavaThread "Netty Server IO #3" daemon [_thread_in_native, id=10116, stack(0x000000783de00000,0x000000783df00000)]
  0x000001abab2a4660 JavaThread "Paper Async Task Handler Thread - 0" [_thread_blocked, id=3296, stack(0x000000783e000000,0x000000783e100000)]
  0x000001abab29fe30 JavaThread "WorldGuard Task Executor - 0" [_thread_blocked, id=3508, stack(0x000000783f600000,0x000000783f700000)]
  0x000001abab2a07d0 JavaThread "TAB Repeating / Delayed Thread 4" [_thread_blocked, id=12224, stack(0x0000007842600000,0x0000007842700000)]
  0x000001abab2a5000 JavaThread "Craft Scheduler Thread - 32" [_thread_blocked, id=15232, stack(0x0000007842c00000,0x0000007842d00000)]
  0x000001abab29dc80 JavaThread "pool-18-thread-1" [_thread_blocked, id=8188, stack(0x0000007843c00000,0x0000007843d00000)]
  0x000001abab29e150 JavaThread "WorldGuard Region Chunk Table - SkyWarsMap" [_thread_blocked, id=15208, stack(0x0000007843b00000,0x0000007843c00000)]
  0x000001abab29eaf0 JavaThread "IO-Worker-7" [_thread_blocked, id=9852, stack(0x0000007843d00000,0x0000007843e00000)]
  0x000001abab2a24b0 JavaThread "IO-Worker-8" [_thread_blocked, id=10324, stack(0x0000007843f00000,0x0000007844000000)]
  0x000001abac10f990 JavaThread "Timer-5" [_thread_blocked, id=9512, stack(0x0000007841100000,0x0000007841200000)]
  0x000001abac10d7e0 JavaThread "Timer-6" [_thread_blocked, id=2564, stack(0x0000007842000000,0x0000007842100000)]
  0x000001abac111670 JavaThread "Timer-7" [_thread_blocked, id=11288, stack(0x0000007842300000,0x0000007842400000)]
  0x000001abac112010 JavaThread "AuthMe-CacheLoader" daemon [_thread_blocked, id=8640, stack(0x000000783e800000,0x000000783e900000)]
  0x000001abac112e80 JavaThread "Craft Scheduler Thread - 35" [_thread_blocked, id=9736, stack(0x000000783c100000,0x000000783c200000)]

Other Threads:
  0x000001abf6e88ba0 VMThread "VM Thread" [stack: 0x000000783ca00000,0x000000783cb00000] [id=14708]
  0x000001abf6e19eb0 WatcherThread [stack: 0x000000783d500000,0x000000783d600000] [id=7828]
  0x000001abf6e01100 GCTaskThread "GC Thread#0" [stack: 0x000000783c500000,0x000000783c600000] [id=6636]
  0x000001ab996ede00 GCTaskThread "GC Thread#1" [stack: 0x000000783d700000,0x000000783d800000] [id=14748]
  0x000001ab996ee0b0 GCTaskThread "GC Thread#2" [stack: 0x000000783d800000,0x000000783d900000] [id=2576]
  0x000001ab996ee360 GCTaskThread "GC Thread#3" [stack: 0x000000783d900000,0x000000783da00000] [id=9032]
  0x000001abf6e07e10 ConcurrentGCThread "G1 Main Marker" [stack: 0x000000783c600000,0x000000783c700000] [id=12212]
  0x000001abf6e08d70 ConcurrentGCThread "G1 Conc#0" [stack: 0x000000783c700000,0x000000783c800000] [id=6736]
  0x000001abf6e6a210 ConcurrentGCThread "G1 Refine#0" [stack: 0x000000783c800000,0x000000783c900000] [id=9504]
  0x000001ab9d2689d0 ConcurrentGCThread "G1 Refine#1" [stack: 0x000000783e100000,0x000000783e200000] [id=1360]
  0x000001ab9cef2030 ConcurrentGCThread "G1 Refine#2" [stack: 0x000000783e200000,0x000000783e300000] [id=12732]
  0x000001ab9ce67720 ConcurrentGCThread "G1 Refine#3" [stack: 0x000000783e300000,0x000000783e400000] [id=13780]
  0x000001abf6e6a9e0 ConcurrentGCThread "G1 Service" [stack: 0x000000783c900000,0x000000783ca00000] [id=10296]

Threads with active compile tasks:
C2 CompilerThread0   195382 28746   !   4       net.minecraft.world.entity.Entity::a (1741 bytes)

VM state: not at safepoint (normal execution)

VM Mutex/Monitor currently owned by a thread: None

Heap address: 0x0000000700000000, size: 4096 MB, Compressed Oops mode: Zero based, Oop shift amount: 3

CDS archive(s) mapped at: [0x0000000800000000-0x0000000800bc0000-0x0000000800bc0000), size 12320768, SharedBaseAddress: 0x0000000800000000, ArchiveRelocationMode: 0.
Compressed class space mapped at: 0x0000000800c00000-0x0000000840c00000, reserved size: 1073741824
Narrow klass base: 0x0000000800000000, Narrow klass shift: 0, Narrow klass range: 0x100000000

GC Precious Log:
 CPUs: 4 total, 4 available
 Memory: 8140M
 Large Page Support: Disabled
 NUMA Support: Disabled
 Compressed Oops: Enabled (Zero based)
 Heap Region Size: 8M
 Heap Min Capacity: 1G
 Heap Initial Capacity: 1G
 Heap Max Capacity: 4G
 Pre-touch: Enabled
 Parallel Workers: 4
 Concurrent Workers: 1
 Concurrent Refinement Workers: 4
 Periodic GC: Disabled

Heap:
 garbage-first heap   total 1998848K, used 1612354K [0x0000000700000000, 0x0000000800000000)
  region size 8192K, 61 young (499712K), 3 survivors (24576K)
 Metaspace       used 169343K, committed 171392K, reserved 1196032K
  class space    used 24144K, committed 25088K, reserved 1048576K

Heap Regions: E=young(eden), S=young(survivor), O=old, HS=humongous(starts), HC=humongous(continues), CS=collection set, F=free, OA=open archive, CA=closed archive, TAMS=top-at-mark-start (previous, next)
|   0|0x0000000700000000, 0x0000000700800000, 0x0000000700800000|100%| O|  |TAMS 0x0000000700800000, 0x0000000700000000| Untracked 
|   1|0x0000000700800000, 0x0000000701000000, 0x0000000701000000|100%| O|  |TAMS 0x0000000701000000, 0x0000000700800000| Untracked 
|   2|0x0000000701000000, 0x0000000701800000, 0x0000000701800000|100%| O|  |TAMS 0x0000000701800000, 0x0000000701000000| Untracked 
|   3|0x0000000701800000, 0x0000000702000000, 0x0000000702000000|100%|HS|  |TAMS 0x0000000702000000, 0x0000000701800000| Complete 
|   4|0x0000000702000000, 0x0000000702800000, 0x0000000702800000|100%|HC|  |TAMS 0x0000000702800000, 0x0000000702000000| Complete 
|   5|0x0000000702800000, 0x0000000703000000, 0x0000000703000000|100%| O|  |TAMS 0x0000000703000000, 0x0000000702800000| Untracked 
|   6|0x0000000703000000, 0x0000000703800000, 0x0000000703800000|100%| O|  |TAMS 0x0000000703800000, 0x0000000703000000| Untracked 
|   7|0x0000000703800000, 0x0000000704000000, 0x0000000704000000|100%| O|  |TAMS 0x0000000704000000, 0x0000000703800000| Untracked 
|   8|0x0000000704000000, 0x0000000704800000, 0x0000000704800000|100%| O|  |TAMS 0x0000000704800000, 0x0000000704000000| Untracked 
|   9|0x0000000704800000, 0x0000000705000000, 0x0000000705000000|100%| O|  |TAMS 0x0000000705000000, 0x0000000704800000| Untracked 
|  10|0x0000000705000000, 0x0000000705800000, 0x0000000705800000|100%| O|  |TAMS 0x0000000705800000, 0x0000000705000000| Untracked 
|  11|0x0000000705800000, 0x0000000706000000, 0x0000000706000000|100%| O|  |TAMS 0x0000000706000000, 0x0000000705800000| Untracked 
|  12|0x0000000706000000, 0x0000000706800000, 0x0000000706800000|100%| O|  |TAMS 0x0000000706800000, 0x0000000706000000| Untracked 
|  13|0x0000000706800000, 0x0000000707000000, 0x0000000707000000|100%| O|  |TAMS 0x0000000707000000, 0x0000000706800000| Untracked 
|  14|0x0000000707000000, 0x0000000707800000, 0x0000000707800000|100%| O|  |TAMS 0x0000000707800000, 0x0000000707000000| Untracked 
|  15|0x0000000707800000, 0x0000000708000000, 0x0000000708000000|100%| O|  |TAMS 0x0000000708000000, 0x0000000707800000| Untracked 
|  16|0x0000000708000000, 0x0000000708800000, 0x0000000708800000|100%| O|  |TAMS 0x0000000708800000, 0x0000000708000000| Untracked 
|  17|0x0000000708800000, 0x0000000709000000, 0x0000000709000000|100%| O|  |TAMS 0x0000000709000000, 0x0000000708800000| Untracked 
|  18|0x0000000709000000, 0x0000000709800000, 0x0000000709800000|100%| O|  |TAMS 0x0000000709800000, 0x0000000709000000| Untracked 
|  19|0x0000000709800000, 0x000000070a000000, 0x000000070a000000|100%| O|  |TAMS 0x000000070a000000, 0x0000000709800000| Untracked 
|  20|0x000000070a000000, 0x000000070a800000, 0x000000070a800000|100%| O|  |TAMS 0x000000070a800000, 0x000000070a000000| Untracked 
|  21|0x000000070a800000, 0x000000070b000000, 0x000000070b000000|100%| O|  |TAMS 0x000000070b000000, 0x000000070a800000| Untracked 
|  22|0x000000070b000000, 0x000000070b800000, 0x000000070b800000|100%| O|  |TAMS 0x000000070b800000, 0x000000070b000000| Untracked 
|  23|0x000000070b800000, 0x000000070c000000, 0x000000070c000000|100%| O|  |TAMS 0x000000070c000000, 0x000000070b800000| Untracked 
|  24|0x000000070c000000, 0x000000070c800000, 0x000000070c800000|100%| O|  |TAMS 0x000000070c800000, 0x000000070c000000| Untracked 
|  25|0x000000070c800000, 0x000000070d000000, 0x000000070d000000|100%| O|  |TAMS 0x000000070d000000, 0x000000070c800000| Untracked 
|  26|0x000000070d000000, 0x000000070d800000, 0x000000070d800000|100%| O|  |TAMS 0x000000070d800000, 0x000000070d000000| Untracked 
|  27|0x000000070d800000, 0x000000070e000000, 0x000000070e000000|100%| O|  |TAMS 0x000000070e000000, 0x000000070d800000| Untracked 
|  28|0x000000070e000000, 0x000000070e800000, 0x000000070e800000|100%| O|  |TAMS 0x000000070e800000, 0x000000070e000000| Untracked 
|  29|0x000000070e800000, 0x000000070f000000, 0x000000070f000000|100%| O|  |TAMS 0x000000070f000000, 0x000000070e800000| Untracked 
|  30|0x000000070f000000, 0x000000070f800000, 0x000000070f800000|100%| O|  |TAMS 0x000000070f800000, 0x000000070f000000| Untracked 
|  31|0x000000070f800000, 0x0000000710000000, 0x0000000710000000|100%| O|  |TAMS 0x0000000710000000, 0x000000070f800000| Untracked 
|  32|0x0000000710000000, 0x0000000710800000, 0x0000000710800000|100%| O|  |TAMS 0x0000000710800000, 0x0000000710000000| Untracked 
|  33|0x0000000710800000, 0x0000000711000000, 0x0000000711000000|100%| O|  |TAMS 0x0000000711000000, 0x0000000710800000| Untracked 
|  34|0x0000000711000000, 0x0000000711800000, 0x0000000711800000|100%| O|  |TAMS 0x0000000711800000, 0x0000000711000000| Untracked 
|  35|0x0000000711800000, 0x0000000712000000, 0x0000000712000000|100%| O|  |TAMS 0x0000000712000000, 0x0000000711800000| Untracked 
|  36|0x0000000712000000, 0x0000000712800000, 0x0000000712800000|100%| O|  |TAMS 0x0000000712800000, 0x0000000712000000| Untracked 
|  37|0x0000000712800000, 0x0000000713000000, 0x0000000713000000|100%| O|  |TAMS 0x0000000713000000, 0x0000000712800000| Untracked 
|  38|0x0000000713000000, 0x0000000713800000, 0x0000000713800000|100%| O|  |TAMS 0x0000000713800000, 0x0000000713000000| Untracked 
|  39|0x0000000713800000, 0x0000000714000000, 0x0000000714000000|100%| O|  |TAMS 0x0000000714000000, 0x0000000713800000| Untracked 
|  40|0x0000000714000000, 0x0000000714800000, 0x0000000714800000|100%| O|  |TAMS 0x0000000714800000, 0x0000000714000000| Untracked 
|  41|0x0000000714800000, 0x0000000715000000, 0x0000000715000000|100%| O|  |TAMS 0x0000000715000000, 0x0000000714800000| Untracked 
|  42|0x0000000715000000, 0x0000000715800000, 0x0000000715800000|100%| O|  |TAMS 0x0000000715800000, 0x0000000715000000| Untracked 
|  43|0x0000000715800000, 0x0000000716000000, 0x0000000716000000|100%| O|  |TAMS 0x0000000716000000, 0x0000000715800000| Untracked 
|  44|0x0000000716000000, 0x0000000716800000, 0x0000000716800000|100%| O|  |TAMS 0x0000000716800000, 0x0000000716000000| Untracked 
|  45|0x0000000716800000, 0x0000000717000000, 0x0000000717000000|100%| O|  |TAMS 0x0000000717000000, 0x0000000716800000| Untracked 
|  46|0x0000000717000000, 0x0000000717800000, 0x0000000717800000|100%| O|  |TAMS 0x0000000717000000, 0x0000000717000000| Untracked 
|  47|0x0000000717800000, 0x0000000718000000, 0x0000000718000000|100%| O|  |TAMS 0x0000000717800000, 0x0000000717800000| Untracked 
|  48|0x0000000718000000, 0x0000000718800000, 0x0000000718800000|100%| O|  |TAMS 0x0000000718800000, 0x0000000718000000| Complete 
|  49|0x0000000718800000, 0x0000000719000000, 0x0000000719000000|100%| O|  |TAMS 0x0000000719000000, 0x0000000718800000| Complete 
|  50|0x0000000719000000, 0x0000000719800000, 0x0000000719800000|100%| O|  |TAMS 0x0000000719800000, 0x0000000719000000| Complete 
|  51|0x0000000719800000, 0x000000071a000000, 0x000000071a000000|100%| O|  |TAMS 0x000000071a000000, 0x0000000719800000| Untracked 
|  52|0x000000071a000000, 0x000000071a800000, 0x000000071a800000|100%| O|  |TAMS 0x000000071a800000, 0x000000071a000000| Untracked 
|  53|0x000000071a800000, 0x000000071b000000, 0x000000071b000000|100%| O|  |TAMS 0x000000071b000000, 0x000000071a800000| Untracked 
|  54|0x000000071b000000, 0x000000071b800000, 0x000000071b800000|100%| O|  |TAMS 0x000000071b800000, 0x000000071b000000| Complete 
|  55|0x000000071b800000, 0x000000071c000000, 0x000000071c000000|100%| O|  |TAMS 0x000000071c000000, 0x000000071b800000| Untracked 
|  56|0x000000071c000000, 0x000000071c800000, 0x000000071c800000|100%| O|  |TAMS 0x000000071c800000, 0x000000071c000000| Complete 
|  57|0x000000071c800000, 0x000000071d000000, 0x000000071d000000|100%| O|  |TAMS 0x000000071d000000, 0x000000071c800000| Complete 
|  58|0x000000071d000000, 0x000000071d800000, 0x000000071d800000|100%| O|  |TAMS 0x000000071d800000, 0x000000071d000000| Untracked 
|  59|0x000000071d800000, 0x000000071e000000, 0x000000071e000000|100%| O|  |TAMS 0x000000071e000000, 0x000000071d800000| Complete 
|  60|0x000000071e000000, 0x000000071e800000, 0x000000071e800000|100%| O|  |TAMS 0x000000071e800000, 0x000000071e000000| Complete 
|  61|0x000000071e800000, 0x000000071f000000, 0x000000071f000000|100%| O|  |TAMS 0x000000071f000000, 0x000000071e800000| Complete 
|  62|0x000000071f000000, 0x000000071f000000, 0x000000071f800000|  0%| F|  |TAMS 0x000000071f000000, 0x000000071f000000| Untracked 
|  63|0x000000071f800000, 0x0000000720000000, 0x0000000720000000|100%| O|  |TAMS 0x0000000720000000, 0x000000071f800000| Complete 
|  64|0x0000000720000000, 0x0000000720800000, 0x0000000720800000|100%| O|  |TAMS 0x0000000720800000, 0x0000000720000000| Untracked 
|  65|0x0000000720800000, 0x0000000721000000, 0x0000000721000000|100%| O|  |TAMS 0x0000000721000000, 0x0000000720800000| Complete 
|  66|0x0000000721000000, 0x0000000721800000, 0x0000000721800000|100%| O|  |TAMS 0x0000000721800000, 0x0000000721000000| Complete 
|  67|0x0000000721800000, 0x0000000722000000, 0x0000000722000000|100%| O|  |TAMS 0x0000000722000000, 0x0000000721800000| Complete 
|  68|0x0000000722000000, 0x0000000722000000, 0x0000000722800000|  0%| F|  |TAMS 0x0000000722000000, 0x0000000722000000| Untracked 
|  69|0x0000000722800000, 0x0000000722800000, 0x0000000723000000|  0%| F|  |TAMS 0x0000000722800000, 0x0000000722800000| Untracked 
|  70|0x0000000723000000, 0x0000000723800000, 0x0000000723800000|100%| O|  |TAMS 0x0000000723800000, 0x0000000723000000| Complete 
|  71|0x0000000723800000, 0x0000000724000000, 0x0000000724000000|100%| O|  |TAMS 0x0000000724000000, 0x0000000723800000| Untracked 
|  72|0x0000000724000000, 0x0000000724800000, 0x0000000724800000|100%| O|  |TAMS 0x0000000724800000, 0x0000000724000000| Untracked 
|  73|0x0000000724800000, 0x0000000725000000, 0x0000000725000000|100%| O|  |TAMS 0x0000000725000000, 0x0000000724800000| Untracked 
|  74|0x0000000725000000, 0x0000000725800000, 0x0000000725800000|100%| O|  |TAMS 0x0000000725800000, 0x0000000725000000| Complete 
|  75|0x0000000725800000, 0x0000000726000000, 0x0000000726000000|100%| O|  |TAMS 0x0000000726000000, 0x0000000725800000| Untracked 
|  76|0x0000000726000000, 0x0000000726800000, 0x0000000726800000|100%| O|  |TAMS 0x0000000726800000, 0x0000000726000000| Complete 
|  77|0x0000000726800000, 0x0000000727000000, 0x0000000727000000|100%| O|  |TAMS 0x0000000727000000, 0x0000000726800000| Untracked 
|  78|0x0000000727000000, 0x0000000727800000, 0x0000000727800000|100%| O|  |TAMS 0x0000000727800000, 0x0000000727000000| Complete 
|  79|0x0000000727800000, 0x0000000728000000, 0x0000000728000000|100%| O|  |TAMS 0x0000000728000000, 0x0000000727800000| Complete 
|  80|0x0000000728000000, 0x0000000728800000, 0x0000000728800000|100%| O|  |TAMS 0x0000000728800000, 0x0000000728000000| Complete 
|  81|0x0000000728800000, 0x0000000729000000, 0x0000000729000000|100%| O|  |TAMS 0x0000000728800000, 0x0000000728800000| Untracked 
|  82|0x0000000729000000, 0x0000000729800000, 0x0000000729800000|100%| O|  |TAMS 0x0000000729800000, 0x0000000729000000| Complete 
|  83|0x0000000729800000, 0x000000072a000000, 0x000000072a000000|100%| O|  |TAMS 0x000000072a000000, 0x0000000729800000| Complete 
|  84|0x000000072a000000, 0x000000072a800000, 0x000000072a800000|100%| O|  |TAMS 0x000000072a800000, 0x000000072a000000| Complete 
|  85|0x000000072a800000, 0x000000072b000000, 0x000000072b000000|100%| O|  |TAMS 0x000000072b000000, 0x000000072a800000| Complete 
|  86|0x000000072b000000, 0x000000072b000000, 0x000000072b800000|  0%| F|  |TAMS 0x000000072b000000, 0x000000072b000000| Untracked 
|  87|0x000000072b800000, 0x000000072b800000, 0x000000072c000000|  0%| F|  |TAMS 0x000000072b800000, 0x000000072b800000| Untracked 
|  88|0x000000072c000000, 0x000000072c800000, 0x000000072c800000|100%| O|  |TAMS 0x000000072c800000, 0x000000072c000000| Untracked 
|  89|0x000000072c800000, 0x000000072d000000, 0x000000072d000000|100%| O|  |TAMS 0x000000072d000000, 0x000000072c800000| Untracked 
|  90|0x000000072d000000, 0x000000072d800000, 0x000000072d800000|100%| O|  |TAMS 0x000000072d800000, 0x000000072d000000| Complete 
|  91|0x000000072d800000, 0x000000072e000000, 0x000000072e000000|100%| O|  |TAMS 0x000000072e000000, 0x000000072d800000| Complete 
|  92|0x000000072e000000, 0x000000072e800000, 0x000000072e800000|100%| O|  |TAMS 0x000000072e000000, 0x000000072e000000| Untracked 
|  93|0x000000072e800000, 0x000000072f000000, 0x000000072f000000|100%| O|  |TAMS 0x000000072f000000, 0x000000072e800000| Complete 
|  94|0x000000072f000000, 0x000000072f800000, 0x000000072f800000|100%| O|  |TAMS 0x000000072f800000, 0x000000072f000000| Complete 
|  95|0x000000072f800000, 0x0000000730000000, 0x0000000730000000|100%| O|  |TAMS 0x000000072f800000, 0x000000072f800000| Untracked 
|  96|0x0000000730000000, 0x0000000730800000, 0x0000000730800000|100%| O|  |TAMS 0x0000000730000000, 0x0000000730000000| Untracked 
|  97|0x0000000730800000, 0x0000000731000000, 0x0000000731000000|100%| O|  |TAMS 0x0000000731000000, 0x0000000730800000| Complete 
|  98|0x0000000731000000, 0x0000000731800000, 0x0000000731800000|100%| O|  |TAMS 0x0000000731800000, 0x0000000731000000| Untracked 
|  99|0x0000000731800000, 0x0000000732000000, 0x0000000732000000|100%| O|  |TAMS 0x0000000732000000, 0x0000000731800000| Untracked 
| 100|0x0000000732000000, 0x0000000732800000, 0x0000000732800000|100%| O|  |TAMS 0x0000000732800000, 0x0000000732000000| Complete 
| 101|0x0000000732800000, 0x0000000733000000, 0x0000000733000000|100%| O|  |TAMS 0x0000000733000000, 0x0000000732800000| Untracked 
| 102|0x0000000733000000, 0x0000000733800000, 0x0000000733800000|100%| O|  |TAMS 0x0000000733800000, 0x0000000733000000| Complete 
| 103|0x0000000733800000, 0x0000000734000000, 0x0000000734000000|100%| O|  |TAMS 0x0000000734000000, 0x0000000733800000| Untracked 
| 104|0x0000000734000000, 0x0000000734800000, 0x0000000734800000|100%| O|  |TAMS 0x0000000734800000, 0x0000000734000000| Untracked 
| 105|0x0000000734800000, 0x0000000735000000, 0x0000000735000000|100%| O|  |TAMS 0x0000000735000000, 0x0000000734800000| Untracked 
| 106|0x0000000735000000, 0x0000000735800000, 0x0000000735800000|100%| O|  |TAMS 0x0000000735800000, 0x0000000735000000| Untracked 
| 107|0x0000000735800000, 0x0000000736000000, 0x0000000736000000|100%| O|  |TAMS 0x0000000736000000, 0x0000000735800000| Untracked 
| 108|0x0000000736000000, 0x0000000736800000, 0x0000000736800000|100%| O|  |TAMS 0x0000000736800000, 0x0000000736000000| Untracked 
| 109|0x0000000736800000, 0x0000000737000000, 0x0000000737000000|100%| O|  |TAMS 0x0000000737000000, 0x0000000736800000| Untracked 
| 110|0x0000000737000000, 0x0000000737800000, 0x0000000737800000|100%| O|  |TAMS 0x0000000737800000, 0x0000000737000000| Untracked 
| 111|0x0000000737800000, 0x0000000738000000, 0x0000000738000000|100%| O|  |TAMS 0x0000000738000000, 0x0000000737800000| Untracked 
| 112|0x0000000738000000, 0x0000000738800000, 0x0000000738800000|100%| O|  |TAMS 0x0000000738800000, 0x0000000738000000| Untracked 
| 113|0x0000000738800000, 0x0000000739000000, 0x0000000739000000|100%| O|  |TAMS 0x0000000739000000, 0x0000000738800000| Untracked 
| 114|0x0000000739000000, 0x0000000739800000, 0x0000000739800000|100%| O|  |TAMS 0x0000000739800000, 0x0000000739000000| Untracked 
| 115|0x0000000739800000, 0x000000073a000000, 0x000000073a000000|100%| O|  |TAMS 0x000000073a000000, 0x0000000739800000| Untracked 
| 116|0x000000073a000000, 0x000000073a800000, 0x000000073a800000|100%| O|  |TAMS 0x000000073a800000, 0x000000073a000000| Untracked 
| 117|0x000000073a800000, 0x000000073b000000, 0x000000073b000000|100%| O|  |TAMS 0x000000073b000000, 0x000000073a800000| Untracked 
| 118|0x000000073b000000, 0x000000073b800000, 0x000000073b800000|100%| O|  |TAMS 0x000000073b800000, 0x000000073b000000| Untracked 
| 119|0x000000073b800000, 0x000000073c000000, 0x000000073c000000|100%| O|  |TAMS 0x000000073c000000, 0x000000073b800000| Untracked 
| 120|0x000000073c000000, 0x000000073c800000, 0x000000073c800000|100%| O|  |TAMS 0x000000073c800000, 0x000000073c000000| Untracked 
| 121|0x000000073c800000, 0x000000073d000000, 0x000000073d000000|100%| O|  |TAMS 0x000000073d000000, 0x000000073c800000| Untracked 
| 122|0x000000073d000000, 0x000000073d800000, 0x000000073d800000|100%| O|  |TAMS 0x000000073d800000, 0x000000073d000000| Untracked 
| 123|0x000000073d800000, 0x000000073e000000, 0x000000073e000000|100%| O|  |TAMS 0x000000073d800000, 0x000000073d800000| Untracked 
| 124|0x000000073e000000, 0x000000073e800000, 0x000000073e800000|100%| O|  |TAMS 0x000000073e000000, 0x000000073e000000| Untracked 
| 125|0x000000073e800000, 0x000000073f000000, 0x000000073f000000|100%| O|  |TAMS 0x000000073f000000, 0x000000073e800000| Untracked 
| 126|0x000000073f000000, 0x000000073f800000, 0x000000073f800000|100%| O|  |TAMS 0x000000073f800000, 0x000000073f000000| Untracked 
| 127|0x000000073f800000, 0x0000000740000000, 0x0000000740000000|100%| O|  |TAMS 0x0000000740000000, 0x000000073f800000| Untracked 
| 128|0x0000000740000000, 0x0000000740800000, 0x0000000740800000|100%| O|  |TAMS 0x0000000740800000, 0x0000000740000000| Untracked 
| 129|0x0000000740800000, 0x0000000741000000, 0x0000000741000000|100%| O|  |TAMS 0x0000000741000000, 0x0000000740800000| Untracked 
| 130|0x0000000741000000, 0x0000000741800000, 0x0000000741800000|100%| O|  |TAMS 0x0000000741800000, 0x0000000741000000| Untracked 
| 131|0x0000000741800000, 0x0000000742000000, 0x0000000742000000|100%| O|  |TAMS 0x0000000742000000, 0x0000000741800000| Untracked 
| 132|0x0000000742000000, 0x0000000742800000, 0x0000000742800000|100%| O|  |TAMS 0x0000000742800000, 0x0000000742000000| Untracked 
| 133|0x0000000742800000, 0x0000000743000000, 0x0000000743000000|100%| O|  |TAMS 0x0000000743000000, 0x0000000742800000| Untracked 
| 134|0x0000000743000000, 0x0000000743800000, 0x0000000743800000|100%| O|  |TAMS 0x0000000743800000, 0x0000000743000000| Untracked 
| 135|0x0000000743800000, 0x0000000744000000, 0x0000000744000000|100%| O|  |TAMS 0x0000000744000000, 0x0000000743800000| Complete 
| 136|0x0000000744000000, 0x0000000744800000, 0x0000000744800000|100%| O|  |TAMS 0x0000000744400000, 0x0000000744000000| Untracked 
| 137|0x0000000744800000, 0x0000000745000000, 0x0000000745000000|100%| O|  |TAMS 0x0000000744800000, 0x0000000744800000| Untracked 
| 138|0x0000000745000000, 0x0000000745800000, 0x0000000745800000|100%| O|  |TAMS 0x0000000745000000, 0x0000000745000000| Untracked 
| 139|0x0000000745800000, 0x0000000746000000, 0x0000000746000000|100%| O|  |TAMS 0x0000000745800000, 0x0000000745800000| Untracked 
| 140|0x0000000746000000, 0x0000000746690a00, 0x0000000746800000| 82%| O|  |TAMS 0x0000000746000000, 0x0000000746000000| Untracked 
| 141|0x0000000746800000, 0x0000000746800000, 0x0000000747000000|  0%| F|  |TAMS 0x0000000746800000, 0x0000000746800000| Untracked 
| 142|0x0000000747000000, 0x0000000747000000, 0x0000000747800000|  0%| F|  |TAMS 0x0000000747000000, 0x0000000747000000| Untracked 
| 143|0x0000000747800000, 0x0000000747800000, 0x0000000748000000|  0%| F|  |TAMS 0x0000000747800000, 0x0000000747800000| Untracked 
| 144|0x0000000748000000, 0x0000000748000000, 0x0000000748800000|  0%| F|  |TAMS 0x0000000748000000, 0x0000000748000000| Untracked 
| 145|0x0000000748800000, 0x0000000748800000, 0x0000000749000000|  0%| F|  |TAMS 0x0000000748800000, 0x0000000748800000| Untracked 
| 146|0x0000000749000000, 0x0000000749000000, 0x0000000749800000|  0%| F|  |TAMS 0x0000000749000000, 0x0000000749000000| Untracked 
| 147|0x0000000749800000, 0x0000000749800000, 0x000000074a000000|  0%| F|  |TAMS 0x0000000749800000, 0x0000000749800000| Untracked 
| 148|0x000000074a000000, 0x000000074a000000, 0x000000074a800000|  0%| F|  |TAMS 0x000000074a000000, 0x000000074a000000| Untracked 
| 149|0x000000074a800000, 0x000000074a800000, 0x000000074b000000|  0%| F|  |TAMS 0x000000074a800000, 0x000000074a800000| Untracked 
| 150|0x000000074b000000, 0x000000074b000000, 0x000000074b800000|  0%| F|  |TAMS 0x000000074b000000, 0x000000074b000000| Untracked 
| 151|0x000000074b800000, 0x000000074b800000, 0x000000074c000000|  0%| F|  |TAMS 0x000000074b800000, 0x000000074b800000| Untracked 
| 152|0x000000074c000000, 0x000000074c000000, 0x000000074c800000|  0%| F|  |TAMS 0x000000074c000000, 0x000000074c000000| Untracked 
| 153|0x000000074c800000, 0x000000074c800000, 0x000000074d000000|  0%| F|  |TAMS 0x000000074c800000, 0x000000074c800000| Untracked 
| 154|0x000000074d000000, 0x000000074d000000, 0x000000074d800000|  0%| F|  |TAMS 0x000000074d000000, 0x000000074d000000| Untracked 
| 155|0x000000074d800000, 0x000000074d800000, 0x000000074e000000|  0%| F|  |TAMS 0x000000074d800000, 0x000000074d800000| Untracked 
| 156|0x000000074e000000, 0x000000074e000000, 0x000000074e800000|  0%| F|  |TAMS 0x000000074e000000, 0x000000074e000000| Untracked 
| 157|0x000000074e800000, 0x000000074e800000, 0x000000074f000000|  0%| F|  |TAMS 0x000000074e800000, 0x000000074e800000| Untracked 
| 158|0x000000074f000000, 0x000000074f000000, 0x000000074f800000|  0%| F|  |TAMS 0x000000074f000000, 0x000000074f000000| Untracked 
| 159|0x000000074f800000, 0x000000074f800000, 0x0000000750000000|  0%| F|  |TAMS 0x000000074f800000, 0x000000074f800000| Untracked 
| 160|0x0000000750000000, 0x0000000750000000, 0x0000000750800000|  0%| F|  |TAMS 0x0000000750000000, 0x0000000750000000| Untracked 
| 161|0x0000000750800000, 0x0000000750800000, 0x0000000751000000|  0%| F|  |TAMS 0x0000000750800000, 0x0000000750800000| Untracked 
| 162|0x0000000751000000, 0x0000000751000000, 0x0000000751800000|  0%| F|  |TAMS 0x0000000751000000, 0x0000000751000000| Untracked 
| 163|0x0000000751800000, 0x0000000751800000, 0x0000000752000000|  0%| F|  |TAMS 0x0000000751800000, 0x0000000751800000| Untracked 
| 164|0x0000000752000000, 0x0000000752000000, 0x0000000752800000|  0%| F|  |TAMS 0x0000000752000000, 0x0000000752000000| Untracked 
| 165|0x0000000752800000, 0x0000000752800000, 0x0000000753000000|  0%| F|  |TAMS 0x0000000752800000, 0x0000000752800000| Untracked 
| 166|0x0000000753000000, 0x0000000753000000, 0x0000000753800000|  0%| F|  |TAMS 0x0000000753000000, 0x0000000753000000| Untracked 
| 167|0x0000000753800000, 0x0000000754000000, 0x0000000754000000|100%| S|CS|TAMS 0x0000000753800000, 0x0000000753800000| Complete 
| 168|0x0000000754000000, 0x0000000754800000, 0x0000000754800000|100%| S|CS|TAMS 0x0000000754000000, 0x0000000754000000| Complete 
| 169|0x0000000754800000, 0x0000000755000000, 0x0000000755000000|100%| S|CS|TAMS 0x0000000754800000, 0x0000000754800000| Complete 
| 170|0x0000000755000000, 0x0000000755000000, 0x0000000755800000|  0%| F|  |TAMS 0x0000000755000000, 0x0000000755000000| Untracked 
| 171|0x0000000755800000, 0x0000000755800000, 0x0000000756000000|  0%| F|  |TAMS 0x0000000755800000, 0x0000000755800000| Untracked 
| 172|0x0000000756000000, 0x0000000756000000, 0x0000000756800000|  0%| F|  |TAMS 0x0000000756000000, 0x0000000756000000| Untracked 
| 173|0x0000000756800000, 0x0000000756800000, 0x0000000757000000|  0%| F|  |TAMS 0x0000000756800000, 0x0000000756800000| Untracked 
| 174|0x0000000757000000, 0x0000000757000000, 0x0000000757800000|  0%| F|  |TAMS 0x0000000757000000, 0x0000000757000000| Untracked 
| 175|0x0000000757800000, 0x0000000757800000, 0x0000000758000000|  0%| F|  |TAMS 0x0000000757800000, 0x0000000757800000| Untracked 
| 176|0x0000000758000000, 0x0000000758000000, 0x0000000758800000|  0%| F|  |TAMS 0x0000000758000000, 0x0000000758000000| Untracked 
| 177|0x0000000758800000, 0x0000000758800000, 0x0000000759000000|  0%| F|  |TAMS 0x0000000758800000, 0x0000000758800000| Untracked 
| 178|0x0000000759000000, 0x0000000759000000, 0x0000000759800000|  0%| F|  |TAMS 0x0000000759000000, 0x0000000759000000| Untracked 
| 179|0x0000000759800000, 0x0000000759800000, 0x000000075a000000|  0%| F|  |TAMS 0x0000000759800000, 0x0000000759800000| Untracked 
| 180|0x000000075a000000, 0x000000075a000000, 0x000000075a800000|  0%| F|  |TAMS 0x000000075a000000, 0x000000075a000000| Untracked 
| 181|0x000000075a800000, 0x000000075a800000, 0x000000075b000000|  0%| F|  |TAMS 0x000000075a800000, 0x000000075a800000| Untracked 
| 182|0x000000075b000000, 0x000000075b000000, 0x000000075b800000|  0%| F|  |TAMS 0x000000075b000000, 0x000000075b000000| Untracked 
| 183|0x000000075b800000, 0x000000075b800000, 0x000000075c000000|  0%| F|  |TAMS 0x000000075b800000, 0x000000075b800000| Untracked 
| 184|0x000000075c000000, 0x000000075c000000, 0x000000075c800000|  0%| F|  |TAMS 0x000000075c000000, 0x000000075c000000| Untracked 
| 185|0x000000075c800000, 0x000000075cc3a718, 0x000000075d000000| 52%| E|  |TAMS 0x000000075c800000, 0x000000075c800000| Complete 
| 186|0x000000075d000000, 0x000000075d800000, 0x000000075d800000|100%| E|CS|TAMS 0x000000075d000000, 0x000000075d000000| Complete 
| 187|0x000000075d800000, 0x000000075e000000, 0x000000075e000000|100%| E|CS|TAMS 0x000000075d800000, 0x000000075d800000| Complete 
| 188|0x000000075e000000, 0x000000075e800000, 0x000000075e800000|100%| E|CS|TAMS 0x000000075e000000, 0x000000075e000000| Complete 
| 189|0x000000075e800000, 0x000000075f000000, 0x000000075f000000|100%| E|CS|TAMS 0x000000075e800000, 0x000000075e800000| Complete 
| 190|0x000000075f000000, 0x000000075f800000, 0x000000075f800000|100%| E|CS|TAMS 0x000000075f000000, 0x000000075f000000| Complete 
| 191|0x000000075f800000, 0x0000000760000000, 0x0000000760000000|100%| E|CS|TAMS 0x000000075f800000, 0x000000075f800000| Complete 
| 192|0x0000000760000000, 0x0000000760800000, 0x0000000760800000|100%| E|CS|TAMS 0x0000000760000000, 0x0000000760000000| Complete 
| 193|0x0000000760800000, 0x0000000761000000, 0x0000000761000000|100%| E|CS|TAMS 0x0000000760800000, 0x0000000760800000| Complete 
| 194|0x0000000761000000, 0x0000000761800000, 0x0000000761800000|100%| E|CS|TAMS 0x0000000761000000, 0x0000000761000000| Complete 
| 195|0x0000000761800000, 0x0000000762000000, 0x0000000762000000|100%| E|CS|TAMS 0x0000000761800000, 0x0000000761800000| Complete 
| 196|0x0000000762000000, 0x0000000762800000, 0x0000000762800000|100%| E|CS|TAMS 0x0000000762000000, 0x0000000762000000| Complete 
| 197|0x0000000762800000, 0x0000000763000000, 0x0000000763000000|100%| E|CS|TAMS 0x0000000762800000, 0x0000000762800000| Complete 
| 198|0x0000000763000000, 0x0000000763800000, 0x0000000763800000|100%| E|CS|TAMS 0x0000000763000000, 0x0000000763000000| Complete 
| 199|0x0000000763800000, 0x0000000764000000, 0x0000000764000000|100%| E|CS|TAMS 0x0000000763800000, 0x0000000763800000| Complete 
| 200|0x0000000764000000, 0x0000000764800000, 0x0000000764800000|100%| E|CS|TAMS 0x0000000764000000, 0x0000000764000000| Complete 
| 201|0x0000000764800000, 0x0000000765000000, 0x0000000765000000|100%| E|CS|TAMS 0x0000000764800000, 0x0000000764800000| Complete 
| 202|0x0000000765000000, 0x0000000765800000, 0x0000000765800000|100%| E|CS|TAMS 0x0000000765000000, 0x0000000765000000| Complete 
| 203|0x0000000765800000, 0x0000000766000000, 0x0000000766000000|100%| E|CS|TAMS 0x0000000765800000, 0x0000000765800000| Complete 
| 204|0x0000000766000000, 0x0000000766800000, 0x0000000766800000|100%| E|CS|TAMS 0x0000000766000000, 0x0000000766000000| Complete 
| 205|0x0000000766800000, 0x0000000767000000, 0x0000000767000000|100%| E|CS|TAMS 0x0000000766800000, 0x0000000766800000| Complete 
| 206|0x0000000767000000, 0x0000000767800000, 0x0000000767800000|100%| E|CS|TAMS 0x0000000767000000, 0x0000000767000000| Complete 
| 207|0x0000000767800000, 0x0000000768000000, 0x0000000768000000|100%| E|CS|TAMS 0x0000000767800000, 0x0000000767800000| Complete 
| 208|0x0000000768000000, 0x0000000768800000, 0x0000000768800000|100%| E|CS|TAMS 0x0000000768000000, 0x0000000768000000| Complete 
| 209|0x0000000768800000, 0x0000000769000000, 0x0000000769000000|100%| E|CS|TAMS 0x0000000768800000, 0x0000000768800000| Complete 
| 210|0x0000000769000000, 0x0000000769800000, 0x0000000769800000|100%| E|CS|TAMS 0x0000000769000000, 0x0000000769000000| Complete 
| 211|0x0000000769800000, 0x000000076a000000, 0x000000076a000000|100%| E|CS|TAMS 0x0000000769800000, 0x0000000769800000| Complete 
| 212|0x000000076a000000, 0x000000076a800000, 0x000000076a800000|100%| E|CS|TAMS 0x000000076a000000, 0x000000076a000000| Complete 
| 213|0x000000076a800000, 0x000000076b000000, 0x000000076b000000|100%| E|CS|TAMS 0x000000076a800000, 0x000000076a800000| Complete 
| 214|0x000000076b000000, 0x000000076b800000, 0x000000076b800000|100%| E|CS|TAMS 0x000000076b000000, 0x000000076b000000| Complete 
| 215|0x000000076b800000, 0x000000076c000000, 0x000000076c000000|100%| E|CS|TAMS 0x000000076b800000, 0x000000076b800000| Complete 
| 216|0x000000076c000000, 0x000000076c800000, 0x000000076c800000|100%| E|CS|TAMS 0x000000076c000000, 0x000000076c000000| Complete 
| 217|0x000000076c800000, 0x000000076d000000, 0x000000076d000000|100%| E|CS|TAMS 0x000000076c800000, 0x000000076c800000| Complete 
| 218|0x000000076d000000, 0x000000076d800000, 0x000000076d800000|100%| E|CS|TAMS 0x000000076d000000, 0x000000076d000000| Complete 
| 219|0x000000076d800000, 0x000000076e000000, 0x000000076e000000|100%| E|CS|TAMS 0x000000076d800000, 0x000000076d800000| Complete 
| 220|0x000000076e000000, 0x000000076e800000, 0x000000076e800000|100%| E|CS|TAMS 0x000000076e000000, 0x000000076e000000| Complete 
| 221|0x000000076e800000, 0x000000076f000000, 0x000000076f000000|100%| E|CS|TAMS 0x000000076e800000, 0x000000076e800000| Complete 
| 222|0x000000076f000000, 0x000000076f800000, 0x000000076f800000|100%| E|CS|TAMS 0x000000076f000000, 0x000000076f000000| Complete 
| 223|0x000000076f800000, 0x0000000770000000, 0x0000000770000000|100%| E|CS|TAMS 0x000000076f800000, 0x000000076f800000| Complete 
| 224|0x0000000770000000, 0x0000000770800000, 0x0000000770800000|100%| E|CS|TAMS 0x0000000770000000, 0x0000000770000000| Complete 
| 225|0x0000000770800000, 0x0000000771000000, 0x0000000771000000|100%| E|CS|TAMS 0x0000000770800000, 0x0000000770800000| Complete 
| 226|0x0000000771000000, 0x0000000771800000, 0x0000000771800000|100%| E|CS|TAMS 0x0000000771000000, 0x0000000771000000| Complete 
| 227|0x0000000771800000, 0x0000000772000000, 0x0000000772000000|100%| E|CS|TAMS 0x0000000771800000, 0x0000000771800000| Complete 
| 228|0x0000000772000000, 0x0000000772800000, 0x0000000772800000|100%| E|CS|TAMS 0x0000000772000000, 0x0000000772000000| Complete 
| 229|0x0000000772800000, 0x0000000773000000, 0x0000000773000000|100%| E|CS|TAMS 0x0000000772800000, 0x0000000772800000| Complete 
| 230|0x0000000773000000, 0x0000000773800000, 0x0000000773800000|100%| E|CS|TAMS 0x0000000773000000, 0x0000000773000000| Complete 
| 231|0x0000000773800000, 0x0000000774000000, 0x0000000774000000|100%| E|CS|TAMS 0x0000000773800000, 0x0000000773800000| Complete 
| 232|0x0000000774000000, 0x0000000774800000, 0x0000000774800000|100%| E|CS|TAMS 0x0000000774000000, 0x0000000774000000| Complete 
| 233|0x0000000774800000, 0x0000000775000000, 0x0000000775000000|100%| E|CS|TAMS 0x0000000774800000, 0x0000000774800000| Complete 
| 234|0x0000000775000000, 0x0000000775800000, 0x0000000775800000|100%| E|CS|TAMS 0x0000000775000000, 0x0000000775000000| Complete 
| 235|0x0000000775800000, 0x0000000776000000, 0x0000000776000000|100%| E|CS|TAMS 0x0000000775800000, 0x0000000775800000| Complete 
| 236|0x0000000776000000, 0x0000000776800000, 0x0000000776800000|100%| E|CS|TAMS 0x0000000776000000, 0x0000000776000000| Complete 
| 237|0x0000000776800000, 0x0000000777000000, 0x0000000777000000|100%| E|CS|TAMS 0x0000000776800000, 0x0000000776800000| Complete 
| 238|0x0000000777000000, 0x0000000777800000, 0x0000000777800000|100%| E|CS|TAMS 0x0000000777000000, 0x0000000777000000| Complete 
| 239|0x0000000777800000, 0x0000000778000000, 0x0000000778000000|100%| E|CS|TAMS 0x0000000777800000, 0x0000000777800000| Complete 
| 240|0x0000000778000000, 0x0000000778800000, 0x0000000778800000|100%| E|CS|TAMS 0x0000000778000000, 0x0000000778000000| Complete 
| 241|0x0000000778800000, 0x0000000779000000, 0x0000000779000000|100%| E|CS|TAMS 0x0000000778800000, 0x0000000778800000| Complete 
| 242|0x0000000779000000, 0x0000000779800000, 0x0000000779800000|100%| E|CS|TAMS 0x0000000779000000, 0x0000000779000000| Complete 
| 511|0x00000007ff800000, 0x0000000800000000, 0x0000000800000000|100%| O|  |TAMS 0x0000000800000000, 0x00000007ff800000| Complete 

Card table byte_map: [0x000001abfee30000,0x000001abff630000] _byte_map_base: 0x000001abfb630000

Marking Bits (Prev, Next): (CMBitMap*) 0x000001abf6e034e0, (CMBitMap*) 0x000001abf6e03520
 Prev Bits: [0x000001ab8f000000, 0x000001ab93000000)
 Next Bits: [0x000001ab93000000, 0x000001ab97000000)

Polling page: 0x000001abf4d10000

Metaspace:

Usage:
  Non-class:    141.80 MB used.
      Class:     23.58 MB used.
       Both:    165.37 MB used.

Virtual space:
  Non-class space:      144.00 MB reserved,     142.88 MB (>99%) committed,  18 nodes.
      Class space:        1.00 GB reserved,      24.50 MB (  2%) committed,  1 nodes.
             Both:        1.14 GB reserved,     167.38 MB ( 14%) committed. 

Chunk freelists:
   Non-Class:  551.00 KB
       Class:  3.56 MB
        Both:  4.10 MB

MaxMetaspaceSize: unlimited
CompressedClassSpaceSize: 1.00 GB
Initial GC threshold: 21.00 MB
Current GC threshold: 247.31 MB
CDS: on
MetaspaceReclaimPolicy: balanced
 - commit_granule_bytes: 65536.
 - commit_granule_words: 8192.
 - virtual_space_node_default_size: 1048576.
 - enlarge_chunks_in_place: 1.
 - new_chunks_are_fully_committed: 0.
 - uncommit_free_chunks: 1.
 - use_allocation_guard: 0.
 - handle_deallocations: 1.


Internal statistics:

num_allocs_failed_limit: 18.
num_arena_births: 2226.
num_arena_deaths: 0.
num_vsnodes_births: 19.
num_vsnodes_deaths: 0.
num_space_committed: 2674.
num_space_uncommitted: 0.
num_chunks_returned_to_freelist: 18.
num_chunks_taken_from_freelist: 9076.
num_chunk_merges: 18.
num_chunk_splits: 6014.
num_chunks_enlarged: 4099.
num_purges: 0.
num_inconsistent_stats: 0.

CodeHeap 'non-profiled nmethods': size=120000Kb used=17986Kb max_used=17991Kb free=102013Kb
 bounds [0x000001ab87ad0000, 0x000001ab88c70000, 0x000001ab8f000000]
CodeHeap 'profiled nmethods': size=120000Kb used=37806Kb max_used=37806Kb free=82193Kb
 bounds [0x000001ab805a0000, 0x000001ab82a90000, 0x000001ab87ad0000]
CodeHeap 'non-nmethods': size=5760Kb used=1995Kb max_used=2057Kb free=3765Kb
 bounds [0x000001ab80000000, 0x000001ab80270000, 0x000001ab805a0000]
 total_blobs=22213 nmethods=20713 adapters=1410
 compilation: enabled
              stopped_count=0, restarted_count=0
 full_count=0

Compilation events (20 events):
Event: 194.380 Thread 0x000001ab993e7a40 nmethod 28736 0x000001ab888d3190 code [0x000001ab888d3360, 0x000001ab888d3828]
Event: 194.380 Thread 0x000001ab993e7a40 28737       4       java.util.IdentityHashMap::entrySet (25 bytes)
Event: 194.382 Thread 0x000001ab993e7a40 nmethod 28737 0x000001ab888d2d90 code [0x000001ab888d2f20, 0x000001ab888d30d8]
Event: 194.572 Thread 0x000001ab993f0350 28738       1       me.lucko.luckperms.lib.caffeine.cache.DisabledBuffer::offer (2 bytes)
Event: 194.572 Thread 0x000001ab993f0350 nmethod 28738 0x000001ab888d2a90 code [0x000001ab888d2c20, 0x000001ab888d2cf8]
Event: 194.644 Thread 0x000001ab993f0350 28739       3       com.google.common.collect.AbstractMultimap::putAll (60 bytes)
Event: 194.644 Thread 0x000001ab993f0350 nmethod 28739 0x000001ab82a85910 code [0x000001ab82a85b40, 0x000001ab82a863a8]
Event: 194.644 Thread 0x000001ab993f0350 28741       3       me.lucko.luckperms.common.query.QueryOptionsBuilderImpl::context (40 bytes)
Event: 194.644 Thread 0x000001ab993f0350 nmethod 28741 0x000001ab82a86610 code [0x000001ab82a86800, 0x000001ab82a86dc8]
Event: 194.644 Thread 0x000001ab993f0350 28740   !   3       me.lucko.luckperms.common.context.MutableContextSetImpl::toArray (111 bytes)
Event: 194.645 Thread 0x000001ab993f0350 nmethod 28740 0x000001ab82a86f90 code [0x000001ab82a87200, 0x000001ab82a881c8]
Event: 194.844 Thread 0x000001ab993f0350 28742       3       me.neznamy.tab.api.protocol.PacketPlayOutScoreboardTeam::<init> (36 bytes)
Event: 194.844 Thread 0x000001ab993f0350 nmethod 28742 0x000001ab82a88810 code [0x000001ab82a88a40, 0x000001ab82a89138]
Event: 194.878 Thread 0x000001ab993e7a40 28743       4       java.util.concurrent.ConcurrentLinkedQueue$Itr::hasNext (13 bytes)
Event: 194.878 Thread 0x000001ab993f0350 28744       3       net.minecraft.network.protocol.game.PacketPlayOutScoreboardTeam::a (72 bytes)
Event: 194.878 Thread 0x000001ab993e7a40 nmethod 28743 0x000001ab888d2790 code [0x000001ab888d2900, 0x000001ab888d2998]
Event: 194.879 Thread 0x000001ab993f0350 nmethod 28744 0x000001ab82a89410 code [0x000001ab82a896c0, 0x000001ab82a8a638]
Event: 194.944 Thread 0x000001ab993f0350 28745       3       me.neznamy.tab.api.chat.EnumChatFormat::lastColorsOf (91 bytes)
Event: 194.944 Thread 0x000001ab993f0350 nmethod 28745 0x000001ab82a8ab10 code [0x000001ab82a8ad60, 0x000001ab82a8b538]
Event: 194.978 Thread 0x000001ab993e7a40 28746   !   4       net.minecraft.world.entity.Entity::a (1741 bytes)

GC Heap History (20 events):
Event: 52.958 GC heap before
{Heap before GC invocations=25 (full 0):
 garbage-first heap   total 1048576K, used 672601K [0x0000000700000000, 0x0000000800000000)
  region size 8192K, 51 young (417792K), 2 survivors (16384K)
 Metaspace       used 122811K, committed 124224K, reserved 1155072K
  class space    used 18051K, committed 18688K, reserved 1048576K
}
Event: 53.007 GC heap after
{Heap after GC invocations=26 (full 0):
 garbage-first heap   total 1048576K, used 305993K [0x0000000700000000, 0x0000000800000000)
  region size 8192K, 2 young (16384K), 2 survivors (16384K)
 Metaspace       used 122811K, committed 124224K, reserved 1155072K
  class space    used 18051K, committed 18688K, reserved 1048576K
}
Event: 54.863 GC heap before
{Heap before GC invocations=27 (full 0):
 garbage-first heap   total 1048576K, used 707401K [0x0000000700000000, 0x0000000800000000)
  region size 8192K, 51 young (417792K), 2 survivors (16384K)
 Metaspace       used 128102K, committed 129664K, reserved 1163264K
  class space    used 18755K, committed 19456K, reserved 1048576K
}
Event: 54.958 GC heap after
{Heap after GC invocations=28 (full 0):
 garbage-first heap   total 1048576K, used 434176K [0x0000000700000000, 0x0000000800000000)
  region size 8192K, 2 young (16384K), 2 survivors (16384K)
 Metaspace       used 128102K, committed 129664K, reserved 1163264K
  class space    used 18755K, committed 19456K, reserved 1048576K
}
Event: 56.477 GC heap before
{Heap before GC invocations=28 (full 0):
 garbage-first heap   total 1048576K, used 729088K [0x0000000700000000, 0x0000000800000000)
  region size 8192K, 38 young (311296K), 2 survivors (16384K)
 Metaspace       used 132558K, committed 134080K, reserved 1171456K
  class space    used 19371K, committed 20032K, reserved 1048576K
}
Event: 56.533 GC heap after
{Heap after GC invocations=29 (full 0):
 garbage-first heap   total 1048576K, used 528384K [0x0000000700000000, 0x0000000800000000)
  region size 8192K, 2 young (16384K), 2 survivors (16384K)
 Metaspace       used 132558K, committed 134080K, reserved 1171456K
  class space    used 19371K, committed 20032K, reserved 1048576K
}
Event: 57.686 GC heap before
{Heap before GC invocations=29 (full 0):
 garbage-first heap   total 1048576K, used 823296K [0x0000000700000000, 0x0000000800000000)
  region size 8192K, 38 young (311296K), 2 survivors (16384K)
 Metaspace       used 133690K, committed 135296K, reserved 1171456K
  class space    used 19472K, committed 20160K, reserved 1048576K
}
Event: 57.741 GC heap after
{Heap after GC invocations=30 (full 0):
 garbage-first heap   total 1048576K, used 626688K [0x0000000700000000, 0x0000000800000000)
  region size 8192K, 2 young (16384K), 2 survivors (16384K)
 Metaspace       used 133690K, committed 135296K, reserved 1171456K
  class space    used 19472K, committed 20160K, reserved 1048576K
}
Event: 58.690 GC heap before
{Heap before GC invocations=30 (full 0):
 garbage-first heap   total 1466368K, used 913408K [0x0000000700000000, 0x0000000800000000)
  region size 8192K, 38 young (311296K), 2 survivors (16384K)
 Metaspace       used 133713K, committed 135296K, reserved 1171456K
  class space    used 19472K, committed 20160K, reserved 1048576K
}
Event: 58.772 GC heap after
{Heap after GC invocations=31 (full 0):
 garbage-first heap   total 1466368K, used 806912K [0x0000000700000000, 0x0000000800000000)
  region size 8192K, 2 young (16384K), 2 survivors (16384K)
 Metaspace       used 133713K, committed 135296K, reserved 1171456K
  class space    used 19472K, committed 20160K, reserved 1048576K
}
Event: 60.334 GC heap before
{Heap before GC invocations=32 (full 0):
 garbage-first heap   total 1466368K, used 1216512K [0x0000000700000000, 0x0000000800000000)
  region size 8192K, 53 young (434176K), 2 survivors (16384K)
 Metaspace       used 137814K, committed 139456K, reserved 1171456K
  class space    used 20014K, committed 20736K, reserved 1048576K
}
Event: 60.457 GC heap after
{Heap after GC invocations=33 (full 0):
 garbage-first heap   total 1474560K, used 1040384K [0x0000000700000000, 0x0000000800000000)
  region size 8192K, 2 young (16384K), 2 survivors (16384K)
 Metaspace       used 137814K, committed 139456K, reserved 1171456K
  class space    used 20014K, committed 20736K, reserved 1048576K
}
Event: 61.967 GC heap before
{Heap before GC invocations=33 (full 0):
 garbage-first heap   total 1474560K, used 1286144K [0x0000000700000000, 0x0000000800000000)
  region size 8192K, 33 young (270336K), 2 survivors (16384K)
 Metaspace       used 142016K, committed 143744K, reserved 1179648K
  class space    used 20588K, committed 21376K, reserved 1048576K
}
Event: 62.036 GC heap after
{Heap after GC invocations=34 (full 0):
 garbage-first heap   total 1474560K, used 1110016K [0x0000000700000000, 0x0000000800000000)
  region size 8192K, 2 young (16384K), 2 survivors (16384K)
 Metaspace       used 142016K, committed 143744K, reserved 1179648K
  class space    used 20588K, committed 21376K, reserved 1048576K
}
Event: 63.456 GC heap before
{Heap before GC invocations=34 (full 0):
 garbage-first heap   total 1474560K, used 1323008K [0x0000000700000000, 0x0000000800000000)
  region size 8192K, 29 young (237568K), 2 survivors (16384K)
 Metaspace       used 147713K, committed 149504K, reserved 1179648K
  class space    used 21406K, committed 22208K, reserved 1048576K
}
Event: 63.492 GC heap after
{Heap after GC invocations=35 (full 0):
 garbage-first heap   total 1474560K, used 1150976K [0x0000000700000000, 0x0000000800000000)
  region size 8192K, 2 young (16384K), 2 survivors (16384K)
 Metaspace       used 147713K, committed 149504K, reserved 1179648K
  class space    used 21406K, committed 22208K, reserved 1048576K
}
Event: 71.699 GC heap before
{Heap before GC invocations=36 (full 0):
 garbage-first heap   total 1998848K, used 1683456K [0x0000000700000000, 0x0000000800000000)
  region size 8192K, 72 young (589824K), 2 survivors (16384K)
 Metaspace       used 159553K, committed 161408K, reserved 1187840K
  class space    used 23164K, committed 24000K, reserved 1048576K
}
Event: 71.750 GC heap after
{Heap after GC invocations=37 (full 0):
 garbage-first heap   total 1998848K, used 1159959K [0x0000000700000000, 0x0000000800000000)
  region size 8192K, 3 young (24576K), 3 survivors (24576K)
 Metaspace       used 159553K, committed 161408K, reserved 1187840K
  class space    used 23164K, committed 24000K, reserved 1048576K
}
Event: 157.635 GC heap before
{Heap before GC invocations=37 (full 0):
 garbage-first heap   total 1998848K, used 1733399K [0x0000000700000000, 0x0000000800000000)
  region size 8192K, 73 young (598016K), 3 survivors (24576K)
 Metaspace       used 167718K, committed 169792K, reserved 1196032K
  class space    used 24032K, committed 24960K, reserved 1048576K
}
Event: 157.678 GC heap after
{Heap after GC invocations=38 (full 0):
 garbage-first heap   total 1998848K, used 1145410K [0x0000000700000000, 0x0000000800000000)
  region size 8192K, 3 young (24576K), 3 survivors (24576K)
 Metaspace       used 167718K, committed 169792K, reserved 1196032K
  class space    used 24032K, committed 24960K, reserved 1048576K
}

Deoptimization events (20 events):
Event: 191.181 Thread 0x000001ab9cf3ea50 DEOPT PACKING pc=0x000001ab88008e28 sp=0x000000783fefd990
Event: 191.181 Thread 0x000001ab9cf3ea50 DEOPT UNPACKING pc=0x000001ab800523a3 sp=0x000000783fefd880 mode 2
Event: 191.181 Thread 0x000001ab9cf3ea50 Uncommon trap: trap_request=0xffffffde fr.pc=0x000001ab87e70118 relative=0x0000000000000818
Event: 191.181 Thread 0x000001ab9cf3ea50 Uncommon trap: reason=class_check action=maybe_recompile pc=0x000001ab87e70118 method=net.minecraft.nbt.NBTTagCompound$1.a(Ljava/io/DataInput;ILnet/minecraft/nbt/NBTReadLimiter;)Lnet/minecraft/nbt/NBTTagCompound; @ 4 c2
Event: 191.181 Thread 0x000001ab9cf3ea50 DEOPT PACKING pc=0x000001ab87e70118 sp=0x000000783fefdc70
Event: 191.181 Thread 0x000001ab9cf3ea50 DEOPT UNPACKING pc=0x000001ab800523a3 sp=0x000000783fefdc10 mode 2
Event: 191.181 Thread 0x000001ab9cf3ea50 Uncommon trap: trap_request=0xffffffde fr.pc=0x000001ab8851a4e0 relative=0x00000000000001a0
Event: 191.181 Thread 0x000001ab9cf3ea50 Uncommon trap: reason=class_check action=maybe_recompile pc=0x000001ab8851a4e0 method=net.minecraft.nbt.NBTTagInt$1.a(Ljava/io/DataInput;ILnet/minecraft/nbt/NBTReadLimiter;)Lnet/minecraft/nbt/NBTTagInt; @ 4 c2
Event: 191.181 Thread 0x000001ab9cf3ea50 DEOPT PACKING pc=0x000001ab8851a4e0 sp=0x000000783fefdbb0
Event: 191.181 Thread 0x000001ab9cf3ea50 DEOPT UNPACKING pc=0x000001ab800523a3 sp=0x000000783fefdaa8 mode 2
Event: 191.326 Thread 0x000001ab9cf42410 DEOPT PACKING pc=0x000001ab82a6c860 sp=0x000000783f5fed70
Event: 191.326 Thread 0x000001ab9cf42410 DEOPT UNPACKING pc=0x000001ab80052b43 sp=0x000000783f5fe2a0 mode 0
Event: 191.526 Thread 0x000001ab9cf42410 DEOPT PACKING pc=0x000001ab82a6c860 sp=0x000000783f5fed70
Event: 191.526 Thread 0x000001ab9cf42410 DEOPT UNPACKING pc=0x000001ab80052b43 sp=0x000000783f5fe2a0 mode 0
Event: 191.726 Thread 0x000001ab9cf42410 DEOPT PACKING pc=0x000001ab82a6c860 sp=0x000000783f5fed70
Event: 191.726 Thread 0x000001ab9cf42410 DEOPT UNPACKING pc=0x000001ab80052b43 sp=0x000000783f5fe2a0 mode 0
Event: 191.926 Thread 0x000001ab9cf42410 DEOPT PACKING pc=0x000001ab82a6c860 sp=0x000000783f5fed70
Event: 191.926 Thread 0x000001ab9cf42410 DEOPT UNPACKING pc=0x000001ab80052b43 sp=0x000000783f5fe2a0 mode 0
Event: 192.126 Thread 0x000001ab9cf42410 DEOPT PACKING pc=0x000001ab82a6c860 sp=0x000000783f5fed70
Event: 192.126 Thread 0x000001ab9cf42410 DEOPT UNPACKING pc=0x000001ab80052b43 sp=0x000000783f5fe2a0 mode 0

Classes unloaded (0 events):
No events

Classes redefined (0 events):
No events

Internal exceptions (20 events):
Event: 185.075 Thread 0x000001ab9cf42410 Exception <a 'java/lang/NullPointerException'{0x0000000763666450}> (0x0000000763666450) 
thrown [t:\workspace\open\src\hotspot\share\runtime\sharedRuntime.cpp, line 628]
Event: 185.076 Thread 0x000001ab9cf42410 Implicit null exception at 0x000001ab82a0ee8c to 0x000001ab82a0fe20
Event: 185.076 Thread 0x000001ab9cf42410 Exception <a 'java/lang/NullPointerException'{0x0000000763676ec8}> (0x0000000763676ec8) 
thrown [t:\workspace\open\src\hotspot\share\runtime\sharedRuntime.cpp, line 628]
Event: 190.079 Thread 0x000001abab2a4660 Exception <a 'java/lang/ClassCastException'{0x00000007605f86e8}> (0x00000007605f86e8) 
thrown [t:\workspace\open\src\hotspot\share\runtime\sharedRuntime.cpp, line 628]
Event: 190.082 Thread 0x000001abab2a4660 Exception <a 'java/lang/ClassCastException'{0x000000075f82eea8}> (0x000000075f82eea8) 
thrown [t:\workspace\open\src\hotspot\share\runtime\sharedRuntime.cpp, line 628]
Event: 190.082 Thread 0x000001abab2a4660 Exception <a 'java/lang/ClassCastException'{0x000000075f82f938}> (0x000000075f82f938) 
thrown [t:\workspace\open\src\hotspot\share\runtime\sharedRuntime.cpp, line 628]
Event: 190.084 Thread 0x000001abab2a4660 Exception <a 'java/lang/ClassCastException'{0x000000075fa6b630}> (0x000000075fa6b630) 
thrown [t:\workspace\open\src\hotspot\share\runtime\sharedRuntime.cpp, line 628]
Event: 190.084 Thread 0x000001abab2a4660 Exception <a 'java/lang/ClassCastException'{0x000000075fa6c030}> (0x000000075fa6c030) 
thrown [t:\workspace\open\src\hotspot\share\runtime\sharedRuntime.cpp, line 628]
Event: 190.085 Thread 0x000001abab2a4660 Exception <a 'java/lang/ClassCastException'{0x000000075fac2948}> (0x000000075fac2948) 
thrown [t:\workspace\open\src\hotspot\share\runtime\sharedRuntime.cpp, line 628]
Event: 190.086 Thread 0x000001abab2a4660 Exception <a 'java/lang/ClassCastException'{0x000000075fb22930}> (0x000000075fb22930) 
thrown [t:\workspace\open\src\hotspot\share\runtime\sharedRuntime.cpp, line 628]
Event: 190.086 Thread 0x000001abab2a4660 Exception <a 'java/lang/ClassCastException'{0x000000075fb235a0}> (0x000000075fb235a0) 
thrown [t:\workspace\open\src\hotspot\share\runtime\sharedRuntime.cpp, line 628]
Event: 190.086 Thread 0x000001abab2a4660 Exception <a 'java/lang/ClassCastException'{0x000000075fb23fa0}> (0x000000075fb23fa0) 
thrown [t:\workspace\open\src\hotspot\share\runtime\sharedRuntime.cpp, line 628]
Event: 190.086 Thread 0x000001abab2a4660 Exception <a 'java/lang/ClassCastException'{0x000000075fb249a0}> (0x000000075fb249a0) 
thrown [t:\workspace\open\src\hotspot\share\runtime\sharedRuntime.cpp, line 628]
Event: 190.086 Thread 0x000001abab2a4660 Exception <a 'java/lang/ClassCastException'{0x000000075fb263a8}> (0x000000075fb263a8) 
thrown [t:\workspace\open\src\hotspot\share\runtime\sharedRuntime.cpp, line 628]
Event: 190.086 Thread 0x000001abab2a4660 Exception <a 'java/lang/ClassCastException'{0x000000075fb26da8}> (0x000000075fb26da8) 
thrown [t:\workspace\open\src\hotspot\share\runtime\sharedRuntime.cpp, line 628]
Event: 190.086 Thread 0x000001abab2a4660 Exception <a 'java/lang/ClassCastException'{0x000000075fb277a8}> (0x000000075fb277a8) 
thrown [t:\workspace\open\src\hotspot\share\runtime\sharedRuntime.cpp, line 628]
Event: 190.086 Thread 0x000001abab2a4660 Exception <a 'java/lang/ClassCastException'{0x000000075fb28418}> (0x000000075fb28418) 
thrown [t:\workspace\open\src\hotspot\share\runtime\sharedRuntime.cpp, line 628]
Event: 190.982 Thread 0x000001ab9cf42410 Exception <a 'java/lang/NoSuchMethodError'{0x000000075f570a58}: 'java.lang.Object java.lang.invoke.DirectMethodHandle$Holder.newInvokeSpecial(java.lang.Object, java.lang.Object, java.lang.Object, java.lang.Object, long)'> (0x000000075f570a58) 
thrown [t:\workspace\open\src\hotspot\share\interpreter\linkResolver.cpp, line 766]
Event: 190.982 Thread 0x000001ab9cf42410 Exception <a 'java/lang/NoSuchMethodError'{0x000000075f574c50}: 'java.lang.Object java.lang.invoke.DirectMethodHandle$Holder.invokeSpecial(java.lang.Object, java.lang.Object, java.lang.Object, java.lang.Object, java.lang.Object, long)'> (0x000000075f574c50) 
thrown [t:\workspace\open\src\hotspot\share\interpreter\linkResolver.cpp, line 766]
Event: 190.982 Thread 0x000001ab9cf42410 Exception <a 'java/lang/NoSuchMethodError'{0x000000075f5781a8}: 'java.lang.Object java.lang.invoke.Invokers$Holder.linkToTargetMethod(java.lang.Object, java.lang.Object, java.lang.Object, long, java.lang.Object)'> (0x000000075f5781a8) 
thrown [t:\workspace\open\src\hotspot\share\interpreter\linkResolver.cpp, line 766]

VM Operations (20 events):
Event: 186.688 Executing VM operation: Cleanup
Event: 186.688 Executing VM operation: Cleanup done
Event: 187.689 Executing VM operation: Cleanup
Event: 187.689 Executing VM operation: Cleanup done
Event: 188.689 Executing VM operation: Cleanup
Event: 188.689 Executing VM operation: Cleanup done
Event: 189.689 Executing VM operation: Cleanup
Event: 189.689 Executing VM operation: Cleanup done
Event: 190.690 Executing VM operation: Cleanup
Event: 190.690 Executing VM operation: Cleanup done
Event: 190.983 Executing VM operation: HandshakeAllThreads
Event: 190.983 Executing VM operation: HandshakeAllThreads done
Event: 191.983 Executing VM operation: Cleanup
Event: 191.984 Executing VM operation: Cleanup done
Event: 192.984 Executing VM operation: Cleanup
Event: 192.984 Executing VM operation: Cleanup done
Event: 193.985 Executing VM operation: Cleanup
Event: 193.985 Executing VM operation: Cleanup done
Event: 194.985 Executing VM operation: Cleanup
Event: 194.986 Executing VM operation: Cleanup done

Events (20 events):
Event: 190.576 Thread 0x000001ab9d969810 Thread exited: 0x000001ab9d969810
Event: 190.988 Thread 0x000001ab993fc080 flushing nmethod 0x000001ab88645010
Event: 190.989 Thread 0x000001ab993fc080 flushing nmethod 0x000001ab888d1590
Event: 190.990 Thread 0x000001ab993fc080 flushing nmethod 0x000001ab88c03a90
Event: 190.997 Thread 0x000001ab993fc080 flushing nmethod 0x000001ab81371110
Event: 190.999 Thread 0x000001ab993fc080 flushing nmethod 0x000001ab81607d90
Event: 190.999 Thread 0x000001ab993fc080 flushing nmethod 0x000001ab816e1890
Event: 191.002 Thread 0x000001ab993fc080 flushing nmethod 0x000001ab81bd1f10
Event: 191.003 Thread 0x000001ab993fc080 flushing nmethod 0x000001ab81e63e10
Event: 191.003 Thread 0x000001ab993fc080 flushing nmethod 0x000001ab81e64110
Event: 191.006 Thread 0x000001ab993fc080 flushing nmethod 0x000001ab82209f90
Event: 191.007 Thread 0x000001ab993fc080 flushing nmethod 0x000001ab823d6710
Event: 191.007 Thread 0x000001ab993fc080 flushing nmethod 0x000001ab823d6a90
Event: 191.007 Thread 0x000001ab993fc080 flushing nmethod 0x000001ab823d6e10
Event: 191.084 Thread 0x000001abab29efc0 Thread exited: 0x000001abab29efc0
Event: 191.084 Thread 0x000001abab2a1170 Thread exited: 0x000001abab2a1170
Event: 191.085 Thread 0x000001abab2a0ca0 Thread exited: 0x000001abab2a0ca0
Event: 191.176 Thread 0x000001abae6ed7f0 Thread exited: 0x000001abae6ed7f0
Event: 191.176 Thread 0x000001abac112e80 Thread added: 0x000001abac112e80
Event: 191.303 Thread 0x000001ab9f535ef0 Thread exited: 0x000001ab9f535ef0


Dynamic libraries:
0x00007ff69e980000 - 0x00007ff69e990000 	C:\Program Files\Java\jdk-17.0.3.1\bin\java.exe
0x00007ffa6d510000 - 0x00007ffa6d705000 	C:\Windows\SYSTEM32\ntdll.dll
0x00007ffa6b850000 - 0x00007ffa6b90d000 	C:\Windows\System32\KERNEL32.DLL
0x00007ffa6b270000 - 0x00007ffa6b539000 	C:\Windows\System32\KERNELBASE.dll
0x00007ffa6b0e0000 - 0x00007ffa6b1e0000 	C:\Windows\System32\ucrtbase.dll
0x00007ffa65200000 - 0x00007ffa65218000 	C:\Program Files\Java\jdk-17.0.3.1\bin\jli.dll
0x00007ffa5bf70000 - 0x00007ffa5bf8a000 	C:\Program Files\Java\jdk-17.0.3.1\bin\VCRUNTIME140.dll
0x00007ffa6b540000 - 0x00007ffa6b5ec000 	C:\Windows\System32\ADVAPI32.dll
0x00007ffa6ca30000 - 0x00007ffa6cace000 	C:\Windows\System32\msvcrt.dll
0x00007ffa6b670000 - 0x00007ffa6b70b000 	C:\Windows\System32\sechost.dll
0x00007ffa6b720000 - 0x00007ffa6b84a000 	C:\Windows\System32\RPCRT4.dll
0x00007ffa6c7f0000 - 0x00007ffa6c990000 	C:\Windows\System32\USER32.dll
0x00007ffa6ac10000 - 0x00007ffa6ac32000 	C:\Windows\System32\win32u.dll
0x00007ffa6c990000 - 0x00007ffa6c9ba000 	C:\Windows\System32\GDI32.dll
0x00007ffa6ace0000 - 0x00007ffa6adeb000 	C:\Windows\System32\gdi32full.dll
0x00007ffa6ac40000 - 0x00007ffa6acdd000 	C:\Windows\System32\msvcp_win.dll
0x00007ffa5a1c0000 - 0x00007ffa5a45a000 	C:\Windows\WinSxS\amd64_microsoft.windows.common-controls_6595b64144ccf1df_6.0.19041.1110_none_60b5254171f9507e\COMCTL32.dll
0x00007ffa63540000 - 0x00007ffa6354a000 	C:\Windows\SYSTEM32\VERSION.dll
0x00007ffa6bc70000 - 0x00007ffa6bca0000 	C:\Windows\System32\IMM32.DLL
0x00007ffa65330000 - 0x00007ffa6533c000 	C:\Program Files\Java\jdk-17.0.3.1\bin\vcruntime140_1.dll
0x00007ffa49cf0000 - 0x00007ffa49d7d000 	C:\Program Files\Java\jdk-17.0.3.1\bin\msvcp140.dll
0x00007ffa25420000 - 0x00007ffa25fe0000 	C:\Program Files\Java\jdk-17.0.3.1\bin\server\jvm.dll
0x00007ffa6c5b0000 - 0x00007ffa6c5b8000 	C:\Windows\System32\PSAPI.DLL
0x00007ffa4eb80000 - 0x00007ffa4eb89000 	C:\Windows\SYSTEM32\WSOCK32.dll
0x00007ffa6c9c0000 - 0x00007ffa6ca2b000 	C:\Windows\System32\WS2_32.dll
0x00007ffa63510000 - 0x00007ffa63537000 	C:\Windows\SYSTEM32\WINMM.dll
0x00007ffa68b40000 - 0x00007ffa68b52000 	C:\Windows\SYSTEM32\kernel.appcore.dll
0x00007ffa651f0000 - 0x00007ffa651fa000 	C:\Program Files\Java\jdk-17.0.3.1\bin\jimage.dll
0x00007ffa62be0000 - 0x00007ffa62dc4000 	C:\Windows\SYSTEM32\DBGHELP.DLL
0x00007ffa562d0000 - 0x00007ffa562fc000 	C:\Windows\SYSTEM32\dbgcore.DLL
0x00007ffa6b1e0000 - 0x00007ffa6b263000 	C:\Windows\System32\bcryptPrimitives.dll
0x00007ffa553d0000 - 0x00007ffa553f5000 	C:\Program Files\Java\jdk-17.0.3.1\bin\java.dll
0x00007ffa40690000 - 0x00007ffa40766000 	C:\Program Files\Java\jdk-17.0.3.1\bin\jsvml.dll
0x00007ffa6bca0000 - 0x00007ffa6c3df000 	C:\Windows\System32\SHELL32.dll
0x00007ffa68d40000 - 0x00007ffa694d0000 	C:\Windows\SYSTEM32\windows.storage.dll
0x00007ffa6d140000 - 0x00007ffa6d495000 	C:\Windows\System32\combase.dll
0x00007ffa6a670000 - 0x00007ffa6a69c000 	C:\Windows\SYSTEM32\Wldp.dll
0x00007ffa6d090000 - 0x00007ffa6d13e000 	C:\Windows\System32\SHCORE.dll
0x00007ffa6c790000 - 0x00007ffa6c7e5000 	C:\Windows\System32\shlwapi.dll
0x00007ffa6ab50000 - 0x00007ffa6ab6f000 	C:\Windows\SYSTEM32\profapi.dll
0x00007ffa52240000 - 0x00007ffa52259000 	C:\Program Files\Java\jdk-17.0.3.1\bin\net.dll
0x00007ffa64da0000 - 0x00007ffa64ea8000 	C:\Windows\SYSTEM32\WINHTTP.dll
0x00007ffa6a3d0000 - 0x00007ffa6a43a000 	C:\Windows\system32\mswsock.dll
0x00007ffa52220000 - 0x00007ffa52236000 	C:\Program Files\Java\jdk-17.0.3.1\bin\nio.dll
0x00007ffa52200000 - 0x00007ffa52218000 	C:\Program Files\Java\jdk-17.0.3.1\bin\zip.dll
0x00007ffa627f0000 - 0x00007ffa627f9000 	C:\Program Files\Java\jdk-17.0.3.1\bin\management.dll
0x00007ffa5d4c0000 - 0x00007ffa5d4cb000 	C:\Program Files\Java\jdk-17.0.3.1\bin\management_ext.dll
0x00007ffa45930000 - 0x00007ffa45947000 	C:\Windows\system32\napinsp.dll
0x00007ffa45120000 - 0x00007ffa4513b000 	C:\Windows\system32\pnrpnsp.dll
0x00007ffa48410000 - 0x00007ffa48425000 	C:\Windows\system32\wshbth.dll
0x00007ffa66670000 - 0x00007ffa6668d000 	C:\Windows\system32\NLAapi.dll
0x00007ffa6a070000 - 0x00007ffa6a0ab000 	C:\Windows\SYSTEM32\IPHLPAPI.DLL
0x00007ffa6a0b0000 - 0x00007ffa6a17c000 	C:\Windows\SYSTEM32\DNSAPI.dll
0x00007ffa6b710000 - 0x00007ffa6b718000 	C:\Windows\System32\NSI.dll
0x00007ffa42f50000 - 0x00007ffa42f62000 	C:\Windows\System32\winrnr.dll
0x00007ffa5c100000 - 0x00007ffa5c10a000 	C:\Windows\System32\rasadhlp.dll
0x00007ffa5d410000 - 0x00007ffa5d48f000 	C:\Windows\System32\fwpuclnt.dll
0x00007ffa6adf0000 - 0x00007ffa6ae17000 	C:\Windows\System32\bcrypt.dll
0x0000000069ac0000 - 0x0000000069ae4000 	C:\Users\paden\AppData\Local\Temp\jansi-2.4.0-329d452b36c5f20-jansi.dll
0x00007ffa6a5c0000 - 0x00007ffa6a5d8000 	C:\Windows\SYSTEM32\CRYPTSP.dll
0x00007ffa69ce0000 - 0x00007ffa69d14000 	C:\Windows\system32\rsaenh.dll
0x00007ffa6aad0000 - 0x00007ffa6aafe000 	C:\Windows\SYSTEM32\USERENV.dll
0x00007ffa6a5e0000 - 0x00007ffa6a5ec000 	C:\Windows\SYSTEM32\CRYPTBASE.dll
0x00007ffa62a10000 - 0x00007ffa62a27000 	C:\Windows\SYSTEM32\dhcpcsvc6.DLL
0x00007ffa629f0000 - 0x00007ffa62a0d000 	C:\Windows\SYSTEM32\dhcpcsvc.DLL
0x00007ffa4c1d0000 - 0x00007ffa4c215000 	C:\Users\paden\AppData\Local\Temp\jna-106423420\jna573433666878692356.dll
0x00007ffa6bb40000 - 0x00007ffa6bc6a000 	C:\Windows\System32\Ole32.dll
0x00007ffa6b910000 - 0x00007ffa6b9b9000 	C:\Windows\System32\clbcatq.dll
0x00007ffa6c3e0000 - 0x00007ffa6c4ad000 	C:\Windows\System32\OleAut32.dll
0x00007ffa4b190000 - 0x00007ffa4b1a9000 	C:\Windows\SYSTEM32\amsi.dll
0x00007ffa4b110000 - 0x00007ffa4b18b000 	C:\ProgramData\Microsoft\Windows Defender\Platform\4.18.2203.5-0\MpOav.dll
0x00007ffa4aee0000 - 0x00007ffa4b10c000 	C:\Program Files (x86)\Kaspersky Lab\Kaspersky Security Cloud 21.3\x64\antimalware_provider.dll
0x00007ffa42190000 - 0x00007ffa421e4000 	C:\Windows\SYSTEM32\Pdh.dll
0x00007ffa61950000 - 0x00007ffa6195f000 	C:\Windows\System32\perfos.dll
0x00007ffa54030000 - 0x00007ffa54040000 	C:\Program Files\Java\jdk-17.0.3.1\bin\verify.dll
0x00007ffa277d0000 - 0x00007ffa2795f000 	C:\Program Files\Java\jdk-17.0.3.1\bin\awt.dll
0x00007ffa68490000 - 0x00007ffa68520000 	C:\Windows\SYSTEM32\apphelp.dll
0x00007ffa68630000 - 0x00007ffa686ce000 	C:\Windows\system32\uxtheme.dll
0x00007ffa6b9c0000 - 0x00007ffa6bad5000 	C:\Windows\System32\MSCTF.dll
0x00007ffa68760000 - 0x00007ffa6878f000 	C:\Windows\system32\DWMAPI.DLL
0x00007ffa38bc0000 - 0x00007ffa38ce5000 	C:\Windows\system32\opengl32.dll
0x00007ffa371b0000 - 0x00007ffa371dc000 	C:\Windows\SYSTEM32\GLU32.dll
0x00007ffa36a80000 - 0x00007ffa36c4e000 	C:\Windows\system32\d3d9.dll
0x00007ffa63550000 - 0x00007ffa6370a000 	C:\Windows\System32\DriverStore\FileRepository\u0376032.inf_amd64_1a2e19f1369fd940\B375758\aticfx64.dll
0x00007ffa16a20000 - 0x00007ffa16a54000 	C:\Windows\System32\DriverStore\FileRepository\u0376032.inf_amd64_1a2e19f1369fd940\B375758\atiu9p64.dll
0x00007ffa15cc0000 - 0x00007ffa16a16000 	C:\Windows\System32\DriverStore\FileRepository\u0376032.inf_amd64_1a2e19f1369fd940\B375758\atiumd64.dll
0x000000006aba0000 - 0x000000006ba5f000 	C:\Windows\System32\DriverStore\FileRepository\u0376032.inf_amd64_1a2e19f1369fd940\B375758\atiumd6a.dll
0x00007ffa6cb30000 - 0x00007ffa6cfa2000 	C:\Windows\System32\SETUPAPI.dll
0x00007ffa6b090000 - 0x00007ffa6b0de000 	C:\Windows\System32\cfgmgr32.dll
0x00007ffa6a1f0000 - 0x00007ffa6a23b000 	C:\Windows\SYSTEM32\POWRPROF.dll
0x00007ffa6a050000 - 0x00007ffa6a062000 	C:\Windows\SYSTEM32\UMPDC.dll
0x00007ffa62b70000 - 0x00007ffa62ba0000 	C:\Windows\SYSTEM32\amdihk64.dll
0x00007ffa65c40000 - 0x00007ffa65c7b000 	C:\Windows\SYSTEM32\dxcore.dll
0x00007ffa402d0000 - 0x00007ffa40359000 	C:\Program Files\Java\jdk-17.0.3.1\bin\freetype.dll
0x00007ffa27720000 - 0x00007ffa277c8000 	C:\Program Files\Java\jdk-17.0.3.1\bin\fontmanager.dll
0x00007ffa64f60000 - 0x00007ffa65114000 	C:\Windows\SYSTEM32\WindowsCodecs.dll
0x00007ffa40220000 - 0x00007ffa4025e000 	C:\Windows\system32\dataexchange.dll
0x00007ffa67350000 - 0x00007ffa675b4000 	C:\Windows\system32\d3d11.dll
0x00007ffa66ba0000 - 0x00007ffa66d86000 	C:\Windows\system32\dcomp.dll
0x00007ffa69510000 - 0x00007ffa69604000 	C:\Windows\system32\dxgi.dll
0x00007ffa64b90000 - 0x00007ffa64d91000 	C:\Windows\system32\twinapi.appcore.dll
0x00007ffa5f270000 - 0x00007ffa5f369000 	C:\Windows\SYSTEM32\textinputframework.dll
0x00007ffa67b80000 - 0x00007ffa67ede000 	C:\Windows\System32\CoreUIComponents.dll
0x00007ffa68260000 - 0x00007ffa68352000 	C:\Windows\System32\CoreMessaging.dll
0x00007ffa69910000 - 0x00007ffa69943000 	C:\Windows\SYSTEM32\ntmarta.dll
0x00007ffa66d90000 - 0x00007ffa66ee4000 	C:\Windows\SYSTEM32\wintypes.dll
0x00007ffa525e0000 - 0x00007ffa525e9000 	C:\Program Files\Java\jdk-17.0.3.1\bin\jaas.dll
0x00007ffa52280000 - 0x00007ffa5228e000 	C:\Program Files\Java\jdk-17.0.3.1\bin\sunmscapi.dll
0x00007ffa6ae20000 - 0x00007ffa6af7f000 	C:\Windows\System32\CRYPT32.dll
0x00007ffa6a6e0000 - 0x00007ffa6a707000 	C:\Windows\SYSTEM32\ncrypt.dll
0x00007ffa6a6a0000 - 0x00007ffa6a6db000 	C:\Windows\SYSTEM32\NTASN1.dll
0x00007ffa54950000 - 0x00007ffa54957000 	C:\Windows\system32\wshunix.dll
0x0000000070bc0000 - 0x0000000070c9c000 	C:\Users\paden\AppData\Local\Temp\sqlite-3.36.0.3-c742f54a-51a9-4708-9fc6-84f8b7a5b28b-sqlitejdbc.dll

dbghelp: loaded successfully - version: 4.0.5 - missing functions: none
symbol engine: initialized successfully - sym options: 0x614 - pdb path: .;C:\Program Files\Java\jdk-17.0.3.1\bin;C:\Windows\SYSTEM32;C:\Windows\WinSxS\amd64_microsoft.windows.common-controls_6595b64144ccf1df_6.0.19041.1110_none_60b5254171f9507e;C:\Program Files\Java\jdk-17.0.3.1\bin\server;C:\Users\paden\AppData\Local\Temp;C:\Users\paden\AppData\Local\Temp\jna-106423420;C:\ProgramData\Microsoft\Windows Defender\Platform\4.18.2203.5-0;C:\Program Files (x86)\Kaspersky Lab\Kaspersky Security Cloud 21.3\x64;C:\Windows\System32\DriverStore\FileRepository\u0376032.inf_amd64_1a2e19f1369fd940\B375758

VM Arguments:
jvm_args: -Xms1G -Xmx4G -Dfile.encoding=utf-8 -XX:+UseG1GC -XX:+ParallelRefProcEnabled -XX:MaxGCPauseMillis=200 -XX:+UnlockExperimentalVMOptions -XX:+DisableExplicitGC -XX:-OmitStackTraceInFastThrow -XX:+AlwaysPreTouch -XX:G1NewSizePercent=30 -XX:G1MaxNewSizePercent=40 -XX:G1HeapRegionSize=8M -XX:G1ReservePercent=20 -XX:G1HeapWastePercent=5 -XX:G1MixedGCCountTarget=8 -XX:InitiatingHeapOccupancyPercent=15 -XX:G1MixedGCLiveThresholdPercent=90 -XX:G1RSetUpdatingPauseTimePercent=5 -XX:SurvivorRatio=32 -XX:MaxTenuringThreshold=1 -Dusing.aikars.flags=true -Daikars.new.flags=true 
java_command: server.jar
java_class_path (initial): server.jar
Launcher Type: SUN_STANDARD

[Global flags]
     bool AlwaysPreTouch                           = true                                      {product} {command line}
     bool AlwaysTenure                             = false                                     {product} {command line}
     intx CICompilerCount                          = 3                                         {product} {ergonomic}
     uint ConcGCThreads                            = 1                                         {product} {ergonomic}
     bool DisableExplicitGC                        = true                                      {product} {command line}
     uint G1ConcRefinementThreads                  = 4                                         {product} {ergonomic}
     uint G1EagerReclaimRemSetThreshold            = 64                                   {experimental} {ergonomic}
   size_t G1HeapRegionSize                         = 8388608                                   {product} {command line}
    uintx G1HeapWastePercent                       = 5                                         {product} {command line}
    uintx G1MaxNewSizePercent                      = 40                                   {experimental} {command line}
    uintx G1MixedGCCountTarget                     = 8                                         {product} {command line}
    uintx G1MixedGCLiveThresholdPercent            = 90                                   {experimental} {command line}
    uintx G1NewSizePercent                         = 30                                   {experimental} {command line}
     intx G1RSetUpdatingPauseTimePercent           = 5                                         {product} {command line}
    uintx G1ReservePercent                         = 20                                        {product} {command line}
    uintx GCDrainStackTargetSize                   = 64                                        {product} {ergonomic}
   size_t InitialHeapSize                          = 1073741824                                {product} {command line}
    uintx InitialTenuringThreshold                 = 1                                         {product} {ergonomic}
    uintx InitiatingHeapOccupancyPercent           = 15                                        {product} {command line}
   size_t MarkStackSize                            = 4194304                                   {product} {ergonomic}
    uintx MaxGCPauseMillis                         = 200                                       {product} {command line}
   size_t MaxHeapSize                              = 4294967296                                {product} {command line}
   size_t MaxNewSize                               = 1711276032                                {product} {ergonomic}
    uintx MaxTenuringThreshold                     = 1                                         {product} {command line}
   size_t MinHeapDeltaBytes                        = 8388608                                   {product} {ergonomic}
   size_t MinHeapSize                              = 1073741824                                {product} {command line}
     bool NeverTenure                              = false                                     {product} {command line}
    uintx NonNMethodCodeHeapSize                   = 5832780                                {pd product} {ergonomic}
    uintx NonProfiledCodeHeapSize                  = 122912730                              {pd product} {ergonomic}
     bool OmitStackTraceInFastThrow                = false                                     {product} {command line}
     bool ParallelRefProcEnabled                   = true                                      {product} {command line}
    uintx ProfiledCodeHeapSize                     = 122912730                              {pd product} {ergonomic}
    uintx ReservedCodeCacheSize                    = 251658240                              {pd product} {ergonomic}
     bool SegmentedCodeCache                       = true                                      {product} {ergonomic}
   size_t SoftMaxHeapSize                          = 4294967296                             {manageable} {ergonomic}
    uintx SurvivorRatio                            = 32                                        {product} {command line}
     bool UnlockExperimentalVMOptions              = true                                 {experimental} {command line}
     bool UseCompressedClassPointers               = true                           {product lp64_product} {ergonomic}
     bool UseCompressedOops                        = true                           {product lp64_product} {ergonomic}
     bool UseG1GC                                  = true                                      {product} {command line}
     bool UseLargePagesIndividualAllocation        = false                                  {pd product} {ergonomic}

Logging:
Log output configuration:
 #0: stdout all=warning uptime,level,tags
 #1: stderr all=off uptime,level,tags

Environment Variables:
PATH=C:\Program Files\Common Files\Oracle\Java\javapath;C:\Program Files (x86)\Razer Chroma SDK\bin;C:\Program Files\Razer Chroma SDK\bin;C:\Program Files (x86)\Razer\ChromaBroadcast\bin;C:\Program Files\Razer\ChromaBroadcast\bin;C:\Program Files\Eclipse Adoptium\jdk-8.0.322.6-hotspot\bin;C:\Program Files\Microsoft\jdk-11.0.12.7-hotspot\bin;C:\Program Files (x86)\Common Files\Oracle\Java\javapath;C:\ProgramData\Oracle\Java\javapath;C:\Windows\system32;C:\Windows;C:\Windows\System32\Wbem;C:\Windows\System32\WindowsPowerShell\v1.0\;C:\Windows\System32\OpenSSH\;C:\Program Files\dotnet\;C:\Program Files\Microsoft SQL Server\130\Tools\Binn\;C:\Program Files\Microsoft SQL Server\Client SDK\ODBC\170\Tools\Binn\;C:\Program Files\nodejs\;C:\Program Files\Microsoft SQL Server\Client SDK\ODBC\130\Tools\Binn\;C:\Program Files (x86)\Microsoft SQL Server\130\Tools\Binn\;C:\Program Files\Microsoft SQL Server\130\DTS\Binn\;C:\Program Files\Git\cmd;C:\Program Files\PuTTY\;C:\Windows\system32\config\systemprofile\AppData\Local\Microsoft\WindowsApps;C:\Users\paden\AppData\Local\Programs\Python\Python38-32\Scripts\;C:\Users\paden\AppData\Local\Programs\Python\Python38-32\;C:\Users\paden\AppData\Local\Programs\Python\Python39\Scripts\;C:\Users\paden\AppData\Local\Programs\Python\Python39\;C:\Users\paden\AppData\Local\Programs\Python\Python38\Scripts\;C:\Users\paden\AppData\Local\Programs\Python\Python38\;C:\Users\paden\AppData\Local\Microsoft\WindowsApps;;C:\Program Files\JetBrains\PyCharm Community Edition 2020.2.1\bin;;C:\Users\paden\.dotnet\tools;C:\Users\paden\AppData\Roaming\npm;C:\Users\paden\AppData\Local\Programs\Microsoft VS Code\bin;C:\Users\paden\AppData\Local\JpegminiPro3\
USERNAME=paden
OS=Windows_NT
PROCESSOR_IDENTIFIER=AMD64 Family 23 Model 24 Stepping 1, AuthenticAMD



---------------  S Y S T E M  ---------------

OS:
 Windows 10 , 64 bit Build 19041 (10.0.19041.1151)
OS uptime: 0 days 7:44 hours

CPU: total 4 (initial active 4) (4 cores per cpu, 1 threads per core) family 23 model 24 stepping 1 microcode 0x0, cx8, cmov, fxsr, mmx, 3dnowpref, sse, sse2, sse3, ssse3, sse4a, sse4.1, sse4.2, popcnt, lzcnt, tsc, tscinvbit, avx, avx2, aes, clmul, bmi1, bmi2, adx, sha, fma, vzeroupper, clflush, clflushopt

Memory: 4k page, system-wide physical 8140M (374M free)
TotalPageFile size 16332M (AvailPageFile size 2M)
current process WorkingSet (physical memory assigned to process): 2171M, peak: 2223M
current process commit charge ("private bytes"): 2567M, peak: 2582M

vm_info: Java HotSpot(TM) 64-Bit Server VM (17.0.3.1+2-LTS-6) for windows-amd64 JRE (17.0.3.1+2-LTS-6), built on Apr 25 2022 22:04:21 by "mach5one" with MS VC++ 16.8 / 16.9 (VS2019)

END.
